[2021-08-08 14:39:32,535] {taskinstance.py:896} INFO - Dependencies all met for <TaskInstance: example_bash_operator.runme_0 2021-08-07T00:00:00+00:00 [queued]>
[2021-08-08 14:39:32,580] {taskinstance.py:896} INFO - Dependencies all met for <TaskInstance: example_bash_operator.runme_0 2021-08-07T00:00:00+00:00 [queued]>
[2021-08-08 14:39:32,583] {taskinstance.py:1087} INFO - 
--------------------------------------------------------------------------------
[2021-08-08 14:39:32,585] {taskinstance.py:1088} INFO - Starting attempt 1 of 1
[2021-08-08 14:39:32,586] {taskinstance.py:1089} INFO - 
--------------------------------------------------------------------------------
[2021-08-08 14:39:32,599] {taskinstance.py:1107} INFO - Executing <Task(BashOperator): runme_0> on 2021-08-07T00:00:00+00:00
[2021-08-08 14:39:32,610] {standard_task_runner.py:52} INFO - Started process 983 to run task
[2021-08-08 14:39:32,617] {standard_task_runner.py:76} INFO - Running: ['***', 'tasks', 'run', 'example_bash_operator', 'runme_0', '2021-08-07T00:00:00+00:00', '--job-id', '11', '--pool', 'default_pool', '--raw', '--subdir', '/home/***/.local/lib/python3.6/site-packages/***/example_dags/example_bash_operator.py', '--cfg-path', '/tmp/tmp061za_ve', '--error-file', '/tmp/tmp5d_011gw']
[2021-08-08 14:39:32,620] {standard_task_runner.py:77} INFO - Job 11: Subtask runme_0
[2021-08-08 14:39:32,690] {logging_mixin.py:104} INFO - Running <TaskInstance: example_bash_operator.runme_0 2021-08-07T00:00:00+00:00 [running]> on host f2d27e621160
[2021-08-08 14:39:32,762] {taskinstance.py:1302} INFO - Exporting the following env vars:
AIRFLOW_CTX_DAG_OWNER=***
AIRFLOW_CTX_DAG_ID=example_bash_operator
AIRFLOW_CTX_TASK_ID=runme_0
AIRFLOW_CTX_EXECUTION_DATE=2021-08-07T00:00:00+00:00
AIRFLOW_CTX_DAG_RUN_ID=scheduled__2021-08-07T00:00:00+00:00
[2021-08-08 14:39:32,766] {subprocess.py:52} INFO - Tmp dir root location: 
 /tmp
[2021-08-08 14:39:32,768] {subprocess.py:63} INFO - Running command: ['bash', '-c', 'echo "example_bash_operator__runme_0__20210807" && sleep 1']
[2021-08-08 14:39:32,782] {subprocess.py:74} INFO - Output:
[2021-08-08 14:39:32,784] {subprocess.py:78} INFO - example_bash_operator__runme_0__20210807
[2021-08-08 14:39:33,786] {subprocess.py:82} INFO - Command exited with return code 0
[2021-08-08 14:39:33,826] {taskinstance.py:1211} INFO - Marking task as SUCCESS. dag_id=example_bash_operator, task_id=runme_0, execution_date=20210807T000000, start_date=20210808T143932, end_date=20210808T143933
[2021-08-08 14:39:33,867] {taskinstance.py:1265} INFO - 1 downstream tasks scheduled from follow-on schedule check
[2021-08-08 14:39:33,918] {local_task_job.py:149} INFO - Task exited with return code 0
