[2021-08-08 14:30:19,291] {scheduler_job.py:181} INFO - Started process (PID=102) to work on /home/airflow/.local/lib/python3.6/site-packages/airflow/example_dags/example_trigger_target_dag.py
[2021-08-08 14:30:19,292] {scheduler_job.py:632} INFO - Processing file /home/airflow/.local/lib/python3.6/site-packages/airflow/example_dags/example_trigger_target_dag.py for tasks to queue
[2021-08-08 14:30:19,293] {logging_mixin.py:104} INFO - [2021-08-08 14:30:19,293] {dagbag.py:496} INFO - Filling up the DagBag from /home/airflow/.local/lib/python3.6/site-packages/airflow/example_dags/example_trigger_target_dag.py
[2021-08-08 14:30:19,307] {scheduler_job.py:642} INFO - DAG(s) dict_keys(['example_trigger_target_dag']) retrieved from /home/airflow/.local/lib/python3.6/site-packages/airflow/example_dags/example_trigger_target_dag.py
[2021-08-08 14:30:21,319] {logging_mixin.py:104} INFO - [2021-08-08 14:30:21,318] {dag.py:1833} INFO - Sync 1 DAGs
[2021-08-08 14:30:21,328] {logging_mixin.py:104} INFO - [2021-08-08 14:30:21,327] {dag.py:1852} INFO - Creating ORM DAG for example_trigger_target_dag
[2021-08-08 14:30:21,333] {logging_mixin.py:104} INFO - [2021-08-08 14:30:21,333] {dag.py:2306} INFO - Setting next_dagrun for example_trigger_target_dag to None
[2021-08-08 14:30:21,344] {scheduler_job.py:189} INFO - Processing /home/airflow/.local/lib/python3.6/site-packages/airflow/example_dags/example_trigger_target_dag.py took 2.056 seconds
[2021-08-08 14:30:51,864] {scheduler_job.py:181} INFO - Started process (PID=404) to work on /home/airflow/.local/lib/python3.6/site-packages/airflow/example_dags/example_trigger_target_dag.py
[2021-08-08 14:30:51,866] {scheduler_job.py:632} INFO - Processing file /home/airflow/.local/lib/python3.6/site-packages/airflow/example_dags/example_trigger_target_dag.py for tasks to queue
[2021-08-08 14:30:51,867] {logging_mixin.py:104} INFO - [2021-08-08 14:30:51,867] {dagbag.py:496} INFO - Filling up the DagBag from /home/airflow/.local/lib/python3.6/site-packages/airflow/example_dags/example_trigger_target_dag.py
[2021-08-08 14:30:51,880] {scheduler_job.py:642} INFO - DAG(s) dict_keys(['example_trigger_target_dag']) retrieved from /home/airflow/.local/lib/python3.6/site-packages/airflow/example_dags/example_trigger_target_dag.py
[2021-08-08 14:30:51,898] {logging_mixin.py:104} INFO - [2021-08-08 14:30:51,898] {dag.py:1833} INFO - Sync 1 DAGs
[2021-08-08 14:30:51,912] {logging_mixin.py:104} INFO - [2021-08-08 14:30:51,912] {dag.py:2306} INFO - Setting next_dagrun for example_trigger_target_dag to None
[2021-08-08 14:30:51,920] {scheduler_job.py:189} INFO - Processing /home/airflow/.local/lib/python3.6/site-packages/airflow/example_dags/example_trigger_target_dag.py took 0.059 seconds
[2021-08-08 14:31:22,411] {scheduler_job.py:181} INFO - Started process (PID=455) to work on /home/airflow/.local/lib/python3.6/site-packages/airflow/example_dags/example_trigger_target_dag.py
[2021-08-08 14:31:22,413] {scheduler_job.py:632} INFO - Processing file /home/airflow/.local/lib/python3.6/site-packages/airflow/example_dags/example_trigger_target_dag.py for tasks to queue
[2021-08-08 14:31:22,414] {logging_mixin.py:104} INFO - [2021-08-08 14:31:22,414] {dagbag.py:496} INFO - Filling up the DagBag from /home/airflow/.local/lib/python3.6/site-packages/airflow/example_dags/example_trigger_target_dag.py
[2021-08-08 14:31:22,428] {scheduler_job.py:642} INFO - DAG(s) dict_keys(['example_trigger_target_dag']) retrieved from /home/airflow/.local/lib/python3.6/site-packages/airflow/example_dags/example_trigger_target_dag.py
[2021-08-08 14:31:22,446] {logging_mixin.py:104} INFO - [2021-08-08 14:31:22,446] {dag.py:1833} INFO - Sync 1 DAGs
[2021-08-08 14:31:22,460] {logging_mixin.py:104} INFO - [2021-08-08 14:31:22,460] {dag.py:2306} INFO - Setting next_dagrun for example_trigger_target_dag to None
[2021-08-08 14:31:22,467] {scheduler_job.py:189} INFO - Processing /home/airflow/.local/lib/python3.6/site-packages/airflow/example_dags/example_trigger_target_dag.py took 0.060 seconds
[2021-08-08 14:31:52,668] {scheduler_job.py:181} INFO - Started process (PID=517) to work on /home/airflow/.local/lib/python3.6/site-packages/airflow/example_dags/example_trigger_target_dag.py
[2021-08-08 14:31:52,669] {scheduler_job.py:632} INFO - Processing file /home/airflow/.local/lib/python3.6/site-packages/airflow/example_dags/example_trigger_target_dag.py for tasks to queue
[2021-08-08 14:31:52,670] {logging_mixin.py:104} INFO - [2021-08-08 14:31:52,670] {dagbag.py:496} INFO - Filling up the DagBag from /home/airflow/.local/lib/python3.6/site-packages/airflow/example_dags/example_trigger_target_dag.py
[2021-08-08 14:31:52,684] {scheduler_job.py:642} INFO - DAG(s) dict_keys(['example_trigger_target_dag']) retrieved from /home/airflow/.local/lib/python3.6/site-packages/airflow/example_dags/example_trigger_target_dag.py
[2021-08-08 14:31:52,707] {logging_mixin.py:104} INFO - [2021-08-08 14:31:52,706] {dag.py:1833} INFO - Sync 1 DAGs
[2021-08-08 14:31:52,724] {logging_mixin.py:104} INFO - [2021-08-08 14:31:52,724] {dag.py:2306} INFO - Setting next_dagrun for example_trigger_target_dag to None
[2021-08-08 14:31:52,734] {scheduler_job.py:189} INFO - Processing /home/airflow/.local/lib/python3.6/site-packages/airflow/example_dags/example_trigger_target_dag.py took 0.071 seconds
[2021-08-08 14:32:23,065] {scheduler_job.py:181} INFO - Started process (PID=579) to work on /home/airflow/.local/lib/python3.6/site-packages/airflow/example_dags/example_trigger_target_dag.py
[2021-08-08 14:32:23,066] {scheduler_job.py:632} INFO - Processing file /home/airflow/.local/lib/python3.6/site-packages/airflow/example_dags/example_trigger_target_dag.py for tasks to queue
[2021-08-08 14:32:23,067] {logging_mixin.py:104} INFO - [2021-08-08 14:32:23,067] {dagbag.py:496} INFO - Filling up the DagBag from /home/airflow/.local/lib/python3.6/site-packages/airflow/example_dags/example_trigger_target_dag.py
[2021-08-08 14:32:23,080] {scheduler_job.py:642} INFO - DAG(s) dict_keys(['example_trigger_target_dag']) retrieved from /home/airflow/.local/lib/python3.6/site-packages/airflow/example_dags/example_trigger_target_dag.py
[2021-08-08 14:32:23,098] {logging_mixin.py:104} INFO - [2021-08-08 14:32:23,098] {dag.py:1833} INFO - Sync 1 DAGs
[2021-08-08 14:32:23,111] {logging_mixin.py:104} INFO - [2021-08-08 14:32:23,111] {dag.py:2306} INFO - Setting next_dagrun for example_trigger_target_dag to None
[2021-08-08 14:32:23,119] {scheduler_job.py:189} INFO - Processing /home/airflow/.local/lib/python3.6/site-packages/airflow/example_dags/example_trigger_target_dag.py took 0.058 seconds
[2021-08-08 14:32:53,332] {scheduler_job.py:181} INFO - Started process (PID=630) to work on /home/airflow/.local/lib/python3.6/site-packages/airflow/example_dags/example_trigger_target_dag.py
[2021-08-08 14:32:53,334] {scheduler_job.py:632} INFO - Processing file /home/airflow/.local/lib/python3.6/site-packages/airflow/example_dags/example_trigger_target_dag.py for tasks to queue
[2021-08-08 14:32:53,337] {logging_mixin.py:104} INFO - [2021-08-08 14:32:53,337] {dagbag.py:496} INFO - Filling up the DagBag from /home/airflow/.local/lib/python3.6/site-packages/airflow/example_dags/example_trigger_target_dag.py
[2021-08-08 14:32:53,354] {scheduler_job.py:642} INFO - DAG(s) dict_keys(['example_trigger_target_dag']) retrieved from /home/airflow/.local/lib/python3.6/site-packages/airflow/example_dags/example_trigger_target_dag.py
[2021-08-08 14:32:53,374] {logging_mixin.py:104} INFO - [2021-08-08 14:32:53,373] {dag.py:1833} INFO - Sync 1 DAGs
[2021-08-08 14:32:53,387] {logging_mixin.py:104} INFO - [2021-08-08 14:32:53,387] {dag.py:2306} INFO - Setting next_dagrun for example_trigger_target_dag to None
[2021-08-08 14:32:53,396] {scheduler_job.py:189} INFO - Processing /home/airflow/.local/lib/python3.6/site-packages/airflow/example_dags/example_trigger_target_dag.py took 0.069 seconds
[2021-08-08 14:33:23,777] {scheduler_job.py:181} INFO - Started process (PID=691) to work on /home/airflow/.local/lib/python3.6/site-packages/airflow/example_dags/example_trigger_target_dag.py
[2021-08-08 14:33:23,779] {scheduler_job.py:632} INFO - Processing file /home/airflow/.local/lib/python3.6/site-packages/airflow/example_dags/example_trigger_target_dag.py for tasks to queue
[2021-08-08 14:33:23,780] {logging_mixin.py:104} INFO - [2021-08-08 14:33:23,780] {dagbag.py:496} INFO - Filling up the DagBag from /home/airflow/.local/lib/python3.6/site-packages/airflow/example_dags/example_trigger_target_dag.py
[2021-08-08 14:33:23,795] {scheduler_job.py:642} INFO - DAG(s) dict_keys(['example_trigger_target_dag']) retrieved from /home/airflow/.local/lib/python3.6/site-packages/airflow/example_dags/example_trigger_target_dag.py
[2021-08-08 14:33:23,814] {logging_mixin.py:104} INFO - [2021-08-08 14:33:23,814] {dag.py:1833} INFO - Sync 1 DAGs
[2021-08-08 14:33:23,829] {logging_mixin.py:104} INFO - [2021-08-08 14:33:23,829] {dag.py:2306} INFO - Setting next_dagrun for example_trigger_target_dag to None
[2021-08-08 14:33:23,837] {scheduler_job.py:189} INFO - Processing /home/airflow/.local/lib/python3.6/site-packages/airflow/example_dags/example_trigger_target_dag.py took 0.063 seconds
[2021-08-08 14:33:54,304] {scheduler_job.py:181} INFO - Started process (PID=752) to work on /home/airflow/.local/lib/python3.6/site-packages/airflow/example_dags/example_trigger_target_dag.py
[2021-08-08 14:33:54,305] {scheduler_job.py:632} INFO - Processing file /home/airflow/.local/lib/python3.6/site-packages/airflow/example_dags/example_trigger_target_dag.py for tasks to queue
[2021-08-08 14:33:54,307] {logging_mixin.py:104} INFO - [2021-08-08 14:33:54,306] {dagbag.py:496} INFO - Filling up the DagBag from /home/airflow/.local/lib/python3.6/site-packages/airflow/example_dags/example_trigger_target_dag.py
[2021-08-08 14:33:54,322] {scheduler_job.py:642} INFO - DAG(s) dict_keys(['example_trigger_target_dag']) retrieved from /home/airflow/.local/lib/python3.6/site-packages/airflow/example_dags/example_trigger_target_dag.py
[2021-08-08 14:33:54,344] {logging_mixin.py:104} INFO - [2021-08-08 14:33:54,343] {dag.py:1833} INFO - Sync 1 DAGs
[2021-08-08 14:33:54,359] {logging_mixin.py:104} INFO - [2021-08-08 14:33:54,359] {dag.py:2306} INFO - Setting next_dagrun for example_trigger_target_dag to None
[2021-08-08 14:33:54,366] {scheduler_job.py:189} INFO - Processing /home/airflow/.local/lib/python3.6/site-packages/airflow/example_dags/example_trigger_target_dag.py took 0.067 seconds
[2021-08-08 14:34:24,718] {scheduler_job.py:181} INFO - Started process (PID=803) to work on /home/airflow/.local/lib/python3.6/site-packages/airflow/example_dags/example_trigger_target_dag.py
[2021-08-08 14:34:24,719] {scheduler_job.py:632} INFO - Processing file /home/airflow/.local/lib/python3.6/site-packages/airflow/example_dags/example_trigger_target_dag.py for tasks to queue
[2021-08-08 14:34:24,721] {logging_mixin.py:104} INFO - [2021-08-08 14:34:24,720] {dagbag.py:496} INFO - Filling up the DagBag from /home/airflow/.local/lib/python3.6/site-packages/airflow/example_dags/example_trigger_target_dag.py
[2021-08-08 14:34:24,736] {scheduler_job.py:642} INFO - DAG(s) dict_keys(['example_trigger_target_dag']) retrieved from /home/airflow/.local/lib/python3.6/site-packages/airflow/example_dags/example_trigger_target_dag.py
[2021-08-08 14:34:24,755] {logging_mixin.py:104} INFO - [2021-08-08 14:34:24,755] {dag.py:1833} INFO - Sync 1 DAGs
[2021-08-08 14:34:24,771] {logging_mixin.py:104} INFO - [2021-08-08 14:34:24,770] {dag.py:2306} INFO - Setting next_dagrun for example_trigger_target_dag to None
[2021-08-08 14:34:24,780] {scheduler_job.py:189} INFO - Processing /home/airflow/.local/lib/python3.6/site-packages/airflow/example_dags/example_trigger_target_dag.py took 0.066 seconds
[2021-08-08 14:34:55,118] {scheduler_job.py:181} INFO - Started process (PID=865) to work on /home/airflow/.local/lib/python3.6/site-packages/airflow/example_dags/example_trigger_target_dag.py
[2021-08-08 14:34:55,119] {scheduler_job.py:632} INFO - Processing file /home/airflow/.local/lib/python3.6/site-packages/airflow/example_dags/example_trigger_target_dag.py for tasks to queue
[2021-08-08 14:34:55,121] {logging_mixin.py:104} INFO - [2021-08-08 14:34:55,121] {dagbag.py:496} INFO - Filling up the DagBag from /home/airflow/.local/lib/python3.6/site-packages/airflow/example_dags/example_trigger_target_dag.py
[2021-08-08 14:34:55,136] {scheduler_job.py:642} INFO - DAG(s) dict_keys(['example_trigger_target_dag']) retrieved from /home/airflow/.local/lib/python3.6/site-packages/airflow/example_dags/example_trigger_target_dag.py
[2021-08-08 14:34:55,155] {logging_mixin.py:104} INFO - [2021-08-08 14:34:55,155] {dag.py:1833} INFO - Sync 1 DAGs
[2021-08-08 14:34:55,170] {logging_mixin.py:104} INFO - [2021-08-08 14:34:55,170] {dag.py:2306} INFO - Setting next_dagrun for example_trigger_target_dag to None
[2021-08-08 14:34:55,178] {scheduler_job.py:189} INFO - Processing /home/airflow/.local/lib/python3.6/site-packages/airflow/example_dags/example_trigger_target_dag.py took 0.064 seconds
[2021-08-08 14:35:25,472] {scheduler_job.py:181} INFO - Started process (PID=926) to work on /home/airflow/.local/lib/python3.6/site-packages/airflow/example_dags/example_trigger_target_dag.py
[2021-08-08 14:35:25,474] {scheduler_job.py:632} INFO - Processing file /home/airflow/.local/lib/python3.6/site-packages/airflow/example_dags/example_trigger_target_dag.py for tasks to queue
[2021-08-08 14:35:25,475] {logging_mixin.py:104} INFO - [2021-08-08 14:35:25,475] {dagbag.py:496} INFO - Filling up the DagBag from /home/airflow/.local/lib/python3.6/site-packages/airflow/example_dags/example_trigger_target_dag.py
[2021-08-08 14:35:25,490] {scheduler_job.py:642} INFO - DAG(s) dict_keys(['example_trigger_target_dag']) retrieved from /home/airflow/.local/lib/python3.6/site-packages/airflow/example_dags/example_trigger_target_dag.py
[2021-08-08 14:35:25,509] {logging_mixin.py:104} INFO - [2021-08-08 14:35:25,509] {dag.py:1833} INFO - Sync 1 DAGs
[2021-08-08 14:35:25,524] {logging_mixin.py:104} INFO - [2021-08-08 14:35:25,524] {dag.py:2306} INFO - Setting next_dagrun for example_trigger_target_dag to None
[2021-08-08 14:35:25,532] {scheduler_job.py:189} INFO - Processing /home/airflow/.local/lib/python3.6/site-packages/airflow/example_dags/example_trigger_target_dag.py took 0.063 seconds
[2021-08-08 14:35:55,653] {scheduler_job.py:181} INFO - Started process (PID=986) to work on /home/airflow/.local/lib/python3.6/site-packages/airflow/example_dags/example_trigger_target_dag.py
[2021-08-08 14:35:55,655] {scheduler_job.py:632} INFO - Processing file /home/airflow/.local/lib/python3.6/site-packages/airflow/example_dags/example_trigger_target_dag.py for tasks to queue
[2021-08-08 14:35:55,656] {logging_mixin.py:104} INFO - [2021-08-08 14:35:55,656] {dagbag.py:496} INFO - Filling up the DagBag from /home/airflow/.local/lib/python3.6/site-packages/airflow/example_dags/example_trigger_target_dag.py
[2021-08-08 14:35:55,668] {scheduler_job.py:642} INFO - DAG(s) dict_keys(['example_trigger_target_dag']) retrieved from /home/airflow/.local/lib/python3.6/site-packages/airflow/example_dags/example_trigger_target_dag.py
[2021-08-08 14:35:55,689] {logging_mixin.py:104} INFO - [2021-08-08 14:35:55,689] {dag.py:1833} INFO - Sync 1 DAGs
[2021-08-08 14:35:55,702] {logging_mixin.py:104} INFO - [2021-08-08 14:35:55,702] {dag.py:2306} INFO - Setting next_dagrun for example_trigger_target_dag to None
[2021-08-08 14:35:55,709] {scheduler_job.py:189} INFO - Processing /home/airflow/.local/lib/python3.6/site-packages/airflow/example_dags/example_trigger_target_dag.py took 0.060 seconds
[2021-08-08 14:36:26,011] {scheduler_job.py:181} INFO - Started process (PID=1038) to work on /home/airflow/.local/lib/python3.6/site-packages/airflow/example_dags/example_trigger_target_dag.py
[2021-08-08 14:36:26,012] {scheduler_job.py:632} INFO - Processing file /home/airflow/.local/lib/python3.6/site-packages/airflow/example_dags/example_trigger_target_dag.py for tasks to queue
[2021-08-08 14:36:26,013] {logging_mixin.py:104} INFO - [2021-08-08 14:36:26,013] {dagbag.py:496} INFO - Filling up the DagBag from /home/airflow/.local/lib/python3.6/site-packages/airflow/example_dags/example_trigger_target_dag.py
[2021-08-08 14:36:26,027] {scheduler_job.py:642} INFO - DAG(s) dict_keys(['example_trigger_target_dag']) retrieved from /home/airflow/.local/lib/python3.6/site-packages/airflow/example_dags/example_trigger_target_dag.py
[2021-08-08 14:36:26,048] {logging_mixin.py:104} INFO - [2021-08-08 14:36:26,048] {dag.py:1833} INFO - Sync 1 DAGs
[2021-08-08 14:36:26,065] {logging_mixin.py:104} INFO - [2021-08-08 14:36:26,065] {dag.py:2306} INFO - Setting next_dagrun for example_trigger_target_dag to None
[2021-08-08 14:36:26,073] {scheduler_job.py:189} INFO - Processing /home/airflow/.local/lib/python3.6/site-packages/airflow/example_dags/example_trigger_target_dag.py took 0.065 seconds
[2021-08-08 14:36:56,419] {scheduler_job.py:181} INFO - Started process (PID=1099) to work on /home/airflow/.local/lib/python3.6/site-packages/airflow/example_dags/example_trigger_target_dag.py
[2021-08-08 14:36:56,421] {scheduler_job.py:632} INFO - Processing file /home/airflow/.local/lib/python3.6/site-packages/airflow/example_dags/example_trigger_target_dag.py for tasks to queue
[2021-08-08 14:36:56,422] {logging_mixin.py:104} INFO - [2021-08-08 14:36:56,422] {dagbag.py:496} INFO - Filling up the DagBag from /home/airflow/.local/lib/python3.6/site-packages/airflow/example_dags/example_trigger_target_dag.py
[2021-08-08 14:36:56,437] {scheduler_job.py:642} INFO - DAG(s) dict_keys(['example_trigger_target_dag']) retrieved from /home/airflow/.local/lib/python3.6/site-packages/airflow/example_dags/example_trigger_target_dag.py
[2021-08-08 14:36:56,458] {logging_mixin.py:104} INFO - [2021-08-08 14:36:56,458] {dag.py:1833} INFO - Sync 1 DAGs
[2021-08-08 14:36:56,470] {logging_mixin.py:104} INFO - [2021-08-08 14:36:56,470] {dag.py:2306} INFO - Setting next_dagrun for example_trigger_target_dag to None
[2021-08-08 14:36:56,478] {scheduler_job.py:189} INFO - Processing /home/airflow/.local/lib/python3.6/site-packages/airflow/example_dags/example_trigger_target_dag.py took 0.063 seconds
[2021-08-08 14:37:26,839] {scheduler_job.py:181} INFO - Started process (PID=1160) to work on /home/airflow/.local/lib/python3.6/site-packages/airflow/example_dags/example_trigger_target_dag.py
[2021-08-08 14:37:26,841] {scheduler_job.py:632} INFO - Processing file /home/airflow/.local/lib/python3.6/site-packages/airflow/example_dags/example_trigger_target_dag.py for tasks to queue
[2021-08-08 14:37:26,842] {logging_mixin.py:104} INFO - [2021-08-08 14:37:26,842] {dagbag.py:496} INFO - Filling up the DagBag from /home/airflow/.local/lib/python3.6/site-packages/airflow/example_dags/example_trigger_target_dag.py
[2021-08-08 14:37:26,855] {scheduler_job.py:642} INFO - DAG(s) dict_keys(['example_trigger_target_dag']) retrieved from /home/airflow/.local/lib/python3.6/site-packages/airflow/example_dags/example_trigger_target_dag.py
[2021-08-08 14:37:26,877] {logging_mixin.py:104} INFO - [2021-08-08 14:37:26,876] {dag.py:1833} INFO - Sync 1 DAGs
[2021-08-08 14:37:26,889] {logging_mixin.py:104} INFO - [2021-08-08 14:37:26,889] {dag.py:2306} INFO - Setting next_dagrun for example_trigger_target_dag to None
[2021-08-08 14:37:26,897] {scheduler_job.py:189} INFO - Processing /home/airflow/.local/lib/python3.6/site-packages/airflow/example_dags/example_trigger_target_dag.py took 0.061 seconds
[2021-08-08 14:37:57,239] {scheduler_job.py:181} INFO - Started process (PID=1211) to work on /home/airflow/.local/lib/python3.6/site-packages/airflow/example_dags/example_trigger_target_dag.py
[2021-08-08 14:37:57,240] {scheduler_job.py:632} INFO - Processing file /home/airflow/.local/lib/python3.6/site-packages/airflow/example_dags/example_trigger_target_dag.py for tasks to queue
[2021-08-08 14:37:57,241] {logging_mixin.py:104} INFO - [2021-08-08 14:37:57,241] {dagbag.py:496} INFO - Filling up the DagBag from /home/airflow/.local/lib/python3.6/site-packages/airflow/example_dags/example_trigger_target_dag.py
[2021-08-08 14:37:57,260] {scheduler_job.py:642} INFO - DAG(s) dict_keys(['example_trigger_target_dag']) retrieved from /home/airflow/.local/lib/python3.6/site-packages/airflow/example_dags/example_trigger_target_dag.py
[2021-08-08 14:37:57,278] {logging_mixin.py:104} INFO - [2021-08-08 14:37:57,278] {dag.py:1833} INFO - Sync 1 DAGs
[2021-08-08 14:37:57,291] {logging_mixin.py:104} INFO - [2021-08-08 14:37:57,291] {dag.py:2306} INFO - Setting next_dagrun for example_trigger_target_dag to None
[2021-08-08 14:37:57,298] {scheduler_job.py:189} INFO - Processing /home/airflow/.local/lib/python3.6/site-packages/airflow/example_dags/example_trigger_target_dag.py took 0.063 seconds
[2021-08-08 14:38:27,565] {scheduler_job.py:181} INFO - Started process (PID=1272) to work on /home/airflow/.local/lib/python3.6/site-packages/airflow/example_dags/example_trigger_target_dag.py
[2021-08-08 14:38:27,567] {scheduler_job.py:632} INFO - Processing file /home/airflow/.local/lib/python3.6/site-packages/airflow/example_dags/example_trigger_target_dag.py for tasks to queue
[2021-08-08 14:38:27,568] {logging_mixin.py:104} INFO - [2021-08-08 14:38:27,568] {dagbag.py:496} INFO - Filling up the DagBag from /home/airflow/.local/lib/python3.6/site-packages/airflow/example_dags/example_trigger_target_dag.py
[2021-08-08 14:38:27,595] {scheduler_job.py:642} INFO - DAG(s) dict_keys(['example_trigger_target_dag']) retrieved from /home/airflow/.local/lib/python3.6/site-packages/airflow/example_dags/example_trigger_target_dag.py
[2021-08-08 14:38:27,625] {logging_mixin.py:104} INFO - [2021-08-08 14:38:27,625] {dag.py:1833} INFO - Sync 1 DAGs
[2021-08-08 14:38:27,647] {logging_mixin.py:104} INFO - [2021-08-08 14:38:27,647] {dag.py:2306} INFO - Setting next_dagrun for example_trigger_target_dag to None
[2021-08-08 14:38:27,661] {scheduler_job.py:189} INFO - Processing /home/airflow/.local/lib/python3.6/site-packages/airflow/example_dags/example_trigger_target_dag.py took 0.102 seconds
[2021-08-08 14:38:57,948] {scheduler_job.py:181} INFO - Started process (PID=1335) to work on /home/airflow/.local/lib/python3.6/site-packages/airflow/example_dags/example_trigger_target_dag.py
[2021-08-08 14:38:57,950] {scheduler_job.py:632} INFO - Processing file /home/airflow/.local/lib/python3.6/site-packages/airflow/example_dags/example_trigger_target_dag.py for tasks to queue
[2021-08-08 14:38:57,951] {logging_mixin.py:104} INFO - [2021-08-08 14:38:57,951] {dagbag.py:496} INFO - Filling up the DagBag from /home/airflow/.local/lib/python3.6/site-packages/airflow/example_dags/example_trigger_target_dag.py
[2021-08-08 14:38:57,968] {scheduler_job.py:642} INFO - DAG(s) dict_keys(['example_trigger_target_dag']) retrieved from /home/airflow/.local/lib/python3.6/site-packages/airflow/example_dags/example_trigger_target_dag.py
[2021-08-08 14:38:57,990] {logging_mixin.py:104} INFO - [2021-08-08 14:38:57,990] {dag.py:1833} INFO - Sync 1 DAGs
[2021-08-08 14:38:58,008] {logging_mixin.py:104} INFO - [2021-08-08 14:38:58,008] {dag.py:2306} INFO - Setting next_dagrun for example_trigger_target_dag to None
[2021-08-08 14:38:58,018] {scheduler_job.py:189} INFO - Processing /home/airflow/.local/lib/python3.6/site-packages/airflow/example_dags/example_trigger_target_dag.py took 0.074 seconds
[2021-08-08 14:39:28,569] {scheduler_job.py:181} INFO - Started process (PID=1387) to work on /home/airflow/.local/lib/python3.6/site-packages/airflow/example_dags/example_trigger_target_dag.py
[2021-08-08 14:39:28,571] {scheduler_job.py:632} INFO - Processing file /home/airflow/.local/lib/python3.6/site-packages/airflow/example_dags/example_trigger_target_dag.py for tasks to queue
[2021-08-08 14:39:28,573] {logging_mixin.py:104} INFO - [2021-08-08 14:39:28,573] {dagbag.py:496} INFO - Filling up the DagBag from /home/airflow/.local/lib/python3.6/site-packages/airflow/example_dags/example_trigger_target_dag.py
[2021-08-08 14:39:28,593] {scheduler_job.py:642} INFO - DAG(s) dict_keys(['example_trigger_target_dag']) retrieved from /home/airflow/.local/lib/python3.6/site-packages/airflow/example_dags/example_trigger_target_dag.py
[2021-08-08 14:39:28,623] {logging_mixin.py:104} INFO - [2021-08-08 14:39:28,623] {dag.py:1833} INFO - Sync 1 DAGs
[2021-08-08 14:39:28,642] {logging_mixin.py:104} INFO - [2021-08-08 14:39:28,642] {dag.py:2306} INFO - Setting next_dagrun for example_trigger_target_dag to None
[2021-08-08 14:39:28,657] {scheduler_job.py:189} INFO - Processing /home/airflow/.local/lib/python3.6/site-packages/airflow/example_dags/example_trigger_target_dag.py took 0.092 seconds
[2021-08-08 14:39:59,303] {scheduler_job.py:181} INFO - Started process (PID=1466) to work on /home/airflow/.local/lib/python3.6/site-packages/airflow/example_dags/example_trigger_target_dag.py
[2021-08-08 14:39:59,304] {scheduler_job.py:632} INFO - Processing file /home/airflow/.local/lib/python3.6/site-packages/airflow/example_dags/example_trigger_target_dag.py for tasks to queue
[2021-08-08 14:39:59,305] {logging_mixin.py:104} INFO - [2021-08-08 14:39:59,305] {dagbag.py:496} INFO - Filling up the DagBag from /home/airflow/.local/lib/python3.6/site-packages/airflow/example_dags/example_trigger_target_dag.py
[2021-08-08 14:39:59,321] {scheduler_job.py:642} INFO - DAG(s) dict_keys(['example_trigger_target_dag']) retrieved from /home/airflow/.local/lib/python3.6/site-packages/airflow/example_dags/example_trigger_target_dag.py
[2021-08-08 14:39:59,339] {logging_mixin.py:104} INFO - [2021-08-08 14:39:59,339] {dag.py:1833} INFO - Sync 1 DAGs
[2021-08-08 14:39:59,353] {logging_mixin.py:104} INFO - [2021-08-08 14:39:59,353] {dag.py:2306} INFO - Setting next_dagrun for example_trigger_target_dag to None
[2021-08-08 14:39:59,361] {scheduler_job.py:189} INFO - Processing /home/airflow/.local/lib/python3.6/site-packages/airflow/example_dags/example_trigger_target_dag.py took 0.061 seconds
[2021-08-08 14:40:29,693] {scheduler_job.py:181} INFO - Started process (PID=1528) to work on /home/airflow/.local/lib/python3.6/site-packages/airflow/example_dags/example_trigger_target_dag.py
[2021-08-08 14:40:29,695] {scheduler_job.py:632} INFO - Processing file /home/airflow/.local/lib/python3.6/site-packages/airflow/example_dags/example_trigger_target_dag.py for tasks to queue
[2021-08-08 14:40:29,697] {logging_mixin.py:104} INFO - [2021-08-08 14:40:29,696] {dagbag.py:496} INFO - Filling up the DagBag from /home/airflow/.local/lib/python3.6/site-packages/airflow/example_dags/example_trigger_target_dag.py
[2021-08-08 14:40:29,717] {scheduler_job.py:642} INFO - DAG(s) dict_keys(['example_trigger_target_dag']) retrieved from /home/airflow/.local/lib/python3.6/site-packages/airflow/example_dags/example_trigger_target_dag.py
[2021-08-08 14:40:29,741] {logging_mixin.py:104} INFO - [2021-08-08 14:40:29,741] {dag.py:1833} INFO - Sync 1 DAGs
[2021-08-08 14:40:29,760] {logging_mixin.py:104} INFO - [2021-08-08 14:40:29,760] {dag.py:2306} INFO - Setting next_dagrun for example_trigger_target_dag to None
[2021-08-08 14:40:29,771] {scheduler_job.py:189} INFO - Processing /home/airflow/.local/lib/python3.6/site-packages/airflow/example_dags/example_trigger_target_dag.py took 0.083 seconds
[2021-08-08 14:41:00,054] {scheduler_job.py:181} INFO - Started process (PID=1579) to work on /home/airflow/.local/lib/python3.6/site-packages/airflow/example_dags/example_trigger_target_dag.py
[2021-08-08 14:41:00,055] {scheduler_job.py:632} INFO - Processing file /home/airflow/.local/lib/python3.6/site-packages/airflow/example_dags/example_trigger_target_dag.py for tasks to queue
[2021-08-08 14:41:00,056] {logging_mixin.py:104} INFO - [2021-08-08 14:41:00,056] {dagbag.py:496} INFO - Filling up the DagBag from /home/airflow/.local/lib/python3.6/site-packages/airflow/example_dags/example_trigger_target_dag.py
[2021-08-08 14:41:00,074] {scheduler_job.py:642} INFO - DAG(s) dict_keys(['example_trigger_target_dag']) retrieved from /home/airflow/.local/lib/python3.6/site-packages/airflow/example_dags/example_trigger_target_dag.py
[2021-08-08 14:41:00,093] {logging_mixin.py:104} INFO - [2021-08-08 14:41:00,093] {dag.py:1833} INFO - Sync 1 DAGs
[2021-08-08 14:41:00,107] {logging_mixin.py:104} INFO - [2021-08-08 14:41:00,107] {dag.py:2306} INFO - Setting next_dagrun for example_trigger_target_dag to None
[2021-08-08 14:41:00,114] {scheduler_job.py:189} INFO - Processing /home/airflow/.local/lib/python3.6/site-packages/airflow/example_dags/example_trigger_target_dag.py took 0.064 seconds
[2021-08-08 14:41:30,442] {scheduler_job.py:181} INFO - Started process (PID=1641) to work on /home/airflow/.local/lib/python3.6/site-packages/airflow/example_dags/example_trigger_target_dag.py
[2021-08-08 14:41:30,445] {scheduler_job.py:632} INFO - Processing file /home/airflow/.local/lib/python3.6/site-packages/airflow/example_dags/example_trigger_target_dag.py for tasks to queue
[2021-08-08 14:41:30,449] {logging_mixin.py:104} INFO - [2021-08-08 14:41:30,449] {dagbag.py:496} INFO - Filling up the DagBag from /home/airflow/.local/lib/python3.6/site-packages/airflow/example_dags/example_trigger_target_dag.py
[2021-08-08 14:41:30,499] {scheduler_job.py:642} INFO - DAG(s) dict_keys(['example_trigger_target_dag']) retrieved from /home/airflow/.local/lib/python3.6/site-packages/airflow/example_dags/example_trigger_target_dag.py
[2021-08-08 14:41:30,575] {logging_mixin.py:104} INFO - [2021-08-08 14:41:30,575] {dag.py:1833} INFO - Sync 1 DAGs
[2021-08-08 14:41:30,610] {logging_mixin.py:104} INFO - [2021-08-08 14:41:30,609] {dag.py:2306} INFO - Setting next_dagrun for example_trigger_target_dag to None
[2021-08-08 14:41:30,622] {scheduler_job.py:189} INFO - Processing /home/airflow/.local/lib/python3.6/site-packages/airflow/example_dags/example_trigger_target_dag.py took 0.188 seconds
[2021-08-08 14:42:00,950] {scheduler_job.py:181} INFO - Started process (PID=1702) to work on /home/airflow/.local/lib/python3.6/site-packages/airflow/example_dags/example_trigger_target_dag.py
[2021-08-08 14:42:00,952] {scheduler_job.py:632} INFO - Processing file /home/airflow/.local/lib/python3.6/site-packages/airflow/example_dags/example_trigger_target_dag.py for tasks to queue
[2021-08-08 14:42:00,953] {logging_mixin.py:104} INFO - [2021-08-08 14:42:00,953] {dagbag.py:496} INFO - Filling up the DagBag from /home/airflow/.local/lib/python3.6/site-packages/airflow/example_dags/example_trigger_target_dag.py
[2021-08-08 14:42:00,970] {scheduler_job.py:642} INFO - DAG(s) dict_keys(['example_trigger_target_dag']) retrieved from /home/airflow/.local/lib/python3.6/site-packages/airflow/example_dags/example_trigger_target_dag.py
[2021-08-08 14:42:00,988] {logging_mixin.py:104} INFO - [2021-08-08 14:42:00,988] {dag.py:1833} INFO - Sync 1 DAGs
[2021-08-08 14:42:01,001] {logging_mixin.py:104} INFO - [2021-08-08 14:42:01,000] {dag.py:2306} INFO - Setting next_dagrun for example_trigger_target_dag to None
[2021-08-08 14:42:01,008] {scheduler_job.py:189} INFO - Processing /home/airflow/.local/lib/python3.6/site-packages/airflow/example_dags/example_trigger_target_dag.py took 0.062 seconds
[2021-08-08 14:42:31,575] {scheduler_job.py:181} INFO - Started process (PID=1754) to work on /home/airflow/.local/lib/python3.6/site-packages/airflow/example_dags/example_trigger_target_dag.py
[2021-08-08 14:42:31,581] {scheduler_job.py:632} INFO - Processing file /home/airflow/.local/lib/python3.6/site-packages/airflow/example_dags/example_trigger_target_dag.py for tasks to queue
[2021-08-08 14:42:31,582] {logging_mixin.py:104} INFO - [2021-08-08 14:42:31,582] {dagbag.py:496} INFO - Filling up the DagBag from /home/airflow/.local/lib/python3.6/site-packages/airflow/example_dags/example_trigger_target_dag.py
[2021-08-08 14:42:31,596] {scheduler_job.py:642} INFO - DAG(s) dict_keys(['example_trigger_target_dag']) retrieved from /home/airflow/.local/lib/python3.6/site-packages/airflow/example_dags/example_trigger_target_dag.py
[2021-08-08 14:42:31,614] {logging_mixin.py:104} INFO - [2021-08-08 14:42:31,614] {dag.py:1833} INFO - Sync 1 DAGs
[2021-08-08 14:42:31,627] {logging_mixin.py:104} INFO - [2021-08-08 14:42:31,627] {dag.py:2306} INFO - Setting next_dagrun for example_trigger_target_dag to None
[2021-08-08 14:42:31,636] {scheduler_job.py:189} INFO - Processing /home/airflow/.local/lib/python3.6/site-packages/airflow/example_dags/example_trigger_target_dag.py took 0.064 seconds
[2021-08-08 14:43:02,070] {scheduler_job.py:181} INFO - Started process (PID=1816) to work on /home/airflow/.local/lib/python3.6/site-packages/airflow/example_dags/example_trigger_target_dag.py
[2021-08-08 14:43:02,072] {scheduler_job.py:632} INFO - Processing file /home/airflow/.local/lib/python3.6/site-packages/airflow/example_dags/example_trigger_target_dag.py for tasks to queue
[2021-08-08 14:43:02,073] {logging_mixin.py:104} INFO - [2021-08-08 14:43:02,073] {dagbag.py:496} INFO - Filling up the DagBag from /home/airflow/.local/lib/python3.6/site-packages/airflow/example_dags/example_trigger_target_dag.py
[2021-08-08 14:43:02,086] {scheduler_job.py:642} INFO - DAG(s) dict_keys(['example_trigger_target_dag']) retrieved from /home/airflow/.local/lib/python3.6/site-packages/airflow/example_dags/example_trigger_target_dag.py
[2021-08-08 14:43:02,105] {logging_mixin.py:104} INFO - [2021-08-08 14:43:02,105] {dag.py:1833} INFO - Sync 1 DAGs
[2021-08-08 14:43:02,121] {logging_mixin.py:104} INFO - [2021-08-08 14:43:02,121] {dag.py:2306} INFO - Setting next_dagrun for example_trigger_target_dag to None
[2021-08-08 14:43:02,131] {scheduler_job.py:189} INFO - Processing /home/airflow/.local/lib/python3.6/site-packages/airflow/example_dags/example_trigger_target_dag.py took 0.065 seconds
[2021-08-08 14:43:32,436] {scheduler_job.py:181} INFO - Started process (PID=1867) to work on /home/airflow/.local/lib/python3.6/site-packages/airflow/example_dags/example_trigger_target_dag.py
[2021-08-08 14:43:32,437] {scheduler_job.py:632} INFO - Processing file /home/airflow/.local/lib/python3.6/site-packages/airflow/example_dags/example_trigger_target_dag.py for tasks to queue
[2021-08-08 14:43:32,438] {logging_mixin.py:104} INFO - [2021-08-08 14:43:32,438] {dagbag.py:496} INFO - Filling up the DagBag from /home/airflow/.local/lib/python3.6/site-packages/airflow/example_dags/example_trigger_target_dag.py
[2021-08-08 14:43:32,452] {scheduler_job.py:642} INFO - DAG(s) dict_keys(['example_trigger_target_dag']) retrieved from /home/airflow/.local/lib/python3.6/site-packages/airflow/example_dags/example_trigger_target_dag.py
[2021-08-08 14:43:32,471] {logging_mixin.py:104} INFO - [2021-08-08 14:43:32,470] {dag.py:1833} INFO - Sync 1 DAGs
[2021-08-08 14:43:32,485] {logging_mixin.py:104} INFO - [2021-08-08 14:43:32,485] {dag.py:2306} INFO - Setting next_dagrun for example_trigger_target_dag to None
[2021-08-08 14:43:32,493] {scheduler_job.py:189} INFO - Processing /home/airflow/.local/lib/python3.6/site-packages/airflow/example_dags/example_trigger_target_dag.py took 0.061 seconds
[2021-08-08 14:44:02,543] {scheduler_job.py:181} INFO - Started process (PID=1928) to work on /home/airflow/.local/lib/python3.6/site-packages/airflow/example_dags/example_trigger_target_dag.py
[2021-08-08 14:44:02,544] {scheduler_job.py:632} INFO - Processing file /home/airflow/.local/lib/python3.6/site-packages/airflow/example_dags/example_trigger_target_dag.py for tasks to queue
[2021-08-08 14:44:02,546] {logging_mixin.py:104} INFO - [2021-08-08 14:44:02,545] {dagbag.py:496} INFO - Filling up the DagBag from /home/airflow/.local/lib/python3.6/site-packages/airflow/example_dags/example_trigger_target_dag.py
[2021-08-08 14:44:02,562] {scheduler_job.py:642} INFO - DAG(s) dict_keys(['example_trigger_target_dag']) retrieved from /home/airflow/.local/lib/python3.6/site-packages/airflow/example_dags/example_trigger_target_dag.py
[2021-08-08 14:44:02,586] {logging_mixin.py:104} INFO - [2021-08-08 14:44:02,586] {dag.py:1833} INFO - Sync 1 DAGs
[2021-08-08 14:44:02,604] {logging_mixin.py:104} INFO - [2021-08-08 14:44:02,604] {dag.py:2306} INFO - Setting next_dagrun for example_trigger_target_dag to None
[2021-08-08 14:44:02,615] {scheduler_job.py:189} INFO - Processing /home/airflow/.local/lib/python3.6/site-packages/airflow/example_dags/example_trigger_target_dag.py took 0.076 seconds
[2021-08-08 14:44:33,090] {scheduler_job.py:181} INFO - Started process (PID=1989) to work on /home/airflow/.local/lib/python3.6/site-packages/airflow/example_dags/example_trigger_target_dag.py
[2021-08-08 14:44:33,091] {scheduler_job.py:632} INFO - Processing file /home/airflow/.local/lib/python3.6/site-packages/airflow/example_dags/example_trigger_target_dag.py for tasks to queue
[2021-08-08 14:44:33,093] {logging_mixin.py:104} INFO - [2021-08-08 14:44:33,092] {dagbag.py:496} INFO - Filling up the DagBag from /home/airflow/.local/lib/python3.6/site-packages/airflow/example_dags/example_trigger_target_dag.py
[2021-08-08 14:44:33,106] {scheduler_job.py:642} INFO - DAG(s) dict_keys(['example_trigger_target_dag']) retrieved from /home/airflow/.local/lib/python3.6/site-packages/airflow/example_dags/example_trigger_target_dag.py
[2021-08-08 14:44:33,126] {logging_mixin.py:104} INFO - [2021-08-08 14:44:33,126] {dag.py:1833} INFO - Sync 1 DAGs
[2021-08-08 14:44:33,140] {logging_mixin.py:104} INFO - [2021-08-08 14:44:33,140] {dag.py:2306} INFO - Setting next_dagrun for example_trigger_target_dag to None
[2021-08-08 14:44:33,149] {scheduler_job.py:189} INFO - Processing /home/airflow/.local/lib/python3.6/site-packages/airflow/example_dags/example_trigger_target_dag.py took 0.062 seconds
[2021-08-08 14:45:03,328] {scheduler_job.py:181} INFO - Started process (PID=2040) to work on /home/airflow/.local/lib/python3.6/site-packages/airflow/example_dags/example_trigger_target_dag.py
[2021-08-08 14:45:03,330] {scheduler_job.py:632} INFO - Processing file /home/airflow/.local/lib/python3.6/site-packages/airflow/example_dags/example_trigger_target_dag.py for tasks to queue
[2021-08-08 14:45:03,331] {logging_mixin.py:104} INFO - [2021-08-08 14:45:03,331] {dagbag.py:496} INFO - Filling up the DagBag from /home/airflow/.local/lib/python3.6/site-packages/airflow/example_dags/example_trigger_target_dag.py
[2021-08-08 14:45:03,347] {scheduler_job.py:642} INFO - DAG(s) dict_keys(['example_trigger_target_dag']) retrieved from /home/airflow/.local/lib/python3.6/site-packages/airflow/example_dags/example_trigger_target_dag.py
[2021-08-08 14:45:03,366] {logging_mixin.py:104} INFO - [2021-08-08 14:45:03,366] {dag.py:1833} INFO - Sync 1 DAGs
[2021-08-08 14:45:03,381] {logging_mixin.py:104} INFO - [2021-08-08 14:45:03,380] {dag.py:2306} INFO - Setting next_dagrun for example_trigger_target_dag to None
[2021-08-08 14:45:03,389] {scheduler_job.py:189} INFO - Processing /home/airflow/.local/lib/python3.6/site-packages/airflow/example_dags/example_trigger_target_dag.py took 0.065 seconds
[2021-08-08 14:45:33,820] {scheduler_job.py:181} INFO - Started process (PID=2101) to work on /home/airflow/.local/lib/python3.6/site-packages/airflow/example_dags/example_trigger_target_dag.py
[2021-08-08 14:45:33,822] {scheduler_job.py:632} INFO - Processing file /home/airflow/.local/lib/python3.6/site-packages/airflow/example_dags/example_trigger_target_dag.py for tasks to queue
[2021-08-08 14:45:33,823] {logging_mixin.py:104} INFO - [2021-08-08 14:45:33,823] {dagbag.py:496} INFO - Filling up the DagBag from /home/airflow/.local/lib/python3.6/site-packages/airflow/example_dags/example_trigger_target_dag.py
[2021-08-08 14:45:33,839] {scheduler_job.py:642} INFO - DAG(s) dict_keys(['example_trigger_target_dag']) retrieved from /home/airflow/.local/lib/python3.6/site-packages/airflow/example_dags/example_trigger_target_dag.py
[2021-08-08 14:45:33,864] {logging_mixin.py:104} INFO - [2021-08-08 14:45:33,864] {dag.py:1833} INFO - Sync 1 DAGs
[2021-08-08 14:45:33,880] {logging_mixin.py:104} INFO - [2021-08-08 14:45:33,879] {dag.py:2306} INFO - Setting next_dagrun for example_trigger_target_dag to None
[2021-08-08 14:45:33,888] {scheduler_job.py:189} INFO - Processing /home/airflow/.local/lib/python3.6/site-packages/airflow/example_dags/example_trigger_target_dag.py took 0.072 seconds
[2021-08-08 14:46:04,178] {scheduler_job.py:181} INFO - Started process (PID=2165) to work on /home/airflow/.local/lib/python3.6/site-packages/airflow/example_dags/example_trigger_target_dag.py
[2021-08-08 14:46:04,180] {scheduler_job.py:632} INFO - Processing file /home/airflow/.local/lib/python3.6/site-packages/airflow/example_dags/example_trigger_target_dag.py for tasks to queue
[2021-08-08 14:46:04,181] {logging_mixin.py:104} INFO - [2021-08-08 14:46:04,181] {dagbag.py:496} INFO - Filling up the DagBag from /home/airflow/.local/lib/python3.6/site-packages/airflow/example_dags/example_trigger_target_dag.py
[2021-08-08 14:46:04,194] {scheduler_job.py:642} INFO - DAG(s) dict_keys(['example_trigger_target_dag']) retrieved from /home/airflow/.local/lib/python3.6/site-packages/airflow/example_dags/example_trigger_target_dag.py
[2021-08-08 14:46:04,213] {logging_mixin.py:104} INFO - [2021-08-08 14:46:04,213] {dag.py:1833} INFO - Sync 1 DAGs
[2021-08-08 14:46:04,229] {logging_mixin.py:104} INFO - [2021-08-08 14:46:04,229] {dag.py:2306} INFO - Setting next_dagrun for example_trigger_target_dag to None
[2021-08-08 14:46:04,244] {scheduler_job.py:189} INFO - Processing /home/airflow/.local/lib/python3.6/site-packages/airflow/example_dags/example_trigger_target_dag.py took 0.069 seconds
[2021-08-08 14:46:34,602] {scheduler_job.py:181} INFO - Started process (PID=2218) to work on /home/airflow/.local/lib/python3.6/site-packages/airflow/example_dags/example_trigger_target_dag.py
[2021-08-08 14:46:34,603] {scheduler_job.py:632} INFO - Processing file /home/airflow/.local/lib/python3.6/site-packages/airflow/example_dags/example_trigger_target_dag.py for tasks to queue
[2021-08-08 14:46:34,605] {logging_mixin.py:104} INFO - [2021-08-08 14:46:34,605] {dagbag.py:496} INFO - Filling up the DagBag from /home/airflow/.local/lib/python3.6/site-packages/airflow/example_dags/example_trigger_target_dag.py
[2021-08-08 14:46:34,620] {scheduler_job.py:642} INFO - DAG(s) dict_keys(['example_trigger_target_dag']) retrieved from /home/airflow/.local/lib/python3.6/site-packages/airflow/example_dags/example_trigger_target_dag.py
[2021-08-08 14:46:34,642] {logging_mixin.py:104} INFO - [2021-08-08 14:46:34,642] {dag.py:1833} INFO - Sync 1 DAGs
[2021-08-08 14:46:34,658] {logging_mixin.py:104} INFO - [2021-08-08 14:46:34,658] {dag.py:2306} INFO - Setting next_dagrun for example_trigger_target_dag to None
[2021-08-08 14:46:34,672] {scheduler_job.py:189} INFO - Processing /home/airflow/.local/lib/python3.6/site-packages/airflow/example_dags/example_trigger_target_dag.py took 0.074 seconds
[2021-08-08 14:47:05,005] {scheduler_job.py:181} INFO - Started process (PID=2279) to work on /home/airflow/.local/lib/python3.6/site-packages/airflow/example_dags/example_trigger_target_dag.py
[2021-08-08 14:47:05,007] {scheduler_job.py:632} INFO - Processing file /home/airflow/.local/lib/python3.6/site-packages/airflow/example_dags/example_trigger_target_dag.py for tasks to queue
[2021-08-08 14:47:05,007] {logging_mixin.py:104} INFO - [2021-08-08 14:47:05,007] {dagbag.py:496} INFO - Filling up the DagBag from /home/airflow/.local/lib/python3.6/site-packages/airflow/example_dags/example_trigger_target_dag.py
[2021-08-08 14:47:05,020] {scheduler_job.py:642} INFO - DAG(s) dict_keys(['example_trigger_target_dag']) retrieved from /home/airflow/.local/lib/python3.6/site-packages/airflow/example_dags/example_trigger_target_dag.py
[2021-08-08 14:47:05,039] {logging_mixin.py:104} INFO - [2021-08-08 14:47:05,039] {dag.py:1833} INFO - Sync 1 DAGs
[2021-08-08 14:47:05,052] {logging_mixin.py:104} INFO - [2021-08-08 14:47:05,052] {dag.py:2306} INFO - Setting next_dagrun for example_trigger_target_dag to None
[2021-08-08 14:47:05,060] {scheduler_job.py:189} INFO - Processing /home/airflow/.local/lib/python3.6/site-packages/airflow/example_dags/example_trigger_target_dag.py took 0.058 seconds
[2021-08-08 14:47:35,332] {scheduler_job.py:181} INFO - Started process (PID=2341) to work on /home/airflow/.local/lib/python3.6/site-packages/airflow/example_dags/example_trigger_target_dag.py
[2021-08-08 14:47:35,334] {scheduler_job.py:632} INFO - Processing file /home/airflow/.local/lib/python3.6/site-packages/airflow/example_dags/example_trigger_target_dag.py for tasks to queue
[2021-08-08 14:47:35,335] {logging_mixin.py:104} INFO - [2021-08-08 14:47:35,335] {dagbag.py:496} INFO - Filling up the DagBag from /home/airflow/.local/lib/python3.6/site-packages/airflow/example_dags/example_trigger_target_dag.py
[2021-08-08 14:47:35,348] {scheduler_job.py:642} INFO - DAG(s) dict_keys(['example_trigger_target_dag']) retrieved from /home/airflow/.local/lib/python3.6/site-packages/airflow/example_dags/example_trigger_target_dag.py
[2021-08-08 14:47:35,366] {logging_mixin.py:104} INFO - [2021-08-08 14:47:35,366] {dag.py:1833} INFO - Sync 1 DAGs
[2021-08-08 14:47:35,379] {logging_mixin.py:104} INFO - [2021-08-08 14:47:35,379] {dag.py:2306} INFO - Setting next_dagrun for example_trigger_target_dag to None
[2021-08-08 14:47:35,389] {scheduler_job.py:189} INFO - Processing /home/airflow/.local/lib/python3.6/site-packages/airflow/example_dags/example_trigger_target_dag.py took 0.060 seconds
