[2021-08-08 14:30:27,514] {scheduler_job.py:181} INFO - Started process (PID=193) to work on /home/airflow/.local/lib/python3.6/site-packages/airflow/example_dags/example_subdag_operator.py
[2021-08-08 14:30:27,516] {scheduler_job.py:632} INFO - Processing file /home/airflow/.local/lib/python3.6/site-packages/airflow/example_dags/example_subdag_operator.py for tasks to queue
[2021-08-08 14:30:27,517] {logging_mixin.py:104} INFO - [2021-08-08 14:30:27,516] {dagbag.py:496} INFO - Filling up the DagBag from /home/airflow/.local/lib/python3.6/site-packages/airflow/example_dags/example_subdag_operator.py
[2021-08-08 14:30:27,546] {scheduler_job.py:642} INFO - DAG(s) dict_keys(['example_subdag_operator.section-1', 'example_subdag_operator.section-2', 'example_subdag_operator']) retrieved from /home/airflow/.local/lib/python3.6/site-packages/airflow/example_dags/example_subdag_operator.py
[2021-08-08 14:30:29,379] {logging_mixin.py:104} INFO - [2021-08-08 14:30:29,378] {dag.py:1833} INFO - Sync 3 DAGs
[2021-08-08 14:30:29,387] {logging_mixin.py:104} INFO - [2021-08-08 14:30:29,386] {dag.py:1852} INFO - Creating ORM DAG for example_subdag_operator.section-1
[2021-08-08 14:30:29,388] {logging_mixin.py:104} INFO - [2021-08-08 14:30:29,388] {dag.py:1852} INFO - Creating ORM DAG for example_subdag_operator
[2021-08-08 14:30:29,388] {logging_mixin.py:104} INFO - [2021-08-08 14:30:29,388] {dag.py:1852} INFO - Creating ORM DAG for example_subdag_operator.section-2
[2021-08-08 14:30:29,392] {logging_mixin.py:104} INFO - [2021-08-08 14:30:29,392] {dag.py:2306} INFO - Setting next_dagrun for example_subdag_operator to 2021-08-06 00:00:00+00:00
[2021-08-08 14:30:29,393] {logging_mixin.py:104} INFO - [2021-08-08 14:30:29,393] {dag.py:2306} INFO - Setting next_dagrun for example_subdag_operator.section-1 to None
[2021-08-08 14:30:29,394] {logging_mixin.py:104} INFO - [2021-08-08 14:30:29,394] {dag.py:2306} INFO - Setting next_dagrun for example_subdag_operator.section-2 to None
[2021-08-08 14:30:29,414] {logging_mixin.py:104} INFO - [2021-08-08 14:30:29,414] {dag.py:1833} INFO - Sync 2 DAGs
[2021-08-08 14:30:29,421] {logging_mixin.py:104} INFO - [2021-08-08 14:30:29,421] {dag.py:2306} INFO - Setting next_dagrun for example_subdag_operator.section-1 to None
[2021-08-08 14:30:29,422] {logging_mixin.py:104} INFO - [2021-08-08 14:30:29,422] {dag.py:2306} INFO - Setting next_dagrun for example_subdag_operator.section-2 to None
[2021-08-08 14:30:29,428] {scheduler_job.py:189} INFO - Processing /home/airflow/.local/lib/python3.6/site-packages/airflow/example_dags/example_subdag_operator.py took 1.917 seconds
[2021-08-08 14:31:00,249] {scheduler_job.py:181} INFO - Started process (PID=412) to work on /home/airflow/.local/lib/python3.6/site-packages/airflow/example_dags/example_subdag_operator.py
[2021-08-08 14:31:00,250] {scheduler_job.py:632} INFO - Processing file /home/airflow/.local/lib/python3.6/site-packages/airflow/example_dags/example_subdag_operator.py for tasks to queue
[2021-08-08 14:31:00,252] {logging_mixin.py:104} INFO - [2021-08-08 14:31:00,251] {dagbag.py:496} INFO - Filling up the DagBag from /home/airflow/.local/lib/python3.6/site-packages/airflow/example_dags/example_subdag_operator.py
[2021-08-08 14:31:00,279] {scheduler_job.py:642} INFO - DAG(s) dict_keys(['example_subdag_operator.section-1', 'example_subdag_operator.section-2', 'example_subdag_operator']) retrieved from /home/airflow/.local/lib/python3.6/site-packages/airflow/example_dags/example_subdag_operator.py
[2021-08-08 14:31:00,289] {logging_mixin.py:104} INFO - [2021-08-08 14:31:00,289] {dag.py:1833} INFO - Sync 3 DAGs
[2021-08-08 14:31:00,303] {logging_mixin.py:104} INFO - [2021-08-08 14:31:00,302] {dag.py:2306} INFO - Setting next_dagrun for example_subdag_operator to 2021-08-06 00:00:00+00:00
[2021-08-08 14:31:00,304] {logging_mixin.py:104} INFO - [2021-08-08 14:31:00,304] {dag.py:2306} INFO - Setting next_dagrun for example_subdag_operator.section-1 to None
[2021-08-08 14:31:00,305] {logging_mixin.py:104} INFO - [2021-08-08 14:31:00,304] {dag.py:2306} INFO - Setting next_dagrun for example_subdag_operator.section-2 to None
[2021-08-08 14:31:00,311] {logging_mixin.py:104} INFO - [2021-08-08 14:31:00,311] {dag.py:1833} INFO - Sync 2 DAGs
[2021-08-08 14:31:00,317] {logging_mixin.py:104} INFO - [2021-08-08 14:31:00,316] {dag.py:2306} INFO - Setting next_dagrun for example_subdag_operator.section-1 to None
[2021-08-08 14:31:00,317] {logging_mixin.py:104} INFO - [2021-08-08 14:31:00,317] {dag.py:2306} INFO - Setting next_dagrun for example_subdag_operator.section-2 to None
[2021-08-08 14:31:00,322] {scheduler_job.py:189} INFO - Processing /home/airflow/.local/lib/python3.6/site-packages/airflow/example_dags/example_subdag_operator.py took 0.077 seconds
[2021-08-08 14:31:30,693] {scheduler_job.py:181} INFO - Started process (PID=473) to work on /home/airflow/.local/lib/python3.6/site-packages/airflow/example_dags/example_subdag_operator.py
[2021-08-08 14:31:30,695] {scheduler_job.py:632} INFO - Processing file /home/airflow/.local/lib/python3.6/site-packages/airflow/example_dags/example_subdag_operator.py for tasks to queue
[2021-08-08 14:31:30,696] {logging_mixin.py:104} INFO - [2021-08-08 14:31:30,696] {dagbag.py:496} INFO - Filling up the DagBag from /home/airflow/.local/lib/python3.6/site-packages/airflow/example_dags/example_subdag_operator.py
[2021-08-08 14:31:30,724] {scheduler_job.py:642} INFO - DAG(s) dict_keys(['example_subdag_operator.section-1', 'example_subdag_operator.section-2', 'example_subdag_operator']) retrieved from /home/airflow/.local/lib/python3.6/site-packages/airflow/example_dags/example_subdag_operator.py
[2021-08-08 14:31:30,734] {logging_mixin.py:104} INFO - [2021-08-08 14:31:30,734] {dag.py:1833} INFO - Sync 3 DAGs
[2021-08-08 14:31:30,747] {logging_mixin.py:104} INFO - [2021-08-08 14:31:30,747] {dag.py:2306} INFO - Setting next_dagrun for example_subdag_operator to 2021-08-06 00:00:00+00:00
[2021-08-08 14:31:30,749] {logging_mixin.py:104} INFO - [2021-08-08 14:31:30,749] {dag.py:2306} INFO - Setting next_dagrun for example_subdag_operator.section-1 to None
[2021-08-08 14:31:30,749] {logging_mixin.py:104} INFO - [2021-08-08 14:31:30,749] {dag.py:2306} INFO - Setting next_dagrun for example_subdag_operator.section-2 to None
[2021-08-08 14:31:30,755] {logging_mixin.py:104} INFO - [2021-08-08 14:31:30,755] {dag.py:1833} INFO - Sync 2 DAGs
[2021-08-08 14:31:30,761] {logging_mixin.py:104} INFO - [2021-08-08 14:31:30,761] {dag.py:2306} INFO - Setting next_dagrun for example_subdag_operator.section-1 to None
[2021-08-08 14:31:30,761] {logging_mixin.py:104} INFO - [2021-08-08 14:31:30,761] {dag.py:2306} INFO - Setting next_dagrun for example_subdag_operator.section-2 to None
[2021-08-08 14:31:30,766] {scheduler_job.py:189} INFO - Processing /home/airflow/.local/lib/python3.6/site-packages/airflow/example_dags/example_subdag_operator.py took 0.076 seconds
[2021-08-08 14:32:01,036] {scheduler_job.py:181} INFO - Started process (PID=535) to work on /home/airflow/.local/lib/python3.6/site-packages/airflow/example_dags/example_subdag_operator.py
[2021-08-08 14:32:01,038] {scheduler_job.py:632} INFO - Processing file /home/airflow/.local/lib/python3.6/site-packages/airflow/example_dags/example_subdag_operator.py for tasks to queue
[2021-08-08 14:32:01,039] {logging_mixin.py:104} INFO - [2021-08-08 14:32:01,039] {dagbag.py:496} INFO - Filling up the DagBag from /home/airflow/.local/lib/python3.6/site-packages/airflow/example_dags/example_subdag_operator.py
[2021-08-08 14:32:01,076] {scheduler_job.py:642} INFO - DAG(s) dict_keys(['example_subdag_operator.section-1', 'example_subdag_operator.section-2', 'example_subdag_operator']) retrieved from /home/airflow/.local/lib/python3.6/site-packages/airflow/example_dags/example_subdag_operator.py
[2021-08-08 14:32:01,090] {logging_mixin.py:104} INFO - [2021-08-08 14:32:01,090] {dag.py:1833} INFO - Sync 3 DAGs
[2021-08-08 14:32:01,107] {logging_mixin.py:104} INFO - [2021-08-08 14:32:01,107] {dag.py:2306} INFO - Setting next_dagrun for example_subdag_operator to 2021-08-06 00:00:00+00:00
[2021-08-08 14:32:01,108] {logging_mixin.py:104} INFO - [2021-08-08 14:32:01,108] {dag.py:2306} INFO - Setting next_dagrun for example_subdag_operator.section-1 to None
[2021-08-08 14:32:01,109] {logging_mixin.py:104} INFO - [2021-08-08 14:32:01,109] {dag.py:2306} INFO - Setting next_dagrun for example_subdag_operator.section-2 to None
[2021-08-08 14:32:01,115] {logging_mixin.py:104} INFO - [2021-08-08 14:32:01,115] {dag.py:1833} INFO - Sync 2 DAGs
[2021-08-08 14:32:01,123] {logging_mixin.py:104} INFO - [2021-08-08 14:32:01,123] {dag.py:2306} INFO - Setting next_dagrun for example_subdag_operator.section-1 to None
[2021-08-08 14:32:01,123] {logging_mixin.py:104} INFO - [2021-08-08 14:32:01,123] {dag.py:2306} INFO - Setting next_dagrun for example_subdag_operator.section-2 to None
[2021-08-08 14:32:01,128] {scheduler_job.py:189} INFO - Processing /home/airflow/.local/lib/python3.6/site-packages/airflow/example_dags/example_subdag_operator.py took 0.096 seconds
[2021-08-08 14:32:31,415] {scheduler_job.py:181} INFO - Started process (PID=587) to work on /home/airflow/.local/lib/python3.6/site-packages/airflow/example_dags/example_subdag_operator.py
[2021-08-08 14:32:31,416] {scheduler_job.py:632} INFO - Processing file /home/airflow/.local/lib/python3.6/site-packages/airflow/example_dags/example_subdag_operator.py for tasks to queue
[2021-08-08 14:32:31,417] {logging_mixin.py:104} INFO - [2021-08-08 14:32:31,417] {dagbag.py:496} INFO - Filling up the DagBag from /home/airflow/.local/lib/python3.6/site-packages/airflow/example_dags/example_subdag_operator.py
[2021-08-08 14:32:31,443] {scheduler_job.py:642} INFO - DAG(s) dict_keys(['example_subdag_operator.section-1', 'example_subdag_operator.section-2', 'example_subdag_operator']) retrieved from /home/airflow/.local/lib/python3.6/site-packages/airflow/example_dags/example_subdag_operator.py
[2021-08-08 14:32:31,453] {logging_mixin.py:104} INFO - [2021-08-08 14:32:31,453] {dag.py:1833} INFO - Sync 3 DAGs
[2021-08-08 14:32:31,467] {logging_mixin.py:104} INFO - [2021-08-08 14:32:31,467] {dag.py:2306} INFO - Setting next_dagrun for example_subdag_operator to 2021-08-06 00:00:00+00:00
[2021-08-08 14:32:31,468] {logging_mixin.py:104} INFO - [2021-08-08 14:32:31,468] {dag.py:2306} INFO - Setting next_dagrun for example_subdag_operator.section-1 to None
[2021-08-08 14:32:31,469] {logging_mixin.py:104} INFO - [2021-08-08 14:32:31,469] {dag.py:2306} INFO - Setting next_dagrun for example_subdag_operator.section-2 to None
[2021-08-08 14:32:31,475] {logging_mixin.py:104} INFO - [2021-08-08 14:32:31,475] {dag.py:1833} INFO - Sync 2 DAGs
[2021-08-08 14:32:31,482] {logging_mixin.py:104} INFO - [2021-08-08 14:32:31,482] {dag.py:2306} INFO - Setting next_dagrun for example_subdag_operator.section-1 to None
[2021-08-08 14:32:31,483] {logging_mixin.py:104} INFO - [2021-08-08 14:32:31,483] {dag.py:2306} INFO - Setting next_dagrun for example_subdag_operator.section-2 to None
[2021-08-08 14:32:31,489] {scheduler_job.py:189} INFO - Processing /home/airflow/.local/lib/python3.6/site-packages/airflow/example_dags/example_subdag_operator.py took 0.077 seconds
[2021-08-08 14:33:01,689] {scheduler_job.py:181} INFO - Started process (PID=648) to work on /home/airflow/.local/lib/python3.6/site-packages/airflow/example_dags/example_subdag_operator.py
[2021-08-08 14:33:01,692] {scheduler_job.py:632} INFO - Processing file /home/airflow/.local/lib/python3.6/site-packages/airflow/example_dags/example_subdag_operator.py for tasks to queue
[2021-08-08 14:33:01,693] {logging_mixin.py:104} INFO - [2021-08-08 14:33:01,693] {dagbag.py:496} INFO - Filling up the DagBag from /home/airflow/.local/lib/python3.6/site-packages/airflow/example_dags/example_subdag_operator.py
[2021-08-08 14:33:01,723] {scheduler_job.py:642} INFO - DAG(s) dict_keys(['example_subdag_operator.section-1', 'example_subdag_operator.section-2', 'example_subdag_operator']) retrieved from /home/airflow/.local/lib/python3.6/site-packages/airflow/example_dags/example_subdag_operator.py
[2021-08-08 14:33:01,734] {logging_mixin.py:104} INFO - [2021-08-08 14:33:01,734] {dag.py:1833} INFO - Sync 3 DAGs
[2021-08-08 14:33:01,748] {logging_mixin.py:104} INFO - [2021-08-08 14:33:01,748] {dag.py:2306} INFO - Setting next_dagrun for example_subdag_operator to 2021-08-06 00:00:00+00:00
[2021-08-08 14:33:01,750] {logging_mixin.py:104} INFO - [2021-08-08 14:33:01,750] {dag.py:2306} INFO - Setting next_dagrun for example_subdag_operator.section-1 to None
[2021-08-08 14:33:01,751] {logging_mixin.py:104} INFO - [2021-08-08 14:33:01,750] {dag.py:2306} INFO - Setting next_dagrun for example_subdag_operator.section-2 to None
[2021-08-08 14:33:01,758] {logging_mixin.py:104} INFO - [2021-08-08 14:33:01,758] {dag.py:1833} INFO - Sync 2 DAGs
[2021-08-08 14:33:01,765] {logging_mixin.py:104} INFO - [2021-08-08 14:33:01,765] {dag.py:2306} INFO - Setting next_dagrun for example_subdag_operator.section-1 to None
[2021-08-08 14:33:01,766] {logging_mixin.py:104} INFO - [2021-08-08 14:33:01,766] {dag.py:2306} INFO - Setting next_dagrun for example_subdag_operator.section-2 to None
[2021-08-08 14:33:01,771] {scheduler_job.py:189} INFO - Processing /home/airflow/.local/lib/python3.6/site-packages/airflow/example_dags/example_subdag_operator.py took 0.086 seconds
[2021-08-08 14:33:32,150] {scheduler_job.py:181} INFO - Started process (PID=709) to work on /home/airflow/.local/lib/python3.6/site-packages/airflow/example_dags/example_subdag_operator.py
[2021-08-08 14:33:32,152] {scheduler_job.py:632} INFO - Processing file /home/airflow/.local/lib/python3.6/site-packages/airflow/example_dags/example_subdag_operator.py for tasks to queue
[2021-08-08 14:33:32,153] {logging_mixin.py:104} INFO - [2021-08-08 14:33:32,153] {dagbag.py:496} INFO - Filling up the DagBag from /home/airflow/.local/lib/python3.6/site-packages/airflow/example_dags/example_subdag_operator.py
[2021-08-08 14:33:32,183] {scheduler_job.py:642} INFO - DAG(s) dict_keys(['example_subdag_operator.section-1', 'example_subdag_operator.section-2', 'example_subdag_operator']) retrieved from /home/airflow/.local/lib/python3.6/site-packages/airflow/example_dags/example_subdag_operator.py
[2021-08-08 14:33:32,193] {logging_mixin.py:104} INFO - [2021-08-08 14:33:32,193] {dag.py:1833} INFO - Sync 3 DAGs
[2021-08-08 14:33:32,207] {logging_mixin.py:104} INFO - [2021-08-08 14:33:32,207] {dag.py:2306} INFO - Setting next_dagrun for example_subdag_operator to 2021-08-06 00:00:00+00:00
[2021-08-08 14:33:32,209] {logging_mixin.py:104} INFO - [2021-08-08 14:33:32,209] {dag.py:2306} INFO - Setting next_dagrun for example_subdag_operator.section-1 to None
[2021-08-08 14:33:32,209] {logging_mixin.py:104} INFO - [2021-08-08 14:33:32,209] {dag.py:2306} INFO - Setting next_dagrun for example_subdag_operator.section-2 to None
[2021-08-08 14:33:32,218] {logging_mixin.py:104} INFO - [2021-08-08 14:33:32,218] {dag.py:1833} INFO - Sync 2 DAGs
[2021-08-08 14:33:32,224] {logging_mixin.py:104} INFO - [2021-08-08 14:33:32,224] {dag.py:2306} INFO - Setting next_dagrun for example_subdag_operator.section-1 to None
[2021-08-08 14:33:32,225] {logging_mixin.py:104} INFO - [2021-08-08 14:33:32,225] {dag.py:2306} INFO - Setting next_dagrun for example_subdag_operator.section-2 to None
[2021-08-08 14:33:32,230] {scheduler_job.py:189} INFO - Processing /home/airflow/.local/lib/python3.6/site-packages/airflow/example_dags/example_subdag_operator.py took 0.083 seconds
[2021-08-08 14:34:02,669] {scheduler_job.py:181} INFO - Started process (PID=769) to work on /home/airflow/.local/lib/python3.6/site-packages/airflow/example_dags/example_subdag_operator.py
[2021-08-08 14:34:02,671] {scheduler_job.py:632} INFO - Processing file /home/airflow/.local/lib/python3.6/site-packages/airflow/example_dags/example_subdag_operator.py for tasks to queue
[2021-08-08 14:34:02,672] {logging_mixin.py:104} INFO - [2021-08-08 14:34:02,671] {dagbag.py:496} INFO - Filling up the DagBag from /home/airflow/.local/lib/python3.6/site-packages/airflow/example_dags/example_subdag_operator.py
[2021-08-08 14:34:02,703] {scheduler_job.py:642} INFO - DAG(s) dict_keys(['example_subdag_operator.section-1', 'example_subdag_operator.section-2', 'example_subdag_operator']) retrieved from /home/airflow/.local/lib/python3.6/site-packages/airflow/example_dags/example_subdag_operator.py
[2021-08-08 14:34:02,713] {logging_mixin.py:104} INFO - [2021-08-08 14:34:02,713] {dag.py:1833} INFO - Sync 3 DAGs
[2021-08-08 14:34:02,727] {logging_mixin.py:104} INFO - [2021-08-08 14:34:02,727] {dag.py:2306} INFO - Setting next_dagrun for example_subdag_operator to 2021-08-06 00:00:00+00:00
[2021-08-08 14:34:02,728] {logging_mixin.py:104} INFO - [2021-08-08 14:34:02,728] {dag.py:2306} INFO - Setting next_dagrun for example_subdag_operator.section-1 to None
[2021-08-08 14:34:02,729] {logging_mixin.py:104} INFO - [2021-08-08 14:34:02,729] {dag.py:2306} INFO - Setting next_dagrun for example_subdag_operator.section-2 to None
[2021-08-08 14:34:02,737] {logging_mixin.py:104} INFO - [2021-08-08 14:34:02,737] {dag.py:1833} INFO - Sync 2 DAGs
[2021-08-08 14:34:02,743] {logging_mixin.py:104} INFO - [2021-08-08 14:34:02,743] {dag.py:2306} INFO - Setting next_dagrun for example_subdag_operator.section-1 to None
[2021-08-08 14:34:02,744] {logging_mixin.py:104} INFO - [2021-08-08 14:34:02,744] {dag.py:2306} INFO - Setting next_dagrun for example_subdag_operator.section-2 to None
[2021-08-08 14:34:02,749] {scheduler_job.py:189} INFO - Processing /home/airflow/.local/lib/python3.6/site-packages/airflow/example_dags/example_subdag_operator.py took 0.084 seconds
[2021-08-08 14:34:33,025] {scheduler_job.py:181} INFO - Started process (PID=822) to work on /home/airflow/.local/lib/python3.6/site-packages/airflow/example_dags/example_subdag_operator.py
[2021-08-08 14:34:33,026] {scheduler_job.py:632} INFO - Processing file /home/airflow/.local/lib/python3.6/site-packages/airflow/example_dags/example_subdag_operator.py for tasks to queue
[2021-08-08 14:34:33,028] {logging_mixin.py:104} INFO - [2021-08-08 14:34:33,027] {dagbag.py:496} INFO - Filling up the DagBag from /home/airflow/.local/lib/python3.6/site-packages/airflow/example_dags/example_subdag_operator.py
[2021-08-08 14:34:33,057] {scheduler_job.py:642} INFO - DAG(s) dict_keys(['example_subdag_operator.section-1', 'example_subdag_operator.section-2', 'example_subdag_operator']) retrieved from /home/airflow/.local/lib/python3.6/site-packages/airflow/example_dags/example_subdag_operator.py
[2021-08-08 14:34:33,068] {logging_mixin.py:104} INFO - [2021-08-08 14:34:33,068] {dag.py:1833} INFO - Sync 3 DAGs
[2021-08-08 14:34:33,086] {logging_mixin.py:104} INFO - [2021-08-08 14:34:33,086] {dag.py:2306} INFO - Setting next_dagrun for example_subdag_operator to 2021-08-06 00:00:00+00:00
[2021-08-08 14:34:33,087] {logging_mixin.py:104} INFO - [2021-08-08 14:34:33,087] {dag.py:2306} INFO - Setting next_dagrun for example_subdag_operator.section-1 to None
[2021-08-08 14:34:33,088] {logging_mixin.py:104} INFO - [2021-08-08 14:34:33,088] {dag.py:2306} INFO - Setting next_dagrun for example_subdag_operator.section-2 to None
[2021-08-08 14:34:33,094] {logging_mixin.py:104} INFO - [2021-08-08 14:34:33,094] {dag.py:1833} INFO - Sync 2 DAGs
[2021-08-08 14:34:33,100] {logging_mixin.py:104} INFO - [2021-08-08 14:34:33,100] {dag.py:2306} INFO - Setting next_dagrun for example_subdag_operator.section-1 to None
[2021-08-08 14:34:33,101] {logging_mixin.py:104} INFO - [2021-08-08 14:34:33,101] {dag.py:2306} INFO - Setting next_dagrun for example_subdag_operator.section-2 to None
[2021-08-08 14:34:33,107] {scheduler_job.py:189} INFO - Processing /home/airflow/.local/lib/python3.6/site-packages/airflow/example_dags/example_subdag_operator.py took 0.086 seconds
[2021-08-08 14:35:03,410] {scheduler_job.py:181} INFO - Started process (PID=883) to work on /home/airflow/.local/lib/python3.6/site-packages/airflow/example_dags/example_subdag_operator.py
[2021-08-08 14:35:03,411] {scheduler_job.py:632} INFO - Processing file /home/airflow/.local/lib/python3.6/site-packages/airflow/example_dags/example_subdag_operator.py for tasks to queue
[2021-08-08 14:35:03,412] {logging_mixin.py:104} INFO - [2021-08-08 14:35:03,412] {dagbag.py:496} INFO - Filling up the DagBag from /home/airflow/.local/lib/python3.6/site-packages/airflow/example_dags/example_subdag_operator.py
[2021-08-08 14:35:03,443] {scheduler_job.py:642} INFO - DAG(s) dict_keys(['example_subdag_operator.section-1', 'example_subdag_operator.section-2', 'example_subdag_operator']) retrieved from /home/airflow/.local/lib/python3.6/site-packages/airflow/example_dags/example_subdag_operator.py
[2021-08-08 14:35:03,453] {logging_mixin.py:104} INFO - [2021-08-08 14:35:03,452] {dag.py:1833} INFO - Sync 3 DAGs
[2021-08-08 14:35:03,470] {logging_mixin.py:104} INFO - [2021-08-08 14:35:03,470] {dag.py:2306} INFO - Setting next_dagrun for example_subdag_operator to 2021-08-06 00:00:00+00:00
[2021-08-08 14:35:03,472] {logging_mixin.py:104} INFO - [2021-08-08 14:35:03,472] {dag.py:2306} INFO - Setting next_dagrun for example_subdag_operator.section-1 to None
[2021-08-08 14:35:03,473] {logging_mixin.py:104} INFO - [2021-08-08 14:35:03,473] {dag.py:2306} INFO - Setting next_dagrun for example_subdag_operator.section-2 to None
[2021-08-08 14:35:03,481] {logging_mixin.py:104} INFO - [2021-08-08 14:35:03,481] {dag.py:1833} INFO - Sync 2 DAGs
[2021-08-08 14:35:03,488] {logging_mixin.py:104} INFO - [2021-08-08 14:35:03,487] {dag.py:2306} INFO - Setting next_dagrun for example_subdag_operator.section-1 to None
[2021-08-08 14:35:03,488] {logging_mixin.py:104} INFO - [2021-08-08 14:35:03,488] {dag.py:2306} INFO - Setting next_dagrun for example_subdag_operator.section-2 to None
[2021-08-08 14:35:03,495] {scheduler_job.py:189} INFO - Processing /home/airflow/.local/lib/python3.6/site-packages/airflow/example_dags/example_subdag_operator.py took 0.089 seconds
[2021-08-08 14:35:33,825] {scheduler_job.py:181} INFO - Started process (PID=944) to work on /home/airflow/.local/lib/python3.6/site-packages/airflow/example_dags/example_subdag_operator.py
[2021-08-08 14:35:33,826] {scheduler_job.py:632} INFO - Processing file /home/airflow/.local/lib/python3.6/site-packages/airflow/example_dags/example_subdag_operator.py for tasks to queue
[2021-08-08 14:35:33,827] {logging_mixin.py:104} INFO - [2021-08-08 14:35:33,827] {dagbag.py:496} INFO - Filling up the DagBag from /home/airflow/.local/lib/python3.6/site-packages/airflow/example_dags/example_subdag_operator.py
[2021-08-08 14:35:33,861] {scheduler_job.py:642} INFO - DAG(s) dict_keys(['example_subdag_operator.section-1', 'example_subdag_operator.section-2', 'example_subdag_operator']) retrieved from /home/airflow/.local/lib/python3.6/site-packages/airflow/example_dags/example_subdag_operator.py
[2021-08-08 14:35:33,873] {logging_mixin.py:104} INFO - [2021-08-08 14:35:33,873] {dag.py:1833} INFO - Sync 3 DAGs
[2021-08-08 14:35:33,897] {logging_mixin.py:104} INFO - [2021-08-08 14:35:33,896] {dag.py:2306} INFO - Setting next_dagrun for example_subdag_operator to 2021-08-06 00:00:00+00:00
[2021-08-08 14:35:33,898] {logging_mixin.py:104} INFO - [2021-08-08 14:35:33,898] {dag.py:2306} INFO - Setting next_dagrun for example_subdag_operator.section-1 to None
[2021-08-08 14:35:33,899] {logging_mixin.py:104} INFO - [2021-08-08 14:35:33,899] {dag.py:2306} INFO - Setting next_dagrun for example_subdag_operator.section-2 to None
[2021-08-08 14:35:33,908] {logging_mixin.py:104} INFO - [2021-08-08 14:35:33,908] {dag.py:1833} INFO - Sync 2 DAGs
[2021-08-08 14:35:33,916] {logging_mixin.py:104} INFO - [2021-08-08 14:35:33,916] {dag.py:2306} INFO - Setting next_dagrun for example_subdag_operator.section-1 to None
[2021-08-08 14:35:33,917] {logging_mixin.py:104} INFO - [2021-08-08 14:35:33,917] {dag.py:2306} INFO - Setting next_dagrun for example_subdag_operator.section-2 to None
[2021-08-08 14:35:33,924] {scheduler_job.py:189} INFO - Processing /home/airflow/.local/lib/python3.6/site-packages/airflow/example_dags/example_subdag_operator.py took 0.102 seconds
[2021-08-08 14:36:04,019] {scheduler_job.py:181} INFO - Started process (PID=994) to work on /home/airflow/.local/lib/python3.6/site-packages/airflow/example_dags/example_subdag_operator.py
[2021-08-08 14:36:04,021] {scheduler_job.py:632} INFO - Processing file /home/airflow/.local/lib/python3.6/site-packages/airflow/example_dags/example_subdag_operator.py for tasks to queue
[2021-08-08 14:36:04,022] {logging_mixin.py:104} INFO - [2021-08-08 14:36:04,022] {dagbag.py:496} INFO - Filling up the DagBag from /home/airflow/.local/lib/python3.6/site-packages/airflow/example_dags/example_subdag_operator.py
[2021-08-08 14:36:04,052] {scheduler_job.py:642} INFO - DAG(s) dict_keys(['example_subdag_operator.section-1', 'example_subdag_operator.section-2', 'example_subdag_operator']) retrieved from /home/airflow/.local/lib/python3.6/site-packages/airflow/example_dags/example_subdag_operator.py
[2021-08-08 14:36:04,064] {logging_mixin.py:104} INFO - [2021-08-08 14:36:04,064] {dag.py:1833} INFO - Sync 3 DAGs
[2021-08-08 14:36:04,079] {logging_mixin.py:104} INFO - [2021-08-08 14:36:04,079] {dag.py:2306} INFO - Setting next_dagrun for example_subdag_operator to 2021-08-06 00:00:00+00:00
[2021-08-08 14:36:04,080] {logging_mixin.py:104} INFO - [2021-08-08 14:36:04,080] {dag.py:2306} INFO - Setting next_dagrun for example_subdag_operator.section-1 to None
[2021-08-08 14:36:04,081] {logging_mixin.py:104} INFO - [2021-08-08 14:36:04,081] {dag.py:2306} INFO - Setting next_dagrun for example_subdag_operator.section-2 to None
[2021-08-08 14:36:04,087] {logging_mixin.py:104} INFO - [2021-08-08 14:36:04,087] {dag.py:1833} INFO - Sync 2 DAGs
[2021-08-08 14:36:04,093] {logging_mixin.py:104} INFO - [2021-08-08 14:36:04,093] {dag.py:2306} INFO - Setting next_dagrun for example_subdag_operator.section-1 to None
[2021-08-08 14:36:04,093] {logging_mixin.py:104} INFO - [2021-08-08 14:36:04,093] {dag.py:2306} INFO - Setting next_dagrun for example_subdag_operator.section-2 to None
[2021-08-08 14:36:04,098] {scheduler_job.py:189} INFO - Processing /home/airflow/.local/lib/python3.6/site-packages/airflow/example_dags/example_subdag_operator.py took 0.082 seconds
[2021-08-08 14:36:34,367] {scheduler_job.py:181} INFO - Started process (PID=1056) to work on /home/airflow/.local/lib/python3.6/site-packages/airflow/example_dags/example_subdag_operator.py
[2021-08-08 14:36:34,369] {scheduler_job.py:632} INFO - Processing file /home/airflow/.local/lib/python3.6/site-packages/airflow/example_dags/example_subdag_operator.py for tasks to queue
[2021-08-08 14:36:34,370] {logging_mixin.py:104} INFO - [2021-08-08 14:36:34,370] {dagbag.py:496} INFO - Filling up the DagBag from /home/airflow/.local/lib/python3.6/site-packages/airflow/example_dags/example_subdag_operator.py
[2021-08-08 14:36:34,398] {scheduler_job.py:642} INFO - DAG(s) dict_keys(['example_subdag_operator.section-1', 'example_subdag_operator.section-2', 'example_subdag_operator']) retrieved from /home/airflow/.local/lib/python3.6/site-packages/airflow/example_dags/example_subdag_operator.py
[2021-08-08 14:36:34,410] {logging_mixin.py:104} INFO - [2021-08-08 14:36:34,410] {dag.py:1833} INFO - Sync 3 DAGs
[2021-08-08 14:36:34,423] {logging_mixin.py:104} INFO - [2021-08-08 14:36:34,423] {dag.py:2306} INFO - Setting next_dagrun for example_subdag_operator to 2021-08-06 00:00:00+00:00
[2021-08-08 14:36:34,425] {logging_mixin.py:104} INFO - [2021-08-08 14:36:34,424] {dag.py:2306} INFO - Setting next_dagrun for example_subdag_operator.section-1 to None
[2021-08-08 14:36:34,425] {logging_mixin.py:104} INFO - [2021-08-08 14:36:34,425] {dag.py:2306} INFO - Setting next_dagrun for example_subdag_operator.section-2 to None
[2021-08-08 14:36:34,431] {logging_mixin.py:104} INFO - [2021-08-08 14:36:34,431] {dag.py:1833} INFO - Sync 2 DAGs
[2021-08-08 14:36:34,436] {logging_mixin.py:104} INFO - [2021-08-08 14:36:34,436] {dag.py:2306} INFO - Setting next_dagrun for example_subdag_operator.section-1 to None
[2021-08-08 14:36:34,437] {logging_mixin.py:104} INFO - [2021-08-08 14:36:34,437] {dag.py:2306} INFO - Setting next_dagrun for example_subdag_operator.section-2 to None
[2021-08-08 14:36:34,442] {scheduler_job.py:189} INFO - Processing /home/airflow/.local/lib/python3.6/site-packages/airflow/example_dags/example_subdag_operator.py took 0.078 seconds
[2021-08-08 14:37:04,801] {scheduler_job.py:181} INFO - Started process (PID=1117) to work on /home/airflow/.local/lib/python3.6/site-packages/airflow/example_dags/example_subdag_operator.py
[2021-08-08 14:37:04,803] {scheduler_job.py:632} INFO - Processing file /home/airflow/.local/lib/python3.6/site-packages/airflow/example_dags/example_subdag_operator.py for tasks to queue
[2021-08-08 14:37:04,804] {logging_mixin.py:104} INFO - [2021-08-08 14:37:04,803] {dagbag.py:496} INFO - Filling up the DagBag from /home/airflow/.local/lib/python3.6/site-packages/airflow/example_dags/example_subdag_operator.py
[2021-08-08 14:37:04,831] {scheduler_job.py:642} INFO - DAG(s) dict_keys(['example_subdag_operator.section-1', 'example_subdag_operator.section-2', 'example_subdag_operator']) retrieved from /home/airflow/.local/lib/python3.6/site-packages/airflow/example_dags/example_subdag_operator.py
[2021-08-08 14:37:04,843] {logging_mixin.py:104} INFO - [2021-08-08 14:37:04,842] {dag.py:1833} INFO - Sync 3 DAGs
[2021-08-08 14:37:04,855] {logging_mixin.py:104} INFO - [2021-08-08 14:37:04,855] {dag.py:2306} INFO - Setting next_dagrun for example_subdag_operator to 2021-08-06 00:00:00+00:00
[2021-08-08 14:37:04,857] {logging_mixin.py:104} INFO - [2021-08-08 14:37:04,857] {dag.py:2306} INFO - Setting next_dagrun for example_subdag_operator.section-1 to None
[2021-08-08 14:37:04,857] {logging_mixin.py:104} INFO - [2021-08-08 14:37:04,857] {dag.py:2306} INFO - Setting next_dagrun for example_subdag_operator.section-2 to None
[2021-08-08 14:37:04,863] {logging_mixin.py:104} INFO - [2021-08-08 14:37:04,863] {dag.py:1833} INFO - Sync 2 DAGs
[2021-08-08 14:37:04,869] {logging_mixin.py:104} INFO - [2021-08-08 14:37:04,869] {dag.py:2306} INFO - Setting next_dagrun for example_subdag_operator.section-1 to None
[2021-08-08 14:37:04,870] {logging_mixin.py:104} INFO - [2021-08-08 14:37:04,870] {dag.py:2306} INFO - Setting next_dagrun for example_subdag_operator.section-2 to None
[2021-08-08 14:37:04,876] {scheduler_job.py:189} INFO - Processing /home/airflow/.local/lib/python3.6/site-packages/airflow/example_dags/example_subdag_operator.py took 0.078 seconds
[2021-08-08 14:37:35,206] {scheduler_job.py:181} INFO - Started process (PID=1168) to work on /home/airflow/.local/lib/python3.6/site-packages/airflow/example_dags/example_subdag_operator.py
[2021-08-08 14:37:35,208] {scheduler_job.py:632} INFO - Processing file /home/airflow/.local/lib/python3.6/site-packages/airflow/example_dags/example_subdag_operator.py for tasks to queue
[2021-08-08 14:37:35,210] {logging_mixin.py:104} INFO - [2021-08-08 14:37:35,210] {dagbag.py:496} INFO - Filling up the DagBag from /home/airflow/.local/lib/python3.6/site-packages/airflow/example_dags/example_subdag_operator.py
[2021-08-08 14:37:35,242] {scheduler_job.py:642} INFO - DAG(s) dict_keys(['example_subdag_operator.section-1', 'example_subdag_operator.section-2', 'example_subdag_operator']) retrieved from /home/airflow/.local/lib/python3.6/site-packages/airflow/example_dags/example_subdag_operator.py
[2021-08-08 14:37:35,253] {logging_mixin.py:104} INFO - [2021-08-08 14:37:35,253] {dag.py:1833} INFO - Sync 3 DAGs
[2021-08-08 14:37:35,267] {logging_mixin.py:104} INFO - [2021-08-08 14:37:35,266] {dag.py:2306} INFO - Setting next_dagrun for example_subdag_operator to 2021-08-06 00:00:00+00:00
[2021-08-08 14:37:35,268] {logging_mixin.py:104} INFO - [2021-08-08 14:37:35,268] {dag.py:2306} INFO - Setting next_dagrun for example_subdag_operator.section-1 to None
[2021-08-08 14:37:35,268] {logging_mixin.py:104} INFO - [2021-08-08 14:37:35,268] {dag.py:2306} INFO - Setting next_dagrun for example_subdag_operator.section-2 to None
[2021-08-08 14:37:35,275] {logging_mixin.py:104} INFO - [2021-08-08 14:37:35,275] {dag.py:1833} INFO - Sync 2 DAGs
[2021-08-08 14:37:35,280] {logging_mixin.py:104} INFO - [2021-08-08 14:37:35,280] {dag.py:2306} INFO - Setting next_dagrun for example_subdag_operator.section-1 to None
[2021-08-08 14:37:35,280] {logging_mixin.py:104} INFO - [2021-08-08 14:37:35,280] {dag.py:2306} INFO - Setting next_dagrun for example_subdag_operator.section-2 to None
[2021-08-08 14:37:35,285] {scheduler_job.py:189} INFO - Processing /home/airflow/.local/lib/python3.6/site-packages/airflow/example_dags/example_subdag_operator.py took 0.082 seconds
[2021-08-08 14:38:05,605] {scheduler_job.py:181} INFO - Started process (PID=1229) to work on /home/airflow/.local/lib/python3.6/site-packages/airflow/example_dags/example_subdag_operator.py
[2021-08-08 14:38:05,606] {scheduler_job.py:632} INFO - Processing file /home/airflow/.local/lib/python3.6/site-packages/airflow/example_dags/example_subdag_operator.py for tasks to queue
[2021-08-08 14:38:05,607] {logging_mixin.py:104} INFO - [2021-08-08 14:38:05,607] {dagbag.py:496} INFO - Filling up the DagBag from /home/airflow/.local/lib/python3.6/site-packages/airflow/example_dags/example_subdag_operator.py
[2021-08-08 14:38:05,638] {scheduler_job.py:642} INFO - DAG(s) dict_keys(['example_subdag_operator.section-1', 'example_subdag_operator.section-2', 'example_subdag_operator']) retrieved from /home/airflow/.local/lib/python3.6/site-packages/airflow/example_dags/example_subdag_operator.py
[2021-08-08 14:38:05,647] {logging_mixin.py:104} INFO - [2021-08-08 14:38:05,647] {dag.py:1833} INFO - Sync 3 DAGs
[2021-08-08 14:38:05,660] {logging_mixin.py:104} INFO - [2021-08-08 14:38:05,660] {dag.py:2306} INFO - Setting next_dagrun for example_subdag_operator to 2021-08-06 00:00:00+00:00
[2021-08-08 14:38:05,662] {logging_mixin.py:104} INFO - [2021-08-08 14:38:05,662] {dag.py:2306} INFO - Setting next_dagrun for example_subdag_operator.section-1 to None
[2021-08-08 14:38:05,663] {logging_mixin.py:104} INFO - [2021-08-08 14:38:05,662] {dag.py:2306} INFO - Setting next_dagrun for example_subdag_operator.section-2 to None
[2021-08-08 14:38:05,669] {logging_mixin.py:104} INFO - [2021-08-08 14:38:05,669] {dag.py:1833} INFO - Sync 2 DAGs
[2021-08-08 14:38:05,674] {logging_mixin.py:104} INFO - [2021-08-08 14:38:05,674] {dag.py:2306} INFO - Setting next_dagrun for example_subdag_operator.section-1 to None
[2021-08-08 14:38:05,675] {logging_mixin.py:104} INFO - [2021-08-08 14:38:05,675] {dag.py:2306} INFO - Setting next_dagrun for example_subdag_operator.section-2 to None
[2021-08-08 14:38:05,679] {scheduler_job.py:189} INFO - Processing /home/airflow/.local/lib/python3.6/site-packages/airflow/example_dags/example_subdag_operator.py took 0.078 seconds
[2021-08-08 14:38:35,897] {scheduler_job.py:181} INFO - Started process (PID=1291) to work on /home/airflow/.local/lib/python3.6/site-packages/airflow/example_dags/example_subdag_operator.py
[2021-08-08 14:38:35,898] {scheduler_job.py:632} INFO - Processing file /home/airflow/.local/lib/python3.6/site-packages/airflow/example_dags/example_subdag_operator.py for tasks to queue
[2021-08-08 14:38:35,899] {logging_mixin.py:104} INFO - [2021-08-08 14:38:35,899] {dagbag.py:496} INFO - Filling up the DagBag from /home/airflow/.local/lib/python3.6/site-packages/airflow/example_dags/example_subdag_operator.py
[2021-08-08 14:38:35,930] {scheduler_job.py:642} INFO - DAG(s) dict_keys(['example_subdag_operator.section-1', 'example_subdag_operator.section-2', 'example_subdag_operator']) retrieved from /home/airflow/.local/lib/python3.6/site-packages/airflow/example_dags/example_subdag_operator.py
[2021-08-08 14:38:35,940] {logging_mixin.py:104} INFO - [2021-08-08 14:38:35,940] {dag.py:1833} INFO - Sync 3 DAGs
[2021-08-08 14:38:35,953] {logging_mixin.py:104} INFO - [2021-08-08 14:38:35,953] {dag.py:2306} INFO - Setting next_dagrun for example_subdag_operator to 2021-08-06 00:00:00+00:00
[2021-08-08 14:38:35,954] {logging_mixin.py:104} INFO - [2021-08-08 14:38:35,954] {dag.py:2306} INFO - Setting next_dagrun for example_subdag_operator.section-1 to None
[2021-08-08 14:38:35,955] {logging_mixin.py:104} INFO - [2021-08-08 14:38:35,955] {dag.py:2306} INFO - Setting next_dagrun for example_subdag_operator.section-2 to None
[2021-08-08 14:38:35,962] {logging_mixin.py:104} INFO - [2021-08-08 14:38:35,962] {dag.py:1833} INFO - Sync 2 DAGs
[2021-08-08 14:38:35,968] {logging_mixin.py:104} INFO - [2021-08-08 14:38:35,968] {dag.py:2306} INFO - Setting next_dagrun for example_subdag_operator.section-1 to None
[2021-08-08 14:38:35,970] {logging_mixin.py:104} INFO - [2021-08-08 14:38:35,970] {dag.py:2306} INFO - Setting next_dagrun for example_subdag_operator.section-2 to None
[2021-08-08 14:38:35,975] {scheduler_job.py:189} INFO - Processing /home/airflow/.local/lib/python3.6/site-packages/airflow/example_dags/example_subdag_operator.py took 0.082 seconds
[2021-08-08 14:39:06,237] {scheduler_job.py:181} INFO - Started process (PID=1343) to work on /home/airflow/.local/lib/python3.6/site-packages/airflow/example_dags/example_subdag_operator.py
[2021-08-08 14:39:06,240] {scheduler_job.py:632} INFO - Processing file /home/airflow/.local/lib/python3.6/site-packages/airflow/example_dags/example_subdag_operator.py for tasks to queue
[2021-08-08 14:39:06,242] {logging_mixin.py:104} INFO - [2021-08-08 14:39:06,242] {dagbag.py:496} INFO - Filling up the DagBag from /home/airflow/.local/lib/python3.6/site-packages/airflow/example_dags/example_subdag_operator.py
[2021-08-08 14:39:06,315] {scheduler_job.py:642} INFO - DAG(s) dict_keys(['example_subdag_operator.section-1', 'example_subdag_operator.section-2', 'example_subdag_operator']) retrieved from /home/airflow/.local/lib/python3.6/site-packages/airflow/example_dags/example_subdag_operator.py
[2021-08-08 14:39:06,332] {logging_mixin.py:104} INFO - [2021-08-08 14:39:06,331] {dag.py:1833} INFO - Sync 3 DAGs
[2021-08-08 14:39:06,353] {logging_mixin.py:104} INFO - [2021-08-08 14:39:06,353] {dag.py:2306} INFO - Setting next_dagrun for example_subdag_operator to 2021-08-06 00:00:00+00:00
[2021-08-08 14:39:06,355] {logging_mixin.py:104} INFO - [2021-08-08 14:39:06,355] {dag.py:2306} INFO - Setting next_dagrun for example_subdag_operator.section-1 to None
[2021-08-08 14:39:06,356] {logging_mixin.py:104} INFO - [2021-08-08 14:39:06,356] {dag.py:2306} INFO - Setting next_dagrun for example_subdag_operator.section-2 to None
[2021-08-08 14:39:06,365] {logging_mixin.py:104} INFO - [2021-08-08 14:39:06,365] {dag.py:1833} INFO - Sync 2 DAGs
[2021-08-08 14:39:06,381] {logging_mixin.py:104} INFO - [2021-08-08 14:39:06,381] {dag.py:2306} INFO - Setting next_dagrun for example_subdag_operator.section-1 to None
[2021-08-08 14:39:06,383] {logging_mixin.py:104} INFO - [2021-08-08 14:39:06,383] {dag.py:2306} INFO - Setting next_dagrun for example_subdag_operator.section-2 to None
[2021-08-08 14:39:06,393] {scheduler_job.py:189} INFO - Processing /home/airflow/.local/lib/python3.6/site-packages/airflow/example_dags/example_subdag_operator.py took 0.160 seconds
[2021-08-08 14:39:37,141] {scheduler_job.py:181} INFO - Started process (PID=1423) to work on /home/airflow/.local/lib/python3.6/site-packages/airflow/example_dags/example_subdag_operator.py
[2021-08-08 14:39:37,143] {scheduler_job.py:632} INFO - Processing file /home/airflow/.local/lib/python3.6/site-packages/airflow/example_dags/example_subdag_operator.py for tasks to queue
[2021-08-08 14:39:37,144] {logging_mixin.py:104} INFO - [2021-08-08 14:39:37,144] {dagbag.py:496} INFO - Filling up the DagBag from /home/airflow/.local/lib/python3.6/site-packages/airflow/example_dags/example_subdag_operator.py
[2021-08-08 14:39:37,189] {scheduler_job.py:642} INFO - DAG(s) dict_keys(['example_subdag_operator.section-1', 'example_subdag_operator.section-2', 'example_subdag_operator']) retrieved from /home/airflow/.local/lib/python3.6/site-packages/airflow/example_dags/example_subdag_operator.py
[2021-08-08 14:39:37,205] {logging_mixin.py:104} INFO - [2021-08-08 14:39:37,205] {dag.py:1833} INFO - Sync 3 DAGs
[2021-08-08 14:39:37,224] {logging_mixin.py:104} INFO - [2021-08-08 14:39:37,224] {dag.py:2306} INFO - Setting next_dagrun for example_subdag_operator to 2021-08-06 00:00:00+00:00
[2021-08-08 14:39:37,226] {logging_mixin.py:104} INFO - [2021-08-08 14:39:37,225] {dag.py:2306} INFO - Setting next_dagrun for example_subdag_operator.section-1 to None
[2021-08-08 14:39:37,226] {logging_mixin.py:104} INFO - [2021-08-08 14:39:37,226] {dag.py:2306} INFO - Setting next_dagrun for example_subdag_operator.section-2 to None
[2021-08-08 14:39:37,237] {logging_mixin.py:104} INFO - [2021-08-08 14:39:37,237] {dag.py:1833} INFO - Sync 2 DAGs
[2021-08-08 14:39:37,249] {logging_mixin.py:104} INFO - [2021-08-08 14:39:37,249] {dag.py:2306} INFO - Setting next_dagrun for example_subdag_operator.section-1 to None
[2021-08-08 14:39:37,250] {logging_mixin.py:104} INFO - [2021-08-08 14:39:37,250] {dag.py:2306} INFO - Setting next_dagrun for example_subdag_operator.section-2 to None
[2021-08-08 14:39:37,257] {scheduler_job.py:189} INFO - Processing /home/airflow/.local/lib/python3.6/site-packages/airflow/example_dags/example_subdag_operator.py took 0.121 seconds
[2021-08-08 14:40:07,739] {scheduler_job.py:181} INFO - Started process (PID=1484) to work on /home/airflow/.local/lib/python3.6/site-packages/airflow/example_dags/example_subdag_operator.py
[2021-08-08 14:40:07,741] {scheduler_job.py:632} INFO - Processing file /home/airflow/.local/lib/python3.6/site-packages/airflow/example_dags/example_subdag_operator.py for tasks to queue
[2021-08-08 14:40:07,742] {logging_mixin.py:104} INFO - [2021-08-08 14:40:07,742] {dagbag.py:496} INFO - Filling up the DagBag from /home/airflow/.local/lib/python3.6/site-packages/airflow/example_dags/example_subdag_operator.py
[2021-08-08 14:40:07,773] {scheduler_job.py:642} INFO - DAG(s) dict_keys(['example_subdag_operator.section-1', 'example_subdag_operator.section-2', 'example_subdag_operator']) retrieved from /home/airflow/.local/lib/python3.6/site-packages/airflow/example_dags/example_subdag_operator.py
[2021-08-08 14:40:07,783] {logging_mixin.py:104} INFO - [2021-08-08 14:40:07,783] {dag.py:1833} INFO - Sync 3 DAGs
[2021-08-08 14:40:07,796] {logging_mixin.py:104} INFO - [2021-08-08 14:40:07,796] {dag.py:2306} INFO - Setting next_dagrun for example_subdag_operator to 2021-08-06 00:00:00+00:00
[2021-08-08 14:40:07,797] {logging_mixin.py:104} INFO - [2021-08-08 14:40:07,797] {dag.py:2306} INFO - Setting next_dagrun for example_subdag_operator.section-1 to None
[2021-08-08 14:40:07,798] {logging_mixin.py:104} INFO - [2021-08-08 14:40:07,798] {dag.py:2306} INFO - Setting next_dagrun for example_subdag_operator.section-2 to None
[2021-08-08 14:40:07,804] {logging_mixin.py:104} INFO - [2021-08-08 14:40:07,804] {dag.py:1833} INFO - Sync 2 DAGs
[2021-08-08 14:40:07,810] {logging_mixin.py:104} INFO - [2021-08-08 14:40:07,810] {dag.py:2306} INFO - Setting next_dagrun for example_subdag_operator.section-1 to None
[2021-08-08 14:40:07,811] {logging_mixin.py:104} INFO - [2021-08-08 14:40:07,810] {dag.py:2306} INFO - Setting next_dagrun for example_subdag_operator.section-2 to None
[2021-08-08 14:40:07,816] {scheduler_job.py:189} INFO - Processing /home/airflow/.local/lib/python3.6/site-packages/airflow/example_dags/example_subdag_operator.py took 0.081 seconds
[2021-08-08 14:40:37,903] {scheduler_job.py:181} INFO - Started process (PID=1535) to work on /home/airflow/.local/lib/python3.6/site-packages/airflow/example_dags/example_subdag_operator.py
[2021-08-08 14:40:37,905] {scheduler_job.py:632} INFO - Processing file /home/airflow/.local/lib/python3.6/site-packages/airflow/example_dags/example_subdag_operator.py for tasks to queue
[2021-08-08 14:40:37,906] {logging_mixin.py:104} INFO - [2021-08-08 14:40:37,906] {dagbag.py:496} INFO - Filling up the DagBag from /home/airflow/.local/lib/python3.6/site-packages/airflow/example_dags/example_subdag_operator.py
[2021-08-08 14:40:37,938] {scheduler_job.py:642} INFO - DAG(s) dict_keys(['example_subdag_operator.section-1', 'example_subdag_operator.section-2', 'example_subdag_operator']) retrieved from /home/airflow/.local/lib/python3.6/site-packages/airflow/example_dags/example_subdag_operator.py
[2021-08-08 14:40:37,947] {logging_mixin.py:104} INFO - [2021-08-08 14:40:37,947] {dag.py:1833} INFO - Sync 3 DAGs
[2021-08-08 14:40:37,960] {logging_mixin.py:104} INFO - [2021-08-08 14:40:37,960] {dag.py:2306} INFO - Setting next_dagrun for example_subdag_operator to 2021-08-06 00:00:00+00:00
[2021-08-08 14:40:37,962] {logging_mixin.py:104} INFO - [2021-08-08 14:40:37,962] {dag.py:2306} INFO - Setting next_dagrun for example_subdag_operator.section-1 to None
[2021-08-08 14:40:37,962] {logging_mixin.py:104} INFO - [2021-08-08 14:40:37,962] {dag.py:2306} INFO - Setting next_dagrun for example_subdag_operator.section-2 to None
[2021-08-08 14:40:37,968] {logging_mixin.py:104} INFO - [2021-08-08 14:40:37,968] {dag.py:1833} INFO - Sync 2 DAGs
[2021-08-08 14:40:37,974] {logging_mixin.py:104} INFO - [2021-08-08 14:40:37,974] {dag.py:2306} INFO - Setting next_dagrun for example_subdag_operator.section-1 to None
[2021-08-08 14:40:37,974] {logging_mixin.py:104} INFO - [2021-08-08 14:40:37,974] {dag.py:2306} INFO - Setting next_dagrun for example_subdag_operator.section-2 to None
[2021-08-08 14:40:37,979] {scheduler_job.py:189} INFO - Processing /home/airflow/.local/lib/python3.6/site-packages/airflow/example_dags/example_subdag_operator.py took 0.079 seconds
[2021-08-08 14:41:08,373] {scheduler_job.py:181} INFO - Started process (PID=1597) to work on /home/airflow/.local/lib/python3.6/site-packages/airflow/example_dags/example_subdag_operator.py
[2021-08-08 14:41:08,375] {scheduler_job.py:632} INFO - Processing file /home/airflow/.local/lib/python3.6/site-packages/airflow/example_dags/example_subdag_operator.py for tasks to queue
[2021-08-08 14:41:08,377] {logging_mixin.py:104} INFO - [2021-08-08 14:41:08,376] {dagbag.py:496} INFO - Filling up the DagBag from /home/airflow/.local/lib/python3.6/site-packages/airflow/example_dags/example_subdag_operator.py
[2021-08-08 14:41:08,408] {scheduler_job.py:642} INFO - DAG(s) dict_keys(['example_subdag_operator.section-1', 'example_subdag_operator.section-2', 'example_subdag_operator']) retrieved from /home/airflow/.local/lib/python3.6/site-packages/airflow/example_dags/example_subdag_operator.py
[2021-08-08 14:41:08,419] {logging_mixin.py:104} INFO - [2021-08-08 14:41:08,419] {dag.py:1833} INFO - Sync 3 DAGs
[2021-08-08 14:41:08,432] {logging_mixin.py:104} INFO - [2021-08-08 14:41:08,432] {dag.py:2306} INFO - Setting next_dagrun for example_subdag_operator to 2021-08-06 00:00:00+00:00
[2021-08-08 14:41:08,434] {logging_mixin.py:104} INFO - [2021-08-08 14:41:08,434] {dag.py:2306} INFO - Setting next_dagrun for example_subdag_operator.section-1 to None
[2021-08-08 14:41:08,434] {logging_mixin.py:104} INFO - [2021-08-08 14:41:08,434] {dag.py:2306} INFO - Setting next_dagrun for example_subdag_operator.section-2 to None
[2021-08-08 14:41:08,441] {logging_mixin.py:104} INFO - [2021-08-08 14:41:08,441] {dag.py:1833} INFO - Sync 2 DAGs
[2021-08-08 14:41:08,448] {logging_mixin.py:104} INFO - [2021-08-08 14:41:08,448] {dag.py:2306} INFO - Setting next_dagrun for example_subdag_operator.section-1 to None
[2021-08-08 14:41:08,449] {logging_mixin.py:104} INFO - [2021-08-08 14:41:08,449] {dag.py:2306} INFO - Setting next_dagrun for example_subdag_operator.section-2 to None
[2021-08-08 14:41:08,454] {scheduler_job.py:189} INFO - Processing /home/airflow/.local/lib/python3.6/site-packages/airflow/example_dags/example_subdag_operator.py took 0.084 seconds
[2021-08-08 14:41:38,847] {scheduler_job.py:181} INFO - Started process (PID=1659) to work on /home/airflow/.local/lib/python3.6/site-packages/airflow/example_dags/example_subdag_operator.py
[2021-08-08 14:41:38,848] {scheduler_job.py:632} INFO - Processing file /home/airflow/.local/lib/python3.6/site-packages/airflow/example_dags/example_subdag_operator.py for tasks to queue
[2021-08-08 14:41:38,849] {logging_mixin.py:104} INFO - [2021-08-08 14:41:38,849] {dagbag.py:496} INFO - Filling up the DagBag from /home/airflow/.local/lib/python3.6/site-packages/airflow/example_dags/example_subdag_operator.py
[2021-08-08 14:41:38,882] {scheduler_job.py:642} INFO - DAG(s) dict_keys(['example_subdag_operator.section-1', 'example_subdag_operator.section-2', 'example_subdag_operator']) retrieved from /home/airflow/.local/lib/python3.6/site-packages/airflow/example_dags/example_subdag_operator.py
[2021-08-08 14:41:38,892] {logging_mixin.py:104} INFO - [2021-08-08 14:41:38,892] {dag.py:1833} INFO - Sync 3 DAGs
[2021-08-08 14:41:38,905] {logging_mixin.py:104} INFO - [2021-08-08 14:41:38,905] {dag.py:2306} INFO - Setting next_dagrun for example_subdag_operator to 2021-08-06 00:00:00+00:00
[2021-08-08 14:41:38,906] {logging_mixin.py:104} INFO - [2021-08-08 14:41:38,906] {dag.py:2306} INFO - Setting next_dagrun for example_subdag_operator.section-1 to None
[2021-08-08 14:41:38,907] {logging_mixin.py:104} INFO - [2021-08-08 14:41:38,907] {dag.py:2306} INFO - Setting next_dagrun for example_subdag_operator.section-2 to None
[2021-08-08 14:41:38,913] {logging_mixin.py:104} INFO - [2021-08-08 14:41:38,913] {dag.py:1833} INFO - Sync 2 DAGs
[2021-08-08 14:41:38,918] {logging_mixin.py:104} INFO - [2021-08-08 14:41:38,918] {dag.py:2306} INFO - Setting next_dagrun for example_subdag_operator.section-1 to None
[2021-08-08 14:41:38,919] {logging_mixin.py:104} INFO - [2021-08-08 14:41:38,919] {dag.py:2306} INFO - Setting next_dagrun for example_subdag_operator.section-2 to None
[2021-08-08 14:41:38,924] {scheduler_job.py:189} INFO - Processing /home/airflow/.local/lib/python3.6/site-packages/airflow/example_dags/example_subdag_operator.py took 0.081 seconds
[2021-08-08 14:42:09,500] {scheduler_job.py:181} INFO - Started process (PID=1710) to work on /home/airflow/.local/lib/python3.6/site-packages/airflow/example_dags/example_subdag_operator.py
[2021-08-08 14:42:09,507] {scheduler_job.py:632} INFO - Processing file /home/airflow/.local/lib/python3.6/site-packages/airflow/example_dags/example_subdag_operator.py for tasks to queue
[2021-08-08 14:42:09,512] {logging_mixin.py:104} INFO - [2021-08-08 14:42:09,512] {dagbag.py:496} INFO - Filling up the DagBag from /home/airflow/.local/lib/python3.6/site-packages/airflow/example_dags/example_subdag_operator.py
[2021-08-08 14:42:09,568] {scheduler_job.py:642} INFO - DAG(s) dict_keys(['example_subdag_operator.section-1', 'example_subdag_operator.section-2', 'example_subdag_operator']) retrieved from /home/airflow/.local/lib/python3.6/site-packages/airflow/example_dags/example_subdag_operator.py
[2021-08-08 14:42:09,583] {logging_mixin.py:104} INFO - [2021-08-08 14:42:09,583] {dag.py:1833} INFO - Sync 3 DAGs
[2021-08-08 14:42:09,601] {logging_mixin.py:104} INFO - [2021-08-08 14:42:09,601] {dag.py:2306} INFO - Setting next_dagrun for example_subdag_operator to 2021-08-06 00:00:00+00:00
[2021-08-08 14:42:09,603] {logging_mixin.py:104} INFO - [2021-08-08 14:42:09,603] {dag.py:2306} INFO - Setting next_dagrun for example_subdag_operator.section-1 to None
[2021-08-08 14:42:09,606] {logging_mixin.py:104} INFO - [2021-08-08 14:42:09,605] {dag.py:2306} INFO - Setting next_dagrun for example_subdag_operator.section-2 to None
[2021-08-08 14:42:09,625] {logging_mixin.py:104} INFO - [2021-08-08 14:42:09,625] {dag.py:1833} INFO - Sync 2 DAGs
[2021-08-08 14:42:09,635] {logging_mixin.py:104} INFO - [2021-08-08 14:42:09,635] {dag.py:2306} INFO - Setting next_dagrun for example_subdag_operator.section-1 to None
[2021-08-08 14:42:09,636] {logging_mixin.py:104} INFO - [2021-08-08 14:42:09,636] {dag.py:2306} INFO - Setting next_dagrun for example_subdag_operator.section-2 to None
[2021-08-08 14:42:09,645] {scheduler_job.py:189} INFO - Processing /home/airflow/.local/lib/python3.6/site-packages/airflow/example_dags/example_subdag_operator.py took 0.163 seconds
[2021-08-08 14:42:39,885] {scheduler_job.py:181} INFO - Started process (PID=1772) to work on /home/airflow/.local/lib/python3.6/site-packages/airflow/example_dags/example_subdag_operator.py
[2021-08-08 14:42:39,889] {scheduler_job.py:632} INFO - Processing file /home/airflow/.local/lib/python3.6/site-packages/airflow/example_dags/example_subdag_operator.py for tasks to queue
[2021-08-08 14:42:39,890] {logging_mixin.py:104} INFO - [2021-08-08 14:42:39,890] {dagbag.py:496} INFO - Filling up the DagBag from /home/airflow/.local/lib/python3.6/site-packages/airflow/example_dags/example_subdag_operator.py
[2021-08-08 14:42:39,916] {scheduler_job.py:642} INFO - DAG(s) dict_keys(['example_subdag_operator.section-1', 'example_subdag_operator.section-2', 'example_subdag_operator']) retrieved from /home/airflow/.local/lib/python3.6/site-packages/airflow/example_dags/example_subdag_operator.py
[2021-08-08 14:42:39,926] {logging_mixin.py:104} INFO - [2021-08-08 14:42:39,926] {dag.py:1833} INFO - Sync 3 DAGs
[2021-08-08 14:42:39,940] {logging_mixin.py:104} INFO - [2021-08-08 14:42:39,940] {dag.py:2306} INFO - Setting next_dagrun for example_subdag_operator to 2021-08-06 00:00:00+00:00
[2021-08-08 14:42:39,941] {logging_mixin.py:104} INFO - [2021-08-08 14:42:39,941] {dag.py:2306} INFO - Setting next_dagrun for example_subdag_operator.section-1 to None
[2021-08-08 14:42:39,942] {logging_mixin.py:104} INFO - [2021-08-08 14:42:39,942] {dag.py:2306} INFO - Setting next_dagrun for example_subdag_operator.section-2 to None
[2021-08-08 14:42:39,948] {logging_mixin.py:104} INFO - [2021-08-08 14:42:39,948] {dag.py:1833} INFO - Sync 2 DAGs
[2021-08-08 14:42:39,954] {logging_mixin.py:104} INFO - [2021-08-08 14:42:39,954] {dag.py:2306} INFO - Setting next_dagrun for example_subdag_operator.section-1 to None
[2021-08-08 14:42:39,955] {logging_mixin.py:104} INFO - [2021-08-08 14:42:39,955] {dag.py:2306} INFO - Setting next_dagrun for example_subdag_operator.section-2 to None
[2021-08-08 14:42:39,960] {scheduler_job.py:189} INFO - Processing /home/airflow/.local/lib/python3.6/site-packages/airflow/example_dags/example_subdag_operator.py took 0.078 seconds
[2021-08-08 14:43:10,361] {scheduler_job.py:181} INFO - Started process (PID=1834) to work on /home/airflow/.local/lib/python3.6/site-packages/airflow/example_dags/example_subdag_operator.py
[2021-08-08 14:43:10,362] {scheduler_job.py:632} INFO - Processing file /home/airflow/.local/lib/python3.6/site-packages/airflow/example_dags/example_subdag_operator.py for tasks to queue
[2021-08-08 14:43:10,364] {logging_mixin.py:104} INFO - [2021-08-08 14:43:10,364] {dagbag.py:496} INFO - Filling up the DagBag from /home/airflow/.local/lib/python3.6/site-packages/airflow/example_dags/example_subdag_operator.py
[2021-08-08 14:43:10,395] {scheduler_job.py:642} INFO - DAG(s) dict_keys(['example_subdag_operator.section-1', 'example_subdag_operator.section-2', 'example_subdag_operator']) retrieved from /home/airflow/.local/lib/python3.6/site-packages/airflow/example_dags/example_subdag_operator.py
[2021-08-08 14:43:10,406] {logging_mixin.py:104} INFO - [2021-08-08 14:43:10,406] {dag.py:1833} INFO - Sync 3 DAGs
[2021-08-08 14:43:10,425] {logging_mixin.py:104} INFO - [2021-08-08 14:43:10,425] {dag.py:2306} INFO - Setting next_dagrun for example_subdag_operator to 2021-08-06 00:00:00+00:00
[2021-08-08 14:43:10,426] {logging_mixin.py:104} INFO - [2021-08-08 14:43:10,426] {dag.py:2306} INFO - Setting next_dagrun for example_subdag_operator.section-1 to None
[2021-08-08 14:43:10,427] {logging_mixin.py:104} INFO - [2021-08-08 14:43:10,427] {dag.py:2306} INFO - Setting next_dagrun for example_subdag_operator.section-2 to None
[2021-08-08 14:43:10,434] {logging_mixin.py:104} INFO - [2021-08-08 14:43:10,434] {dag.py:1833} INFO - Sync 2 DAGs
[2021-08-08 14:43:10,442] {logging_mixin.py:104} INFO - [2021-08-08 14:43:10,442] {dag.py:2306} INFO - Setting next_dagrun for example_subdag_operator.section-1 to None
[2021-08-08 14:43:10,443] {logging_mixin.py:104} INFO - [2021-08-08 14:43:10,443] {dag.py:2306} INFO - Setting next_dagrun for example_subdag_operator.section-2 to None
[2021-08-08 14:43:10,451] {scheduler_job.py:189} INFO - Processing /home/airflow/.local/lib/python3.6/site-packages/airflow/example_dags/example_subdag_operator.py took 0.094 seconds
[2021-08-08 14:43:40,834] {scheduler_job.py:181} INFO - Started process (PID=1885) to work on /home/airflow/.local/lib/python3.6/site-packages/airflow/example_dags/example_subdag_operator.py
[2021-08-08 14:43:40,835] {scheduler_job.py:632} INFO - Processing file /home/airflow/.local/lib/python3.6/site-packages/airflow/example_dags/example_subdag_operator.py for tasks to queue
[2021-08-08 14:43:40,837] {logging_mixin.py:104} INFO - [2021-08-08 14:43:40,836] {dagbag.py:496} INFO - Filling up the DagBag from /home/airflow/.local/lib/python3.6/site-packages/airflow/example_dags/example_subdag_operator.py
[2021-08-08 14:43:40,867] {scheduler_job.py:642} INFO - DAG(s) dict_keys(['example_subdag_operator.section-1', 'example_subdag_operator.section-2', 'example_subdag_operator']) retrieved from /home/airflow/.local/lib/python3.6/site-packages/airflow/example_dags/example_subdag_operator.py
[2021-08-08 14:43:40,878] {logging_mixin.py:104} INFO - [2021-08-08 14:43:40,878] {dag.py:1833} INFO - Sync 3 DAGs
[2021-08-08 14:43:40,893] {logging_mixin.py:104} INFO - [2021-08-08 14:43:40,893] {dag.py:2306} INFO - Setting next_dagrun for example_subdag_operator to 2021-08-06 00:00:00+00:00
[2021-08-08 14:43:40,894] {logging_mixin.py:104} INFO - [2021-08-08 14:43:40,894] {dag.py:2306} INFO - Setting next_dagrun for example_subdag_operator.section-1 to None
[2021-08-08 14:43:40,895] {logging_mixin.py:104} INFO - [2021-08-08 14:43:40,895] {dag.py:2306} INFO - Setting next_dagrun for example_subdag_operator.section-2 to None
[2021-08-08 14:43:40,901] {logging_mixin.py:104} INFO - [2021-08-08 14:43:40,901] {dag.py:1833} INFO - Sync 2 DAGs
[2021-08-08 14:43:40,907] {logging_mixin.py:104} INFO - [2021-08-08 14:43:40,907] {dag.py:2306} INFO - Setting next_dagrun for example_subdag_operator.section-1 to None
[2021-08-08 14:43:40,908] {logging_mixin.py:104} INFO - [2021-08-08 14:43:40,907] {dag.py:2306} INFO - Setting next_dagrun for example_subdag_operator.section-2 to None
[2021-08-08 14:43:40,913] {scheduler_job.py:189} INFO - Processing /home/airflow/.local/lib/python3.6/site-packages/airflow/example_dags/example_subdag_operator.py took 0.082 seconds
[2021-08-08 14:44:11,009] {scheduler_job.py:181} INFO - Started process (PID=1946) to work on /home/airflow/.local/lib/python3.6/site-packages/airflow/example_dags/example_subdag_operator.py
[2021-08-08 14:44:11,010] {scheduler_job.py:632} INFO - Processing file /home/airflow/.local/lib/python3.6/site-packages/airflow/example_dags/example_subdag_operator.py for tasks to queue
[2021-08-08 14:44:11,011] {logging_mixin.py:104} INFO - [2021-08-08 14:44:11,011] {dagbag.py:496} INFO - Filling up the DagBag from /home/airflow/.local/lib/python3.6/site-packages/airflow/example_dags/example_subdag_operator.py
[2021-08-08 14:44:11,038] {scheduler_job.py:642} INFO - DAG(s) dict_keys(['example_subdag_operator.section-1', 'example_subdag_operator.section-2', 'example_subdag_operator']) retrieved from /home/airflow/.local/lib/python3.6/site-packages/airflow/example_dags/example_subdag_operator.py
[2021-08-08 14:44:11,048] {logging_mixin.py:104} INFO - [2021-08-08 14:44:11,048] {dag.py:1833} INFO - Sync 3 DAGs
[2021-08-08 14:44:11,065] {logging_mixin.py:104} INFO - [2021-08-08 14:44:11,065] {dag.py:2306} INFO - Setting next_dagrun for example_subdag_operator to 2021-08-06 00:00:00+00:00
[2021-08-08 14:44:11,067] {logging_mixin.py:104} INFO - [2021-08-08 14:44:11,067] {dag.py:2306} INFO - Setting next_dagrun for example_subdag_operator.section-1 to None
[2021-08-08 14:44:11,067] {logging_mixin.py:104} INFO - [2021-08-08 14:44:11,067] {dag.py:2306} INFO - Setting next_dagrun for example_subdag_operator.section-2 to None
[2021-08-08 14:44:11,075] {logging_mixin.py:104} INFO - [2021-08-08 14:44:11,075] {dag.py:1833} INFO - Sync 2 DAGs
[2021-08-08 14:44:11,081] {logging_mixin.py:104} INFO - [2021-08-08 14:44:11,081] {dag.py:2306} INFO - Setting next_dagrun for example_subdag_operator.section-1 to None
[2021-08-08 14:44:11,081] {logging_mixin.py:104} INFO - [2021-08-08 14:44:11,081] {dag.py:2306} INFO - Setting next_dagrun for example_subdag_operator.section-2 to None
[2021-08-08 14:44:11,087] {scheduler_job.py:189} INFO - Processing /home/airflow/.local/lib/python3.6/site-packages/airflow/example_dags/example_subdag_operator.py took 0.081 seconds
[2021-08-08 14:44:41,414] {scheduler_job.py:181} INFO - Started process (PID=2007) to work on /home/airflow/.local/lib/python3.6/site-packages/airflow/example_dags/example_subdag_operator.py
[2021-08-08 14:44:41,416] {scheduler_job.py:632} INFO - Processing file /home/airflow/.local/lib/python3.6/site-packages/airflow/example_dags/example_subdag_operator.py for tasks to queue
[2021-08-08 14:44:41,417] {logging_mixin.py:104} INFO - [2021-08-08 14:44:41,417] {dagbag.py:496} INFO - Filling up the DagBag from /home/airflow/.local/lib/python3.6/site-packages/airflow/example_dags/example_subdag_operator.py
[2021-08-08 14:44:41,443] {scheduler_job.py:642} INFO - DAG(s) dict_keys(['example_subdag_operator.section-1', 'example_subdag_operator.section-2', 'example_subdag_operator']) retrieved from /home/airflow/.local/lib/python3.6/site-packages/airflow/example_dags/example_subdag_operator.py
[2021-08-08 14:44:41,453] {logging_mixin.py:104} INFO - [2021-08-08 14:44:41,453] {dag.py:1833} INFO - Sync 3 DAGs
[2021-08-08 14:44:41,468] {logging_mixin.py:104} INFO - [2021-08-08 14:44:41,468] {dag.py:2306} INFO - Setting next_dagrun for example_subdag_operator to 2021-08-06 00:00:00+00:00
[2021-08-08 14:44:41,469] {logging_mixin.py:104} INFO - [2021-08-08 14:44:41,469] {dag.py:2306} INFO - Setting next_dagrun for example_subdag_operator.section-1 to None
[2021-08-08 14:44:41,470] {logging_mixin.py:104} INFO - [2021-08-08 14:44:41,470] {dag.py:2306} INFO - Setting next_dagrun for example_subdag_operator.section-2 to None
[2021-08-08 14:44:41,476] {logging_mixin.py:104} INFO - [2021-08-08 14:44:41,476] {dag.py:1833} INFO - Sync 2 DAGs
[2021-08-08 14:44:41,483] {logging_mixin.py:104} INFO - [2021-08-08 14:44:41,482] {dag.py:2306} INFO - Setting next_dagrun for example_subdag_operator.section-1 to None
[2021-08-08 14:44:41,483] {logging_mixin.py:104} INFO - [2021-08-08 14:44:41,483] {dag.py:2306} INFO - Setting next_dagrun for example_subdag_operator.section-2 to None
[2021-08-08 14:44:41,489] {scheduler_job.py:189} INFO - Processing /home/airflow/.local/lib/python3.6/site-packages/airflow/example_dags/example_subdag_operator.py took 0.079 seconds
[2021-08-08 14:45:11,646] {scheduler_job.py:181} INFO - Started process (PID=2058) to work on /home/airflow/.local/lib/python3.6/site-packages/airflow/example_dags/example_subdag_operator.py
[2021-08-08 14:45:11,648] {scheduler_job.py:632} INFO - Processing file /home/airflow/.local/lib/python3.6/site-packages/airflow/example_dags/example_subdag_operator.py for tasks to queue
[2021-08-08 14:45:11,649] {logging_mixin.py:104} INFO - [2021-08-08 14:45:11,648] {dagbag.py:496} INFO - Filling up the DagBag from /home/airflow/.local/lib/python3.6/site-packages/airflow/example_dags/example_subdag_operator.py
[2021-08-08 14:45:11,676] {scheduler_job.py:642} INFO - DAG(s) dict_keys(['example_subdag_operator.section-1', 'example_subdag_operator.section-2', 'example_subdag_operator']) retrieved from /home/airflow/.local/lib/python3.6/site-packages/airflow/example_dags/example_subdag_operator.py
[2021-08-08 14:45:11,686] {logging_mixin.py:104} INFO - [2021-08-08 14:45:11,686] {dag.py:1833} INFO - Sync 3 DAGs
[2021-08-08 14:45:11,701] {logging_mixin.py:104} INFO - [2021-08-08 14:45:11,701] {dag.py:2306} INFO - Setting next_dagrun for example_subdag_operator to 2021-08-06 00:00:00+00:00
[2021-08-08 14:45:11,702] {logging_mixin.py:104} INFO - [2021-08-08 14:45:11,702] {dag.py:2306} INFO - Setting next_dagrun for example_subdag_operator.section-1 to None
[2021-08-08 14:45:11,703] {logging_mixin.py:104} INFO - [2021-08-08 14:45:11,703] {dag.py:2306} INFO - Setting next_dagrun for example_subdag_operator.section-2 to None
[2021-08-08 14:45:11,712] {logging_mixin.py:104} INFO - [2021-08-08 14:45:11,712] {dag.py:1833} INFO - Sync 2 DAGs
[2021-08-08 14:45:11,720] {logging_mixin.py:104} INFO - [2021-08-08 14:45:11,720] {dag.py:2306} INFO - Setting next_dagrun for example_subdag_operator.section-1 to None
[2021-08-08 14:45:11,721] {logging_mixin.py:104} INFO - [2021-08-08 14:45:11,721] {dag.py:2306} INFO - Setting next_dagrun for example_subdag_operator.section-2 to None
[2021-08-08 14:45:11,726] {scheduler_job.py:189} INFO - Processing /home/airflow/.local/lib/python3.6/site-packages/airflow/example_dags/example_subdag_operator.py took 0.083 seconds
[2021-08-08 14:45:42,151] {scheduler_job.py:181} INFO - Started process (PID=2119) to work on /home/airflow/.local/lib/python3.6/site-packages/airflow/example_dags/example_subdag_operator.py
[2021-08-08 14:45:42,156] {scheduler_job.py:632} INFO - Processing file /home/airflow/.local/lib/python3.6/site-packages/airflow/example_dags/example_subdag_operator.py for tasks to queue
[2021-08-08 14:45:42,158] {logging_mixin.py:104} INFO - [2021-08-08 14:45:42,158] {dagbag.py:496} INFO - Filling up the DagBag from /home/airflow/.local/lib/python3.6/site-packages/airflow/example_dags/example_subdag_operator.py
[2021-08-08 14:45:42,192] {scheduler_job.py:642} INFO - DAG(s) dict_keys(['example_subdag_operator.section-1', 'example_subdag_operator.section-2', 'example_subdag_operator']) retrieved from /home/airflow/.local/lib/python3.6/site-packages/airflow/example_dags/example_subdag_operator.py
[2021-08-08 14:45:42,205] {logging_mixin.py:104} INFO - [2021-08-08 14:45:42,205] {dag.py:1833} INFO - Sync 3 DAGs
[2021-08-08 14:45:42,222] {logging_mixin.py:104} INFO - [2021-08-08 14:45:42,222] {dag.py:2306} INFO - Setting next_dagrun for example_subdag_operator to 2021-08-06 00:00:00+00:00
[2021-08-08 14:45:42,224] {logging_mixin.py:104} INFO - [2021-08-08 14:45:42,224] {dag.py:2306} INFO - Setting next_dagrun for example_subdag_operator.section-1 to None
[2021-08-08 14:45:42,224] {logging_mixin.py:104} INFO - [2021-08-08 14:45:42,224] {dag.py:2306} INFO - Setting next_dagrun for example_subdag_operator.section-2 to None
[2021-08-08 14:45:42,235] {logging_mixin.py:104} INFO - [2021-08-08 14:45:42,235] {dag.py:1833} INFO - Sync 2 DAGs
[2021-08-08 14:45:42,242] {logging_mixin.py:104} INFO - [2021-08-08 14:45:42,242] {dag.py:2306} INFO - Setting next_dagrun for example_subdag_operator.section-1 to None
[2021-08-08 14:45:42,243] {logging_mixin.py:104} INFO - [2021-08-08 14:45:42,243] {dag.py:2306} INFO - Setting next_dagrun for example_subdag_operator.section-2 to None
[2021-08-08 14:45:42,248] {scheduler_job.py:189} INFO - Processing /home/airflow/.local/lib/python3.6/site-packages/airflow/example_dags/example_subdag_operator.py took 0.101 seconds
[2021-08-08 14:46:12,558] {scheduler_job.py:181} INFO - Started process (PID=2173) to work on /home/airflow/.local/lib/python3.6/site-packages/airflow/example_dags/example_subdag_operator.py
[2021-08-08 14:46:12,560] {scheduler_job.py:632} INFO - Processing file /home/airflow/.local/lib/python3.6/site-packages/airflow/example_dags/example_subdag_operator.py for tasks to queue
[2021-08-08 14:46:12,561] {logging_mixin.py:104} INFO - [2021-08-08 14:46:12,561] {dagbag.py:496} INFO - Filling up the DagBag from /home/airflow/.local/lib/python3.6/site-packages/airflow/example_dags/example_subdag_operator.py
[2021-08-08 14:46:12,594] {scheduler_job.py:642} INFO - DAG(s) dict_keys(['example_subdag_operator.section-1', 'example_subdag_operator.section-2', 'example_subdag_operator']) retrieved from /home/airflow/.local/lib/python3.6/site-packages/airflow/example_dags/example_subdag_operator.py
[2021-08-08 14:46:12,609] {logging_mixin.py:104} INFO - [2021-08-08 14:46:12,609] {dag.py:1833} INFO - Sync 3 DAGs
[2021-08-08 14:46:12,628] {logging_mixin.py:104} INFO - [2021-08-08 14:46:12,628] {dag.py:2306} INFO - Setting next_dagrun for example_subdag_operator to 2021-08-06 00:00:00+00:00
[2021-08-08 14:46:12,629] {logging_mixin.py:104} INFO - [2021-08-08 14:46:12,629] {dag.py:2306} INFO - Setting next_dagrun for example_subdag_operator.section-1 to None
[2021-08-08 14:46:12,630] {logging_mixin.py:104} INFO - [2021-08-08 14:46:12,630] {dag.py:2306} INFO - Setting next_dagrun for example_subdag_operator.section-2 to None
[2021-08-08 14:46:12,636] {logging_mixin.py:104} INFO - [2021-08-08 14:46:12,636] {dag.py:1833} INFO - Sync 2 DAGs
[2021-08-08 14:46:12,643] {logging_mixin.py:104} INFO - [2021-08-08 14:46:12,643] {dag.py:2306} INFO - Setting next_dagrun for example_subdag_operator.section-1 to None
[2021-08-08 14:46:12,644] {logging_mixin.py:104} INFO - [2021-08-08 14:46:12,644] {dag.py:2306} INFO - Setting next_dagrun for example_subdag_operator.section-2 to None
[2021-08-08 14:46:12,649] {scheduler_job.py:189} INFO - Processing /home/airflow/.local/lib/python3.6/site-packages/airflow/example_dags/example_subdag_operator.py took 0.094 seconds
[2021-08-08 14:46:42,993] {scheduler_job.py:181} INFO - Started process (PID=2236) to work on /home/airflow/.local/lib/python3.6/site-packages/airflow/example_dags/example_subdag_operator.py
[2021-08-08 14:46:42,994] {scheduler_job.py:632} INFO - Processing file /home/airflow/.local/lib/python3.6/site-packages/airflow/example_dags/example_subdag_operator.py for tasks to queue
[2021-08-08 14:46:42,995] {logging_mixin.py:104} INFO - [2021-08-08 14:46:42,995] {dagbag.py:496} INFO - Filling up the DagBag from /home/airflow/.local/lib/python3.6/site-packages/airflow/example_dags/example_subdag_operator.py
[2021-08-08 14:46:43,026] {scheduler_job.py:642} INFO - DAG(s) dict_keys(['example_subdag_operator.section-1', 'example_subdag_operator.section-2', 'example_subdag_operator']) retrieved from /home/airflow/.local/lib/python3.6/site-packages/airflow/example_dags/example_subdag_operator.py
[2021-08-08 14:46:43,038] {logging_mixin.py:104} INFO - [2021-08-08 14:46:43,037] {dag.py:1833} INFO - Sync 3 DAGs
[2021-08-08 14:46:43,054] {logging_mixin.py:104} INFO - [2021-08-08 14:46:43,054] {dag.py:2306} INFO - Setting next_dagrun for example_subdag_operator to 2021-08-06 00:00:00+00:00
[2021-08-08 14:46:43,055] {logging_mixin.py:104} INFO - [2021-08-08 14:46:43,055] {dag.py:2306} INFO - Setting next_dagrun for example_subdag_operator.section-1 to None
[2021-08-08 14:46:43,056] {logging_mixin.py:104} INFO - [2021-08-08 14:46:43,056] {dag.py:2306} INFO - Setting next_dagrun for example_subdag_operator.section-2 to None
[2021-08-08 14:46:43,063] {logging_mixin.py:104} INFO - [2021-08-08 14:46:43,063] {dag.py:1833} INFO - Sync 2 DAGs
[2021-08-08 14:46:43,069] {logging_mixin.py:104} INFO - [2021-08-08 14:46:43,069] {dag.py:2306} INFO - Setting next_dagrun for example_subdag_operator.section-1 to None
[2021-08-08 14:46:43,070] {logging_mixin.py:104} INFO - [2021-08-08 14:46:43,070] {dag.py:2306} INFO - Setting next_dagrun for example_subdag_operator.section-2 to None
[2021-08-08 14:46:43,075] {scheduler_job.py:189} INFO - Processing /home/airflow/.local/lib/python3.6/site-packages/airflow/example_dags/example_subdag_operator.py took 0.085 seconds
[2021-08-08 14:47:13,320] {scheduler_job.py:181} INFO - Started process (PID=2297) to work on /home/airflow/.local/lib/python3.6/site-packages/airflow/example_dags/example_subdag_operator.py
[2021-08-08 14:47:13,322] {scheduler_job.py:632} INFO - Processing file /home/airflow/.local/lib/python3.6/site-packages/airflow/example_dags/example_subdag_operator.py for tasks to queue
[2021-08-08 14:47:13,325] {logging_mixin.py:104} INFO - [2021-08-08 14:47:13,324] {dagbag.py:496} INFO - Filling up the DagBag from /home/airflow/.local/lib/python3.6/site-packages/airflow/example_dags/example_subdag_operator.py
[2021-08-08 14:47:13,406] {scheduler_job.py:642} INFO - DAG(s) dict_keys(['example_subdag_operator.section-1', 'example_subdag_operator.section-2', 'example_subdag_operator']) retrieved from /home/airflow/.local/lib/python3.6/site-packages/airflow/example_dags/example_subdag_operator.py
[2021-08-08 14:47:13,433] {logging_mixin.py:104} INFO - [2021-08-08 14:47:13,433] {dag.py:1833} INFO - Sync 3 DAGs
[2021-08-08 14:47:13,484] {logging_mixin.py:104} INFO - [2021-08-08 14:47:13,484] {dag.py:2306} INFO - Setting next_dagrun for example_subdag_operator to 2021-08-06 00:00:00+00:00
[2021-08-08 14:47:13,488] {logging_mixin.py:104} INFO - [2021-08-08 14:47:13,488] {dag.py:2306} INFO - Setting next_dagrun for example_subdag_operator.section-1 to None
[2021-08-08 14:47:13,490] {logging_mixin.py:104} INFO - [2021-08-08 14:47:13,490] {dag.py:2306} INFO - Setting next_dagrun for example_subdag_operator.section-2 to None
[2021-08-08 14:47:13,511] {logging_mixin.py:104} INFO - [2021-08-08 14:47:13,511] {dag.py:1833} INFO - Sync 2 DAGs
[2021-08-08 14:47:13,525] {logging_mixin.py:104} INFO - [2021-08-08 14:47:13,525] {dag.py:2306} INFO - Setting next_dagrun for example_subdag_operator.section-1 to None
[2021-08-08 14:47:13,526] {logging_mixin.py:104} INFO - [2021-08-08 14:47:13,526] {dag.py:2306} INFO - Setting next_dagrun for example_subdag_operator.section-2 to None
[2021-08-08 14:47:13,548] {scheduler_job.py:189} INFO - Processing /home/airflow/.local/lib/python3.6/site-packages/airflow/example_dags/example_subdag_operator.py took 0.232 seconds
[2021-08-08 14:47:43,773] {scheduler_job.py:181} INFO - Started process (PID=2348) to work on /home/airflow/.local/lib/python3.6/site-packages/airflow/example_dags/example_subdag_operator.py
[2021-08-08 14:47:43,777] {scheduler_job.py:632} INFO - Processing file /home/airflow/.local/lib/python3.6/site-packages/airflow/example_dags/example_subdag_operator.py for tasks to queue
[2021-08-08 14:47:43,779] {logging_mixin.py:104} INFO - [2021-08-08 14:47:43,778] {dagbag.py:496} INFO - Filling up the DagBag from /home/airflow/.local/lib/python3.6/site-packages/airflow/example_dags/example_subdag_operator.py
[2021-08-08 14:47:43,817] {scheduler_job.py:642} INFO - DAG(s) dict_keys(['example_subdag_operator.section-1', 'example_subdag_operator.section-2', 'example_subdag_operator']) retrieved from /home/airflow/.local/lib/python3.6/site-packages/airflow/example_dags/example_subdag_operator.py
[2021-08-08 14:47:43,833] {logging_mixin.py:104} INFO - [2021-08-08 14:47:43,833] {dag.py:1833} INFO - Sync 3 DAGs
[2021-08-08 14:47:43,853] {logging_mixin.py:104} INFO - [2021-08-08 14:47:43,853] {dag.py:2306} INFO - Setting next_dagrun for example_subdag_operator to 2021-08-06 00:00:00+00:00
[2021-08-08 14:47:43,854] {logging_mixin.py:104} INFO - [2021-08-08 14:47:43,854] {dag.py:2306} INFO - Setting next_dagrun for example_subdag_operator.section-1 to None
[2021-08-08 14:47:43,855] {logging_mixin.py:104} INFO - [2021-08-08 14:47:43,855] {dag.py:2306} INFO - Setting next_dagrun for example_subdag_operator.section-2 to None
[2021-08-08 14:47:43,862] {logging_mixin.py:104} INFO - [2021-08-08 14:47:43,862] {dag.py:1833} INFO - Sync 2 DAGs
[2021-08-08 14:47:43,868] {logging_mixin.py:104} INFO - [2021-08-08 14:47:43,868] {dag.py:2306} INFO - Setting next_dagrun for example_subdag_operator.section-1 to None
[2021-08-08 14:47:43,869] {logging_mixin.py:104} INFO - [2021-08-08 14:47:43,869] {dag.py:2306} INFO - Setting next_dagrun for example_subdag_operator.section-2 to None
[2021-08-08 14:47:43,874] {scheduler_job.py:189} INFO - Processing /home/airflow/.local/lib/python3.6/site-packages/airflow/example_dags/example_subdag_operator.py took 0.108 seconds
