[2021-08-08 14:30:38,715] {scheduler_job.py:181} INFO - Started process (PID=332) to work on /home/airflow/.local/lib/python3.6/site-packages/airflow/example_dags/example_skip_dag.py
[2021-08-08 14:30:38,717] {scheduler_job.py:632} INFO - Processing file /home/airflow/.local/lib/python3.6/site-packages/airflow/example_dags/example_skip_dag.py for tasks to queue
[2021-08-08 14:30:38,719] {logging_mixin.py:104} INFO - [2021-08-08 14:30:38,719] {dagbag.py:496} INFO - Filling up the DagBag from /home/airflow/.local/lib/python3.6/site-packages/airflow/example_dags/example_skip_dag.py
[2021-08-08 14:30:38,734] {scheduler_job.py:642} INFO - DAG(s) dict_keys(['example_skip_dag']) retrieved from /home/airflow/.local/lib/python3.6/site-packages/airflow/example_dags/example_skip_dag.py
[2021-08-08 14:30:40,661] {logging_mixin.py:104} INFO - [2021-08-08 14:30:40,660] {dag.py:1833} INFO - Sync 1 DAGs
[2021-08-08 14:30:40,669] {logging_mixin.py:104} INFO - [2021-08-08 14:30:40,668] {dag.py:1852} INFO - Creating ORM DAG for example_skip_dag
[2021-08-08 14:30:40,673] {logging_mixin.py:104} INFO - [2021-08-08 14:30:40,673] {dag.py:2306} INFO - Setting next_dagrun for example_skip_dag to 2021-08-06 00:00:00+00:00
[2021-08-08 14:30:40,681] {scheduler_job.py:189} INFO - Processing /home/airflow/.local/lib/python3.6/site-packages/airflow/example_dags/example_skip_dag.py took 1.969 seconds
[2021-08-08 14:31:11,005] {scheduler_job.py:181} INFO - Started process (PID=433) to work on /home/airflow/.local/lib/python3.6/site-packages/airflow/example_dags/example_skip_dag.py
[2021-08-08 14:31:11,007] {scheduler_job.py:632} INFO - Processing file /home/airflow/.local/lib/python3.6/site-packages/airflow/example_dags/example_skip_dag.py for tasks to queue
[2021-08-08 14:31:11,008] {logging_mixin.py:104} INFO - [2021-08-08 14:31:11,008] {dagbag.py:496} INFO - Filling up the DagBag from /home/airflow/.local/lib/python3.6/site-packages/airflow/example_dags/example_skip_dag.py
[2021-08-08 14:31:11,021] {scheduler_job.py:642} INFO - DAG(s) dict_keys(['example_skip_dag']) retrieved from /home/airflow/.local/lib/python3.6/site-packages/airflow/example_dags/example_skip_dag.py
[2021-08-08 14:31:11,042] {logging_mixin.py:104} INFO - [2021-08-08 14:31:11,041] {dag.py:1833} INFO - Sync 1 DAGs
[2021-08-08 14:31:11,055] {logging_mixin.py:104} INFO - [2021-08-08 14:31:11,055] {dag.py:2306} INFO - Setting next_dagrun for example_skip_dag to 2021-08-06 00:00:00+00:00
[2021-08-08 14:31:11,065] {scheduler_job.py:189} INFO - Processing /home/airflow/.local/lib/python3.6/site-packages/airflow/example_dags/example_skip_dag.py took 0.064 seconds
[2021-08-08 14:31:41,313] {scheduler_job.py:181} INFO - Started process (PID=495) to work on /home/airflow/.local/lib/python3.6/site-packages/airflow/example_dags/example_skip_dag.py
[2021-08-08 14:31:41,315] {scheduler_job.py:632} INFO - Processing file /home/airflow/.local/lib/python3.6/site-packages/airflow/example_dags/example_skip_dag.py for tasks to queue
[2021-08-08 14:31:41,317] {logging_mixin.py:104} INFO - [2021-08-08 14:31:41,316] {dagbag.py:496} INFO - Filling up the DagBag from /home/airflow/.local/lib/python3.6/site-packages/airflow/example_dags/example_skip_dag.py
[2021-08-08 14:31:41,329] {scheduler_job.py:642} INFO - DAG(s) dict_keys(['example_skip_dag']) retrieved from /home/airflow/.local/lib/python3.6/site-packages/airflow/example_dags/example_skip_dag.py
[2021-08-08 14:31:41,349] {logging_mixin.py:104} INFO - [2021-08-08 14:31:41,349] {dag.py:1833} INFO - Sync 1 DAGs
[2021-08-08 14:31:41,363] {logging_mixin.py:104} INFO - [2021-08-08 14:31:41,363] {dag.py:2306} INFO - Setting next_dagrun for example_skip_dag to 2021-08-06 00:00:00+00:00
[2021-08-08 14:31:41,371] {scheduler_job.py:189} INFO - Processing /home/airflow/.local/lib/python3.6/site-packages/airflow/example_dags/example_skip_dag.py took 0.061 seconds
[2021-08-08 14:32:11,678] {scheduler_job.py:181} INFO - Started process (PID=557) to work on /home/airflow/.local/lib/python3.6/site-packages/airflow/example_dags/example_skip_dag.py
[2021-08-08 14:32:11,680] {scheduler_job.py:632} INFO - Processing file /home/airflow/.local/lib/python3.6/site-packages/airflow/example_dags/example_skip_dag.py for tasks to queue
[2021-08-08 14:32:11,681] {logging_mixin.py:104} INFO - [2021-08-08 14:32:11,681] {dagbag.py:496} INFO - Filling up the DagBag from /home/airflow/.local/lib/python3.6/site-packages/airflow/example_dags/example_skip_dag.py
[2021-08-08 14:32:11,692] {scheduler_job.py:642} INFO - DAG(s) dict_keys(['example_skip_dag']) retrieved from /home/airflow/.local/lib/python3.6/site-packages/airflow/example_dags/example_skip_dag.py
[2021-08-08 14:32:11,710] {logging_mixin.py:104} INFO - [2021-08-08 14:32:11,710] {dag.py:1833} INFO - Sync 1 DAGs
[2021-08-08 14:32:11,724] {logging_mixin.py:104} INFO - [2021-08-08 14:32:11,724] {dag.py:2306} INFO - Setting next_dagrun for example_skip_dag to 2021-08-06 00:00:00+00:00
[2021-08-08 14:32:11,732] {scheduler_job.py:189} INFO - Processing /home/airflow/.local/lib/python3.6/site-packages/airflow/example_dags/example_skip_dag.py took 0.057 seconds
[2021-08-08 14:32:41,910] {scheduler_job.py:181} INFO - Started process (PID=608) to work on /home/airflow/.local/lib/python3.6/site-packages/airflow/example_dags/example_skip_dag.py
[2021-08-08 14:32:41,912] {scheduler_job.py:632} INFO - Processing file /home/airflow/.local/lib/python3.6/site-packages/airflow/example_dags/example_skip_dag.py for tasks to queue
[2021-08-08 14:32:41,913] {logging_mixin.py:104} INFO - [2021-08-08 14:32:41,913] {dagbag.py:496} INFO - Filling up the DagBag from /home/airflow/.local/lib/python3.6/site-packages/airflow/example_dags/example_skip_dag.py
[2021-08-08 14:32:41,924] {scheduler_job.py:642} INFO - DAG(s) dict_keys(['example_skip_dag']) retrieved from /home/airflow/.local/lib/python3.6/site-packages/airflow/example_dags/example_skip_dag.py
[2021-08-08 14:32:41,944] {logging_mixin.py:104} INFO - [2021-08-08 14:32:41,943] {dag.py:1833} INFO - Sync 1 DAGs
[2021-08-08 14:32:41,958] {logging_mixin.py:104} INFO - [2021-08-08 14:32:41,958] {dag.py:2306} INFO - Setting next_dagrun for example_skip_dag to 2021-08-06 00:00:00+00:00
[2021-08-08 14:32:41,966] {scheduler_job.py:189} INFO - Processing /home/airflow/.local/lib/python3.6/site-packages/airflow/example_dags/example_skip_dag.py took 0.059 seconds
[2021-08-08 14:33:12,300] {scheduler_job.py:181} INFO - Started process (PID=669) to work on /home/airflow/.local/lib/python3.6/site-packages/airflow/example_dags/example_skip_dag.py
[2021-08-08 14:33:12,302] {scheduler_job.py:632} INFO - Processing file /home/airflow/.local/lib/python3.6/site-packages/airflow/example_dags/example_skip_dag.py for tasks to queue
[2021-08-08 14:33:12,304] {logging_mixin.py:104} INFO - [2021-08-08 14:33:12,304] {dagbag.py:496} INFO - Filling up the DagBag from /home/airflow/.local/lib/python3.6/site-packages/airflow/example_dags/example_skip_dag.py
[2021-08-08 14:33:12,316] {scheduler_job.py:642} INFO - DAG(s) dict_keys(['example_skip_dag']) retrieved from /home/airflow/.local/lib/python3.6/site-packages/airflow/example_dags/example_skip_dag.py
[2021-08-08 14:33:12,336] {logging_mixin.py:104} INFO - [2021-08-08 14:33:12,336] {dag.py:1833} INFO - Sync 1 DAGs
[2021-08-08 14:33:12,355] {logging_mixin.py:104} INFO - [2021-08-08 14:33:12,355] {dag.py:2306} INFO - Setting next_dagrun for example_skip_dag to 2021-08-06 00:00:00+00:00
[2021-08-08 14:33:12,365] {scheduler_job.py:189} INFO - Processing /home/airflow/.local/lib/python3.6/site-packages/airflow/example_dags/example_skip_dag.py took 0.069 seconds
[2021-08-08 14:33:42,876] {scheduler_job.py:181} INFO - Started process (PID=730) to work on /home/airflow/.local/lib/python3.6/site-packages/airflow/example_dags/example_skip_dag.py
[2021-08-08 14:33:42,878] {scheduler_job.py:632} INFO - Processing file /home/airflow/.local/lib/python3.6/site-packages/airflow/example_dags/example_skip_dag.py for tasks to queue
[2021-08-08 14:33:42,879] {logging_mixin.py:104} INFO - [2021-08-08 14:33:42,879] {dagbag.py:496} INFO - Filling up the DagBag from /home/airflow/.local/lib/python3.6/site-packages/airflow/example_dags/example_skip_dag.py
[2021-08-08 14:33:42,892] {scheduler_job.py:642} INFO - DAG(s) dict_keys(['example_skip_dag']) retrieved from /home/airflow/.local/lib/python3.6/site-packages/airflow/example_dags/example_skip_dag.py
[2021-08-08 14:33:42,913] {logging_mixin.py:104} INFO - [2021-08-08 14:33:42,913] {dag.py:1833} INFO - Sync 1 DAGs
[2021-08-08 14:33:42,926] {logging_mixin.py:104} INFO - [2021-08-08 14:33:42,926] {dag.py:2306} INFO - Setting next_dagrun for example_skip_dag to 2021-08-06 00:00:00+00:00
[2021-08-08 14:33:42,935] {scheduler_job.py:189} INFO - Processing /home/airflow/.local/lib/python3.6/site-packages/airflow/example_dags/example_skip_dag.py took 0.062 seconds
[2021-08-08 14:34:13,362] {scheduler_job.py:181} INFO - Started process (PID=781) to work on /home/airflow/.local/lib/python3.6/site-packages/airflow/example_dags/example_skip_dag.py
[2021-08-08 14:34:13,365] {scheduler_job.py:632} INFO - Processing file /home/airflow/.local/lib/python3.6/site-packages/airflow/example_dags/example_skip_dag.py for tasks to queue
[2021-08-08 14:34:13,366] {logging_mixin.py:104} INFO - [2021-08-08 14:34:13,366] {dagbag.py:496} INFO - Filling up the DagBag from /home/airflow/.local/lib/python3.6/site-packages/airflow/example_dags/example_skip_dag.py
[2021-08-08 14:34:13,379] {scheduler_job.py:642} INFO - DAG(s) dict_keys(['example_skip_dag']) retrieved from /home/airflow/.local/lib/python3.6/site-packages/airflow/example_dags/example_skip_dag.py
[2021-08-08 14:34:13,399] {logging_mixin.py:104} INFO - [2021-08-08 14:34:13,399] {dag.py:1833} INFO - Sync 1 DAGs
[2021-08-08 14:34:13,413] {logging_mixin.py:104} INFO - [2021-08-08 14:34:13,413] {dag.py:2306} INFO - Setting next_dagrun for example_skip_dag to 2021-08-06 00:00:00+00:00
[2021-08-08 14:34:13,422] {scheduler_job.py:189} INFO - Processing /home/airflow/.local/lib/python3.6/site-packages/airflow/example_dags/example_skip_dag.py took 0.064 seconds
[2021-08-08 14:34:43,642] {scheduler_job.py:181} INFO - Started process (PID=843) to work on /home/airflow/.local/lib/python3.6/site-packages/airflow/example_dags/example_skip_dag.py
[2021-08-08 14:34:43,644] {scheduler_job.py:632} INFO - Processing file /home/airflow/.local/lib/python3.6/site-packages/airflow/example_dags/example_skip_dag.py for tasks to queue
[2021-08-08 14:34:43,646] {logging_mixin.py:104} INFO - [2021-08-08 14:34:43,646] {dagbag.py:496} INFO - Filling up the DagBag from /home/airflow/.local/lib/python3.6/site-packages/airflow/example_dags/example_skip_dag.py
[2021-08-08 14:34:43,658] {scheduler_job.py:642} INFO - DAG(s) dict_keys(['example_skip_dag']) retrieved from /home/airflow/.local/lib/python3.6/site-packages/airflow/example_dags/example_skip_dag.py
[2021-08-08 14:34:43,677] {logging_mixin.py:104} INFO - [2021-08-08 14:34:43,677] {dag.py:1833} INFO - Sync 1 DAGs
[2021-08-08 14:34:43,691] {logging_mixin.py:104} INFO - [2021-08-08 14:34:43,690] {dag.py:2306} INFO - Setting next_dagrun for example_skip_dag to 2021-08-06 00:00:00+00:00
[2021-08-08 14:34:43,700] {scheduler_job.py:189} INFO - Processing /home/airflow/.local/lib/python3.6/site-packages/airflow/example_dags/example_skip_dag.py took 0.062 seconds
[2021-08-08 14:35:14,078] {scheduler_job.py:181} INFO - Started process (PID=904) to work on /home/airflow/.local/lib/python3.6/site-packages/airflow/example_dags/example_skip_dag.py
[2021-08-08 14:35:14,079] {scheduler_job.py:632} INFO - Processing file /home/airflow/.local/lib/python3.6/site-packages/airflow/example_dags/example_skip_dag.py for tasks to queue
[2021-08-08 14:35:14,080] {logging_mixin.py:104} INFO - [2021-08-08 14:35:14,080] {dagbag.py:496} INFO - Filling up the DagBag from /home/airflow/.local/lib/python3.6/site-packages/airflow/example_dags/example_skip_dag.py
[2021-08-08 14:35:14,093] {scheduler_job.py:642} INFO - DAG(s) dict_keys(['example_skip_dag']) retrieved from /home/airflow/.local/lib/python3.6/site-packages/airflow/example_dags/example_skip_dag.py
[2021-08-08 14:35:14,115] {logging_mixin.py:104} INFO - [2021-08-08 14:35:14,115] {dag.py:1833} INFO - Sync 1 DAGs
[2021-08-08 14:35:14,131] {logging_mixin.py:104} INFO - [2021-08-08 14:35:14,131] {dag.py:2306} INFO - Setting next_dagrun for example_skip_dag to 2021-08-06 00:00:00+00:00
[2021-08-08 14:35:14,140] {scheduler_job.py:189} INFO - Processing /home/airflow/.local/lib/python3.6/site-packages/airflow/example_dags/example_skip_dag.py took 0.067 seconds
[2021-08-08 14:35:44,255] {scheduler_job.py:181} INFO - Started process (PID=964) to work on /home/airflow/.local/lib/python3.6/site-packages/airflow/example_dags/example_skip_dag.py
[2021-08-08 14:35:44,257] {scheduler_job.py:632} INFO - Processing file /home/airflow/.local/lib/python3.6/site-packages/airflow/example_dags/example_skip_dag.py for tasks to queue
[2021-08-08 14:35:44,258] {logging_mixin.py:104} INFO - [2021-08-08 14:35:44,258] {dagbag.py:496} INFO - Filling up the DagBag from /home/airflow/.local/lib/python3.6/site-packages/airflow/example_dags/example_skip_dag.py
[2021-08-08 14:35:44,268] {scheduler_job.py:642} INFO - DAG(s) dict_keys(['example_skip_dag']) retrieved from /home/airflow/.local/lib/python3.6/site-packages/airflow/example_dags/example_skip_dag.py
[2021-08-08 14:35:44,285] {logging_mixin.py:104} INFO - [2021-08-08 14:35:44,285] {dag.py:1833} INFO - Sync 1 DAGs
[2021-08-08 14:35:44,301] {logging_mixin.py:104} INFO - [2021-08-08 14:35:44,301] {dag.py:2306} INFO - Setting next_dagrun for example_skip_dag to 2021-08-06 00:00:00+00:00
[2021-08-08 14:35:44,309] {scheduler_job.py:189} INFO - Processing /home/airflow/.local/lib/python3.6/site-packages/airflow/example_dags/example_skip_dag.py took 0.058 seconds
[2021-08-08 14:36:14,580] {scheduler_job.py:181} INFO - Started process (PID=1016) to work on /home/airflow/.local/lib/python3.6/site-packages/airflow/example_dags/example_skip_dag.py
[2021-08-08 14:36:14,581] {scheduler_job.py:632} INFO - Processing file /home/airflow/.local/lib/python3.6/site-packages/airflow/example_dags/example_skip_dag.py for tasks to queue
[2021-08-08 14:36:14,582] {logging_mixin.py:104} INFO - [2021-08-08 14:36:14,582] {dagbag.py:496} INFO - Filling up the DagBag from /home/airflow/.local/lib/python3.6/site-packages/airflow/example_dags/example_skip_dag.py
[2021-08-08 14:36:14,595] {scheduler_job.py:642} INFO - DAG(s) dict_keys(['example_skip_dag']) retrieved from /home/airflow/.local/lib/python3.6/site-packages/airflow/example_dags/example_skip_dag.py
[2021-08-08 14:36:14,616] {logging_mixin.py:104} INFO - [2021-08-08 14:36:14,615] {dag.py:1833} INFO - Sync 1 DAGs
[2021-08-08 14:36:14,631] {logging_mixin.py:104} INFO - [2021-08-08 14:36:14,631] {dag.py:2306} INFO - Setting next_dagrun for example_skip_dag to 2021-08-06 00:00:00+00:00
[2021-08-08 14:36:14,639] {scheduler_job.py:189} INFO - Processing /home/airflow/.local/lib/python3.6/site-packages/airflow/example_dags/example_skip_dag.py took 0.063 seconds
[2021-08-08 14:36:45,002] {scheduler_job.py:181} INFO - Started process (PID=1077) to work on /home/airflow/.local/lib/python3.6/site-packages/airflow/example_dags/example_skip_dag.py
[2021-08-08 14:36:45,004] {scheduler_job.py:632} INFO - Processing file /home/airflow/.local/lib/python3.6/site-packages/airflow/example_dags/example_skip_dag.py for tasks to queue
[2021-08-08 14:36:45,005] {logging_mixin.py:104} INFO - [2021-08-08 14:36:45,005] {dagbag.py:496} INFO - Filling up the DagBag from /home/airflow/.local/lib/python3.6/site-packages/airflow/example_dags/example_skip_dag.py
[2021-08-08 14:36:45,019] {scheduler_job.py:642} INFO - DAG(s) dict_keys(['example_skip_dag']) retrieved from /home/airflow/.local/lib/python3.6/site-packages/airflow/example_dags/example_skip_dag.py
[2021-08-08 14:36:45,039] {logging_mixin.py:104} INFO - [2021-08-08 14:36:45,038] {dag.py:1833} INFO - Sync 1 DAGs
[2021-08-08 14:36:45,054] {logging_mixin.py:104} INFO - [2021-08-08 14:36:45,054] {dag.py:2306} INFO - Setting next_dagrun for example_skip_dag to 2021-08-06 00:00:00+00:00
[2021-08-08 14:36:45,063] {scheduler_job.py:189} INFO - Processing /home/airflow/.local/lib/python3.6/site-packages/airflow/example_dags/example_skip_dag.py took 0.064 seconds
[2021-08-08 14:37:15,413] {scheduler_job.py:181} INFO - Started process (PID=1138) to work on /home/airflow/.local/lib/python3.6/site-packages/airflow/example_dags/example_skip_dag.py
[2021-08-08 14:37:15,415] {scheduler_job.py:632} INFO - Processing file /home/airflow/.local/lib/python3.6/site-packages/airflow/example_dags/example_skip_dag.py for tasks to queue
[2021-08-08 14:37:15,417] {logging_mixin.py:104} INFO - [2021-08-08 14:37:15,417] {dagbag.py:496} INFO - Filling up the DagBag from /home/airflow/.local/lib/python3.6/site-packages/airflow/example_dags/example_skip_dag.py
[2021-08-08 14:37:15,430] {scheduler_job.py:642} INFO - DAG(s) dict_keys(['example_skip_dag']) retrieved from /home/airflow/.local/lib/python3.6/site-packages/airflow/example_dags/example_skip_dag.py
[2021-08-08 14:37:15,455] {logging_mixin.py:104} INFO - [2021-08-08 14:37:15,455] {dag.py:1833} INFO - Sync 1 DAGs
[2021-08-08 14:37:15,479] {logging_mixin.py:104} INFO - [2021-08-08 14:37:15,479] {dag.py:2306} INFO - Setting next_dagrun for example_skip_dag to 2021-08-06 00:00:00+00:00
[2021-08-08 14:37:15,492] {scheduler_job.py:189} INFO - Processing /home/airflow/.local/lib/python3.6/site-packages/airflow/example_dags/example_skip_dag.py took 0.083 seconds
[2021-08-08 14:37:45,825] {scheduler_job.py:181} INFO - Started process (PID=1189) to work on /home/airflow/.local/lib/python3.6/site-packages/airflow/example_dags/example_skip_dag.py
[2021-08-08 14:37:45,827] {scheduler_job.py:632} INFO - Processing file /home/airflow/.local/lib/python3.6/site-packages/airflow/example_dags/example_skip_dag.py for tasks to queue
[2021-08-08 14:37:45,828] {logging_mixin.py:104} INFO - [2021-08-08 14:37:45,827] {dagbag.py:496} INFO - Filling up the DagBag from /home/airflow/.local/lib/python3.6/site-packages/airflow/example_dags/example_skip_dag.py
[2021-08-08 14:37:45,838] {scheduler_job.py:642} INFO - DAG(s) dict_keys(['example_skip_dag']) retrieved from /home/airflow/.local/lib/python3.6/site-packages/airflow/example_dags/example_skip_dag.py
[2021-08-08 14:37:45,859] {logging_mixin.py:104} INFO - [2021-08-08 14:37:45,859] {dag.py:1833} INFO - Sync 1 DAGs
[2021-08-08 14:37:45,871] {logging_mixin.py:104} INFO - [2021-08-08 14:37:45,871] {dag.py:2306} INFO - Setting next_dagrun for example_skip_dag to 2021-08-06 00:00:00+00:00
[2021-08-08 14:37:45,879] {scheduler_job.py:189} INFO - Processing /home/airflow/.local/lib/python3.6/site-packages/airflow/example_dags/example_skip_dag.py took 0.057 seconds
[2021-08-08 14:38:16,083] {scheduler_job.py:181} INFO - Started process (PID=1250) to work on /home/airflow/.local/lib/python3.6/site-packages/airflow/example_dags/example_skip_dag.py
[2021-08-08 14:38:16,085] {scheduler_job.py:632} INFO - Processing file /home/airflow/.local/lib/python3.6/site-packages/airflow/example_dags/example_skip_dag.py for tasks to queue
[2021-08-08 14:38:16,086] {logging_mixin.py:104} INFO - [2021-08-08 14:38:16,086] {dagbag.py:496} INFO - Filling up the DagBag from /home/airflow/.local/lib/python3.6/site-packages/airflow/example_dags/example_skip_dag.py
[2021-08-08 14:38:16,099] {scheduler_job.py:642} INFO - DAG(s) dict_keys(['example_skip_dag']) retrieved from /home/airflow/.local/lib/python3.6/site-packages/airflow/example_dags/example_skip_dag.py
[2021-08-08 14:38:16,121] {logging_mixin.py:104} INFO - [2021-08-08 14:38:16,121] {dag.py:1833} INFO - Sync 1 DAGs
[2021-08-08 14:38:16,134] {logging_mixin.py:104} INFO - [2021-08-08 14:38:16,134] {dag.py:2306} INFO - Setting next_dagrun for example_skip_dag to 2021-08-06 00:00:00+00:00
[2021-08-08 14:38:16,142] {scheduler_job.py:189} INFO - Processing /home/airflow/.local/lib/python3.6/site-packages/airflow/example_dags/example_skip_dag.py took 0.063 seconds
[2021-08-08 14:38:46,488] {scheduler_job.py:181} INFO - Started process (PID=1313) to work on /home/airflow/.local/lib/python3.6/site-packages/airflow/example_dags/example_skip_dag.py
[2021-08-08 14:38:46,491] {scheduler_job.py:632} INFO - Processing file /home/airflow/.local/lib/python3.6/site-packages/airflow/example_dags/example_skip_dag.py for tasks to queue
[2021-08-08 14:38:46,492] {logging_mixin.py:104} INFO - [2021-08-08 14:38:46,492] {dagbag.py:496} INFO - Filling up the DagBag from /home/airflow/.local/lib/python3.6/site-packages/airflow/example_dags/example_skip_dag.py
[2021-08-08 14:38:46,507] {scheduler_job.py:642} INFO - DAG(s) dict_keys(['example_skip_dag']) retrieved from /home/airflow/.local/lib/python3.6/site-packages/airflow/example_dags/example_skip_dag.py
[2021-08-08 14:38:46,535] {logging_mixin.py:104} INFO - [2021-08-08 14:38:46,535] {dag.py:1833} INFO - Sync 1 DAGs
[2021-08-08 14:38:46,552] {logging_mixin.py:104} INFO - [2021-08-08 14:38:46,552] {dag.py:2306} INFO - Setting next_dagrun for example_skip_dag to 2021-08-06 00:00:00+00:00
[2021-08-08 14:38:46,562] {scheduler_job.py:189} INFO - Processing /home/airflow/.local/lib/python3.6/site-packages/airflow/example_dags/example_skip_dag.py took 0.078 seconds
[2021-08-08 14:39:16,949] {scheduler_job.py:181} INFO - Started process (PID=1364) to work on /home/airflow/.local/lib/python3.6/site-packages/airflow/example_dags/example_skip_dag.py
[2021-08-08 14:39:16,951] {scheduler_job.py:632} INFO - Processing file /home/airflow/.local/lib/python3.6/site-packages/airflow/example_dags/example_skip_dag.py for tasks to queue
[2021-08-08 14:39:16,952] {logging_mixin.py:104} INFO - [2021-08-08 14:39:16,952] {dagbag.py:496} INFO - Filling up the DagBag from /home/airflow/.local/lib/python3.6/site-packages/airflow/example_dags/example_skip_dag.py
[2021-08-08 14:39:16,963] {scheduler_job.py:642} INFO - DAG(s) dict_keys(['example_skip_dag']) retrieved from /home/airflow/.local/lib/python3.6/site-packages/airflow/example_dags/example_skip_dag.py
[2021-08-08 14:39:16,984] {logging_mixin.py:104} INFO - [2021-08-08 14:39:16,983] {dag.py:1833} INFO - Sync 1 DAGs
[2021-08-08 14:39:16,996] {logging_mixin.py:104} INFO - [2021-08-08 14:39:16,996] {dag.py:2306} INFO - Setting next_dagrun for example_skip_dag to 2021-08-06 00:00:00+00:00
[2021-08-08 14:39:17,006] {scheduler_job.py:189} INFO - Processing /home/airflow/.local/lib/python3.6/site-packages/airflow/example_dags/example_skip_dag.py took 0.060 seconds
[2021-08-08 14:39:47,844] {scheduler_job.py:181} INFO - Started process (PID=1444) to work on /home/airflow/.local/lib/python3.6/site-packages/airflow/example_dags/example_skip_dag.py
[2021-08-08 14:39:47,846] {scheduler_job.py:632} INFO - Processing file /home/airflow/.local/lib/python3.6/site-packages/airflow/example_dags/example_skip_dag.py for tasks to queue
[2021-08-08 14:39:47,849] {logging_mixin.py:104} INFO - [2021-08-08 14:39:47,848] {dagbag.py:496} INFO - Filling up the DagBag from /home/airflow/.local/lib/python3.6/site-packages/airflow/example_dags/example_skip_dag.py
[2021-08-08 14:39:47,867] {scheduler_job.py:642} INFO - DAG(s) dict_keys(['example_skip_dag']) retrieved from /home/airflow/.local/lib/python3.6/site-packages/airflow/example_dags/example_skip_dag.py
[2021-08-08 14:39:47,899] {logging_mixin.py:104} INFO - [2021-08-08 14:39:47,899] {dag.py:1833} INFO - Sync 1 DAGs
[2021-08-08 14:39:47,921] {logging_mixin.py:104} INFO - [2021-08-08 14:39:47,921] {dag.py:2306} INFO - Setting next_dagrun for example_skip_dag to 2021-08-06 00:00:00+00:00
[2021-08-08 14:39:47,934] {scheduler_job.py:189} INFO - Processing /home/airflow/.local/lib/python3.6/site-packages/airflow/example_dags/example_skip_dag.py took 0.097 seconds
[2021-08-08 14:40:18,271] {scheduler_job.py:181} INFO - Started process (PID=1505) to work on /home/airflow/.local/lib/python3.6/site-packages/airflow/example_dags/example_skip_dag.py
[2021-08-08 14:40:18,272] {scheduler_job.py:632} INFO - Processing file /home/airflow/.local/lib/python3.6/site-packages/airflow/example_dags/example_skip_dag.py for tasks to queue
[2021-08-08 14:40:18,274] {logging_mixin.py:104} INFO - [2021-08-08 14:40:18,274] {dagbag.py:496} INFO - Filling up the DagBag from /home/airflow/.local/lib/python3.6/site-packages/airflow/example_dags/example_skip_dag.py
[2021-08-08 14:40:18,290] {scheduler_job.py:642} INFO - DAG(s) dict_keys(['example_skip_dag']) retrieved from /home/airflow/.local/lib/python3.6/site-packages/airflow/example_dags/example_skip_dag.py
[2021-08-08 14:40:18,314] {logging_mixin.py:104} INFO - [2021-08-08 14:40:18,314] {dag.py:1833} INFO - Sync 1 DAGs
[2021-08-08 14:40:18,330] {logging_mixin.py:104} INFO - [2021-08-08 14:40:18,330] {dag.py:2306} INFO - Setting next_dagrun for example_skip_dag to 2021-08-06 00:00:00+00:00
[2021-08-08 14:40:18,341] {scheduler_job.py:189} INFO - Processing /home/airflow/.local/lib/python3.6/site-packages/airflow/example_dags/example_skip_dag.py took 0.074 seconds
[2021-08-08 14:40:48,597] {scheduler_job.py:181} INFO - Started process (PID=1557) to work on /home/airflow/.local/lib/python3.6/site-packages/airflow/example_dags/example_skip_dag.py
[2021-08-08 14:40:48,599] {scheduler_job.py:632} INFO - Processing file /home/airflow/.local/lib/python3.6/site-packages/airflow/example_dags/example_skip_dag.py for tasks to queue
[2021-08-08 14:40:48,600] {logging_mixin.py:104} INFO - [2021-08-08 14:40:48,600] {dagbag.py:496} INFO - Filling up the DagBag from /home/airflow/.local/lib/python3.6/site-packages/airflow/example_dags/example_skip_dag.py
[2021-08-08 14:40:48,613] {scheduler_job.py:642} INFO - DAG(s) dict_keys(['example_skip_dag']) retrieved from /home/airflow/.local/lib/python3.6/site-packages/airflow/example_dags/example_skip_dag.py
[2021-08-08 14:40:48,632] {logging_mixin.py:104} INFO - [2021-08-08 14:40:48,632] {dag.py:1833} INFO - Sync 1 DAGs
[2021-08-08 14:40:48,646] {logging_mixin.py:104} INFO - [2021-08-08 14:40:48,646] {dag.py:2306} INFO - Setting next_dagrun for example_skip_dag to 2021-08-06 00:00:00+00:00
[2021-08-08 14:40:48,654] {scheduler_job.py:189} INFO - Processing /home/airflow/.local/lib/python3.6/site-packages/airflow/example_dags/example_skip_dag.py took 0.061 seconds
[2021-08-08 14:41:18,949] {scheduler_job.py:181} INFO - Started process (PID=1619) to work on /home/airflow/.local/lib/python3.6/site-packages/airflow/example_dags/example_skip_dag.py
[2021-08-08 14:41:18,951] {scheduler_job.py:632} INFO - Processing file /home/airflow/.local/lib/python3.6/site-packages/airflow/example_dags/example_skip_dag.py for tasks to queue
[2021-08-08 14:41:18,953] {logging_mixin.py:104} INFO - [2021-08-08 14:41:18,953] {dagbag.py:496} INFO - Filling up the DagBag from /home/airflow/.local/lib/python3.6/site-packages/airflow/example_dags/example_skip_dag.py
[2021-08-08 14:41:18,967] {scheduler_job.py:642} INFO - DAG(s) dict_keys(['example_skip_dag']) retrieved from /home/airflow/.local/lib/python3.6/site-packages/airflow/example_dags/example_skip_dag.py
[2021-08-08 14:41:18,987] {logging_mixin.py:104} INFO - [2021-08-08 14:41:18,986] {dag.py:1833} INFO - Sync 1 DAGs
[2021-08-08 14:41:19,000] {logging_mixin.py:104} INFO - [2021-08-08 14:41:19,000] {dag.py:2306} INFO - Setting next_dagrun for example_skip_dag to 2021-08-06 00:00:00+00:00
[2021-08-08 14:41:19,009] {scheduler_job.py:189} INFO - Processing /home/airflow/.local/lib/python3.6/site-packages/airflow/example_dags/example_skip_dag.py took 0.063 seconds
[2021-08-08 14:41:49,472] {scheduler_job.py:181} INFO - Started process (PID=1680) to work on /home/airflow/.local/lib/python3.6/site-packages/airflow/example_dags/example_skip_dag.py
[2021-08-08 14:41:49,474] {scheduler_job.py:632} INFO - Processing file /home/airflow/.local/lib/python3.6/site-packages/airflow/example_dags/example_skip_dag.py for tasks to queue
[2021-08-08 14:41:49,475] {logging_mixin.py:104} INFO - [2021-08-08 14:41:49,474] {dagbag.py:496} INFO - Filling up the DagBag from /home/airflow/.local/lib/python3.6/site-packages/airflow/example_dags/example_skip_dag.py
[2021-08-08 14:41:49,487] {scheduler_job.py:642} INFO - DAG(s) dict_keys(['example_skip_dag']) retrieved from /home/airflow/.local/lib/python3.6/site-packages/airflow/example_dags/example_skip_dag.py
[2021-08-08 14:41:49,506] {logging_mixin.py:104} INFO - [2021-08-08 14:41:49,506] {dag.py:1833} INFO - Sync 1 DAGs
[2021-08-08 14:41:49,518] {logging_mixin.py:104} INFO - [2021-08-08 14:41:49,518] {dag.py:2306} INFO - Setting next_dagrun for example_skip_dag to 2021-08-06 00:00:00+00:00
[2021-08-08 14:41:49,526] {scheduler_job.py:189} INFO - Processing /home/airflow/.local/lib/python3.6/site-packages/airflow/example_dags/example_skip_dag.py took 0.057 seconds
[2021-08-08 14:42:20,152] {scheduler_job.py:181} INFO - Started process (PID=1732) to work on /home/airflow/.local/lib/python3.6/site-packages/airflow/example_dags/example_skip_dag.py
[2021-08-08 14:42:20,157] {scheduler_job.py:632} INFO - Processing file /home/airflow/.local/lib/python3.6/site-packages/airflow/example_dags/example_skip_dag.py for tasks to queue
[2021-08-08 14:42:20,158] {logging_mixin.py:104} INFO - [2021-08-08 14:42:20,158] {dagbag.py:496} INFO - Filling up the DagBag from /home/airflow/.local/lib/python3.6/site-packages/airflow/example_dags/example_skip_dag.py
[2021-08-08 14:42:20,168] {scheduler_job.py:642} INFO - DAG(s) dict_keys(['example_skip_dag']) retrieved from /home/airflow/.local/lib/python3.6/site-packages/airflow/example_dags/example_skip_dag.py
[2021-08-08 14:42:20,187] {logging_mixin.py:104} INFO - [2021-08-08 14:42:20,187] {dag.py:1833} INFO - Sync 1 DAGs
[2021-08-08 14:42:20,201] {logging_mixin.py:104} INFO - [2021-08-08 14:42:20,201] {dag.py:2306} INFO - Setting next_dagrun for example_skip_dag to 2021-08-06 00:00:00+00:00
[2021-08-08 14:42:20,209] {scheduler_job.py:189} INFO - Processing /home/airflow/.local/lib/python3.6/site-packages/airflow/example_dags/example_skip_dag.py took 0.061 seconds
[2021-08-08 14:42:50,710] {scheduler_job.py:181} INFO - Started process (PID=1794) to work on /home/airflow/.local/lib/python3.6/site-packages/airflow/example_dags/example_skip_dag.py
[2021-08-08 14:42:50,712] {scheduler_job.py:632} INFO - Processing file /home/airflow/.local/lib/python3.6/site-packages/airflow/example_dags/example_skip_dag.py for tasks to queue
[2021-08-08 14:42:50,714] {logging_mixin.py:104} INFO - [2021-08-08 14:42:50,713] {dagbag.py:496} INFO - Filling up the DagBag from /home/airflow/.local/lib/python3.6/site-packages/airflow/example_dags/example_skip_dag.py
[2021-08-08 14:42:50,745] {scheduler_job.py:642} INFO - DAG(s) dict_keys(['example_skip_dag']) retrieved from /home/airflow/.local/lib/python3.6/site-packages/airflow/example_dags/example_skip_dag.py
[2021-08-08 14:42:50,789] {logging_mixin.py:104} INFO - [2021-08-08 14:42:50,789] {dag.py:1833} INFO - Sync 1 DAGs
[2021-08-08 14:42:50,822] {logging_mixin.py:104} INFO - [2021-08-08 14:42:50,822] {dag.py:2306} INFO - Setting next_dagrun for example_skip_dag to 2021-08-06 00:00:00+00:00
[2021-08-08 14:42:50,841] {scheduler_job.py:189} INFO - Processing /home/airflow/.local/lib/python3.6/site-packages/airflow/example_dags/example_skip_dag.py took 0.139 seconds
[2021-08-08 14:43:20,997] {scheduler_job.py:181} INFO - Started process (PID=1845) to work on /home/airflow/.local/lib/python3.6/site-packages/airflow/example_dags/example_skip_dag.py
[2021-08-08 14:43:20,999] {scheduler_job.py:632} INFO - Processing file /home/airflow/.local/lib/python3.6/site-packages/airflow/example_dags/example_skip_dag.py for tasks to queue
[2021-08-08 14:43:21,000] {logging_mixin.py:104} INFO - [2021-08-08 14:43:21,000] {dagbag.py:496} INFO - Filling up the DagBag from /home/airflow/.local/lib/python3.6/site-packages/airflow/example_dags/example_skip_dag.py
[2021-08-08 14:43:21,014] {scheduler_job.py:642} INFO - DAG(s) dict_keys(['example_skip_dag']) retrieved from /home/airflow/.local/lib/python3.6/site-packages/airflow/example_dags/example_skip_dag.py
[2021-08-08 14:43:21,033] {logging_mixin.py:104} INFO - [2021-08-08 14:43:21,033] {dag.py:1833} INFO - Sync 1 DAGs
[2021-08-08 14:43:21,047] {logging_mixin.py:104} INFO - [2021-08-08 14:43:21,046] {dag.py:2306} INFO - Setting next_dagrun for example_skip_dag to 2021-08-06 00:00:00+00:00
[2021-08-08 14:43:21,055] {scheduler_job.py:189} INFO - Processing /home/airflow/.local/lib/python3.6/site-packages/airflow/example_dags/example_skip_dag.py took 0.062 seconds
[2021-08-08 14:43:51,216] {scheduler_job.py:181} INFO - Started process (PID=1906) to work on /home/airflow/.local/lib/python3.6/site-packages/airflow/example_dags/example_skip_dag.py
[2021-08-08 14:43:51,218] {scheduler_job.py:632} INFO - Processing file /home/airflow/.local/lib/python3.6/site-packages/airflow/example_dags/example_skip_dag.py for tasks to queue
[2021-08-08 14:43:51,219] {logging_mixin.py:104} INFO - [2021-08-08 14:43:51,219] {dagbag.py:496} INFO - Filling up the DagBag from /home/airflow/.local/lib/python3.6/site-packages/airflow/example_dags/example_skip_dag.py
[2021-08-08 14:43:51,231] {scheduler_job.py:642} INFO - DAG(s) dict_keys(['example_skip_dag']) retrieved from /home/airflow/.local/lib/python3.6/site-packages/airflow/example_dags/example_skip_dag.py
[2021-08-08 14:43:51,249] {logging_mixin.py:104} INFO - [2021-08-08 14:43:51,249] {dag.py:1833} INFO - Sync 1 DAGs
[2021-08-08 14:43:51,264] {logging_mixin.py:104} INFO - [2021-08-08 14:43:51,264] {dag.py:2306} INFO - Setting next_dagrun for example_skip_dag to 2021-08-06 00:00:00+00:00
[2021-08-08 14:43:51,272] {scheduler_job.py:189} INFO - Processing /home/airflow/.local/lib/python3.6/site-packages/airflow/example_dags/example_skip_dag.py took 0.060 seconds
[2021-08-08 14:44:21,520] {scheduler_job.py:181} INFO - Started process (PID=1967) to work on /home/airflow/.local/lib/python3.6/site-packages/airflow/example_dags/example_skip_dag.py
[2021-08-08 14:44:21,521] {scheduler_job.py:632} INFO - Processing file /home/airflow/.local/lib/python3.6/site-packages/airflow/example_dags/example_skip_dag.py for tasks to queue
[2021-08-08 14:44:21,522] {logging_mixin.py:104} INFO - [2021-08-08 14:44:21,522] {dagbag.py:496} INFO - Filling up the DagBag from /home/airflow/.local/lib/python3.6/site-packages/airflow/example_dags/example_skip_dag.py
[2021-08-08 14:44:21,535] {scheduler_job.py:642} INFO - DAG(s) dict_keys(['example_skip_dag']) retrieved from /home/airflow/.local/lib/python3.6/site-packages/airflow/example_dags/example_skip_dag.py
[2021-08-08 14:44:21,554] {logging_mixin.py:104} INFO - [2021-08-08 14:44:21,554] {dag.py:1833} INFO - Sync 1 DAGs
[2021-08-08 14:44:21,568] {logging_mixin.py:104} INFO - [2021-08-08 14:44:21,568] {dag.py:2306} INFO - Setting next_dagrun for example_skip_dag to 2021-08-06 00:00:00+00:00
[2021-08-08 14:44:21,576] {scheduler_job.py:189} INFO - Processing /home/airflow/.local/lib/python3.6/site-packages/airflow/example_dags/example_skip_dag.py took 0.060 seconds
[2021-08-08 14:44:51,848] {scheduler_job.py:181} INFO - Started process (PID=2018) to work on /home/airflow/.local/lib/python3.6/site-packages/airflow/example_dags/example_skip_dag.py
[2021-08-08 14:44:51,851] {scheduler_job.py:632} INFO - Processing file /home/airflow/.local/lib/python3.6/site-packages/airflow/example_dags/example_skip_dag.py for tasks to queue
[2021-08-08 14:44:51,852] {logging_mixin.py:104} INFO - [2021-08-08 14:44:51,852] {dagbag.py:496} INFO - Filling up the DagBag from /home/airflow/.local/lib/python3.6/site-packages/airflow/example_dags/example_skip_dag.py
[2021-08-08 14:44:51,868] {scheduler_job.py:642} INFO - DAG(s) dict_keys(['example_skip_dag']) retrieved from /home/airflow/.local/lib/python3.6/site-packages/airflow/example_dags/example_skip_dag.py
[2021-08-08 14:44:51,891] {logging_mixin.py:104} INFO - [2021-08-08 14:44:51,891] {dag.py:1833} INFO - Sync 1 DAGs
[2021-08-08 14:44:51,906] {logging_mixin.py:104} INFO - [2021-08-08 14:44:51,906] {dag.py:2306} INFO - Setting next_dagrun for example_skip_dag to 2021-08-06 00:00:00+00:00
[2021-08-08 14:44:51,915] {scheduler_job.py:189} INFO - Processing /home/airflow/.local/lib/python3.6/site-packages/airflow/example_dags/example_skip_dag.py took 0.071 seconds
[2021-08-08 14:45:22,296] {scheduler_job.py:181} INFO - Started process (PID=2079) to work on /home/airflow/.local/lib/python3.6/site-packages/airflow/example_dags/example_skip_dag.py
[2021-08-08 14:45:22,299] {scheduler_job.py:632} INFO - Processing file /home/airflow/.local/lib/python3.6/site-packages/airflow/example_dags/example_skip_dag.py for tasks to queue
[2021-08-08 14:45:22,301] {logging_mixin.py:104} INFO - [2021-08-08 14:45:22,301] {dagbag.py:496} INFO - Filling up the DagBag from /home/airflow/.local/lib/python3.6/site-packages/airflow/example_dags/example_skip_dag.py
[2021-08-08 14:45:22,321] {scheduler_job.py:642} INFO - DAG(s) dict_keys(['example_skip_dag']) retrieved from /home/airflow/.local/lib/python3.6/site-packages/airflow/example_dags/example_skip_dag.py
[2021-08-08 14:45:22,366] {logging_mixin.py:104} INFO - [2021-08-08 14:45:22,366] {dag.py:1833} INFO - Sync 1 DAGs
[2021-08-08 14:45:22,386] {logging_mixin.py:104} INFO - [2021-08-08 14:45:22,386] {dag.py:2306} INFO - Setting next_dagrun for example_skip_dag to 2021-08-06 00:00:00+00:00
[2021-08-08 14:45:22,398] {scheduler_job.py:189} INFO - Processing /home/airflow/.local/lib/python3.6/site-packages/airflow/example_dags/example_skip_dag.py took 0.106 seconds
[2021-08-08 14:45:52,820] {scheduler_job.py:181} INFO - Started process (PID=2142) to work on /home/airflow/.local/lib/python3.6/site-packages/airflow/example_dags/example_skip_dag.py
[2021-08-08 14:45:52,824] {scheduler_job.py:632} INFO - Processing file /home/airflow/.local/lib/python3.6/site-packages/airflow/example_dags/example_skip_dag.py for tasks to queue
[2021-08-08 14:45:52,829] {logging_mixin.py:104} INFO - [2021-08-08 14:45:52,829] {dagbag.py:496} INFO - Filling up the DagBag from /home/airflow/.local/lib/python3.6/site-packages/airflow/example_dags/example_skip_dag.py
[2021-08-08 14:45:52,893] {scheduler_job.py:642} INFO - DAG(s) dict_keys(['example_skip_dag']) retrieved from /home/airflow/.local/lib/python3.6/site-packages/airflow/example_dags/example_skip_dag.py
[2021-08-08 14:45:52,953] {logging_mixin.py:104} INFO - [2021-08-08 14:45:52,952] {dag.py:1833} INFO - Sync 1 DAGs
[2021-08-08 14:45:53,000] {logging_mixin.py:104} INFO - [2021-08-08 14:45:53,000] {dag.py:2306} INFO - Setting next_dagrun for example_skip_dag to 2021-08-06 00:00:00+00:00
[2021-08-08 14:45:53,039] {scheduler_job.py:189} INFO - Processing /home/airflow/.local/lib/python3.6/site-packages/airflow/example_dags/example_skip_dag.py took 0.232 seconds
[2021-08-08 14:46:23,194] {scheduler_job.py:181} INFO - Started process (PID=2195) to work on /home/airflow/.local/lib/python3.6/site-packages/airflow/example_dags/example_skip_dag.py
[2021-08-08 14:46:23,196] {scheduler_job.py:632} INFO - Processing file /home/airflow/.local/lib/python3.6/site-packages/airflow/example_dags/example_skip_dag.py for tasks to queue
[2021-08-08 14:46:23,197] {logging_mixin.py:104} INFO - [2021-08-08 14:46:23,197] {dagbag.py:496} INFO - Filling up the DagBag from /home/airflow/.local/lib/python3.6/site-packages/airflow/example_dags/example_skip_dag.py
[2021-08-08 14:46:23,207] {scheduler_job.py:642} INFO - DAG(s) dict_keys(['example_skip_dag']) retrieved from /home/airflow/.local/lib/python3.6/site-packages/airflow/example_dags/example_skip_dag.py
[2021-08-08 14:46:23,229] {logging_mixin.py:104} INFO - [2021-08-08 14:46:23,229] {dag.py:1833} INFO - Sync 1 DAGs
[2021-08-08 14:46:23,244] {logging_mixin.py:104} INFO - [2021-08-08 14:46:23,244] {dag.py:2306} INFO - Setting next_dagrun for example_skip_dag to 2021-08-06 00:00:00+00:00
[2021-08-08 14:46:23,254] {scheduler_job.py:189} INFO - Processing /home/airflow/.local/lib/python3.6/site-packages/airflow/example_dags/example_skip_dag.py took 0.063 seconds
[2021-08-08 14:46:53,318] {scheduler_job.py:181} INFO - Started process (PID=2257) to work on /home/airflow/.local/lib/python3.6/site-packages/airflow/example_dags/example_skip_dag.py
[2021-08-08 14:46:53,319] {scheduler_job.py:632} INFO - Processing file /home/airflow/.local/lib/python3.6/site-packages/airflow/example_dags/example_skip_dag.py for tasks to queue
[2021-08-08 14:46:53,320] {logging_mixin.py:104} INFO - [2021-08-08 14:46:53,320] {dagbag.py:496} INFO - Filling up the DagBag from /home/airflow/.local/lib/python3.6/site-packages/airflow/example_dags/example_skip_dag.py
[2021-08-08 14:46:53,331] {scheduler_job.py:642} INFO - DAG(s) dict_keys(['example_skip_dag']) retrieved from /home/airflow/.local/lib/python3.6/site-packages/airflow/example_dags/example_skip_dag.py
[2021-08-08 14:46:53,352] {logging_mixin.py:104} INFO - [2021-08-08 14:46:53,352] {dag.py:1833} INFO - Sync 1 DAGs
[2021-08-08 14:46:53,366] {logging_mixin.py:104} INFO - [2021-08-08 14:46:53,365] {dag.py:2306} INFO - Setting next_dagrun for example_skip_dag to 2021-08-06 00:00:00+00:00
[2021-08-08 14:46:53,374] {scheduler_job.py:189} INFO - Processing /home/airflow/.local/lib/python3.6/site-packages/airflow/example_dags/example_skip_dag.py took 0.060 seconds
[2021-08-08 14:47:23,973] {scheduler_job.py:181} INFO - Started process (PID=2319) to work on /home/airflow/.local/lib/python3.6/site-packages/airflow/example_dags/example_skip_dag.py
[2021-08-08 14:47:23,976] {scheduler_job.py:632} INFO - Processing file /home/airflow/.local/lib/python3.6/site-packages/airflow/example_dags/example_skip_dag.py for tasks to queue
[2021-08-08 14:47:23,978] {logging_mixin.py:104} INFO - [2021-08-08 14:47:23,977] {dagbag.py:496} INFO - Filling up the DagBag from /home/airflow/.local/lib/python3.6/site-packages/airflow/example_dags/example_skip_dag.py
[2021-08-08 14:47:23,991] {scheduler_job.py:642} INFO - DAG(s) dict_keys(['example_skip_dag']) retrieved from /home/airflow/.local/lib/python3.6/site-packages/airflow/example_dags/example_skip_dag.py
[2021-08-08 14:47:24,014] {logging_mixin.py:104} INFO - [2021-08-08 14:47:24,014] {dag.py:1833} INFO - Sync 1 DAGs
[2021-08-08 14:47:24,030] {logging_mixin.py:104} INFO - [2021-08-08 14:47:24,030] {dag.py:2306} INFO - Setting next_dagrun for example_skip_dag to 2021-08-06 00:00:00+00:00
[2021-08-08 14:47:24,040] {scheduler_job.py:189} INFO - Processing /home/airflow/.local/lib/python3.6/site-packages/airflow/example_dags/example_skip_dag.py took 0.071 seconds
[2021-08-08 14:47:54,546] {scheduler_job.py:181} INFO - Started process (PID=2370) to work on /home/airflow/.local/lib/python3.6/site-packages/airflow/example_dags/example_skip_dag.py
[2021-08-08 14:47:54,548] {scheduler_job.py:632} INFO - Processing file /home/airflow/.local/lib/python3.6/site-packages/airflow/example_dags/example_skip_dag.py for tasks to queue
[2021-08-08 14:47:54,550] {logging_mixin.py:104} INFO - [2021-08-08 14:47:54,549] {dagbag.py:496} INFO - Filling up the DagBag from /home/airflow/.local/lib/python3.6/site-packages/airflow/example_dags/example_skip_dag.py
[2021-08-08 14:47:54,567] {scheduler_job.py:642} INFO - DAG(s) dict_keys(['example_skip_dag']) retrieved from /home/airflow/.local/lib/python3.6/site-packages/airflow/example_dags/example_skip_dag.py
[2021-08-08 14:47:54,600] {logging_mixin.py:104} INFO - [2021-08-08 14:47:54,600] {dag.py:1833} INFO - Sync 1 DAGs
[2021-08-08 14:47:54,619] {logging_mixin.py:104} INFO - [2021-08-08 14:47:54,619] {dag.py:2306} INFO - Setting next_dagrun for example_skip_dag to 2021-08-06 00:00:00+00:00
[2021-08-08 14:47:54,630] {scheduler_job.py:189} INFO - Processing /home/airflow/.local/lib/python3.6/site-packages/airflow/example_dags/example_skip_dag.py took 0.091 seconds
