[2021-08-08 14:30:09,859] {scheduler_job.py:181} INFO - Started process (PID=25) to work on /home/airflow/.local/lib/python3.6/site-packages/airflow/example_dags/example_kubernetes_executor.py
[2021-08-08 14:30:09,861] {scheduler_job.py:632} INFO - Processing file /home/airflow/.local/lib/python3.6/site-packages/airflow/example_dags/example_kubernetes_executor.py for tasks to queue
[2021-08-08 14:30:09,863] {logging_mixin.py:104} INFO - [2021-08-08 14:30:09,862] {dagbag.py:496} INFO - Filling up the DagBag from /home/airflow/.local/lib/python3.6/site-packages/airflow/example_dags/example_kubernetes_executor.py
[2021-08-08 14:30:09,900] {scheduler_job.py:642} INFO - DAG(s) dict_keys(['example_kubernetes_executor']) retrieved from /home/airflow/.local/lib/python3.6/site-packages/airflow/example_dags/example_kubernetes_executor.py
[2021-08-08 14:30:14,641] {logging_mixin.py:104} INFO - [2021-08-08 14:30:14,639] {dag.py:1833} INFO - Sync 1 DAGs
[2021-08-08 14:30:14,651] {logging_mixin.py:104} INFO - [2021-08-08 14:30:14,650] {dag.py:1852} INFO - Creating ORM DAG for example_kubernetes_executor
[2021-08-08 14:30:14,655] {logging_mixin.py:104} INFO - [2021-08-08 14:30:14,655] {dag.py:2306} INFO - Setting next_dagrun for example_kubernetes_executor to None
[2021-08-08 14:30:14,663] {scheduler_job.py:189} INFO - Processing /home/airflow/.local/lib/python3.6/site-packages/airflow/example_dags/example_kubernetes_executor.py took 4.828 seconds
[2021-08-08 14:30:45,635] {scheduler_job.py:181} INFO - Started process (PID=387) to work on /home/airflow/.local/lib/python3.6/site-packages/airflow/example_dags/example_kubernetes_executor.py
[2021-08-08 14:30:45,637] {scheduler_job.py:632} INFO - Processing file /home/airflow/.local/lib/python3.6/site-packages/airflow/example_dags/example_kubernetes_executor.py for tasks to queue
[2021-08-08 14:30:45,638] {logging_mixin.py:104} INFO - [2021-08-08 14:30:45,638] {dagbag.py:496} INFO - Filling up the DagBag from /home/airflow/.local/lib/python3.6/site-packages/airflow/example_dags/example_kubernetes_executor.py
[2021-08-08 14:30:45,653] {scheduler_job.py:642} INFO - DAG(s) dict_keys(['example_kubernetes_executor']) retrieved from /home/airflow/.local/lib/python3.6/site-packages/airflow/example_dags/example_kubernetes_executor.py
[2021-08-08 14:30:45,672] {logging_mixin.py:104} INFO - [2021-08-08 14:30:45,672] {dag.py:1833} INFO - Sync 1 DAGs
[2021-08-08 14:30:45,686] {logging_mixin.py:104} INFO - [2021-08-08 14:30:45,686] {dag.py:2306} INFO - Setting next_dagrun for example_kubernetes_executor to None
[2021-08-08 14:30:45,695] {scheduler_job.py:189} INFO - Processing /home/airflow/.local/lib/python3.6/site-packages/airflow/example_dags/example_kubernetes_executor.py took 0.064 seconds
[2021-08-08 14:31:16,183] {scheduler_job.py:181} INFO - Started process (PID=448) to work on /home/airflow/.local/lib/python3.6/site-packages/airflow/example_dags/example_kubernetes_executor.py
[2021-08-08 14:31:16,186] {scheduler_job.py:632} INFO - Processing file /home/airflow/.local/lib/python3.6/site-packages/airflow/example_dags/example_kubernetes_executor.py for tasks to queue
[2021-08-08 14:31:16,187] {logging_mixin.py:104} INFO - [2021-08-08 14:31:16,187] {dagbag.py:496} INFO - Filling up the DagBag from /home/airflow/.local/lib/python3.6/site-packages/airflow/example_dags/example_kubernetes_executor.py
[2021-08-08 14:31:16,200] {scheduler_job.py:642} INFO - DAG(s) dict_keys(['example_kubernetes_executor']) retrieved from /home/airflow/.local/lib/python3.6/site-packages/airflow/example_dags/example_kubernetes_executor.py
[2021-08-08 14:31:16,221] {logging_mixin.py:104} INFO - [2021-08-08 14:31:16,221] {dag.py:1833} INFO - Sync 1 DAGs
[2021-08-08 14:31:16,234] {logging_mixin.py:104} INFO - [2021-08-08 14:31:16,234] {dag.py:2306} INFO - Setting next_dagrun for example_kubernetes_executor to None
[2021-08-08 14:31:16,245] {scheduler_job.py:189} INFO - Processing /home/airflow/.local/lib/python3.6/site-packages/airflow/example_dags/example_kubernetes_executor.py took 0.066 seconds
[2021-08-08 14:31:46,472] {scheduler_job.py:181} INFO - Started process (PID=500) to work on /home/airflow/.local/lib/python3.6/site-packages/airflow/example_dags/example_kubernetes_executor.py
[2021-08-08 14:31:46,474] {scheduler_job.py:632} INFO - Processing file /home/airflow/.local/lib/python3.6/site-packages/airflow/example_dags/example_kubernetes_executor.py for tasks to queue
[2021-08-08 14:31:46,476] {logging_mixin.py:104} INFO - [2021-08-08 14:31:46,475] {dagbag.py:496} INFO - Filling up the DagBag from /home/airflow/.local/lib/python3.6/site-packages/airflow/example_dags/example_kubernetes_executor.py
[2021-08-08 14:31:46,489] {scheduler_job.py:642} INFO - DAG(s) dict_keys(['example_kubernetes_executor']) retrieved from /home/airflow/.local/lib/python3.6/site-packages/airflow/example_dags/example_kubernetes_executor.py
[2021-08-08 14:31:46,509] {logging_mixin.py:104} INFO - [2021-08-08 14:31:46,508] {dag.py:1833} INFO - Sync 1 DAGs
[2021-08-08 14:31:46,522] {logging_mixin.py:104} INFO - [2021-08-08 14:31:46,522] {dag.py:2306} INFO - Setting next_dagrun for example_kubernetes_executor to None
[2021-08-08 14:31:46,532] {scheduler_job.py:189} INFO - Processing /home/airflow/.local/lib/python3.6/site-packages/airflow/example_dags/example_kubernetes_executor.py took 0.063 seconds
[2021-08-08 14:32:16,835] {scheduler_job.py:181} INFO - Started process (PID=562) to work on /home/airflow/.local/lib/python3.6/site-packages/airflow/example_dags/example_kubernetes_executor.py
[2021-08-08 14:32:16,837] {scheduler_job.py:632} INFO - Processing file /home/airflow/.local/lib/python3.6/site-packages/airflow/example_dags/example_kubernetes_executor.py for tasks to queue
[2021-08-08 14:32:16,838] {logging_mixin.py:104} INFO - [2021-08-08 14:32:16,838] {dagbag.py:496} INFO - Filling up the DagBag from /home/airflow/.local/lib/python3.6/site-packages/airflow/example_dags/example_kubernetes_executor.py
[2021-08-08 14:32:16,851] {scheduler_job.py:642} INFO - DAG(s) dict_keys(['example_kubernetes_executor']) retrieved from /home/airflow/.local/lib/python3.6/site-packages/airflow/example_dags/example_kubernetes_executor.py
[2021-08-08 14:32:16,871] {logging_mixin.py:104} INFO - [2021-08-08 14:32:16,871] {dag.py:1833} INFO - Sync 1 DAGs
[2021-08-08 14:32:16,884] {logging_mixin.py:104} INFO - [2021-08-08 14:32:16,884] {dag.py:2306} INFO - Setting next_dagrun for example_kubernetes_executor to None
[2021-08-08 14:32:16,895] {scheduler_job.py:189} INFO - Processing /home/airflow/.local/lib/python3.6/site-packages/airflow/example_dags/example_kubernetes_executor.py took 0.064 seconds
[2021-08-08 14:32:47,089] {scheduler_job.py:181} INFO - Started process (PID=623) to work on /home/airflow/.local/lib/python3.6/site-packages/airflow/example_dags/example_kubernetes_executor.py
[2021-08-08 14:32:47,090] {scheduler_job.py:632} INFO - Processing file /home/airflow/.local/lib/python3.6/site-packages/airflow/example_dags/example_kubernetes_executor.py for tasks to queue
[2021-08-08 14:32:47,092] {logging_mixin.py:104} INFO - [2021-08-08 14:32:47,092] {dagbag.py:496} INFO - Filling up the DagBag from /home/airflow/.local/lib/python3.6/site-packages/airflow/example_dags/example_kubernetes_executor.py
[2021-08-08 14:32:47,105] {scheduler_job.py:642} INFO - DAG(s) dict_keys(['example_kubernetes_executor']) retrieved from /home/airflow/.local/lib/python3.6/site-packages/airflow/example_dags/example_kubernetes_executor.py
[2021-08-08 14:32:47,124] {logging_mixin.py:104} INFO - [2021-08-08 14:32:47,123] {dag.py:1833} INFO - Sync 1 DAGs
[2021-08-08 14:32:47,137] {logging_mixin.py:104} INFO - [2021-08-08 14:32:47,137] {dag.py:2306} INFO - Setting next_dagrun for example_kubernetes_executor to None
[2021-08-08 14:32:47,145] {scheduler_job.py:189} INFO - Processing /home/airflow/.local/lib/python3.6/site-packages/airflow/example_dags/example_kubernetes_executor.py took 0.060 seconds
[2021-08-08 14:33:17,486] {scheduler_job.py:181} INFO - Started process (PID=683) to work on /home/airflow/.local/lib/python3.6/site-packages/airflow/example_dags/example_kubernetes_executor.py
[2021-08-08 14:33:17,488] {scheduler_job.py:632} INFO - Processing file /home/airflow/.local/lib/python3.6/site-packages/airflow/example_dags/example_kubernetes_executor.py for tasks to queue
[2021-08-08 14:33:17,491] {logging_mixin.py:104} INFO - [2021-08-08 14:33:17,491] {dagbag.py:496} INFO - Filling up the DagBag from /home/airflow/.local/lib/python3.6/site-packages/airflow/example_dags/example_kubernetes_executor.py
[2021-08-08 14:33:17,505] {scheduler_job.py:642} INFO - DAG(s) dict_keys(['example_kubernetes_executor']) retrieved from /home/airflow/.local/lib/python3.6/site-packages/airflow/example_dags/example_kubernetes_executor.py
[2021-08-08 14:33:17,529] {logging_mixin.py:104} INFO - [2021-08-08 14:33:17,529] {dag.py:1833} INFO - Sync 1 DAGs
[2021-08-08 14:33:17,549] {logging_mixin.py:104} INFO - [2021-08-08 14:33:17,549] {dag.py:2306} INFO - Setting next_dagrun for example_kubernetes_executor to None
[2021-08-08 14:33:17,563] {scheduler_job.py:189} INFO - Processing /home/airflow/.local/lib/python3.6/site-packages/airflow/example_dags/example_kubernetes_executor.py took 0.079 seconds
[2021-08-08 14:33:48,061] {scheduler_job.py:181} INFO - Started process (PID=735) to work on /home/airflow/.local/lib/python3.6/site-packages/airflow/example_dags/example_kubernetes_executor.py
[2021-08-08 14:33:48,063] {scheduler_job.py:632} INFO - Processing file /home/airflow/.local/lib/python3.6/site-packages/airflow/example_dags/example_kubernetes_executor.py for tasks to queue
[2021-08-08 14:33:48,064] {logging_mixin.py:104} INFO - [2021-08-08 14:33:48,064] {dagbag.py:496} INFO - Filling up the DagBag from /home/airflow/.local/lib/python3.6/site-packages/airflow/example_dags/example_kubernetes_executor.py
[2021-08-08 14:33:48,078] {scheduler_job.py:642} INFO - DAG(s) dict_keys(['example_kubernetes_executor']) retrieved from /home/airflow/.local/lib/python3.6/site-packages/airflow/example_dags/example_kubernetes_executor.py
[2021-08-08 14:33:48,099] {logging_mixin.py:104} INFO - [2021-08-08 14:33:48,099] {dag.py:1833} INFO - Sync 1 DAGs
[2021-08-08 14:33:48,113] {logging_mixin.py:104} INFO - [2021-08-08 14:33:48,113] {dag.py:2306} INFO - Setting next_dagrun for example_kubernetes_executor to None
[2021-08-08 14:33:48,124] {scheduler_job.py:189} INFO - Processing /home/airflow/.local/lib/python3.6/site-packages/airflow/example_dags/example_kubernetes_executor.py took 0.066 seconds
[2021-08-08 14:34:18,536] {scheduler_job.py:181} INFO - Started process (PID=796) to work on /home/airflow/.local/lib/python3.6/site-packages/airflow/example_dags/example_kubernetes_executor.py
[2021-08-08 14:34:18,540] {scheduler_job.py:632} INFO - Processing file /home/airflow/.local/lib/python3.6/site-packages/airflow/example_dags/example_kubernetes_executor.py for tasks to queue
[2021-08-08 14:34:18,542] {logging_mixin.py:104} INFO - [2021-08-08 14:34:18,542] {dagbag.py:496} INFO - Filling up the DagBag from /home/airflow/.local/lib/python3.6/site-packages/airflow/example_dags/example_kubernetes_executor.py
[2021-08-08 14:34:18,557] {scheduler_job.py:642} INFO - DAG(s) dict_keys(['example_kubernetes_executor']) retrieved from /home/airflow/.local/lib/python3.6/site-packages/airflow/example_dags/example_kubernetes_executor.py
[2021-08-08 14:34:18,578] {logging_mixin.py:104} INFO - [2021-08-08 14:34:18,578] {dag.py:1833} INFO - Sync 1 DAGs
[2021-08-08 14:34:18,592] {logging_mixin.py:104} INFO - [2021-08-08 14:34:18,592] {dag.py:2306} INFO - Setting next_dagrun for example_kubernetes_executor to None
[2021-08-08 14:34:18,603] {scheduler_job.py:189} INFO - Processing /home/airflow/.local/lib/python3.6/site-packages/airflow/example_dags/example_kubernetes_executor.py took 0.071 seconds
[2021-08-08 14:34:48,819] {scheduler_job.py:181} INFO - Started process (PID=858) to work on /home/airflow/.local/lib/python3.6/site-packages/airflow/example_dags/example_kubernetes_executor.py
[2021-08-08 14:34:48,822] {scheduler_job.py:632} INFO - Processing file /home/airflow/.local/lib/python3.6/site-packages/airflow/example_dags/example_kubernetes_executor.py for tasks to queue
[2021-08-08 14:34:48,823] {logging_mixin.py:104} INFO - [2021-08-08 14:34:48,823] {dagbag.py:496} INFO - Filling up the DagBag from /home/airflow/.local/lib/python3.6/site-packages/airflow/example_dags/example_kubernetes_executor.py
[2021-08-08 14:34:48,838] {scheduler_job.py:642} INFO - DAG(s) dict_keys(['example_kubernetes_executor']) retrieved from /home/airflow/.local/lib/python3.6/site-packages/airflow/example_dags/example_kubernetes_executor.py
[2021-08-08 14:34:48,864] {logging_mixin.py:104} INFO - [2021-08-08 14:34:48,864] {dag.py:1833} INFO - Sync 1 DAGs
[2021-08-08 14:34:48,880] {logging_mixin.py:104} INFO - [2021-08-08 14:34:48,880] {dag.py:2306} INFO - Setting next_dagrun for example_kubernetes_executor to None
[2021-08-08 14:34:48,889] {scheduler_job.py:189} INFO - Processing /home/airflow/.local/lib/python3.6/site-packages/airflow/example_dags/example_kubernetes_executor.py took 0.074 seconds
[2021-08-08 14:35:19,255] {scheduler_job.py:181} INFO - Started process (PID=909) to work on /home/airflow/.local/lib/python3.6/site-packages/airflow/example_dags/example_kubernetes_executor.py
[2021-08-08 14:35:19,257] {scheduler_job.py:632} INFO - Processing file /home/airflow/.local/lib/python3.6/site-packages/airflow/example_dags/example_kubernetes_executor.py for tasks to queue
[2021-08-08 14:35:19,258] {logging_mixin.py:104} INFO - [2021-08-08 14:35:19,258] {dagbag.py:496} INFO - Filling up the DagBag from /home/airflow/.local/lib/python3.6/site-packages/airflow/example_dags/example_kubernetes_executor.py
[2021-08-08 14:35:19,272] {scheduler_job.py:642} INFO - DAG(s) dict_keys(['example_kubernetes_executor']) retrieved from /home/airflow/.local/lib/python3.6/site-packages/airflow/example_dags/example_kubernetes_executor.py
[2021-08-08 14:35:19,291] {logging_mixin.py:104} INFO - [2021-08-08 14:35:19,291] {dag.py:1833} INFO - Sync 1 DAGs
[2021-08-08 14:35:19,306] {logging_mixin.py:104} INFO - [2021-08-08 14:35:19,306] {dag.py:2306} INFO - Setting next_dagrun for example_kubernetes_executor to None
[2021-08-08 14:35:19,315] {scheduler_job.py:189} INFO - Processing /home/airflow/.local/lib/python3.6/site-packages/airflow/example_dags/example_kubernetes_executor.py took 0.063 seconds
[2021-08-08 14:35:49,428] {scheduler_job.py:181} INFO - Started process (PID=970) to work on /home/airflow/.local/lib/python3.6/site-packages/airflow/example_dags/example_kubernetes_executor.py
[2021-08-08 14:35:49,429] {scheduler_job.py:632} INFO - Processing file /home/airflow/.local/lib/python3.6/site-packages/airflow/example_dags/example_kubernetes_executor.py for tasks to queue
[2021-08-08 14:35:49,431] {logging_mixin.py:104} INFO - [2021-08-08 14:35:49,431] {dagbag.py:496} INFO - Filling up the DagBag from /home/airflow/.local/lib/python3.6/site-packages/airflow/example_dags/example_kubernetes_executor.py
[2021-08-08 14:35:49,448] {scheduler_job.py:642} INFO - DAG(s) dict_keys(['example_kubernetes_executor']) retrieved from /home/airflow/.local/lib/python3.6/site-packages/airflow/example_dags/example_kubernetes_executor.py
[2021-08-08 14:35:49,472] {logging_mixin.py:104} INFO - [2021-08-08 14:35:49,471] {dag.py:1833} INFO - Sync 1 DAGs
[2021-08-08 14:35:49,491] {logging_mixin.py:104} INFO - [2021-08-08 14:35:49,491] {dag.py:2306} INFO - Setting next_dagrun for example_kubernetes_executor to None
[2021-08-08 14:35:49,503] {scheduler_job.py:189} INFO - Processing /home/airflow/.local/lib/python3.6/site-packages/airflow/example_dags/example_kubernetes_executor.py took 0.080 seconds
[2021-08-08 14:36:19,766] {scheduler_job.py:181} INFO - Started process (PID=1031) to work on /home/airflow/.local/lib/python3.6/site-packages/airflow/example_dags/example_kubernetes_executor.py
[2021-08-08 14:36:19,768] {scheduler_job.py:632} INFO - Processing file /home/airflow/.local/lib/python3.6/site-packages/airflow/example_dags/example_kubernetes_executor.py for tasks to queue
[2021-08-08 14:36:19,769] {logging_mixin.py:104} INFO - [2021-08-08 14:36:19,769] {dagbag.py:496} INFO - Filling up the DagBag from /home/airflow/.local/lib/python3.6/site-packages/airflow/example_dags/example_kubernetes_executor.py
[2021-08-08 14:36:19,783] {scheduler_job.py:642} INFO - DAG(s) dict_keys(['example_kubernetes_executor']) retrieved from /home/airflow/.local/lib/python3.6/site-packages/airflow/example_dags/example_kubernetes_executor.py
[2021-08-08 14:36:19,807] {logging_mixin.py:104} INFO - [2021-08-08 14:36:19,807] {dag.py:1833} INFO - Sync 1 DAGs
[2021-08-08 14:36:19,819] {logging_mixin.py:104} INFO - [2021-08-08 14:36:19,819] {dag.py:2306} INFO - Setting next_dagrun for example_kubernetes_executor to None
[2021-08-08 14:36:19,827] {scheduler_job.py:189} INFO - Processing /home/airflow/.local/lib/python3.6/site-packages/airflow/example_dags/example_kubernetes_executor.py took 0.065 seconds
[2021-08-08 14:36:50,197] {scheduler_job.py:181} INFO - Started process (PID=1082) to work on /home/airflow/.local/lib/python3.6/site-packages/airflow/example_dags/example_kubernetes_executor.py
[2021-08-08 14:36:50,199] {scheduler_job.py:632} INFO - Processing file /home/airflow/.local/lib/python3.6/site-packages/airflow/example_dags/example_kubernetes_executor.py for tasks to queue
[2021-08-08 14:36:50,200] {logging_mixin.py:104} INFO - [2021-08-08 14:36:50,200] {dagbag.py:496} INFO - Filling up the DagBag from /home/airflow/.local/lib/python3.6/site-packages/airflow/example_dags/example_kubernetes_executor.py
[2021-08-08 14:36:50,215] {scheduler_job.py:642} INFO - DAG(s) dict_keys(['example_kubernetes_executor']) retrieved from /home/airflow/.local/lib/python3.6/site-packages/airflow/example_dags/example_kubernetes_executor.py
[2021-08-08 14:36:50,238] {logging_mixin.py:104} INFO - [2021-08-08 14:36:50,238] {dag.py:1833} INFO - Sync 1 DAGs
[2021-08-08 14:36:50,251] {logging_mixin.py:104} INFO - [2021-08-08 14:36:50,251] {dag.py:2306} INFO - Setting next_dagrun for example_kubernetes_executor to None
[2021-08-08 14:36:50,259] {scheduler_job.py:189} INFO - Processing /home/airflow/.local/lib/python3.6/site-packages/airflow/example_dags/example_kubernetes_executor.py took 0.067 seconds
[2021-08-08 14:37:20,641] {scheduler_job.py:181} INFO - Started process (PID=1143) to work on /home/airflow/.local/lib/python3.6/site-packages/airflow/example_dags/example_kubernetes_executor.py
[2021-08-08 14:37:20,643] {scheduler_job.py:632} INFO - Processing file /home/airflow/.local/lib/python3.6/site-packages/airflow/example_dags/example_kubernetes_executor.py for tasks to queue
[2021-08-08 14:37:20,644] {logging_mixin.py:104} INFO - [2021-08-08 14:37:20,644] {dagbag.py:496} INFO - Filling up the DagBag from /home/airflow/.local/lib/python3.6/site-packages/airflow/example_dags/example_kubernetes_executor.py
[2021-08-08 14:37:20,658] {scheduler_job.py:642} INFO - DAG(s) dict_keys(['example_kubernetes_executor']) retrieved from /home/airflow/.local/lib/python3.6/site-packages/airflow/example_dags/example_kubernetes_executor.py
[2021-08-08 14:37:20,679] {logging_mixin.py:104} INFO - [2021-08-08 14:37:20,679] {dag.py:1833} INFO - Sync 1 DAGs
[2021-08-08 14:37:20,692] {logging_mixin.py:104} INFO - [2021-08-08 14:37:20,692] {dag.py:2306} INFO - Setting next_dagrun for example_kubernetes_executor to None
[2021-08-08 14:37:20,701] {scheduler_job.py:189} INFO - Processing /home/airflow/.local/lib/python3.6/site-packages/airflow/example_dags/example_kubernetes_executor.py took 0.063 seconds
[2021-08-08 14:37:51,014] {scheduler_job.py:181} INFO - Started process (PID=1204) to work on /home/airflow/.local/lib/python3.6/site-packages/airflow/example_dags/example_kubernetes_executor.py
[2021-08-08 14:37:51,016] {scheduler_job.py:632} INFO - Processing file /home/airflow/.local/lib/python3.6/site-packages/airflow/example_dags/example_kubernetes_executor.py for tasks to queue
[2021-08-08 14:37:51,017] {logging_mixin.py:104} INFO - [2021-08-08 14:37:51,017] {dagbag.py:496} INFO - Filling up the DagBag from /home/airflow/.local/lib/python3.6/site-packages/airflow/example_dags/example_kubernetes_executor.py
[2021-08-08 14:37:51,031] {scheduler_job.py:642} INFO - DAG(s) dict_keys(['example_kubernetes_executor']) retrieved from /home/airflow/.local/lib/python3.6/site-packages/airflow/example_dags/example_kubernetes_executor.py
[2021-08-08 14:37:51,053] {logging_mixin.py:104} INFO - [2021-08-08 14:37:51,053] {dag.py:1833} INFO - Sync 1 DAGs
[2021-08-08 14:37:51,066] {logging_mixin.py:104} INFO - [2021-08-08 14:37:51,065] {dag.py:2306} INFO - Setting next_dagrun for example_kubernetes_executor to None
[2021-08-08 14:37:51,074] {scheduler_job.py:189} INFO - Processing /home/airflow/.local/lib/python3.6/site-packages/airflow/example_dags/example_kubernetes_executor.py took 0.064 seconds
[2021-08-08 14:38:21,272] {scheduler_job.py:181} INFO - Started process (PID=1255) to work on /home/airflow/.local/lib/python3.6/site-packages/airflow/example_dags/example_kubernetes_executor.py
[2021-08-08 14:38:21,273] {scheduler_job.py:632} INFO - Processing file /home/airflow/.local/lib/python3.6/site-packages/airflow/example_dags/example_kubernetes_executor.py for tasks to queue
[2021-08-08 14:38:21,274] {logging_mixin.py:104} INFO - [2021-08-08 14:38:21,274] {dagbag.py:496} INFO - Filling up the DagBag from /home/airflow/.local/lib/python3.6/site-packages/airflow/example_dags/example_kubernetes_executor.py
[2021-08-08 14:38:21,286] {scheduler_job.py:642} INFO - DAG(s) dict_keys(['example_kubernetes_executor']) retrieved from /home/airflow/.local/lib/python3.6/site-packages/airflow/example_dags/example_kubernetes_executor.py
[2021-08-08 14:38:21,307] {logging_mixin.py:104} INFO - [2021-08-08 14:38:21,307] {dag.py:1833} INFO - Sync 1 DAGs
[2021-08-08 14:38:21,321] {logging_mixin.py:104} INFO - [2021-08-08 14:38:21,321] {dag.py:2306} INFO - Setting next_dagrun for example_kubernetes_executor to None
[2021-08-08 14:38:21,329] {scheduler_job.py:189} INFO - Processing /home/airflow/.local/lib/python3.6/site-packages/airflow/example_dags/example_kubernetes_executor.py took 0.061 seconds
[2021-08-08 14:38:51,697] {scheduler_job.py:181} INFO - Started process (PID=1318) to work on /home/airflow/.local/lib/python3.6/site-packages/airflow/example_dags/example_kubernetes_executor.py
[2021-08-08 14:38:51,699] {scheduler_job.py:632} INFO - Processing file /home/airflow/.local/lib/python3.6/site-packages/airflow/example_dags/example_kubernetes_executor.py for tasks to queue
[2021-08-08 14:38:51,700] {logging_mixin.py:104} INFO - [2021-08-08 14:38:51,700] {dagbag.py:496} INFO - Filling up the DagBag from /home/airflow/.local/lib/python3.6/site-packages/airflow/example_dags/example_kubernetes_executor.py
[2021-08-08 14:38:51,721] {scheduler_job.py:642} INFO - DAG(s) dict_keys(['example_kubernetes_executor']) retrieved from /home/airflow/.local/lib/python3.6/site-packages/airflow/example_dags/example_kubernetes_executor.py
[2021-08-08 14:38:51,743] {logging_mixin.py:104} INFO - [2021-08-08 14:38:51,743] {dag.py:1833} INFO - Sync 1 DAGs
[2021-08-08 14:38:51,762] {logging_mixin.py:104} INFO - [2021-08-08 14:38:51,762] {dag.py:2306} INFO - Setting next_dagrun for example_kubernetes_executor to None
[2021-08-08 14:38:51,773] {scheduler_job.py:189} INFO - Processing /home/airflow/.local/lib/python3.6/site-packages/airflow/example_dags/example_kubernetes_executor.py took 0.080 seconds
[2021-08-08 14:39:22,235] {scheduler_job.py:181} INFO - Started process (PID=1380) to work on /home/airflow/.local/lib/python3.6/site-packages/airflow/example_dags/example_kubernetes_executor.py
[2021-08-08 14:39:22,242] {scheduler_job.py:632} INFO - Processing file /home/airflow/.local/lib/python3.6/site-packages/airflow/example_dags/example_kubernetes_executor.py for tasks to queue
[2021-08-08 14:39:22,245] {logging_mixin.py:104} INFO - [2021-08-08 14:39:22,244] {dagbag.py:496} INFO - Filling up the DagBag from /home/airflow/.local/lib/python3.6/site-packages/airflow/example_dags/example_kubernetes_executor.py
[2021-08-08 14:39:22,269] {scheduler_job.py:642} INFO - DAG(s) dict_keys(['example_kubernetes_executor']) retrieved from /home/airflow/.local/lib/python3.6/site-packages/airflow/example_dags/example_kubernetes_executor.py
[2021-08-08 14:39:22,302] {logging_mixin.py:104} INFO - [2021-08-08 14:39:22,302] {dag.py:1833} INFO - Sync 1 DAGs
[2021-08-08 14:39:22,317] {logging_mixin.py:104} INFO - [2021-08-08 14:39:22,316] {dag.py:2306} INFO - Setting next_dagrun for example_kubernetes_executor to None
[2021-08-08 14:39:22,325] {scheduler_job.py:189} INFO - Processing /home/airflow/.local/lib/python3.6/site-packages/airflow/example_dags/example_kubernetes_executor.py took 0.097 seconds
[2021-08-08 14:39:53,073] {scheduler_job.py:181} INFO - Started process (PID=1449) to work on /home/airflow/.local/lib/python3.6/site-packages/airflow/example_dags/example_kubernetes_executor.py
[2021-08-08 14:39:53,074] {scheduler_job.py:632} INFO - Processing file /home/airflow/.local/lib/python3.6/site-packages/airflow/example_dags/example_kubernetes_executor.py for tasks to queue
[2021-08-08 14:39:53,075] {logging_mixin.py:104} INFO - [2021-08-08 14:39:53,075] {dagbag.py:496} INFO - Filling up the DagBag from /home/airflow/.local/lib/python3.6/site-packages/airflow/example_dags/example_kubernetes_executor.py
[2021-08-08 14:39:53,090] {scheduler_job.py:642} INFO - DAG(s) dict_keys(['example_kubernetes_executor']) retrieved from /home/airflow/.local/lib/python3.6/site-packages/airflow/example_dags/example_kubernetes_executor.py
[2021-08-08 14:39:53,109] {logging_mixin.py:104} INFO - [2021-08-08 14:39:53,109] {dag.py:1833} INFO - Sync 1 DAGs
[2021-08-08 14:39:53,122] {logging_mixin.py:104} INFO - [2021-08-08 14:39:53,122] {dag.py:2306} INFO - Setting next_dagrun for example_kubernetes_executor to None
[2021-08-08 14:39:53,131] {scheduler_job.py:189} INFO - Processing /home/airflow/.local/lib/python3.6/site-packages/airflow/example_dags/example_kubernetes_executor.py took 0.061 seconds
[2021-08-08 14:40:23,457] {scheduler_job.py:181} INFO - Started process (PID=1510) to work on /home/airflow/.local/lib/python3.6/site-packages/airflow/example_dags/example_kubernetes_executor.py
[2021-08-08 14:40:23,459] {scheduler_job.py:632} INFO - Processing file /home/airflow/.local/lib/python3.6/site-packages/airflow/example_dags/example_kubernetes_executor.py for tasks to queue
[2021-08-08 14:40:23,460] {logging_mixin.py:104} INFO - [2021-08-08 14:40:23,460] {dagbag.py:496} INFO - Filling up the DagBag from /home/airflow/.local/lib/python3.6/site-packages/airflow/example_dags/example_kubernetes_executor.py
[2021-08-08 14:40:23,477] {scheduler_job.py:642} INFO - DAG(s) dict_keys(['example_kubernetes_executor']) retrieved from /home/airflow/.local/lib/python3.6/site-packages/airflow/example_dags/example_kubernetes_executor.py
[2021-08-08 14:40:23,496] {logging_mixin.py:104} INFO - [2021-08-08 14:40:23,496] {dag.py:1833} INFO - Sync 1 DAGs
[2021-08-08 14:40:23,509] {logging_mixin.py:104} INFO - [2021-08-08 14:40:23,509] {dag.py:2306} INFO - Setting next_dagrun for example_kubernetes_executor to None
[2021-08-08 14:40:23,518] {scheduler_job.py:189} INFO - Processing /home/airflow/.local/lib/python3.6/site-packages/airflow/example_dags/example_kubernetes_executor.py took 0.065 seconds
[2021-08-08 14:40:53,778] {scheduler_job.py:181} INFO - Started process (PID=1572) to work on /home/airflow/.local/lib/python3.6/site-packages/airflow/example_dags/example_kubernetes_executor.py
[2021-08-08 14:40:53,779] {scheduler_job.py:632} INFO - Processing file /home/airflow/.local/lib/python3.6/site-packages/airflow/example_dags/example_kubernetes_executor.py for tasks to queue
[2021-08-08 14:40:53,780] {logging_mixin.py:104} INFO - [2021-08-08 14:40:53,780] {dagbag.py:496} INFO - Filling up the DagBag from /home/airflow/.local/lib/python3.6/site-packages/airflow/example_dags/example_kubernetes_executor.py
[2021-08-08 14:40:53,797] {scheduler_job.py:642} INFO - DAG(s) dict_keys(['example_kubernetes_executor']) retrieved from /home/airflow/.local/lib/python3.6/site-packages/airflow/example_dags/example_kubernetes_executor.py
[2021-08-08 14:40:53,816] {logging_mixin.py:104} INFO - [2021-08-08 14:40:53,816] {dag.py:1833} INFO - Sync 1 DAGs
[2021-08-08 14:40:53,830] {logging_mixin.py:104} INFO - [2021-08-08 14:40:53,830] {dag.py:2306} INFO - Setting next_dagrun for example_kubernetes_executor to None
[2021-08-08 14:40:53,839] {scheduler_job.py:189} INFO - Processing /home/airflow/.local/lib/python3.6/site-packages/airflow/example_dags/example_kubernetes_executor.py took 0.064 seconds
[2021-08-08 14:41:24,130] {scheduler_job.py:181} INFO - Started process (PID=1624) to work on /home/airflow/.local/lib/python3.6/site-packages/airflow/example_dags/example_kubernetes_executor.py
[2021-08-08 14:41:24,132] {scheduler_job.py:632} INFO - Processing file /home/airflow/.local/lib/python3.6/site-packages/airflow/example_dags/example_kubernetes_executor.py for tasks to queue
[2021-08-08 14:41:24,133] {logging_mixin.py:104} INFO - [2021-08-08 14:41:24,133] {dagbag.py:496} INFO - Filling up the DagBag from /home/airflow/.local/lib/python3.6/site-packages/airflow/example_dags/example_kubernetes_executor.py
[2021-08-08 14:41:24,148] {scheduler_job.py:642} INFO - DAG(s) dict_keys(['example_kubernetes_executor']) retrieved from /home/airflow/.local/lib/python3.6/site-packages/airflow/example_dags/example_kubernetes_executor.py
[2021-08-08 14:41:24,167] {logging_mixin.py:104} INFO - [2021-08-08 14:41:24,167] {dag.py:1833} INFO - Sync 1 DAGs
[2021-08-08 14:41:24,180] {logging_mixin.py:104} INFO - [2021-08-08 14:41:24,180] {dag.py:2306} INFO - Setting next_dagrun for example_kubernetes_executor to None
[2021-08-08 14:41:24,188] {scheduler_job.py:189} INFO - Processing /home/airflow/.local/lib/python3.6/site-packages/airflow/example_dags/example_kubernetes_executor.py took 0.061 seconds
[2021-08-08 14:41:54,656] {scheduler_job.py:181} INFO - Started process (PID=1685) to work on /home/airflow/.local/lib/python3.6/site-packages/airflow/example_dags/example_kubernetes_executor.py
[2021-08-08 14:41:54,658] {scheduler_job.py:632} INFO - Processing file /home/airflow/.local/lib/python3.6/site-packages/airflow/example_dags/example_kubernetes_executor.py for tasks to queue
[2021-08-08 14:41:54,660] {logging_mixin.py:104} INFO - [2021-08-08 14:41:54,659] {dagbag.py:496} INFO - Filling up the DagBag from /home/airflow/.local/lib/python3.6/site-packages/airflow/example_dags/example_kubernetes_executor.py
[2021-08-08 14:41:54,674] {scheduler_job.py:642} INFO - DAG(s) dict_keys(['example_kubernetes_executor']) retrieved from /home/airflow/.local/lib/python3.6/site-packages/airflow/example_dags/example_kubernetes_executor.py
[2021-08-08 14:41:54,694] {logging_mixin.py:104} INFO - [2021-08-08 14:41:54,694] {dag.py:1833} INFO - Sync 1 DAGs
[2021-08-08 14:41:54,709] {logging_mixin.py:104} INFO - [2021-08-08 14:41:54,709] {dag.py:2306} INFO - Setting next_dagrun for example_kubernetes_executor to None
[2021-08-08 14:41:54,721] {scheduler_job.py:189} INFO - Processing /home/airflow/.local/lib/python3.6/site-packages/airflow/example_dags/example_kubernetes_executor.py took 0.069 seconds
[2021-08-08 14:42:25,337] {scheduler_job.py:181} INFO - Started process (PID=1747) to work on /home/airflow/.local/lib/python3.6/site-packages/airflow/example_dags/example_kubernetes_executor.py
[2021-08-08 14:42:25,344] {scheduler_job.py:632} INFO - Processing file /home/airflow/.local/lib/python3.6/site-packages/airflow/example_dags/example_kubernetes_executor.py for tasks to queue
[2021-08-08 14:42:25,345] {logging_mixin.py:104} INFO - [2021-08-08 14:42:25,345] {dagbag.py:496} INFO - Filling up the DagBag from /home/airflow/.local/lib/python3.6/site-packages/airflow/example_dags/example_kubernetes_executor.py
[2021-08-08 14:42:25,359] {scheduler_job.py:642} INFO - DAG(s) dict_keys(['example_kubernetes_executor']) retrieved from /home/airflow/.local/lib/python3.6/site-packages/airflow/example_dags/example_kubernetes_executor.py
[2021-08-08 14:42:25,381] {logging_mixin.py:104} INFO - [2021-08-08 14:42:25,381] {dag.py:1833} INFO - Sync 1 DAGs
[2021-08-08 14:42:25,395] {logging_mixin.py:104} INFO - [2021-08-08 14:42:25,394] {dag.py:2306} INFO - Setting next_dagrun for example_kubernetes_executor to None
[2021-08-08 14:42:25,404] {scheduler_job.py:189} INFO - Processing /home/airflow/.local/lib/python3.6/site-packages/airflow/example_dags/example_kubernetes_executor.py took 0.071 seconds
[2021-08-08 14:42:55,853] {scheduler_job.py:181} INFO - Started process (PID=1799) to work on /home/airflow/.local/lib/python3.6/site-packages/airflow/example_dags/example_kubernetes_executor.py
[2021-08-08 14:42:55,856] {scheduler_job.py:632} INFO - Processing file /home/airflow/.local/lib/python3.6/site-packages/airflow/example_dags/example_kubernetes_executor.py for tasks to queue
[2021-08-08 14:42:55,857] {logging_mixin.py:104} INFO - [2021-08-08 14:42:55,857] {dagbag.py:496} INFO - Filling up the DagBag from /home/airflow/.local/lib/python3.6/site-packages/airflow/example_dags/example_kubernetes_executor.py
[2021-08-08 14:42:55,872] {scheduler_job.py:642} INFO - DAG(s) dict_keys(['example_kubernetes_executor']) retrieved from /home/airflow/.local/lib/python3.6/site-packages/airflow/example_dags/example_kubernetes_executor.py
[2021-08-08 14:42:55,893] {logging_mixin.py:104} INFO - [2021-08-08 14:42:55,892] {dag.py:1833} INFO - Sync 1 DAGs
[2021-08-08 14:42:55,907] {logging_mixin.py:104} INFO - [2021-08-08 14:42:55,907] {dag.py:2306} INFO - Setting next_dagrun for example_kubernetes_executor to None
[2021-08-08 14:42:55,915] {scheduler_job.py:189} INFO - Processing /home/airflow/.local/lib/python3.6/site-packages/airflow/example_dags/example_kubernetes_executor.py took 0.066 seconds
[2021-08-08 14:43:26,203] {scheduler_job.py:181} INFO - Started process (PID=1860) to work on /home/airflow/.local/lib/python3.6/site-packages/airflow/example_dags/example_kubernetes_executor.py
[2021-08-08 14:43:26,205] {scheduler_job.py:632} INFO - Processing file /home/airflow/.local/lib/python3.6/site-packages/airflow/example_dags/example_kubernetes_executor.py for tasks to queue
[2021-08-08 14:43:26,207] {logging_mixin.py:104} INFO - [2021-08-08 14:43:26,207] {dagbag.py:496} INFO - Filling up the DagBag from /home/airflow/.local/lib/python3.6/site-packages/airflow/example_dags/example_kubernetes_executor.py
[2021-08-08 14:43:26,245] {scheduler_job.py:642} INFO - DAG(s) dict_keys(['example_kubernetes_executor']) retrieved from /home/airflow/.local/lib/python3.6/site-packages/airflow/example_dags/example_kubernetes_executor.py
[2021-08-08 14:43:26,293] {logging_mixin.py:104} INFO - [2021-08-08 14:43:26,293] {dag.py:1833} INFO - Sync 1 DAGs
[2021-08-08 14:43:26,329] {logging_mixin.py:104} INFO - [2021-08-08 14:43:26,329] {dag.py:2306} INFO - Setting next_dagrun for example_kubernetes_executor to None
[2021-08-08 14:43:26,360] {scheduler_job.py:189} INFO - Processing /home/airflow/.local/lib/python3.6/site-packages/airflow/example_dags/example_kubernetes_executor.py took 0.164 seconds
[2021-08-08 14:43:56,414] {scheduler_job.py:181} INFO - Started process (PID=1921) to work on /home/airflow/.local/lib/python3.6/site-packages/airflow/example_dags/example_kubernetes_executor.py
[2021-08-08 14:43:56,415] {scheduler_job.py:632} INFO - Processing file /home/airflow/.local/lib/python3.6/site-packages/airflow/example_dags/example_kubernetes_executor.py for tasks to queue
[2021-08-08 14:43:56,416] {logging_mixin.py:104} INFO - [2021-08-08 14:43:56,416] {dagbag.py:496} INFO - Filling up the DagBag from /home/airflow/.local/lib/python3.6/site-packages/airflow/example_dags/example_kubernetes_executor.py
[2021-08-08 14:43:56,428] {scheduler_job.py:642} INFO - DAG(s) dict_keys(['example_kubernetes_executor']) retrieved from /home/airflow/.local/lib/python3.6/site-packages/airflow/example_dags/example_kubernetes_executor.py
[2021-08-08 14:43:56,448] {logging_mixin.py:104} INFO - [2021-08-08 14:43:56,448] {dag.py:1833} INFO - Sync 1 DAGs
[2021-08-08 14:43:56,461] {logging_mixin.py:104} INFO - [2021-08-08 14:43:56,461] {dag.py:2306} INFO - Setting next_dagrun for example_kubernetes_executor to None
[2021-08-08 14:43:56,470] {scheduler_job.py:189} INFO - Processing /home/airflow/.local/lib/python3.6/site-packages/airflow/example_dags/example_kubernetes_executor.py took 0.059 seconds
[2021-08-08 14:44:26,695] {scheduler_job.py:181} INFO - Started process (PID=1972) to work on /home/airflow/.local/lib/python3.6/site-packages/airflow/example_dags/example_kubernetes_executor.py
[2021-08-08 14:44:26,696] {scheduler_job.py:632} INFO - Processing file /home/airflow/.local/lib/python3.6/site-packages/airflow/example_dags/example_kubernetes_executor.py for tasks to queue
[2021-08-08 14:44:26,698] {logging_mixin.py:104} INFO - [2021-08-08 14:44:26,698] {dagbag.py:496} INFO - Filling up the DagBag from /home/airflow/.local/lib/python3.6/site-packages/airflow/example_dags/example_kubernetes_executor.py
[2021-08-08 14:44:26,714] {scheduler_job.py:642} INFO - DAG(s) dict_keys(['example_kubernetes_executor']) retrieved from /home/airflow/.local/lib/python3.6/site-packages/airflow/example_dags/example_kubernetes_executor.py
[2021-08-08 14:44:26,745] {logging_mixin.py:104} INFO - [2021-08-08 14:44:26,745] {dag.py:1833} INFO - Sync 1 DAGs
[2021-08-08 14:44:26,767] {logging_mixin.py:104} INFO - [2021-08-08 14:44:26,766] {dag.py:2306} INFO - Setting next_dagrun for example_kubernetes_executor to None
[2021-08-08 14:44:26,778] {scheduler_job.py:189} INFO - Processing /home/airflow/.local/lib/python3.6/site-packages/airflow/example_dags/example_kubernetes_executor.py took 0.089 seconds
[2021-08-08 14:44:57,037] {scheduler_job.py:181} INFO - Started process (PID=2033) to work on /home/airflow/.local/lib/python3.6/site-packages/airflow/example_dags/example_kubernetes_executor.py
[2021-08-08 14:44:57,039] {scheduler_job.py:632} INFO - Processing file /home/airflow/.local/lib/python3.6/site-packages/airflow/example_dags/example_kubernetes_executor.py for tasks to queue
[2021-08-08 14:44:57,041] {logging_mixin.py:104} INFO - [2021-08-08 14:44:57,040] {dagbag.py:496} INFO - Filling up the DagBag from /home/airflow/.local/lib/python3.6/site-packages/airflow/example_dags/example_kubernetes_executor.py
[2021-08-08 14:44:57,053] {scheduler_job.py:642} INFO - DAG(s) dict_keys(['example_kubernetes_executor']) retrieved from /home/airflow/.local/lib/python3.6/site-packages/airflow/example_dags/example_kubernetes_executor.py
[2021-08-08 14:44:57,073] {logging_mixin.py:104} INFO - [2021-08-08 14:44:57,073] {dag.py:1833} INFO - Sync 1 DAGs
[2021-08-08 14:44:57,087] {logging_mixin.py:104} INFO - [2021-08-08 14:44:57,086] {dag.py:2306} INFO - Setting next_dagrun for example_kubernetes_executor to None
[2021-08-08 14:44:57,095] {scheduler_job.py:189} INFO - Processing /home/airflow/.local/lib/python3.6/site-packages/airflow/example_dags/example_kubernetes_executor.py took 0.061 seconds
[2021-08-08 14:45:27,524] {scheduler_job.py:181} INFO - Started process (PID=2094) to work on /home/airflow/.local/lib/python3.6/site-packages/airflow/example_dags/example_kubernetes_executor.py
[2021-08-08 14:45:27,526] {scheduler_job.py:632} INFO - Processing file /home/airflow/.local/lib/python3.6/site-packages/airflow/example_dags/example_kubernetes_executor.py for tasks to queue
[2021-08-08 14:45:27,527] {logging_mixin.py:104} INFO - [2021-08-08 14:45:27,527] {dagbag.py:496} INFO - Filling up the DagBag from /home/airflow/.local/lib/python3.6/site-packages/airflow/example_dags/example_kubernetes_executor.py
[2021-08-08 14:45:27,539] {scheduler_job.py:642} INFO - DAG(s) dict_keys(['example_kubernetes_executor']) retrieved from /home/airflow/.local/lib/python3.6/site-packages/airflow/example_dags/example_kubernetes_executor.py
[2021-08-08 14:45:27,569] {logging_mixin.py:104} INFO - [2021-08-08 14:45:27,569] {dag.py:1833} INFO - Sync 1 DAGs
[2021-08-08 14:45:27,591] {logging_mixin.py:104} INFO - [2021-08-08 14:45:27,591] {dag.py:2306} INFO - Setting next_dagrun for example_kubernetes_executor to None
[2021-08-08 14:45:27,603] {scheduler_job.py:189} INFO - Processing /home/airflow/.local/lib/python3.6/site-packages/airflow/example_dags/example_kubernetes_executor.py took 0.082 seconds
[2021-08-08 14:45:57,938] {scheduler_job.py:181} INFO - Started process (PID=2147) to work on /home/airflow/.local/lib/python3.6/site-packages/airflow/example_dags/example_kubernetes_executor.py
[2021-08-08 14:45:57,941] {scheduler_job.py:632} INFO - Processing file /home/airflow/.local/lib/python3.6/site-packages/airflow/example_dags/example_kubernetes_executor.py for tasks to queue
[2021-08-08 14:45:57,943] {logging_mixin.py:104} INFO - [2021-08-08 14:45:57,943] {dagbag.py:496} INFO - Filling up the DagBag from /home/airflow/.local/lib/python3.6/site-packages/airflow/example_dags/example_kubernetes_executor.py
[2021-08-08 14:45:57,958] {scheduler_job.py:642} INFO - DAG(s) dict_keys(['example_kubernetes_executor']) retrieved from /home/airflow/.local/lib/python3.6/site-packages/airflow/example_dags/example_kubernetes_executor.py
[2021-08-08 14:45:57,980] {logging_mixin.py:104} INFO - [2021-08-08 14:45:57,979] {dag.py:1833} INFO - Sync 1 DAGs
[2021-08-08 14:45:57,993] {logging_mixin.py:104} INFO - [2021-08-08 14:45:57,993] {dag.py:2306} INFO - Setting next_dagrun for example_kubernetes_executor to None
[2021-08-08 14:45:58,002] {scheduler_job.py:189} INFO - Processing /home/airflow/.local/lib/python3.6/site-packages/airflow/example_dags/example_kubernetes_executor.py took 0.069 seconds
[2021-08-08 14:46:28,444] {scheduler_job.py:181} INFO - Started process (PID=2211) to work on /home/airflow/.local/lib/python3.6/site-packages/airflow/example_dags/example_kubernetes_executor.py
[2021-08-08 14:46:28,447] {scheduler_job.py:632} INFO - Processing file /home/airflow/.local/lib/python3.6/site-packages/airflow/example_dags/example_kubernetes_executor.py for tasks to queue
[2021-08-08 14:46:28,452] {logging_mixin.py:104} INFO - [2021-08-08 14:46:28,451] {dagbag.py:496} INFO - Filling up the DagBag from /home/airflow/.local/lib/python3.6/site-packages/airflow/example_dags/example_kubernetes_executor.py
[2021-08-08 14:46:28,472] {scheduler_job.py:642} INFO - DAG(s) dict_keys(['example_kubernetes_executor']) retrieved from /home/airflow/.local/lib/python3.6/site-packages/airflow/example_dags/example_kubernetes_executor.py
[2021-08-08 14:46:28,495] {logging_mixin.py:104} INFO - [2021-08-08 14:46:28,495] {dag.py:1833} INFO - Sync 1 DAGs
[2021-08-08 14:46:28,511] {logging_mixin.py:104} INFO - [2021-08-08 14:46:28,511] {dag.py:2306} INFO - Setting next_dagrun for example_kubernetes_executor to None
[2021-08-08 14:46:28,520] {scheduler_job.py:189} INFO - Processing /home/airflow/.local/lib/python3.6/site-packages/airflow/example_dags/example_kubernetes_executor.py took 0.083 seconds
[2021-08-08 14:46:58,555] {scheduler_job.py:181} INFO - Started process (PID=2262) to work on /home/airflow/.local/lib/python3.6/site-packages/airflow/example_dags/example_kubernetes_executor.py
[2021-08-08 14:46:58,559] {scheduler_job.py:632} INFO - Processing file /home/airflow/.local/lib/python3.6/site-packages/airflow/example_dags/example_kubernetes_executor.py for tasks to queue
[2021-08-08 14:46:58,561] {logging_mixin.py:104} INFO - [2021-08-08 14:46:58,561] {dagbag.py:496} INFO - Filling up the DagBag from /home/airflow/.local/lib/python3.6/site-packages/airflow/example_dags/example_kubernetes_executor.py
[2021-08-08 14:46:58,573] {scheduler_job.py:642} INFO - DAG(s) dict_keys(['example_kubernetes_executor']) retrieved from /home/airflow/.local/lib/python3.6/site-packages/airflow/example_dags/example_kubernetes_executor.py
[2021-08-08 14:46:58,593] {logging_mixin.py:104} INFO - [2021-08-08 14:46:58,593] {dag.py:1833} INFO - Sync 1 DAGs
[2021-08-08 14:46:58,606] {logging_mixin.py:104} INFO - [2021-08-08 14:46:58,606] {dag.py:2306} INFO - Setting next_dagrun for example_kubernetes_executor to None
[2021-08-08 14:46:58,615] {scheduler_job.py:189} INFO - Processing /home/airflow/.local/lib/python3.6/site-packages/airflow/example_dags/example_kubernetes_executor.py took 0.063 seconds
[2021-08-08 14:47:29,222] {scheduler_job.py:181} INFO - Started process (PID=2324) to work on /home/airflow/.local/lib/python3.6/site-packages/airflow/example_dags/example_kubernetes_executor.py
[2021-08-08 14:47:29,224] {scheduler_job.py:632} INFO - Processing file /home/airflow/.local/lib/python3.6/site-packages/airflow/example_dags/example_kubernetes_executor.py for tasks to queue
[2021-08-08 14:47:29,225] {logging_mixin.py:104} INFO - [2021-08-08 14:47:29,225] {dagbag.py:496} INFO - Filling up the DagBag from /home/airflow/.local/lib/python3.6/site-packages/airflow/example_dags/example_kubernetes_executor.py
[2021-08-08 14:47:29,237] {scheduler_job.py:642} INFO - DAG(s) dict_keys(['example_kubernetes_executor']) retrieved from /home/airflow/.local/lib/python3.6/site-packages/airflow/example_dags/example_kubernetes_executor.py
[2021-08-08 14:47:29,258] {logging_mixin.py:104} INFO - [2021-08-08 14:47:29,258] {dag.py:1833} INFO - Sync 1 DAGs
[2021-08-08 14:47:29,272] {logging_mixin.py:104} INFO - [2021-08-08 14:47:29,272] {dag.py:2306} INFO - Setting next_dagrun for example_kubernetes_executor to None
[2021-08-08 14:47:29,283] {scheduler_job.py:189} INFO - Processing /home/airflow/.local/lib/python3.6/site-packages/airflow/example_dags/example_kubernetes_executor.py took 0.064 seconds
