[2021-08-08 14:30:21,381] {scheduler_job.py:181} INFO - Started process (PID=124) to work on /home/airflow/.local/lib/python3.6/site-packages/airflow/example_dags/example_trigger_controller_dag.py
[2021-08-08 14:30:21,383] {scheduler_job.py:632} INFO - Processing file /home/airflow/.local/lib/python3.6/site-packages/airflow/example_dags/example_trigger_controller_dag.py for tasks to queue
[2021-08-08 14:30:21,384] {logging_mixin.py:104} INFO - [2021-08-08 14:30:21,384] {dagbag.py:496} INFO - Filling up the DagBag from /home/airflow/.local/lib/python3.6/site-packages/airflow/example_dags/example_trigger_controller_dag.py
[2021-08-08 14:30:21,397] {scheduler_job.py:642} INFO - DAG(s) dict_keys(['example_trigger_controller_dag']) retrieved from /home/airflow/.local/lib/python3.6/site-packages/airflow/example_dags/example_trigger_controller_dag.py
[2021-08-08 14:30:23,448] {logging_mixin.py:104} INFO - [2021-08-08 14:30:23,447] {dag.py:1833} INFO - Sync 1 DAGs
[2021-08-08 14:30:23,459] {logging_mixin.py:104} INFO - [2021-08-08 14:30:23,458] {dag.py:1852} INFO - Creating ORM DAG for example_trigger_controller_dag
[2021-08-08 14:30:23,467] {logging_mixin.py:104} INFO - [2021-08-08 14:30:23,467] {dag.py:2306} INFO - Setting next_dagrun for example_trigger_controller_dag to 2021-08-06 00:00:00+00:00
[2021-08-08 14:30:23,482] {scheduler_job.py:189} INFO - Processing /home/airflow/.local/lib/python3.6/site-packages/airflow/example_dags/example_trigger_controller_dag.py took 2.104 seconds
[2021-08-08 14:30:53,950] {scheduler_job.py:181} INFO - Started process (PID=406) to work on /home/airflow/.local/lib/python3.6/site-packages/airflow/example_dags/example_trigger_controller_dag.py
[2021-08-08 14:30:53,952] {scheduler_job.py:632} INFO - Processing file /home/airflow/.local/lib/python3.6/site-packages/airflow/example_dags/example_trigger_controller_dag.py for tasks to queue
[2021-08-08 14:30:53,954] {logging_mixin.py:104} INFO - [2021-08-08 14:30:53,954] {dagbag.py:496} INFO - Filling up the DagBag from /home/airflow/.local/lib/python3.6/site-packages/airflow/example_dags/example_trigger_controller_dag.py
[2021-08-08 14:30:53,967] {scheduler_job.py:642} INFO - DAG(s) dict_keys(['example_trigger_controller_dag']) retrieved from /home/airflow/.local/lib/python3.6/site-packages/airflow/example_dags/example_trigger_controller_dag.py
[2021-08-08 14:30:53,991] {logging_mixin.py:104} INFO - [2021-08-08 14:30:53,991] {dag.py:1833} INFO - Sync 1 DAGs
[2021-08-08 14:30:54,016] {logging_mixin.py:104} INFO - [2021-08-08 14:30:54,016] {dag.py:2306} INFO - Setting next_dagrun for example_trigger_controller_dag to 2021-08-06 00:00:00+00:00
[2021-08-08 14:30:54,029] {scheduler_job.py:189} INFO - Processing /home/airflow/.local/lib/python3.6/site-packages/airflow/example_dags/example_trigger_controller_dag.py took 0.083 seconds
[2021-08-08 14:31:24,422] {scheduler_job.py:181} INFO - Started process (PID=466) to work on /home/airflow/.local/lib/python3.6/site-packages/airflow/example_dags/example_trigger_controller_dag.py
[2021-08-08 14:31:24,424] {scheduler_job.py:632} INFO - Processing file /home/airflow/.local/lib/python3.6/site-packages/airflow/example_dags/example_trigger_controller_dag.py for tasks to queue
[2021-08-08 14:31:24,425] {logging_mixin.py:104} INFO - [2021-08-08 14:31:24,425] {dagbag.py:496} INFO - Filling up the DagBag from /home/airflow/.local/lib/python3.6/site-packages/airflow/example_dags/example_trigger_controller_dag.py
[2021-08-08 14:31:24,437] {scheduler_job.py:642} INFO - DAG(s) dict_keys(['example_trigger_controller_dag']) retrieved from /home/airflow/.local/lib/python3.6/site-packages/airflow/example_dags/example_trigger_controller_dag.py
[2021-08-08 14:31:24,456] {logging_mixin.py:104} INFO - [2021-08-08 14:31:24,456] {dag.py:1833} INFO - Sync 1 DAGs
[2021-08-08 14:31:24,474] {logging_mixin.py:104} INFO - [2021-08-08 14:31:24,473] {dag.py:2306} INFO - Setting next_dagrun for example_trigger_controller_dag to 2021-08-06 00:00:00+00:00
[2021-08-08 14:31:24,483] {scheduler_job.py:189} INFO - Processing /home/airflow/.local/lib/python3.6/site-packages/airflow/example_dags/example_trigger_controller_dag.py took 0.064 seconds
[2021-08-08 14:31:54,770] {scheduler_job.py:181} INFO - Started process (PID=519) to work on /home/airflow/.local/lib/python3.6/site-packages/airflow/example_dags/example_trigger_controller_dag.py
[2021-08-08 14:31:54,772] {scheduler_job.py:632} INFO - Processing file /home/airflow/.local/lib/python3.6/site-packages/airflow/example_dags/example_trigger_controller_dag.py for tasks to queue
[2021-08-08 14:31:54,773] {logging_mixin.py:104} INFO - [2021-08-08 14:31:54,773] {dagbag.py:496} INFO - Filling up the DagBag from /home/airflow/.local/lib/python3.6/site-packages/airflow/example_dags/example_trigger_controller_dag.py
[2021-08-08 14:31:54,784] {scheduler_job.py:642} INFO - DAG(s) dict_keys(['example_trigger_controller_dag']) retrieved from /home/airflow/.local/lib/python3.6/site-packages/airflow/example_dags/example_trigger_controller_dag.py
[2021-08-08 14:31:54,803] {logging_mixin.py:104} INFO - [2021-08-08 14:31:54,803] {dag.py:1833} INFO - Sync 1 DAGs
[2021-08-08 14:31:54,817] {logging_mixin.py:104} INFO - [2021-08-08 14:31:54,817] {dag.py:2306} INFO - Setting next_dagrun for example_trigger_controller_dag to 2021-08-06 00:00:00+00:00
[2021-08-08 14:31:54,826] {scheduler_job.py:189} INFO - Processing /home/airflow/.local/lib/python3.6/site-packages/airflow/example_dags/example_trigger_controller_dag.py took 0.060 seconds
[2021-08-08 14:32:25,154] {scheduler_job.py:181} INFO - Started process (PID=581) to work on /home/airflow/.local/lib/python3.6/site-packages/airflow/example_dags/example_trigger_controller_dag.py
[2021-08-08 14:32:25,155] {scheduler_job.py:632} INFO - Processing file /home/airflow/.local/lib/python3.6/site-packages/airflow/example_dags/example_trigger_controller_dag.py for tasks to queue
[2021-08-08 14:32:25,156] {logging_mixin.py:104} INFO - [2021-08-08 14:32:25,156] {dagbag.py:496} INFO - Filling up the DagBag from /home/airflow/.local/lib/python3.6/site-packages/airflow/example_dags/example_trigger_controller_dag.py
[2021-08-08 14:32:25,166] {scheduler_job.py:642} INFO - DAG(s) dict_keys(['example_trigger_controller_dag']) retrieved from /home/airflow/.local/lib/python3.6/site-packages/airflow/example_dags/example_trigger_controller_dag.py
[2021-08-08 14:32:25,185] {logging_mixin.py:104} INFO - [2021-08-08 14:32:25,185] {dag.py:1833} INFO - Sync 1 DAGs
[2021-08-08 14:32:25,199] {logging_mixin.py:104} INFO - [2021-08-08 14:32:25,199] {dag.py:2306} INFO - Setting next_dagrun for example_trigger_controller_dag to 2021-08-06 00:00:00+00:00
[2021-08-08 14:32:25,207] {scheduler_job.py:189} INFO - Processing /home/airflow/.local/lib/python3.6/site-packages/airflow/example_dags/example_trigger_controller_dag.py took 0.055 seconds
[2021-08-08 14:32:55,420] {scheduler_job.py:181} INFO - Started process (PID=642) to work on /home/airflow/.local/lib/python3.6/site-packages/airflow/example_dags/example_trigger_controller_dag.py
[2021-08-08 14:32:55,421] {scheduler_job.py:632} INFO - Processing file /home/airflow/.local/lib/python3.6/site-packages/airflow/example_dags/example_trigger_controller_dag.py for tasks to queue
[2021-08-08 14:32:55,422] {logging_mixin.py:104} INFO - [2021-08-08 14:32:55,422] {dagbag.py:496} INFO - Filling up the DagBag from /home/airflow/.local/lib/python3.6/site-packages/airflow/example_dags/example_trigger_controller_dag.py
[2021-08-08 14:32:55,432] {scheduler_job.py:642} INFO - DAG(s) dict_keys(['example_trigger_controller_dag']) retrieved from /home/airflow/.local/lib/python3.6/site-packages/airflow/example_dags/example_trigger_controller_dag.py
[2021-08-08 14:32:55,451] {logging_mixin.py:104} INFO - [2021-08-08 14:32:55,451] {dag.py:1833} INFO - Sync 1 DAGs
[2021-08-08 14:32:55,465] {logging_mixin.py:104} INFO - [2021-08-08 14:32:55,465] {dag.py:2306} INFO - Setting next_dagrun for example_trigger_controller_dag to 2021-08-06 00:00:00+00:00
[2021-08-08 14:32:55,474] {scheduler_job.py:189} INFO - Processing /home/airflow/.local/lib/python3.6/site-packages/airflow/example_dags/example_trigger_controller_dag.py took 0.057 seconds
[2021-08-08 14:33:25,863] {scheduler_job.py:181} INFO - Started process (PID=693) to work on /home/airflow/.local/lib/python3.6/site-packages/airflow/example_dags/example_trigger_controller_dag.py
[2021-08-08 14:33:25,865] {scheduler_job.py:632} INFO - Processing file /home/airflow/.local/lib/python3.6/site-packages/airflow/example_dags/example_trigger_controller_dag.py for tasks to queue
[2021-08-08 14:33:25,866] {logging_mixin.py:104} INFO - [2021-08-08 14:33:25,866] {dagbag.py:496} INFO - Filling up the DagBag from /home/airflow/.local/lib/python3.6/site-packages/airflow/example_dags/example_trigger_controller_dag.py
[2021-08-08 14:33:25,878] {scheduler_job.py:642} INFO - DAG(s) dict_keys(['example_trigger_controller_dag']) retrieved from /home/airflow/.local/lib/python3.6/site-packages/airflow/example_dags/example_trigger_controller_dag.py
[2021-08-08 14:33:25,900] {logging_mixin.py:104} INFO - [2021-08-08 14:33:25,899] {dag.py:1833} INFO - Sync 1 DAGs
[2021-08-08 14:33:25,913] {logging_mixin.py:104} INFO - [2021-08-08 14:33:25,913] {dag.py:2306} INFO - Setting next_dagrun for example_trigger_controller_dag to 2021-08-06 00:00:00+00:00
[2021-08-08 14:33:25,921] {scheduler_job.py:189} INFO - Processing /home/airflow/.local/lib/python3.6/site-packages/airflow/example_dags/example_trigger_controller_dag.py took 0.061 seconds
[2021-08-08 14:33:56,399] {scheduler_job.py:181} INFO - Started process (PID=754) to work on /home/airflow/.local/lib/python3.6/site-packages/airflow/example_dags/example_trigger_controller_dag.py
[2021-08-08 14:33:56,401] {scheduler_job.py:632} INFO - Processing file /home/airflow/.local/lib/python3.6/site-packages/airflow/example_dags/example_trigger_controller_dag.py for tasks to queue
[2021-08-08 14:33:56,402] {logging_mixin.py:104} INFO - [2021-08-08 14:33:56,402] {dagbag.py:496} INFO - Filling up the DagBag from /home/airflow/.local/lib/python3.6/site-packages/airflow/example_dags/example_trigger_controller_dag.py
[2021-08-08 14:33:56,414] {scheduler_job.py:642} INFO - DAG(s) dict_keys(['example_trigger_controller_dag']) retrieved from /home/airflow/.local/lib/python3.6/site-packages/airflow/example_dags/example_trigger_controller_dag.py
[2021-08-08 14:33:56,433] {logging_mixin.py:104} INFO - [2021-08-08 14:33:56,433] {dag.py:1833} INFO - Sync 1 DAGs
[2021-08-08 14:33:56,447] {logging_mixin.py:104} INFO - [2021-08-08 14:33:56,447] {dag.py:2306} INFO - Setting next_dagrun for example_trigger_controller_dag to 2021-08-06 00:00:00+00:00
[2021-08-08 14:33:56,455] {scheduler_job.py:189} INFO - Processing /home/airflow/.local/lib/python3.6/site-packages/airflow/example_dags/example_trigger_controller_dag.py took 0.060 seconds
[2021-08-08 14:34:26,802] {scheduler_job.py:181} INFO - Started process (PID=816) to work on /home/airflow/.local/lib/python3.6/site-packages/airflow/example_dags/example_trigger_controller_dag.py
[2021-08-08 14:34:26,803] {scheduler_job.py:632} INFO - Processing file /home/airflow/.local/lib/python3.6/site-packages/airflow/example_dags/example_trigger_controller_dag.py for tasks to queue
[2021-08-08 14:34:26,805] {logging_mixin.py:104} INFO - [2021-08-08 14:34:26,805] {dagbag.py:496} INFO - Filling up the DagBag from /home/airflow/.local/lib/python3.6/site-packages/airflow/example_dags/example_trigger_controller_dag.py
[2021-08-08 14:34:26,814] {scheduler_job.py:642} INFO - DAG(s) dict_keys(['example_trigger_controller_dag']) retrieved from /home/airflow/.local/lib/python3.6/site-packages/airflow/example_dags/example_trigger_controller_dag.py
[2021-08-08 14:34:26,837] {logging_mixin.py:104} INFO - [2021-08-08 14:34:26,837] {dag.py:1833} INFO - Sync 1 DAGs
[2021-08-08 14:34:26,853] {logging_mixin.py:104} INFO - [2021-08-08 14:34:26,853] {dag.py:2306} INFO - Setting next_dagrun for example_trigger_controller_dag to 2021-08-06 00:00:00+00:00
[2021-08-08 14:34:26,864] {scheduler_job.py:189} INFO - Processing /home/airflow/.local/lib/python3.6/site-packages/airflow/example_dags/example_trigger_controller_dag.py took 0.065 seconds
[2021-08-08 14:34:57,205] {scheduler_job.py:181} INFO - Started process (PID=867) to work on /home/airflow/.local/lib/python3.6/site-packages/airflow/example_dags/example_trigger_controller_dag.py
[2021-08-08 14:34:57,206] {scheduler_job.py:632} INFO - Processing file /home/airflow/.local/lib/python3.6/site-packages/airflow/example_dags/example_trigger_controller_dag.py for tasks to queue
[2021-08-08 14:34:57,207] {logging_mixin.py:104} INFO - [2021-08-08 14:34:57,207] {dagbag.py:496} INFO - Filling up the DagBag from /home/airflow/.local/lib/python3.6/site-packages/airflow/example_dags/example_trigger_controller_dag.py
[2021-08-08 14:34:57,219] {scheduler_job.py:642} INFO - DAG(s) dict_keys(['example_trigger_controller_dag']) retrieved from /home/airflow/.local/lib/python3.6/site-packages/airflow/example_dags/example_trigger_controller_dag.py
[2021-08-08 14:34:57,237] {logging_mixin.py:104} INFO - [2021-08-08 14:34:57,237] {dag.py:1833} INFO - Sync 1 DAGs
[2021-08-08 14:34:57,251] {logging_mixin.py:104} INFO - [2021-08-08 14:34:57,251] {dag.py:2306} INFO - Setting next_dagrun for example_trigger_controller_dag to 2021-08-06 00:00:00+00:00
[2021-08-08 14:34:57,261] {scheduler_job.py:189} INFO - Processing /home/airflow/.local/lib/python3.6/site-packages/airflow/example_dags/example_trigger_controller_dag.py took 0.060 seconds
[2021-08-08 14:35:27,561] {scheduler_job.py:181} INFO - Started process (PID=928) to work on /home/airflow/.local/lib/python3.6/site-packages/airflow/example_dags/example_trigger_controller_dag.py
[2021-08-08 14:35:27,563] {scheduler_job.py:632} INFO - Processing file /home/airflow/.local/lib/python3.6/site-packages/airflow/example_dags/example_trigger_controller_dag.py for tasks to queue
[2021-08-08 14:35:27,564] {logging_mixin.py:104} INFO - [2021-08-08 14:35:27,564] {dagbag.py:496} INFO - Filling up the DagBag from /home/airflow/.local/lib/python3.6/site-packages/airflow/example_dags/example_trigger_controller_dag.py
[2021-08-08 14:35:27,575] {scheduler_job.py:642} INFO - DAG(s) dict_keys(['example_trigger_controller_dag']) retrieved from /home/airflow/.local/lib/python3.6/site-packages/airflow/example_dags/example_trigger_controller_dag.py
[2021-08-08 14:35:27,595] {logging_mixin.py:104} INFO - [2021-08-08 14:35:27,595] {dag.py:1833} INFO - Sync 1 DAGs
[2021-08-08 14:35:27,611] {logging_mixin.py:104} INFO - [2021-08-08 14:35:27,611] {dag.py:2306} INFO - Setting next_dagrun for example_trigger_controller_dag to 2021-08-06 00:00:00+00:00
[2021-08-08 14:35:27,619] {scheduler_job.py:189} INFO - Processing /home/airflow/.local/lib/python3.6/site-packages/airflow/example_dags/example_trigger_controller_dag.py took 0.062 seconds
[2021-08-08 14:35:57,741] {scheduler_job.py:181} INFO - Started process (PID=989) to work on /home/airflow/.local/lib/python3.6/site-packages/airflow/example_dags/example_trigger_controller_dag.py
[2021-08-08 14:35:57,742] {scheduler_job.py:632} INFO - Processing file /home/airflow/.local/lib/python3.6/site-packages/airflow/example_dags/example_trigger_controller_dag.py for tasks to queue
[2021-08-08 14:35:57,744] {logging_mixin.py:104} INFO - [2021-08-08 14:35:57,743] {dagbag.py:496} INFO - Filling up the DagBag from /home/airflow/.local/lib/python3.6/site-packages/airflow/example_dags/example_trigger_controller_dag.py
[2021-08-08 14:35:57,756] {scheduler_job.py:642} INFO - DAG(s) dict_keys(['example_trigger_controller_dag']) retrieved from /home/airflow/.local/lib/python3.6/site-packages/airflow/example_dags/example_trigger_controller_dag.py
[2021-08-08 14:35:57,777] {logging_mixin.py:104} INFO - [2021-08-08 14:35:57,777] {dag.py:1833} INFO - Sync 1 DAGs
[2021-08-08 14:35:57,792] {logging_mixin.py:104} INFO - [2021-08-08 14:35:57,792] {dag.py:2306} INFO - Setting next_dagrun for example_trigger_controller_dag to 2021-08-06 00:00:00+00:00
[2021-08-08 14:35:57,801] {scheduler_job.py:189} INFO - Processing /home/airflow/.local/lib/python3.6/site-packages/airflow/example_dags/example_trigger_controller_dag.py took 0.063 seconds
[2021-08-08 14:36:28,094] {scheduler_job.py:181} INFO - Started process (PID=1040) to work on /home/airflow/.local/lib/python3.6/site-packages/airflow/example_dags/example_trigger_controller_dag.py
[2021-08-08 14:36:28,095] {scheduler_job.py:632} INFO - Processing file /home/airflow/.local/lib/python3.6/site-packages/airflow/example_dags/example_trigger_controller_dag.py for tasks to queue
[2021-08-08 14:36:28,096] {logging_mixin.py:104} INFO - [2021-08-08 14:36:28,096] {dagbag.py:496} INFO - Filling up the DagBag from /home/airflow/.local/lib/python3.6/site-packages/airflow/example_dags/example_trigger_controller_dag.py
[2021-08-08 14:36:28,106] {scheduler_job.py:642} INFO - DAG(s) dict_keys(['example_trigger_controller_dag']) retrieved from /home/airflow/.local/lib/python3.6/site-packages/airflow/example_dags/example_trigger_controller_dag.py
[2021-08-08 14:36:28,125] {logging_mixin.py:104} INFO - [2021-08-08 14:36:28,124] {dag.py:1833} INFO - Sync 1 DAGs
[2021-08-08 14:36:28,140] {logging_mixin.py:104} INFO - [2021-08-08 14:36:28,140] {dag.py:2306} INFO - Setting next_dagrun for example_trigger_controller_dag to 2021-08-06 00:00:00+00:00
[2021-08-08 14:36:28,148] {scheduler_job.py:189} INFO - Processing /home/airflow/.local/lib/python3.6/site-packages/airflow/example_dags/example_trigger_controller_dag.py took 0.057 seconds
[2021-08-08 14:36:58,517] {scheduler_job.py:181} INFO - Started process (PID=1101) to work on /home/airflow/.local/lib/python3.6/site-packages/airflow/example_dags/example_trigger_controller_dag.py
[2021-08-08 14:36:58,518] {scheduler_job.py:632} INFO - Processing file /home/airflow/.local/lib/python3.6/site-packages/airflow/example_dags/example_trigger_controller_dag.py for tasks to queue
[2021-08-08 14:36:58,519] {logging_mixin.py:104} INFO - [2021-08-08 14:36:58,519] {dagbag.py:496} INFO - Filling up the DagBag from /home/airflow/.local/lib/python3.6/site-packages/airflow/example_dags/example_trigger_controller_dag.py
[2021-08-08 14:36:58,530] {scheduler_job.py:642} INFO - DAG(s) dict_keys(['example_trigger_controller_dag']) retrieved from /home/airflow/.local/lib/python3.6/site-packages/airflow/example_dags/example_trigger_controller_dag.py
[2021-08-08 14:36:58,555] {logging_mixin.py:104} INFO - [2021-08-08 14:36:58,555] {dag.py:1833} INFO - Sync 1 DAGs
[2021-08-08 14:36:58,571] {logging_mixin.py:104} INFO - [2021-08-08 14:36:58,571] {dag.py:2306} INFO - Setting next_dagrun for example_trigger_controller_dag to 2021-08-06 00:00:00+00:00
[2021-08-08 14:36:58,580] {scheduler_job.py:189} INFO - Processing /home/airflow/.local/lib/python3.6/site-packages/airflow/example_dags/example_trigger_controller_dag.py took 0.066 seconds
[2021-08-08 14:37:28,947] {scheduler_job.py:181} INFO - Started process (PID=1162) to work on /home/airflow/.local/lib/python3.6/site-packages/airflow/example_dags/example_trigger_controller_dag.py
[2021-08-08 14:37:28,948] {scheduler_job.py:632} INFO - Processing file /home/airflow/.local/lib/python3.6/site-packages/airflow/example_dags/example_trigger_controller_dag.py for tasks to queue
[2021-08-08 14:37:28,949] {logging_mixin.py:104} INFO - [2021-08-08 14:37:28,949] {dagbag.py:496} INFO - Filling up the DagBag from /home/airflow/.local/lib/python3.6/site-packages/airflow/example_dags/example_trigger_controller_dag.py
[2021-08-08 14:37:28,961] {scheduler_job.py:642} INFO - DAG(s) dict_keys(['example_trigger_controller_dag']) retrieved from /home/airflow/.local/lib/python3.6/site-packages/airflow/example_dags/example_trigger_controller_dag.py
[2021-08-08 14:37:28,984] {logging_mixin.py:104} INFO - [2021-08-08 14:37:28,984] {dag.py:1833} INFO - Sync 1 DAGs
[2021-08-08 14:37:28,997] {logging_mixin.py:104} INFO - [2021-08-08 14:37:28,997] {dag.py:2306} INFO - Setting next_dagrun for example_trigger_controller_dag to 2021-08-06 00:00:00+00:00
[2021-08-08 14:37:29,007] {scheduler_job.py:189} INFO - Processing /home/airflow/.local/lib/python3.6/site-packages/airflow/example_dags/example_trigger_controller_dag.py took 0.064 seconds
[2021-08-08 14:37:59,322] {scheduler_job.py:181} INFO - Started process (PID=1220) to work on /home/airflow/.local/lib/python3.6/site-packages/airflow/example_dags/example_trigger_controller_dag.py
[2021-08-08 14:37:59,323] {scheduler_job.py:632} INFO - Processing file /home/airflow/.local/lib/python3.6/site-packages/airflow/example_dags/example_trigger_controller_dag.py for tasks to queue
[2021-08-08 14:37:59,324] {logging_mixin.py:104} INFO - [2021-08-08 14:37:59,324] {dagbag.py:496} INFO - Filling up the DagBag from /home/airflow/.local/lib/python3.6/site-packages/airflow/example_dags/example_trigger_controller_dag.py
[2021-08-08 14:37:59,333] {scheduler_job.py:642} INFO - DAG(s) dict_keys(['example_trigger_controller_dag']) retrieved from /home/airflow/.local/lib/python3.6/site-packages/airflow/example_dags/example_trigger_controller_dag.py
[2021-08-08 14:37:59,356] {logging_mixin.py:104} INFO - [2021-08-08 14:37:59,356] {dag.py:1833} INFO - Sync 1 DAGs
[2021-08-08 14:37:59,369] {logging_mixin.py:104} INFO - [2021-08-08 14:37:59,369] {dag.py:2306} INFO - Setting next_dagrun for example_trigger_controller_dag to 2021-08-06 00:00:00+00:00
[2021-08-08 14:37:59,377] {scheduler_job.py:189} INFO - Processing /home/airflow/.local/lib/python3.6/site-packages/airflow/example_dags/example_trigger_controller_dag.py took 0.058 seconds
[2021-08-08 14:38:29,686] {scheduler_job.py:181} INFO - Started process (PID=1274) to work on /home/airflow/.local/lib/python3.6/site-packages/airflow/example_dags/example_trigger_controller_dag.py
[2021-08-08 14:38:29,687] {scheduler_job.py:632} INFO - Processing file /home/airflow/.local/lib/python3.6/site-packages/airflow/example_dags/example_trigger_controller_dag.py for tasks to queue
[2021-08-08 14:38:29,688] {logging_mixin.py:104} INFO - [2021-08-08 14:38:29,688] {dagbag.py:496} INFO - Filling up the DagBag from /home/airflow/.local/lib/python3.6/site-packages/airflow/example_dags/example_trigger_controller_dag.py
[2021-08-08 14:38:29,698] {scheduler_job.py:642} INFO - DAG(s) dict_keys(['example_trigger_controller_dag']) retrieved from /home/airflow/.local/lib/python3.6/site-packages/airflow/example_dags/example_trigger_controller_dag.py
[2021-08-08 14:38:29,720] {logging_mixin.py:104} INFO - [2021-08-08 14:38:29,720] {dag.py:1833} INFO - Sync 1 DAGs
[2021-08-08 14:38:29,734] {logging_mixin.py:104} INFO - [2021-08-08 14:38:29,734] {dag.py:2306} INFO - Setting next_dagrun for example_trigger_controller_dag to 2021-08-06 00:00:00+00:00
[2021-08-08 14:38:29,744] {scheduler_job.py:189} INFO - Processing /home/airflow/.local/lib/python3.6/site-packages/airflow/example_dags/example_trigger_controller_dag.py took 0.061 seconds
[2021-08-08 14:39:00,034] {scheduler_job.py:181} INFO - Started process (PID=1337) to work on /home/airflow/.local/lib/python3.6/site-packages/airflow/example_dags/example_trigger_controller_dag.py
[2021-08-08 14:39:00,036] {scheduler_job.py:632} INFO - Processing file /home/airflow/.local/lib/python3.6/site-packages/airflow/example_dags/example_trigger_controller_dag.py for tasks to queue
[2021-08-08 14:39:00,037] {logging_mixin.py:104} INFO - [2021-08-08 14:39:00,037] {dagbag.py:496} INFO - Filling up the DagBag from /home/airflow/.local/lib/python3.6/site-packages/airflow/example_dags/example_trigger_controller_dag.py
[2021-08-08 14:39:00,051] {scheduler_job.py:642} INFO - DAG(s) dict_keys(['example_trigger_controller_dag']) retrieved from /home/airflow/.local/lib/python3.6/site-packages/airflow/example_dags/example_trigger_controller_dag.py
[2021-08-08 14:39:00,076] {logging_mixin.py:104} INFO - [2021-08-08 14:39:00,076] {dag.py:1833} INFO - Sync 1 DAGs
[2021-08-08 14:39:00,089] {logging_mixin.py:104} INFO - [2021-08-08 14:39:00,089] {dag.py:2306} INFO - Setting next_dagrun for example_trigger_controller_dag to 2021-08-06 00:00:00+00:00
[2021-08-08 14:39:00,098] {scheduler_job.py:189} INFO - Processing /home/airflow/.local/lib/python3.6/site-packages/airflow/example_dags/example_trigger_controller_dag.py took 0.068 seconds
[2021-08-08 14:39:30,686] {scheduler_job.py:181} INFO - Started process (PID=1389) to work on /home/airflow/.local/lib/python3.6/site-packages/airflow/example_dags/example_trigger_controller_dag.py
[2021-08-08 14:39:30,688] {scheduler_job.py:632} INFO - Processing file /home/airflow/.local/lib/python3.6/site-packages/airflow/example_dags/example_trigger_controller_dag.py for tasks to queue
[2021-08-08 14:39:30,689] {logging_mixin.py:104} INFO - [2021-08-08 14:39:30,688] {dagbag.py:496} INFO - Filling up the DagBag from /home/airflow/.local/lib/python3.6/site-packages/airflow/example_dags/example_trigger_controller_dag.py
[2021-08-08 14:39:30,698] {scheduler_job.py:642} INFO - DAG(s) dict_keys(['example_trigger_controller_dag']) retrieved from /home/airflow/.local/lib/python3.6/site-packages/airflow/example_dags/example_trigger_controller_dag.py
[2021-08-08 14:39:30,720] {logging_mixin.py:104} INFO - [2021-08-08 14:39:30,720] {dag.py:1833} INFO - Sync 1 DAGs
[2021-08-08 14:39:30,733] {logging_mixin.py:104} INFO - [2021-08-08 14:39:30,733] {dag.py:2306} INFO - Setting next_dagrun for example_trigger_controller_dag to 2021-08-06 00:00:00+00:00
[2021-08-08 14:39:30,742] {scheduler_job.py:189} INFO - Processing /home/airflow/.local/lib/python3.6/site-packages/airflow/example_dags/example_trigger_controller_dag.py took 0.060 seconds
[2021-08-08 14:40:01,385] {scheduler_job.py:181} INFO - Started process (PID=1468) to work on /home/airflow/.local/lib/python3.6/site-packages/airflow/example_dags/example_trigger_controller_dag.py
[2021-08-08 14:40:01,387] {scheduler_job.py:632} INFO - Processing file /home/airflow/.local/lib/python3.6/site-packages/airflow/example_dags/example_trigger_controller_dag.py for tasks to queue
[2021-08-08 14:40:01,388] {logging_mixin.py:104} INFO - [2021-08-08 14:40:01,388] {dagbag.py:496} INFO - Filling up the DagBag from /home/airflow/.local/lib/python3.6/site-packages/airflow/example_dags/example_trigger_controller_dag.py
[2021-08-08 14:40:01,399] {scheduler_job.py:642} INFO - DAG(s) dict_keys(['example_trigger_controller_dag']) retrieved from /home/airflow/.local/lib/python3.6/site-packages/airflow/example_dags/example_trigger_controller_dag.py
[2021-08-08 14:40:01,421] {logging_mixin.py:104} INFO - [2021-08-08 14:40:01,421] {dag.py:1833} INFO - Sync 1 DAGs
[2021-08-08 14:40:01,434] {logging_mixin.py:104} INFO - [2021-08-08 14:40:01,434] {dag.py:2306} INFO - Setting next_dagrun for example_trigger_controller_dag to 2021-08-06 00:00:00+00:00
[2021-08-08 14:40:01,444] {scheduler_job.py:189} INFO - Processing /home/airflow/.local/lib/python3.6/site-packages/airflow/example_dags/example_trigger_controller_dag.py took 0.062 seconds
[2021-08-08 14:40:31,706] {scheduler_job.py:181} INFO - Started process (PID=1530) to work on /home/airflow/.local/lib/python3.6/site-packages/airflow/example_dags/example_trigger_controller_dag.py
[2021-08-08 14:40:31,708] {scheduler_job.py:632} INFO - Processing file /home/airflow/.local/lib/python3.6/site-packages/airflow/example_dags/example_trigger_controller_dag.py for tasks to queue
[2021-08-08 14:40:31,709] {logging_mixin.py:104} INFO - [2021-08-08 14:40:31,709] {dagbag.py:496} INFO - Filling up the DagBag from /home/airflow/.local/lib/python3.6/site-packages/airflow/example_dags/example_trigger_controller_dag.py
[2021-08-08 14:40:31,723] {scheduler_job.py:642} INFO - DAG(s) dict_keys(['example_trigger_controller_dag']) retrieved from /home/airflow/.local/lib/python3.6/site-packages/airflow/example_dags/example_trigger_controller_dag.py
[2021-08-08 14:40:31,742] {logging_mixin.py:104} INFO - [2021-08-08 14:40:31,742] {dag.py:1833} INFO - Sync 1 DAGs
[2021-08-08 14:40:31,755] {logging_mixin.py:104} INFO - [2021-08-08 14:40:31,755] {dag.py:2306} INFO - Setting next_dagrun for example_trigger_controller_dag to 2021-08-06 00:00:00+00:00
[2021-08-08 14:40:31,764] {scheduler_job.py:189} INFO - Processing /home/airflow/.local/lib/python3.6/site-packages/airflow/example_dags/example_trigger_controller_dag.py took 0.062 seconds
[2021-08-08 14:41:02,064] {scheduler_job.py:181} INFO - Started process (PID=1581) to work on /home/airflow/.local/lib/python3.6/site-packages/airflow/example_dags/example_trigger_controller_dag.py
[2021-08-08 14:41:02,066] {scheduler_job.py:632} INFO - Processing file /home/airflow/.local/lib/python3.6/site-packages/airflow/example_dags/example_trigger_controller_dag.py for tasks to queue
[2021-08-08 14:41:02,067] {logging_mixin.py:104} INFO - [2021-08-08 14:41:02,066] {dagbag.py:496} INFO - Filling up the DagBag from /home/airflow/.local/lib/python3.6/site-packages/airflow/example_dags/example_trigger_controller_dag.py
[2021-08-08 14:41:02,079] {scheduler_job.py:642} INFO - DAG(s) dict_keys(['example_trigger_controller_dag']) retrieved from /home/airflow/.local/lib/python3.6/site-packages/airflow/example_dags/example_trigger_controller_dag.py
[2021-08-08 14:41:02,224] {logging_mixin.py:104} INFO - [2021-08-08 14:41:02,224] {dag.py:1833} INFO - Sync 1 DAGs
[2021-08-08 14:41:02,237] {logging_mixin.py:104} INFO - [2021-08-08 14:41:02,237] {dag.py:2306} INFO - Setting next_dagrun for example_trigger_controller_dag to 2021-08-06 00:00:00+00:00
[2021-08-08 14:41:02,245] {scheduler_job.py:189} INFO - Processing /home/airflow/.local/lib/python3.6/site-packages/airflow/example_dags/example_trigger_controller_dag.py took 0.184 seconds
[2021-08-08 14:41:32,524] {scheduler_job.py:181} INFO - Started process (PID=1643) to work on /home/airflow/.local/lib/python3.6/site-packages/airflow/example_dags/example_trigger_controller_dag.py
[2021-08-08 14:41:32,528] {scheduler_job.py:632} INFO - Processing file /home/airflow/.local/lib/python3.6/site-packages/airflow/example_dags/example_trigger_controller_dag.py for tasks to queue
[2021-08-08 14:41:32,531] {logging_mixin.py:104} INFO - [2021-08-08 14:41:32,530] {dagbag.py:496} INFO - Filling up the DagBag from /home/airflow/.local/lib/python3.6/site-packages/airflow/example_dags/example_trigger_controller_dag.py
[2021-08-08 14:41:32,561] {scheduler_job.py:642} INFO - DAG(s) dict_keys(['example_trigger_controller_dag']) retrieved from /home/airflow/.local/lib/python3.6/site-packages/airflow/example_dags/example_trigger_controller_dag.py
[2021-08-08 14:41:32,600] {logging_mixin.py:104} INFO - [2021-08-08 14:41:32,600] {dag.py:1833} INFO - Sync 1 DAGs
[2021-08-08 14:41:32,619] {logging_mixin.py:104} INFO - [2021-08-08 14:41:32,619] {dag.py:2306} INFO - Setting next_dagrun for example_trigger_controller_dag to 2021-08-06 00:00:00+00:00
[2021-08-08 14:41:32,630] {scheduler_job.py:189} INFO - Processing /home/airflow/.local/lib/python3.6/site-packages/airflow/example_dags/example_trigger_controller_dag.py took 0.117 seconds
[2021-08-08 14:42:03,046] {scheduler_job.py:181} INFO - Started process (PID=1704) to work on /home/airflow/.local/lib/python3.6/site-packages/airflow/example_dags/example_trigger_controller_dag.py
[2021-08-08 14:42:03,048] {scheduler_job.py:632} INFO - Processing file /home/airflow/.local/lib/python3.6/site-packages/airflow/example_dags/example_trigger_controller_dag.py for tasks to queue
[2021-08-08 14:42:03,049] {logging_mixin.py:104} INFO - [2021-08-08 14:42:03,049] {dagbag.py:496} INFO - Filling up the DagBag from /home/airflow/.local/lib/python3.6/site-packages/airflow/example_dags/example_trigger_controller_dag.py
[2021-08-08 14:42:03,063] {scheduler_job.py:642} INFO - DAG(s) dict_keys(['example_trigger_controller_dag']) retrieved from /home/airflow/.local/lib/python3.6/site-packages/airflow/example_dags/example_trigger_controller_dag.py
[2021-08-08 14:42:03,083] {logging_mixin.py:104} INFO - [2021-08-08 14:42:03,082] {dag.py:1833} INFO - Sync 1 DAGs
[2021-08-08 14:42:03,096] {logging_mixin.py:104} INFO - [2021-08-08 14:42:03,096] {dag.py:2306} INFO - Setting next_dagrun for example_trigger_controller_dag to 2021-08-06 00:00:00+00:00
[2021-08-08 14:42:03,104] {scheduler_job.py:189} INFO - Processing /home/airflow/.local/lib/python3.6/site-packages/airflow/example_dags/example_trigger_controller_dag.py took 0.061 seconds
[2021-08-08 14:42:33,676] {scheduler_job.py:181} INFO - Started process (PID=1756) to work on /home/airflow/.local/lib/python3.6/site-packages/airflow/example_dags/example_trigger_controller_dag.py
[2021-08-08 14:42:33,681] {scheduler_job.py:632} INFO - Processing file /home/airflow/.local/lib/python3.6/site-packages/airflow/example_dags/example_trigger_controller_dag.py for tasks to queue
[2021-08-08 14:42:33,683] {logging_mixin.py:104} INFO - [2021-08-08 14:42:33,682] {dagbag.py:496} INFO - Filling up the DagBag from /home/airflow/.local/lib/python3.6/site-packages/airflow/example_dags/example_trigger_controller_dag.py
[2021-08-08 14:42:33,693] {scheduler_job.py:642} INFO - DAG(s) dict_keys(['example_trigger_controller_dag']) retrieved from /home/airflow/.local/lib/python3.6/site-packages/airflow/example_dags/example_trigger_controller_dag.py
[2021-08-08 14:42:33,712] {logging_mixin.py:104} INFO - [2021-08-08 14:42:33,712] {dag.py:1833} INFO - Sync 1 DAGs
[2021-08-08 14:42:33,727] {logging_mixin.py:104} INFO - [2021-08-08 14:42:33,727] {dag.py:2306} INFO - Setting next_dagrun for example_trigger_controller_dag to 2021-08-06 00:00:00+00:00
[2021-08-08 14:42:33,737] {scheduler_job.py:189} INFO - Processing /home/airflow/.local/lib/python3.6/site-packages/airflow/example_dags/example_trigger_controller_dag.py took 0.064 seconds
[2021-08-08 14:43:04,167] {scheduler_job.py:181} INFO - Started process (PID=1818) to work on /home/airflow/.local/lib/python3.6/site-packages/airflow/example_dags/example_trigger_controller_dag.py
[2021-08-08 14:43:04,169] {scheduler_job.py:632} INFO - Processing file /home/airflow/.local/lib/python3.6/site-packages/airflow/example_dags/example_trigger_controller_dag.py for tasks to queue
[2021-08-08 14:43:04,170] {logging_mixin.py:104} INFO - [2021-08-08 14:43:04,170] {dagbag.py:496} INFO - Filling up the DagBag from /home/airflow/.local/lib/python3.6/site-packages/airflow/example_dags/example_trigger_controller_dag.py
[2021-08-08 14:43:04,180] {scheduler_job.py:642} INFO - DAG(s) dict_keys(['example_trigger_controller_dag']) retrieved from /home/airflow/.local/lib/python3.6/site-packages/airflow/example_dags/example_trigger_controller_dag.py
[2021-08-08 14:43:04,199] {logging_mixin.py:104} INFO - [2021-08-08 14:43:04,199] {dag.py:1833} INFO - Sync 1 DAGs
[2021-08-08 14:43:04,213] {logging_mixin.py:104} INFO - [2021-08-08 14:43:04,213] {dag.py:2306} INFO - Setting next_dagrun for example_trigger_controller_dag to 2021-08-06 00:00:00+00:00
[2021-08-08 14:43:04,224] {scheduler_job.py:189} INFO - Processing /home/airflow/.local/lib/python3.6/site-packages/airflow/example_dags/example_trigger_controller_dag.py took 0.060 seconds
[2021-08-08 14:43:34,511] {scheduler_job.py:181} INFO - Started process (PID=1879) to work on /home/airflow/.local/lib/python3.6/site-packages/airflow/example_dags/example_trigger_controller_dag.py
[2021-08-08 14:43:34,512] {scheduler_job.py:632} INFO - Processing file /home/airflow/.local/lib/python3.6/site-packages/airflow/example_dags/example_trigger_controller_dag.py for tasks to queue
[2021-08-08 14:43:34,513] {logging_mixin.py:104} INFO - [2021-08-08 14:43:34,513] {dagbag.py:496} INFO - Filling up the DagBag from /home/airflow/.local/lib/python3.6/site-packages/airflow/example_dags/example_trigger_controller_dag.py
[2021-08-08 14:43:34,523] {scheduler_job.py:642} INFO - DAG(s) dict_keys(['example_trigger_controller_dag']) retrieved from /home/airflow/.local/lib/python3.6/site-packages/airflow/example_dags/example_trigger_controller_dag.py
[2021-08-08 14:43:34,550] {logging_mixin.py:104} INFO - [2021-08-08 14:43:34,550] {dag.py:1833} INFO - Sync 1 DAGs
[2021-08-08 14:43:34,570] {logging_mixin.py:104} INFO - [2021-08-08 14:43:34,570] {dag.py:2306} INFO - Setting next_dagrun for example_trigger_controller_dag to 2021-08-06 00:00:00+00:00
[2021-08-08 14:43:34,584] {scheduler_job.py:189} INFO - Processing /home/airflow/.local/lib/python3.6/site-packages/airflow/example_dags/example_trigger_controller_dag.py took 0.077 seconds
[2021-08-08 14:44:04,634] {scheduler_job.py:181} INFO - Started process (PID=1930) to work on /home/airflow/.local/lib/python3.6/site-packages/airflow/example_dags/example_trigger_controller_dag.py
[2021-08-08 14:44:04,635] {scheduler_job.py:632} INFO - Processing file /home/airflow/.local/lib/python3.6/site-packages/airflow/example_dags/example_trigger_controller_dag.py for tasks to queue
[2021-08-08 14:44:04,636] {logging_mixin.py:104} INFO - [2021-08-08 14:44:04,636] {dagbag.py:496} INFO - Filling up the DagBag from /home/airflow/.local/lib/python3.6/site-packages/airflow/example_dags/example_trigger_controller_dag.py
[2021-08-08 14:44:04,648] {scheduler_job.py:642} INFO - DAG(s) dict_keys(['example_trigger_controller_dag']) retrieved from /home/airflow/.local/lib/python3.6/site-packages/airflow/example_dags/example_trigger_controller_dag.py
[2021-08-08 14:44:04,670] {logging_mixin.py:104} INFO - [2021-08-08 14:44:04,670] {dag.py:1833} INFO - Sync 1 DAGs
[2021-08-08 14:44:04,684] {logging_mixin.py:104} INFO - [2021-08-08 14:44:04,684] {dag.py:2306} INFO - Setting next_dagrun for example_trigger_controller_dag to 2021-08-06 00:00:00+00:00
[2021-08-08 14:44:04,692] {scheduler_job.py:189} INFO - Processing /home/airflow/.local/lib/python3.6/site-packages/airflow/example_dags/example_trigger_controller_dag.py took 0.062 seconds
[2021-08-08 14:44:35,181] {scheduler_job.py:181} INFO - Started process (PID=1991) to work on /home/airflow/.local/lib/python3.6/site-packages/airflow/example_dags/example_trigger_controller_dag.py
[2021-08-08 14:44:35,182] {scheduler_job.py:632} INFO - Processing file /home/airflow/.local/lib/python3.6/site-packages/airflow/example_dags/example_trigger_controller_dag.py for tasks to queue
[2021-08-08 14:44:35,183] {logging_mixin.py:104} INFO - [2021-08-08 14:44:35,183] {dagbag.py:496} INFO - Filling up the DagBag from /home/airflow/.local/lib/python3.6/site-packages/airflow/example_dags/example_trigger_controller_dag.py
[2021-08-08 14:44:35,198] {scheduler_job.py:642} INFO - DAG(s) dict_keys(['example_trigger_controller_dag']) retrieved from /home/airflow/.local/lib/python3.6/site-packages/airflow/example_dags/example_trigger_controller_dag.py
[2021-08-08 14:44:35,226] {logging_mixin.py:104} INFO - [2021-08-08 14:44:35,226] {dag.py:1833} INFO - Sync 1 DAGs
[2021-08-08 14:44:35,242] {logging_mixin.py:104} INFO - [2021-08-08 14:44:35,242] {dag.py:2306} INFO - Setting next_dagrun for example_trigger_controller_dag to 2021-08-06 00:00:00+00:00
[2021-08-08 14:44:35,258] {scheduler_job.py:189} INFO - Processing /home/airflow/.local/lib/python3.6/site-packages/airflow/example_dags/example_trigger_controller_dag.py took 0.080 seconds
[2021-08-08 14:45:05,415] {scheduler_job.py:181} INFO - Started process (PID=2052) to work on /home/airflow/.local/lib/python3.6/site-packages/airflow/example_dags/example_trigger_controller_dag.py
[2021-08-08 14:45:05,416] {scheduler_job.py:632} INFO - Processing file /home/airflow/.local/lib/python3.6/site-packages/airflow/example_dags/example_trigger_controller_dag.py for tasks to queue
[2021-08-08 14:45:05,418] {logging_mixin.py:104} INFO - [2021-08-08 14:45:05,418] {dagbag.py:496} INFO - Filling up the DagBag from /home/airflow/.local/lib/python3.6/site-packages/airflow/example_dags/example_trigger_controller_dag.py
[2021-08-08 14:45:05,428] {scheduler_job.py:642} INFO - DAG(s) dict_keys(['example_trigger_controller_dag']) retrieved from /home/airflow/.local/lib/python3.6/site-packages/airflow/example_dags/example_trigger_controller_dag.py
[2021-08-08 14:45:05,447] {logging_mixin.py:104} INFO - [2021-08-08 14:45:05,447] {dag.py:1833} INFO - Sync 1 DAGs
[2021-08-08 14:45:05,461] {logging_mixin.py:104} INFO - [2021-08-08 14:45:05,461] {dag.py:2306} INFO - Setting next_dagrun for example_trigger_controller_dag to 2021-08-06 00:00:00+00:00
[2021-08-08 14:45:05,470] {scheduler_job.py:189} INFO - Processing /home/airflow/.local/lib/python3.6/site-packages/airflow/example_dags/example_trigger_controller_dag.py took 0.058 seconds
[2021-08-08 14:45:35,910] {scheduler_job.py:181} INFO - Started process (PID=2103) to work on /home/airflow/.local/lib/python3.6/site-packages/airflow/example_dags/example_trigger_controller_dag.py
[2021-08-08 14:45:35,911] {scheduler_job.py:632} INFO - Processing file /home/airflow/.local/lib/python3.6/site-packages/airflow/example_dags/example_trigger_controller_dag.py for tasks to queue
[2021-08-08 14:45:35,912] {logging_mixin.py:104} INFO - [2021-08-08 14:45:35,912] {dagbag.py:496} INFO - Filling up the DagBag from /home/airflow/.local/lib/python3.6/site-packages/airflow/example_dags/example_trigger_controller_dag.py
[2021-08-08 14:45:35,923] {scheduler_job.py:642} INFO - DAG(s) dict_keys(['example_trigger_controller_dag']) retrieved from /home/airflow/.local/lib/python3.6/site-packages/airflow/example_dags/example_trigger_controller_dag.py
[2021-08-08 14:45:35,942] {logging_mixin.py:104} INFO - [2021-08-08 14:45:35,942] {dag.py:1833} INFO - Sync 1 DAGs
[2021-08-08 14:45:35,956] {logging_mixin.py:104} INFO - [2021-08-08 14:45:35,956] {dag.py:2306} INFO - Setting next_dagrun for example_trigger_controller_dag to 2021-08-06 00:00:00+00:00
[2021-08-08 14:45:35,965] {scheduler_job.py:189} INFO - Processing /home/airflow/.local/lib/python3.6/site-packages/airflow/example_dags/example_trigger_controller_dag.py took 0.058 seconds
[2021-08-08 14:46:06,272] {scheduler_job.py:181} INFO - Started process (PID=2167) to work on /home/airflow/.local/lib/python3.6/site-packages/airflow/example_dags/example_trigger_controller_dag.py
[2021-08-08 14:46:06,275] {scheduler_job.py:632} INFO - Processing file /home/airflow/.local/lib/python3.6/site-packages/airflow/example_dags/example_trigger_controller_dag.py for tasks to queue
[2021-08-08 14:46:06,276] {logging_mixin.py:104} INFO - [2021-08-08 14:46:06,276] {dagbag.py:496} INFO - Filling up the DagBag from /home/airflow/.local/lib/python3.6/site-packages/airflow/example_dags/example_trigger_controller_dag.py
[2021-08-08 14:46:06,296] {scheduler_job.py:642} INFO - DAG(s) dict_keys(['example_trigger_controller_dag']) retrieved from /home/airflow/.local/lib/python3.6/site-packages/airflow/example_dags/example_trigger_controller_dag.py
[2021-08-08 14:46:06,324] {logging_mixin.py:104} INFO - [2021-08-08 14:46:06,324] {dag.py:1833} INFO - Sync 1 DAGs
[2021-08-08 14:46:06,341] {logging_mixin.py:104} INFO - [2021-08-08 14:46:06,341] {dag.py:2306} INFO - Setting next_dagrun for example_trigger_controller_dag to 2021-08-06 00:00:00+00:00
[2021-08-08 14:46:06,350] {scheduler_job.py:189} INFO - Processing /home/airflow/.local/lib/python3.6/site-packages/airflow/example_dags/example_trigger_controller_dag.py took 0.081 seconds
[2021-08-08 14:46:36,694] {scheduler_job.py:181} INFO - Started process (PID=2229) to work on /home/airflow/.local/lib/python3.6/site-packages/airflow/example_dags/example_trigger_controller_dag.py
[2021-08-08 14:46:36,695] {scheduler_job.py:632} INFO - Processing file /home/airflow/.local/lib/python3.6/site-packages/airflow/example_dags/example_trigger_controller_dag.py for tasks to queue
[2021-08-08 14:46:36,697] {logging_mixin.py:104} INFO - [2021-08-08 14:46:36,696] {dagbag.py:496} INFO - Filling up the DagBag from /home/airflow/.local/lib/python3.6/site-packages/airflow/example_dags/example_trigger_controller_dag.py
[2021-08-08 14:46:36,707] {scheduler_job.py:642} INFO - DAG(s) dict_keys(['example_trigger_controller_dag']) retrieved from /home/airflow/.local/lib/python3.6/site-packages/airflow/example_dags/example_trigger_controller_dag.py
[2021-08-08 14:46:36,727] {logging_mixin.py:104} INFO - [2021-08-08 14:46:36,727] {dag.py:1833} INFO - Sync 1 DAGs
[2021-08-08 14:46:36,742] {logging_mixin.py:104} INFO - [2021-08-08 14:46:36,741] {dag.py:2306} INFO - Setting next_dagrun for example_trigger_controller_dag to 2021-08-06 00:00:00+00:00
[2021-08-08 14:46:36,751] {scheduler_job.py:189} INFO - Processing /home/airflow/.local/lib/python3.6/site-packages/airflow/example_dags/example_trigger_controller_dag.py took 0.060 seconds
[2021-08-08 14:47:07,089] {scheduler_job.py:181} INFO - Started process (PID=2281) to work on /home/airflow/.local/lib/python3.6/site-packages/airflow/example_dags/example_trigger_controller_dag.py
[2021-08-08 14:47:07,090] {scheduler_job.py:632} INFO - Processing file /home/airflow/.local/lib/python3.6/site-packages/airflow/example_dags/example_trigger_controller_dag.py for tasks to queue
[2021-08-08 14:47:07,091] {logging_mixin.py:104} INFO - [2021-08-08 14:47:07,091] {dagbag.py:496} INFO - Filling up the DagBag from /home/airflow/.local/lib/python3.6/site-packages/airflow/example_dags/example_trigger_controller_dag.py
[2021-08-08 14:47:07,104] {scheduler_job.py:642} INFO - DAG(s) dict_keys(['example_trigger_controller_dag']) retrieved from /home/airflow/.local/lib/python3.6/site-packages/airflow/example_dags/example_trigger_controller_dag.py
[2021-08-08 14:47:07,124] {logging_mixin.py:104} INFO - [2021-08-08 14:47:07,124] {dag.py:1833} INFO - Sync 1 DAGs
[2021-08-08 14:47:07,138] {logging_mixin.py:104} INFO - [2021-08-08 14:47:07,138] {dag.py:2306} INFO - Setting next_dagrun for example_trigger_controller_dag to 2021-08-06 00:00:00+00:00
[2021-08-08 14:47:07,147] {scheduler_job.py:189} INFO - Processing /home/airflow/.local/lib/python3.6/site-packages/airflow/example_dags/example_trigger_controller_dag.py took 0.062 seconds
[2021-08-08 14:47:37,425] {scheduler_job.py:181} INFO - Started process (PID=2343) to work on /home/airflow/.local/lib/python3.6/site-packages/airflow/example_dags/example_trigger_controller_dag.py
[2021-08-08 14:47:37,428] {scheduler_job.py:632} INFO - Processing file /home/airflow/.local/lib/python3.6/site-packages/airflow/example_dags/example_trigger_controller_dag.py for tasks to queue
[2021-08-08 14:47:37,429] {logging_mixin.py:104} INFO - [2021-08-08 14:47:37,428] {dagbag.py:496} INFO - Filling up the DagBag from /home/airflow/.local/lib/python3.6/site-packages/airflow/example_dags/example_trigger_controller_dag.py
[2021-08-08 14:47:37,439] {scheduler_job.py:642} INFO - DAG(s) dict_keys(['example_trigger_controller_dag']) retrieved from /home/airflow/.local/lib/python3.6/site-packages/airflow/example_dags/example_trigger_controller_dag.py
[2021-08-08 14:47:37,457] {logging_mixin.py:104} INFO - [2021-08-08 14:47:37,457] {dag.py:1833} INFO - Sync 1 DAGs
[2021-08-08 14:47:37,475] {logging_mixin.py:104} INFO - [2021-08-08 14:47:37,475] {dag.py:2306} INFO - Setting next_dagrun for example_trigger_controller_dag to 2021-08-06 00:00:00+00:00
[2021-08-08 14:47:37,497] {scheduler_job.py:189} INFO - Processing /home/airflow/.local/lib/python3.6/site-packages/airflow/example_dags/example_trigger_controller_dag.py took 0.074 seconds
