[2021-08-08 14:30:33,268] {scheduler_job.py:181} INFO - Started process (PID=267) to work on /home/airflow/.local/lib/python3.6/site-packages/airflow/example_dags/example_branch_python_dop_operator_3.py
[2021-08-08 14:30:33,269] {scheduler_job.py:632} INFO - Processing file /home/airflow/.local/lib/python3.6/site-packages/airflow/example_dags/example_branch_python_dop_operator_3.py for tasks to queue
[2021-08-08 14:30:33,270] {logging_mixin.py:104} INFO - [2021-08-08 14:30:33,270] {dagbag.py:496} INFO - Filling up the DagBag from /home/airflow/.local/lib/python3.6/site-packages/airflow/example_dags/example_branch_python_dop_operator_3.py
[2021-08-08 14:30:33,286] {scheduler_job.py:642} INFO - DAG(s) dict_keys(['example_branch_dop_operator_v3']) retrieved from /home/airflow/.local/lib/python3.6/site-packages/airflow/example_dags/example_branch_python_dop_operator_3.py
[2021-08-08 14:30:35,017] {logging_mixin.py:104} INFO - [2021-08-08 14:30:35,016] {dag.py:1833} INFO - Sync 1 DAGs
[2021-08-08 14:30:35,026] {logging_mixin.py:104} INFO - [2021-08-08 14:30:35,025] {dag.py:1852} INFO - Creating ORM DAG for example_branch_dop_operator_v3
[2021-08-08 14:30:35,038] {logging_mixin.py:104} INFO - [2021-08-08 14:30:35,037] {dag.py:2306} INFO - Setting next_dagrun for example_branch_dop_operator_v3 to 2021-08-06 00:00:00+00:00
[2021-08-08 14:30:35,047] {scheduler_job.py:189} INFO - Processing /home/airflow/.local/lib/python3.6/site-packages/airflow/example_dags/example_branch_python_dop_operator_3.py took 1.783 seconds
[2021-08-08 14:31:05,578] {scheduler_job.py:181} INFO - Started process (PID=428) to work on /home/airflow/.local/lib/python3.6/site-packages/airflow/example_dags/example_branch_python_dop_operator_3.py
[2021-08-08 14:31:05,580] {scheduler_job.py:632} INFO - Processing file /home/airflow/.local/lib/python3.6/site-packages/airflow/example_dags/example_branch_python_dop_operator_3.py for tasks to queue
[2021-08-08 14:31:05,581] {logging_mixin.py:104} INFO - [2021-08-08 14:31:05,581] {dagbag.py:496} INFO - Filling up the DagBag from /home/airflow/.local/lib/python3.6/site-packages/airflow/example_dags/example_branch_python_dop_operator_3.py
[2021-08-08 14:31:05,596] {scheduler_job.py:642} INFO - DAG(s) dict_keys(['example_branch_dop_operator_v3']) retrieved from /home/airflow/.local/lib/python3.6/site-packages/airflow/example_dags/example_branch_python_dop_operator_3.py
[2021-08-08 14:31:05,618] {logging_mixin.py:104} INFO - [2021-08-08 14:31:05,618] {dag.py:1833} INFO - Sync 1 DAGs
[2021-08-08 14:31:05,643] {logging_mixin.py:104} INFO - [2021-08-08 14:31:05,643] {dag.py:2306} INFO - Setting next_dagrun for example_branch_dop_operator_v3 to 2021-08-06 00:00:00+00:00
[2021-08-08 14:31:05,653] {scheduler_job.py:189} INFO - Processing /home/airflow/.local/lib/python3.6/site-packages/airflow/example_dags/example_branch_python_dop_operator_3.py took 0.079 seconds
[2021-08-08 14:31:35,978] {scheduler_job.py:181} INFO - Started process (PID=490) to work on /home/airflow/.local/lib/python3.6/site-packages/airflow/example_dags/example_branch_python_dop_operator_3.py
[2021-08-08 14:31:35,980] {scheduler_job.py:632} INFO - Processing file /home/airflow/.local/lib/python3.6/site-packages/airflow/example_dags/example_branch_python_dop_operator_3.py for tasks to queue
[2021-08-08 14:31:35,981] {logging_mixin.py:104} INFO - [2021-08-08 14:31:35,981] {dagbag.py:496} INFO - Filling up the DagBag from /home/airflow/.local/lib/python3.6/site-packages/airflow/example_dags/example_branch_python_dop_operator_3.py
[2021-08-08 14:31:35,993] {scheduler_job.py:642} INFO - DAG(s) dict_keys(['example_branch_dop_operator_v3']) retrieved from /home/airflow/.local/lib/python3.6/site-packages/airflow/example_dags/example_branch_python_dop_operator_3.py
[2021-08-08 14:31:36,011] {logging_mixin.py:104} INFO - [2021-08-08 14:31:36,011] {dag.py:1833} INFO - Sync 1 DAGs
[2021-08-08 14:31:36,034] {logging_mixin.py:104} INFO - [2021-08-08 14:31:36,034] {dag.py:2306} INFO - Setting next_dagrun for example_branch_dop_operator_v3 to 2021-08-06 00:00:00+00:00
[2021-08-08 14:31:36,044] {scheduler_job.py:189} INFO - Processing /home/airflow/.local/lib/python3.6/site-packages/airflow/example_dags/example_branch_python_dop_operator_3.py took 0.070 seconds
[2021-08-08 14:32:06,342] {scheduler_job.py:181} INFO - Started process (PID=541) to work on /home/airflow/.local/lib/python3.6/site-packages/airflow/example_dags/example_branch_python_dop_operator_3.py
[2021-08-08 14:32:06,343] {scheduler_job.py:632} INFO - Processing file /home/airflow/.local/lib/python3.6/site-packages/airflow/example_dags/example_branch_python_dop_operator_3.py for tasks to queue
[2021-08-08 14:32:06,344] {logging_mixin.py:104} INFO - [2021-08-08 14:32:06,344] {dagbag.py:496} INFO - Filling up the DagBag from /home/airflow/.local/lib/python3.6/site-packages/airflow/example_dags/example_branch_python_dop_operator_3.py
[2021-08-08 14:32:06,357] {scheduler_job.py:642} INFO - DAG(s) dict_keys(['example_branch_dop_operator_v3']) retrieved from /home/airflow/.local/lib/python3.6/site-packages/airflow/example_dags/example_branch_python_dop_operator_3.py
[2021-08-08 14:32:06,374] {logging_mixin.py:104} INFO - [2021-08-08 14:32:06,374] {dag.py:1833} INFO - Sync 1 DAGs
[2021-08-08 14:32:06,394] {logging_mixin.py:104} INFO - [2021-08-08 14:32:06,394] {dag.py:2306} INFO - Setting next_dagrun for example_branch_dop_operator_v3 to 2021-08-06 00:00:00+00:00
[2021-08-08 14:32:06,403] {scheduler_job.py:189} INFO - Processing /home/airflow/.local/lib/python3.6/site-packages/airflow/example_dags/example_branch_python_dop_operator_3.py took 0.064 seconds
[2021-08-08 14:32:36,712] {scheduler_job.py:181} INFO - Started process (PID=603) to work on /home/airflow/.local/lib/python3.6/site-packages/airflow/example_dags/example_branch_python_dop_operator_3.py
[2021-08-08 14:32:36,713] {scheduler_job.py:632} INFO - Processing file /home/airflow/.local/lib/python3.6/site-packages/airflow/example_dags/example_branch_python_dop_operator_3.py for tasks to queue
[2021-08-08 14:32:36,714] {logging_mixin.py:104} INFO - [2021-08-08 14:32:36,714] {dagbag.py:496} INFO - Filling up the DagBag from /home/airflow/.local/lib/python3.6/site-packages/airflow/example_dags/example_branch_python_dop_operator_3.py
[2021-08-08 14:32:36,727] {scheduler_job.py:642} INFO - DAG(s) dict_keys(['example_branch_dop_operator_v3']) retrieved from /home/airflow/.local/lib/python3.6/site-packages/airflow/example_dags/example_branch_python_dop_operator_3.py
[2021-08-08 14:32:36,746] {logging_mixin.py:104} INFO - [2021-08-08 14:32:36,746] {dag.py:1833} INFO - Sync 1 DAGs
[2021-08-08 14:32:36,770] {logging_mixin.py:104} INFO - [2021-08-08 14:32:36,769] {dag.py:2306} INFO - Setting next_dagrun for example_branch_dop_operator_v3 to 2021-08-06 00:00:00+00:00
[2021-08-08 14:32:36,779] {scheduler_job.py:189} INFO - Processing /home/airflow/.local/lib/python3.6/site-packages/airflow/example_dags/example_branch_python_dop_operator_3.py took 0.069 seconds
[2021-08-08 14:33:06,914] {scheduler_job.py:181} INFO - Started process (PID=664) to work on /home/airflow/.local/lib/python3.6/site-packages/airflow/example_dags/example_branch_python_dop_operator_3.py
[2021-08-08 14:33:06,916] {scheduler_job.py:632} INFO - Processing file /home/airflow/.local/lib/python3.6/site-packages/airflow/example_dags/example_branch_python_dop_operator_3.py for tasks to queue
[2021-08-08 14:33:06,917] {logging_mixin.py:104} INFO - [2021-08-08 14:33:06,917] {dagbag.py:496} INFO - Filling up the DagBag from /home/airflow/.local/lib/python3.6/site-packages/airflow/example_dags/example_branch_python_dop_operator_3.py
[2021-08-08 14:33:06,930] {scheduler_job.py:642} INFO - DAG(s) dict_keys(['example_branch_dop_operator_v3']) retrieved from /home/airflow/.local/lib/python3.6/site-packages/airflow/example_dags/example_branch_python_dop_operator_3.py
[2021-08-08 14:33:06,948] {logging_mixin.py:104} INFO - [2021-08-08 14:33:06,948] {dag.py:1833} INFO - Sync 1 DAGs
[2021-08-08 14:33:06,968] {logging_mixin.py:104} INFO - [2021-08-08 14:33:06,968] {dag.py:2306} INFO - Setting next_dagrun for example_branch_dop_operator_v3 to 2021-08-06 00:00:00+00:00
[2021-08-08 14:33:06,980] {scheduler_job.py:189} INFO - Processing /home/airflow/.local/lib/python3.6/site-packages/airflow/example_dags/example_branch_python_dop_operator_3.py took 0.069 seconds
[2021-08-08 14:33:37,463] {scheduler_job.py:181} INFO - Started process (PID=715) to work on /home/airflow/.local/lib/python3.6/site-packages/airflow/example_dags/example_branch_python_dop_operator_3.py
[2021-08-08 14:33:37,465] {scheduler_job.py:632} INFO - Processing file /home/airflow/.local/lib/python3.6/site-packages/airflow/example_dags/example_branch_python_dop_operator_3.py for tasks to queue
[2021-08-08 14:33:37,466] {logging_mixin.py:104} INFO - [2021-08-08 14:33:37,466] {dagbag.py:496} INFO - Filling up the DagBag from /home/airflow/.local/lib/python3.6/site-packages/airflow/example_dags/example_branch_python_dop_operator_3.py
[2021-08-08 14:33:37,481] {scheduler_job.py:642} INFO - DAG(s) dict_keys(['example_branch_dop_operator_v3']) retrieved from /home/airflow/.local/lib/python3.6/site-packages/airflow/example_dags/example_branch_python_dop_operator_3.py
[2021-08-08 14:33:37,499] {logging_mixin.py:104} INFO - [2021-08-08 14:33:37,499] {dag.py:1833} INFO - Sync 1 DAGs
[2021-08-08 14:33:37,521] {logging_mixin.py:104} INFO - [2021-08-08 14:33:37,521] {dag.py:2306} INFO - Setting next_dagrun for example_branch_dop_operator_v3 to 2021-08-06 00:00:00+00:00
[2021-08-08 14:33:37,529] {scheduler_job.py:189} INFO - Processing /home/airflow/.local/lib/python3.6/site-packages/airflow/example_dags/example_branch_python_dop_operator_3.py took 0.069 seconds
[2021-08-08 14:34:07,942] {scheduler_job.py:181} INFO - Started process (PID=776) to work on /home/airflow/.local/lib/python3.6/site-packages/airflow/example_dags/example_branch_python_dop_operator_3.py
[2021-08-08 14:34:07,944] {scheduler_job.py:632} INFO - Processing file /home/airflow/.local/lib/python3.6/site-packages/airflow/example_dags/example_branch_python_dop_operator_3.py for tasks to queue
[2021-08-08 14:34:07,945] {logging_mixin.py:104} INFO - [2021-08-08 14:34:07,945] {dagbag.py:496} INFO - Filling up the DagBag from /home/airflow/.local/lib/python3.6/site-packages/airflow/example_dags/example_branch_python_dop_operator_3.py
[2021-08-08 14:34:07,960] {scheduler_job.py:642} INFO - DAG(s) dict_keys(['example_branch_dop_operator_v3']) retrieved from /home/airflow/.local/lib/python3.6/site-packages/airflow/example_dags/example_branch_python_dop_operator_3.py
[2021-08-08 14:34:07,978] {logging_mixin.py:104} INFO - [2021-08-08 14:34:07,977] {dag.py:1833} INFO - Sync 1 DAGs
[2021-08-08 14:34:07,999] {logging_mixin.py:104} INFO - [2021-08-08 14:34:07,999] {dag.py:2306} INFO - Setting next_dagrun for example_branch_dop_operator_v3 to 2021-08-06 00:00:00+00:00
[2021-08-08 14:34:08,008] {scheduler_job.py:189} INFO - Processing /home/airflow/.local/lib/python3.6/site-packages/airflow/example_dags/example_branch_python_dop_operator_3.py took 0.069 seconds
[2021-08-08 14:34:38,230] {scheduler_job.py:181} INFO - Started process (PID=838) to work on /home/airflow/.local/lib/python3.6/site-packages/airflow/example_dags/example_branch_python_dop_operator_3.py
[2021-08-08 14:34:38,232] {scheduler_job.py:632} INFO - Processing file /home/airflow/.local/lib/python3.6/site-packages/airflow/example_dags/example_branch_python_dop_operator_3.py for tasks to queue
[2021-08-08 14:34:38,233] {logging_mixin.py:104} INFO - [2021-08-08 14:34:38,233] {dagbag.py:496} INFO - Filling up the DagBag from /home/airflow/.local/lib/python3.6/site-packages/airflow/example_dags/example_branch_python_dop_operator_3.py
[2021-08-08 14:34:38,246] {scheduler_job.py:642} INFO - DAG(s) dict_keys(['example_branch_dop_operator_v3']) retrieved from /home/airflow/.local/lib/python3.6/site-packages/airflow/example_dags/example_branch_python_dop_operator_3.py
[2021-08-08 14:34:38,263] {logging_mixin.py:104} INFO - [2021-08-08 14:34:38,263] {dag.py:1833} INFO - Sync 1 DAGs
[2021-08-08 14:34:38,285] {logging_mixin.py:104} INFO - [2021-08-08 14:34:38,285] {dag.py:2306} INFO - Setting next_dagrun for example_branch_dop_operator_v3 to 2021-08-06 00:00:00+00:00
[2021-08-08 14:34:38,294] {scheduler_job.py:189} INFO - Processing /home/airflow/.local/lib/python3.6/site-packages/airflow/example_dags/example_branch_python_dop_operator_3.py took 0.067 seconds
[2021-08-08 14:35:08,696] {scheduler_job.py:181} INFO - Started process (PID=889) to work on /home/airflow/.local/lib/python3.6/site-packages/airflow/example_dags/example_branch_python_dop_operator_3.py
[2021-08-08 14:35:08,697] {scheduler_job.py:632} INFO - Processing file /home/airflow/.local/lib/python3.6/site-packages/airflow/example_dags/example_branch_python_dop_operator_3.py for tasks to queue
[2021-08-08 14:35:08,698] {logging_mixin.py:104} INFO - [2021-08-08 14:35:08,698] {dagbag.py:496} INFO - Filling up the DagBag from /home/airflow/.local/lib/python3.6/site-packages/airflow/example_dags/example_branch_python_dop_operator_3.py
[2021-08-08 14:35:08,714] {scheduler_job.py:642} INFO - DAG(s) dict_keys(['example_branch_dop_operator_v3']) retrieved from /home/airflow/.local/lib/python3.6/site-packages/airflow/example_dags/example_branch_python_dop_operator_3.py
[2021-08-08 14:35:08,732] {logging_mixin.py:104} INFO - [2021-08-08 14:35:08,732] {dag.py:1833} INFO - Sync 1 DAGs
[2021-08-08 14:35:08,753] {logging_mixin.py:104} INFO - [2021-08-08 14:35:08,753] {dag.py:2306} INFO - Setting next_dagrun for example_branch_dop_operator_v3 to 2021-08-06 00:00:00+00:00
[2021-08-08 14:35:08,762] {scheduler_job.py:189} INFO - Processing /home/airflow/.local/lib/python3.6/site-packages/airflow/example_dags/example_branch_python_dop_operator_3.py took 0.071 seconds
[2021-08-08 14:35:39,062] {scheduler_job.py:181} INFO - Started process (PID=950) to work on /home/airflow/.local/lib/python3.6/site-packages/airflow/example_dags/example_branch_python_dop_operator_3.py
[2021-08-08 14:35:39,063] {scheduler_job.py:632} INFO - Processing file /home/airflow/.local/lib/python3.6/site-packages/airflow/example_dags/example_branch_python_dop_operator_3.py for tasks to queue
[2021-08-08 14:35:39,064] {logging_mixin.py:104} INFO - [2021-08-08 14:35:39,064] {dagbag.py:496} INFO - Filling up the DagBag from /home/airflow/.local/lib/python3.6/site-packages/airflow/example_dags/example_branch_python_dop_operator_3.py
[2021-08-08 14:35:39,079] {scheduler_job.py:642} INFO - DAG(s) dict_keys(['example_branch_dop_operator_v3']) retrieved from /home/airflow/.local/lib/python3.6/site-packages/airflow/example_dags/example_branch_python_dop_operator_3.py
[2021-08-08 14:35:39,097] {logging_mixin.py:104} INFO - [2021-08-08 14:35:39,097] {dag.py:1833} INFO - Sync 1 DAGs
[2021-08-08 14:35:39,120] {logging_mixin.py:104} INFO - [2021-08-08 14:35:39,119] {dag.py:2306} INFO - Setting next_dagrun for example_branch_dop_operator_v3 to 2021-08-06 00:00:00+00:00
[2021-08-08 14:35:39,128] {scheduler_job.py:189} INFO - Processing /home/airflow/.local/lib/python3.6/site-packages/airflow/example_dags/example_branch_python_dop_operator_3.py took 0.069 seconds
[2021-08-08 14:36:09,246] {scheduler_job.py:181} INFO - Started process (PID=1011) to work on /home/airflow/.local/lib/python3.6/site-packages/airflow/example_dags/example_branch_python_dop_operator_3.py
[2021-08-08 14:36:09,248] {scheduler_job.py:632} INFO - Processing file /home/airflow/.local/lib/python3.6/site-packages/airflow/example_dags/example_branch_python_dop_operator_3.py for tasks to queue
[2021-08-08 14:36:09,249] {logging_mixin.py:104} INFO - [2021-08-08 14:36:09,249] {dagbag.py:496} INFO - Filling up the DagBag from /home/airflow/.local/lib/python3.6/site-packages/airflow/example_dags/example_branch_python_dop_operator_3.py
[2021-08-08 14:36:09,264] {scheduler_job.py:642} INFO - DAG(s) dict_keys(['example_branch_dop_operator_v3']) retrieved from /home/airflow/.local/lib/python3.6/site-packages/airflow/example_dags/example_branch_python_dop_operator_3.py
[2021-08-08 14:36:09,282] {logging_mixin.py:104} INFO - [2021-08-08 14:36:09,282] {dag.py:1833} INFO - Sync 1 DAGs
[2021-08-08 14:36:09,303] {logging_mixin.py:104} INFO - [2021-08-08 14:36:09,303] {dag.py:2306} INFO - Setting next_dagrun for example_branch_dop_operator_v3 to 2021-08-06 00:00:00+00:00
[2021-08-08 14:36:09,317] {scheduler_job.py:189} INFO - Processing /home/airflow/.local/lib/python3.6/site-packages/airflow/example_dags/example_branch_python_dop_operator_3.py took 0.074 seconds
[2021-08-08 14:36:39,593] {scheduler_job.py:181} INFO - Started process (PID=1062) to work on /home/airflow/.local/lib/python3.6/site-packages/airflow/example_dags/example_branch_python_dop_operator_3.py
[2021-08-08 14:36:39,594] {scheduler_job.py:632} INFO - Processing file /home/airflow/.local/lib/python3.6/site-packages/airflow/example_dags/example_branch_python_dop_operator_3.py for tasks to queue
[2021-08-08 14:36:39,595] {logging_mixin.py:104} INFO - [2021-08-08 14:36:39,595] {dagbag.py:496} INFO - Filling up the DagBag from /home/airflow/.local/lib/python3.6/site-packages/airflow/example_dags/example_branch_python_dop_operator_3.py
[2021-08-08 14:36:39,610] {scheduler_job.py:642} INFO - DAG(s) dict_keys(['example_branch_dop_operator_v3']) retrieved from /home/airflow/.local/lib/python3.6/site-packages/airflow/example_dags/example_branch_python_dop_operator_3.py
[2021-08-08 14:36:39,630] {logging_mixin.py:104} INFO - [2021-08-08 14:36:39,630] {dag.py:1833} INFO - Sync 1 DAGs
[2021-08-08 14:36:39,650] {logging_mixin.py:104} INFO - [2021-08-08 14:36:39,650] {dag.py:2306} INFO - Setting next_dagrun for example_branch_dop_operator_v3 to 2021-08-06 00:00:00+00:00
[2021-08-08 14:36:39,658] {scheduler_job.py:189} INFO - Processing /home/airflow/.local/lib/python3.6/site-packages/airflow/example_dags/example_branch_python_dop_operator_3.py took 0.070 seconds
[2021-08-08 14:37:10,080] {scheduler_job.py:181} INFO - Started process (PID=1123) to work on /home/airflow/.local/lib/python3.6/site-packages/airflow/example_dags/example_branch_python_dop_operator_3.py
[2021-08-08 14:37:10,082] {scheduler_job.py:632} INFO - Processing file /home/airflow/.local/lib/python3.6/site-packages/airflow/example_dags/example_branch_python_dop_operator_3.py for tasks to queue
[2021-08-08 14:37:10,083] {logging_mixin.py:104} INFO - [2021-08-08 14:37:10,083] {dagbag.py:496} INFO - Filling up the DagBag from /home/airflow/.local/lib/python3.6/site-packages/airflow/example_dags/example_branch_python_dop_operator_3.py
[2021-08-08 14:37:10,097] {scheduler_job.py:642} INFO - DAG(s) dict_keys(['example_branch_dop_operator_v3']) retrieved from /home/airflow/.local/lib/python3.6/site-packages/airflow/example_dags/example_branch_python_dop_operator_3.py
[2021-08-08 14:37:10,118] {logging_mixin.py:104} INFO - [2021-08-08 14:37:10,118] {dag.py:1833} INFO - Sync 1 DAGs
[2021-08-08 14:37:10,136] {logging_mixin.py:104} INFO - [2021-08-08 14:37:10,136] {dag.py:2306} INFO - Setting next_dagrun for example_branch_dop_operator_v3 to 2021-08-06 00:00:00+00:00
[2021-08-08 14:37:10,145] {scheduler_job.py:189} INFO - Processing /home/airflow/.local/lib/python3.6/site-packages/airflow/example_dags/example_branch_python_dop_operator_3.py took 0.069 seconds
[2021-08-08 14:37:40,503] {scheduler_job.py:181} INFO - Started process (PID=1184) to work on /home/airflow/.local/lib/python3.6/site-packages/airflow/example_dags/example_branch_python_dop_operator_3.py
[2021-08-08 14:37:40,504] {scheduler_job.py:632} INFO - Processing file /home/airflow/.local/lib/python3.6/site-packages/airflow/example_dags/example_branch_python_dop_operator_3.py for tasks to queue
[2021-08-08 14:37:40,506] {logging_mixin.py:104} INFO - [2021-08-08 14:37:40,506] {dagbag.py:496} INFO - Filling up the DagBag from /home/airflow/.local/lib/python3.6/site-packages/airflow/example_dags/example_branch_python_dop_operator_3.py
[2021-08-08 14:37:40,523] {scheduler_job.py:642} INFO - DAG(s) dict_keys(['example_branch_dop_operator_v3']) retrieved from /home/airflow/.local/lib/python3.6/site-packages/airflow/example_dags/example_branch_python_dop_operator_3.py
[2021-08-08 14:37:40,545] {logging_mixin.py:104} INFO - [2021-08-08 14:37:40,545] {dag.py:1833} INFO - Sync 1 DAGs
[2021-08-08 14:37:40,564] {logging_mixin.py:104} INFO - [2021-08-08 14:37:40,564] {dag.py:2306} INFO - Setting next_dagrun for example_branch_dop_operator_v3 to 2021-08-06 00:00:00+00:00
[2021-08-08 14:37:40,574] {scheduler_job.py:189} INFO - Processing /home/airflow/.local/lib/python3.6/site-packages/airflow/example_dags/example_branch_python_dop_operator_3.py took 0.074 seconds
[2021-08-08 14:38:10,818] {scheduler_job.py:181} INFO - Started process (PID=1244) to work on /home/airflow/.local/lib/python3.6/site-packages/airflow/example_dags/example_branch_python_dop_operator_3.py
[2021-08-08 14:38:10,820] {scheduler_job.py:632} INFO - Processing file /home/airflow/.local/lib/python3.6/site-packages/airflow/example_dags/example_branch_python_dop_operator_3.py for tasks to queue
[2021-08-08 14:38:10,821] {logging_mixin.py:104} INFO - [2021-08-08 14:38:10,821] {dagbag.py:496} INFO - Filling up the DagBag from /home/airflow/.local/lib/python3.6/site-packages/airflow/example_dags/example_branch_python_dop_operator_3.py
[2021-08-08 14:38:10,836] {scheduler_job.py:642} INFO - DAG(s) dict_keys(['example_branch_dop_operator_v3']) retrieved from /home/airflow/.local/lib/python3.6/site-packages/airflow/example_dags/example_branch_python_dop_operator_3.py
[2021-08-08 14:38:10,861] {logging_mixin.py:104} INFO - [2021-08-08 14:38:10,861] {dag.py:1833} INFO - Sync 1 DAGs
[2021-08-08 14:38:10,886] {logging_mixin.py:104} INFO - [2021-08-08 14:38:10,886] {dag.py:2306} INFO - Setting next_dagrun for example_branch_dop_operator_v3 to 2021-08-06 00:00:00+00:00
[2021-08-08 14:38:10,897] {scheduler_job.py:189} INFO - Processing /home/airflow/.local/lib/python3.6/site-packages/airflow/example_dags/example_branch_python_dop_operator_3.py took 0.082 seconds
[2021-08-08 14:38:41,104] {scheduler_job.py:181} INFO - Started process (PID=1297) to work on /home/airflow/.local/lib/python3.6/site-packages/airflow/example_dags/example_branch_python_dop_operator_3.py
[2021-08-08 14:38:41,106] {scheduler_job.py:632} INFO - Processing file /home/airflow/.local/lib/python3.6/site-packages/airflow/example_dags/example_branch_python_dop_operator_3.py for tasks to queue
[2021-08-08 14:38:41,107] {logging_mixin.py:104} INFO - [2021-08-08 14:38:41,107] {dagbag.py:496} INFO - Filling up the DagBag from /home/airflow/.local/lib/python3.6/site-packages/airflow/example_dags/example_branch_python_dop_operator_3.py
[2021-08-08 14:38:41,121] {scheduler_job.py:642} INFO - DAG(s) dict_keys(['example_branch_dop_operator_v3']) retrieved from /home/airflow/.local/lib/python3.6/site-packages/airflow/example_dags/example_branch_python_dop_operator_3.py
[2021-08-08 14:38:41,143] {logging_mixin.py:104} INFO - [2021-08-08 14:38:41,143] {dag.py:1833} INFO - Sync 1 DAGs
[2021-08-08 14:38:41,163] {logging_mixin.py:104} INFO - [2021-08-08 14:38:41,163] {dag.py:2306} INFO - Setting next_dagrun for example_branch_dop_operator_v3 to 2021-08-06 00:00:00+00:00
[2021-08-08 14:38:41,173] {scheduler_job.py:189} INFO - Processing /home/airflow/.local/lib/python3.6/site-packages/airflow/example_dags/example_branch_python_dop_operator_3.py took 0.072 seconds
[2021-08-08 14:39:11,529] {scheduler_job.py:181} INFO - Started process (PID=1359) to work on /home/airflow/.local/lib/python3.6/site-packages/airflow/example_dags/example_branch_python_dop_operator_3.py
[2021-08-08 14:39:11,543] {scheduler_job.py:632} INFO - Processing file /home/airflow/.local/lib/python3.6/site-packages/airflow/example_dags/example_branch_python_dop_operator_3.py for tasks to queue
[2021-08-08 14:39:11,544] {logging_mixin.py:104} INFO - [2021-08-08 14:39:11,544] {dagbag.py:496} INFO - Filling up the DagBag from /home/airflow/.local/lib/python3.6/site-packages/airflow/example_dags/example_branch_python_dop_operator_3.py
[2021-08-08 14:39:11,580] {scheduler_job.py:642} INFO - DAG(s) dict_keys(['example_branch_dop_operator_v3']) retrieved from /home/airflow/.local/lib/python3.6/site-packages/airflow/example_dags/example_branch_python_dop_operator_3.py
[2021-08-08 14:39:11,600] {logging_mixin.py:104} INFO - [2021-08-08 14:39:11,600] {dag.py:1833} INFO - Sync 1 DAGs
[2021-08-08 14:39:11,626] {logging_mixin.py:104} INFO - [2021-08-08 14:39:11,626] {dag.py:2306} INFO - Setting next_dagrun for example_branch_dop_operator_v3 to 2021-08-06 00:00:00+00:00
[2021-08-08 14:39:11,665] {scheduler_job.py:189} INFO - Processing /home/airflow/.local/lib/python3.6/site-packages/airflow/example_dags/example_branch_python_dop_operator_3.py took 0.139 seconds
[2021-08-08 14:39:42,415] {scheduler_job.py:181} INFO - Started process (PID=1429) to work on /home/airflow/.local/lib/python3.6/site-packages/airflow/example_dags/example_branch_python_dop_operator_3.py
[2021-08-08 14:39:42,417] {scheduler_job.py:632} INFO - Processing file /home/airflow/.local/lib/python3.6/site-packages/airflow/example_dags/example_branch_python_dop_operator_3.py for tasks to queue
[2021-08-08 14:39:42,418] {logging_mixin.py:104} INFO - [2021-08-08 14:39:42,417] {dagbag.py:496} INFO - Filling up the DagBag from /home/airflow/.local/lib/python3.6/site-packages/airflow/example_dags/example_branch_python_dop_operator_3.py
[2021-08-08 14:39:42,433] {scheduler_job.py:642} INFO - DAG(s) dict_keys(['example_branch_dop_operator_v3']) retrieved from /home/airflow/.local/lib/python3.6/site-packages/airflow/example_dags/example_branch_python_dop_operator_3.py
[2021-08-08 14:39:42,451] {logging_mixin.py:104} INFO - [2021-08-08 14:39:42,451] {dag.py:1833} INFO - Sync 1 DAGs
[2021-08-08 14:39:42,470] {logging_mixin.py:104} INFO - [2021-08-08 14:39:42,470] {dag.py:2306} INFO - Setting next_dagrun for example_branch_dop_operator_v3 to 2021-08-06 00:00:00+00:00
[2021-08-08 14:39:42,479] {scheduler_job.py:189} INFO - Processing /home/airflow/.local/lib/python3.6/site-packages/airflow/example_dags/example_branch_python_dop_operator_3.py took 0.068 seconds
[2021-08-08 14:40:12,940] {scheduler_job.py:181} INFO - Started process (PID=1490) to work on /home/airflow/.local/lib/python3.6/site-packages/airflow/example_dags/example_branch_python_dop_operator_3.py
[2021-08-08 14:40:12,942] {scheduler_job.py:632} INFO - Processing file /home/airflow/.local/lib/python3.6/site-packages/airflow/example_dags/example_branch_python_dop_operator_3.py for tasks to queue
[2021-08-08 14:40:12,943] {logging_mixin.py:104} INFO - [2021-08-08 14:40:12,942] {dagbag.py:496} INFO - Filling up the DagBag from /home/airflow/.local/lib/python3.6/site-packages/airflow/example_dags/example_branch_python_dop_operator_3.py
[2021-08-08 14:40:12,957] {scheduler_job.py:642} INFO - DAG(s) dict_keys(['example_branch_dop_operator_v3']) retrieved from /home/airflow/.local/lib/python3.6/site-packages/airflow/example_dags/example_branch_python_dop_operator_3.py
[2021-08-08 14:40:12,976] {logging_mixin.py:104} INFO - [2021-08-08 14:40:12,975] {dag.py:1833} INFO - Sync 1 DAGs
[2021-08-08 14:40:12,994] {logging_mixin.py:104} INFO - [2021-08-08 14:40:12,994] {dag.py:2306} INFO - Setting next_dagrun for example_branch_dop_operator_v3 to 2021-08-06 00:00:00+00:00
[2021-08-08 14:40:13,003] {scheduler_job.py:189} INFO - Processing /home/airflow/.local/lib/python3.6/site-packages/airflow/example_dags/example_branch_python_dop_operator_3.py took 0.066 seconds
[2021-08-08 14:40:43,183] {scheduler_job.py:181} INFO - Started process (PID=1552) to work on /home/airflow/.local/lib/python3.6/site-packages/airflow/example_dags/example_branch_python_dop_operator_3.py
[2021-08-08 14:40:43,185] {scheduler_job.py:632} INFO - Processing file /home/airflow/.local/lib/python3.6/site-packages/airflow/example_dags/example_branch_python_dop_operator_3.py for tasks to queue
[2021-08-08 14:40:43,186] {logging_mixin.py:104} INFO - [2021-08-08 14:40:43,185] {dagbag.py:496} INFO - Filling up the DagBag from /home/airflow/.local/lib/python3.6/site-packages/airflow/example_dags/example_branch_python_dop_operator_3.py
[2021-08-08 14:40:43,200] {scheduler_job.py:642} INFO - DAG(s) dict_keys(['example_branch_dop_operator_v3']) retrieved from /home/airflow/.local/lib/python3.6/site-packages/airflow/example_dags/example_branch_python_dop_operator_3.py
[2021-08-08 14:40:43,218] {logging_mixin.py:104} INFO - [2021-08-08 14:40:43,218] {dag.py:1833} INFO - Sync 1 DAGs
[2021-08-08 14:40:43,237] {logging_mixin.py:104} INFO - [2021-08-08 14:40:43,237] {dag.py:2306} INFO - Setting next_dagrun for example_branch_dop_operator_v3 to 2021-08-06 00:00:00+00:00
[2021-08-08 14:40:43,246] {scheduler_job.py:189} INFO - Processing /home/airflow/.local/lib/python3.6/site-packages/airflow/example_dags/example_branch_python_dop_operator_3.py took 0.065 seconds
[2021-08-08 14:41:13,531] {scheduler_job.py:181} INFO - Started process (PID=1603) to work on /home/airflow/.local/lib/python3.6/site-packages/airflow/example_dags/example_branch_python_dop_operator_3.py
[2021-08-08 14:41:13,533] {scheduler_job.py:632} INFO - Processing file /home/airflow/.local/lib/python3.6/site-packages/airflow/example_dags/example_branch_python_dop_operator_3.py for tasks to queue
[2021-08-08 14:41:13,534] {logging_mixin.py:104} INFO - [2021-08-08 14:41:13,534] {dagbag.py:496} INFO - Filling up the DagBag from /home/airflow/.local/lib/python3.6/site-packages/airflow/example_dags/example_branch_python_dop_operator_3.py
[2021-08-08 14:41:13,556] {scheduler_job.py:642} INFO - DAG(s) dict_keys(['example_branch_dop_operator_v3']) retrieved from /home/airflow/.local/lib/python3.6/site-packages/airflow/example_dags/example_branch_python_dop_operator_3.py
[2021-08-08 14:41:13,579] {logging_mixin.py:104} INFO - [2021-08-08 14:41:13,579] {dag.py:1833} INFO - Sync 1 DAGs
[2021-08-08 14:41:13,599] {logging_mixin.py:104} INFO - [2021-08-08 14:41:13,599] {dag.py:2306} INFO - Setting next_dagrun for example_branch_dop_operator_v3 to 2021-08-06 00:00:00+00:00
[2021-08-08 14:41:13,608] {scheduler_job.py:189} INFO - Processing /home/airflow/.local/lib/python3.6/site-packages/airflow/example_dags/example_branch_python_dop_operator_3.py took 0.081 seconds
[2021-08-08 14:41:44,124] {scheduler_job.py:181} INFO - Started process (PID=1665) to work on /home/airflow/.local/lib/python3.6/site-packages/airflow/example_dags/example_branch_python_dop_operator_3.py
[2021-08-08 14:41:44,126] {scheduler_job.py:632} INFO - Processing file /home/airflow/.local/lib/python3.6/site-packages/airflow/example_dags/example_branch_python_dop_operator_3.py for tasks to queue
[2021-08-08 14:41:44,127] {logging_mixin.py:104} INFO - [2021-08-08 14:41:44,127] {dagbag.py:496} INFO - Filling up the DagBag from /home/airflow/.local/lib/python3.6/site-packages/airflow/example_dags/example_branch_python_dop_operator_3.py
[2021-08-08 14:41:44,145] {scheduler_job.py:642} INFO - DAG(s) dict_keys(['example_branch_dop_operator_v3']) retrieved from /home/airflow/.local/lib/python3.6/site-packages/airflow/example_dags/example_branch_python_dop_operator_3.py
[2021-08-08 14:41:44,163] {logging_mixin.py:104} INFO - [2021-08-08 14:41:44,163] {dag.py:1833} INFO - Sync 1 DAGs
[2021-08-08 14:41:44,182] {logging_mixin.py:104} INFO - [2021-08-08 14:41:44,182] {dag.py:2306} INFO - Setting next_dagrun for example_branch_dop_operator_v3 to 2021-08-06 00:00:00+00:00
[2021-08-08 14:41:44,191] {scheduler_job.py:189} INFO - Processing /home/airflow/.local/lib/python3.6/site-packages/airflow/example_dags/example_branch_python_dop_operator_3.py took 0.071 seconds
[2021-08-08 14:42:14,303] {scheduler_job.py:181} INFO - Started process (PID=1727) to work on /home/airflow/.local/lib/python3.6/site-packages/airflow/example_dags/example_branch_python_dop_operator_3.py
[2021-08-08 14:42:14,313] {scheduler_job.py:632} INFO - Processing file /home/airflow/.local/lib/python3.6/site-packages/airflow/example_dags/example_branch_python_dop_operator_3.py for tasks to queue
[2021-08-08 14:42:14,316] {logging_mixin.py:104} INFO - [2021-08-08 14:42:14,315] {dagbag.py:496} INFO - Filling up the DagBag from /home/airflow/.local/lib/python3.6/site-packages/airflow/example_dags/example_branch_python_dop_operator_3.py
[2021-08-08 14:42:14,338] {scheduler_job.py:642} INFO - DAG(s) dict_keys(['example_branch_dop_operator_v3']) retrieved from /home/airflow/.local/lib/python3.6/site-packages/airflow/example_dags/example_branch_python_dop_operator_3.py
[2021-08-08 14:42:14,390] {logging_mixin.py:104} INFO - [2021-08-08 14:42:14,390] {dag.py:1833} INFO - Sync 1 DAGs
[2021-08-08 14:42:14,429] {logging_mixin.py:104} INFO - [2021-08-08 14:42:14,428] {dag.py:2306} INFO - Setting next_dagrun for example_branch_dop_operator_v3 to 2021-08-06 00:00:00+00:00
[2021-08-08 14:42:14,439] {scheduler_job.py:189} INFO - Processing /home/airflow/.local/lib/python3.6/site-packages/airflow/example_dags/example_branch_python_dop_operator_3.py took 0.144 seconds
[2021-08-08 14:42:45,234] {scheduler_job.py:181} INFO - Started process (PID=1778) to work on /home/airflow/.local/lib/python3.6/site-packages/airflow/example_dags/example_branch_python_dop_operator_3.py
[2021-08-08 14:42:45,239] {scheduler_job.py:632} INFO - Processing file /home/airflow/.local/lib/python3.6/site-packages/airflow/example_dags/example_branch_python_dop_operator_3.py for tasks to queue
[2021-08-08 14:42:45,242] {logging_mixin.py:104} INFO - [2021-08-08 14:42:45,241] {dagbag.py:496} INFO - Filling up the DagBag from /home/airflow/.local/lib/python3.6/site-packages/airflow/example_dags/example_branch_python_dop_operator_3.py
[2021-08-08 14:42:45,275] {scheduler_job.py:642} INFO - DAG(s) dict_keys(['example_branch_dop_operator_v3']) retrieved from /home/airflow/.local/lib/python3.6/site-packages/airflow/example_dags/example_branch_python_dop_operator_3.py
[2021-08-08 14:42:45,312] {logging_mixin.py:104} INFO - [2021-08-08 14:42:45,312] {dag.py:1833} INFO - Sync 1 DAGs
[2021-08-08 14:42:45,339] {logging_mixin.py:104} INFO - [2021-08-08 14:42:45,339] {dag.py:2306} INFO - Setting next_dagrun for example_branch_dop_operator_v3 to 2021-08-06 00:00:00+00:00
[2021-08-08 14:42:45,350] {scheduler_job.py:189} INFO - Processing /home/airflow/.local/lib/python3.6/site-packages/airflow/example_dags/example_branch_python_dop_operator_3.py took 0.128 seconds
[2021-08-08 14:43:15,561] {scheduler_job.py:181} INFO - Started process (PID=1840) to work on /home/airflow/.local/lib/python3.6/site-packages/airflow/example_dags/example_branch_python_dop_operator_3.py
[2021-08-08 14:43:15,563] {scheduler_job.py:632} INFO - Processing file /home/airflow/.local/lib/python3.6/site-packages/airflow/example_dags/example_branch_python_dop_operator_3.py for tasks to queue
[2021-08-08 14:43:15,564] {logging_mixin.py:104} INFO - [2021-08-08 14:43:15,564] {dagbag.py:496} INFO - Filling up the DagBag from /home/airflow/.local/lib/python3.6/site-packages/airflow/example_dags/example_branch_python_dop_operator_3.py
[2021-08-08 14:43:15,581] {scheduler_job.py:642} INFO - DAG(s) dict_keys(['example_branch_dop_operator_v3']) retrieved from /home/airflow/.local/lib/python3.6/site-packages/airflow/example_dags/example_branch_python_dop_operator_3.py
[2021-08-08 14:43:15,605] {logging_mixin.py:104} INFO - [2021-08-08 14:43:15,605] {dag.py:1833} INFO - Sync 1 DAGs
[2021-08-08 14:43:15,628] {logging_mixin.py:104} INFO - [2021-08-08 14:43:15,628] {dag.py:2306} INFO - Setting next_dagrun for example_branch_dop_operator_v3 to 2021-08-06 00:00:00+00:00
[2021-08-08 14:43:15,638] {scheduler_job.py:189} INFO - Processing /home/airflow/.local/lib/python3.6/site-packages/airflow/example_dags/example_branch_python_dop_operator_3.py took 0.079 seconds
[2021-08-08 14:43:46,023] {scheduler_job.py:181} INFO - Started process (PID=1901) to work on /home/airflow/.local/lib/python3.6/site-packages/airflow/example_dags/example_branch_python_dop_operator_3.py
[2021-08-08 14:43:46,024] {scheduler_job.py:632} INFO - Processing file /home/airflow/.local/lib/python3.6/site-packages/airflow/example_dags/example_branch_python_dop_operator_3.py for tasks to queue
[2021-08-08 14:43:46,026] {logging_mixin.py:104} INFO - [2021-08-08 14:43:46,026] {dagbag.py:496} INFO - Filling up the DagBag from /home/airflow/.local/lib/python3.6/site-packages/airflow/example_dags/example_branch_python_dop_operator_3.py
[2021-08-08 14:43:46,039] {scheduler_job.py:642} INFO - DAG(s) dict_keys(['example_branch_dop_operator_v3']) retrieved from /home/airflow/.local/lib/python3.6/site-packages/airflow/example_dags/example_branch_python_dop_operator_3.py
[2021-08-08 14:43:46,058] {logging_mixin.py:104} INFO - [2021-08-08 14:43:46,058] {dag.py:1833} INFO - Sync 1 DAGs
[2021-08-08 14:43:46,082] {logging_mixin.py:104} INFO - [2021-08-08 14:43:46,082] {dag.py:2306} INFO - Setting next_dagrun for example_branch_dop_operator_v3 to 2021-08-06 00:00:00+00:00
[2021-08-08 14:43:46,093] {scheduler_job.py:189} INFO - Processing /home/airflow/.local/lib/python3.6/site-packages/airflow/example_dags/example_branch_python_dop_operator_3.py took 0.073 seconds
[2021-08-08 14:44:16,179] {scheduler_job.py:181} INFO - Started process (PID=1952) to work on /home/airflow/.local/lib/python3.6/site-packages/airflow/example_dags/example_branch_python_dop_operator_3.py
[2021-08-08 14:44:16,180] {scheduler_job.py:632} INFO - Processing file /home/airflow/.local/lib/python3.6/site-packages/airflow/example_dags/example_branch_python_dop_operator_3.py for tasks to queue
[2021-08-08 14:44:16,181] {logging_mixin.py:104} INFO - [2021-08-08 14:44:16,181] {dagbag.py:496} INFO - Filling up the DagBag from /home/airflow/.local/lib/python3.6/site-packages/airflow/example_dags/example_branch_python_dop_operator_3.py
[2021-08-08 14:44:16,194] {scheduler_job.py:642} INFO - DAG(s) dict_keys(['example_branch_dop_operator_v3']) retrieved from /home/airflow/.local/lib/python3.6/site-packages/airflow/example_dags/example_branch_python_dop_operator_3.py
[2021-08-08 14:44:16,213] {logging_mixin.py:104} INFO - [2021-08-08 14:44:16,212] {dag.py:1833} INFO - Sync 1 DAGs
[2021-08-08 14:44:16,233] {logging_mixin.py:104} INFO - [2021-08-08 14:44:16,233] {dag.py:2306} INFO - Setting next_dagrun for example_branch_dop_operator_v3 to 2021-08-06 00:00:00+00:00
[2021-08-08 14:44:16,242] {scheduler_job.py:189} INFO - Processing /home/airflow/.local/lib/python3.6/site-packages/airflow/example_dags/example_branch_python_dop_operator_3.py took 0.066 seconds
[2021-08-08 14:44:46,609] {scheduler_job.py:181} INFO - Started process (PID=2013) to work on /home/airflow/.local/lib/python3.6/site-packages/airflow/example_dags/example_branch_python_dop_operator_3.py
[2021-08-08 14:44:46,611] {scheduler_job.py:632} INFO - Processing file /home/airflow/.local/lib/python3.6/site-packages/airflow/example_dags/example_branch_python_dop_operator_3.py for tasks to queue
[2021-08-08 14:44:46,613] {logging_mixin.py:104} INFO - [2021-08-08 14:44:46,612] {dagbag.py:496} INFO - Filling up the DagBag from /home/airflow/.local/lib/python3.6/site-packages/airflow/example_dags/example_branch_python_dop_operator_3.py
[2021-08-08 14:44:46,628] {scheduler_job.py:642} INFO - DAG(s) dict_keys(['example_branch_dop_operator_v3']) retrieved from /home/airflow/.local/lib/python3.6/site-packages/airflow/example_dags/example_branch_python_dop_operator_3.py
[2021-08-08 14:44:46,648] {logging_mixin.py:104} INFO - [2021-08-08 14:44:46,648] {dag.py:1833} INFO - Sync 1 DAGs
[2021-08-08 14:44:46,668] {logging_mixin.py:104} INFO - [2021-08-08 14:44:46,668] {dag.py:2306} INFO - Setting next_dagrun for example_branch_dop_operator_v3 to 2021-08-06 00:00:00+00:00
[2021-08-08 14:44:46,677] {scheduler_job.py:189} INFO - Processing /home/airflow/.local/lib/python3.6/site-packages/airflow/example_dags/example_branch_python_dop_operator_3.py took 0.071 seconds
[2021-08-08 14:45:16,911] {scheduler_job.py:181} INFO - Started process (PID=2074) to work on /home/airflow/.local/lib/python3.6/site-packages/airflow/example_dags/example_branch_python_dop_operator_3.py
[2021-08-08 14:45:16,913] {scheduler_job.py:632} INFO - Processing file /home/airflow/.local/lib/python3.6/site-packages/airflow/example_dags/example_branch_python_dop_operator_3.py for tasks to queue
[2021-08-08 14:45:16,914] {logging_mixin.py:104} INFO - [2021-08-08 14:45:16,914] {dagbag.py:496} INFO - Filling up the DagBag from /home/airflow/.local/lib/python3.6/site-packages/airflow/example_dags/example_branch_python_dop_operator_3.py
[2021-08-08 14:45:16,927] {scheduler_job.py:642} INFO - DAG(s) dict_keys(['example_branch_dop_operator_v3']) retrieved from /home/airflow/.local/lib/python3.6/site-packages/airflow/example_dags/example_branch_python_dop_operator_3.py
[2021-08-08 14:45:16,947] {logging_mixin.py:104} INFO - [2021-08-08 14:45:16,947] {dag.py:1833} INFO - Sync 1 DAGs
[2021-08-08 14:45:16,967] {logging_mixin.py:104} INFO - [2021-08-08 14:45:16,967] {dag.py:2306} INFO - Setting next_dagrun for example_branch_dop_operator_v3 to 2021-08-06 00:00:00+00:00
[2021-08-08 14:45:16,976] {scheduler_job.py:189} INFO - Processing /home/airflow/.local/lib/python3.6/site-packages/airflow/example_dags/example_branch_python_dop_operator_3.py took 0.069 seconds
[2021-08-08 14:45:47,348] {scheduler_job.py:181} INFO - Started process (PID=2125) to work on /home/airflow/.local/lib/python3.6/site-packages/airflow/example_dags/example_branch_python_dop_operator_3.py
[2021-08-08 14:45:47,350] {scheduler_job.py:632} INFO - Processing file /home/airflow/.local/lib/python3.6/site-packages/airflow/example_dags/example_branch_python_dop_operator_3.py for tasks to queue
[2021-08-08 14:45:47,351] {logging_mixin.py:104} INFO - [2021-08-08 14:45:47,351] {dagbag.py:496} INFO - Filling up the DagBag from /home/airflow/.local/lib/python3.6/site-packages/airflow/example_dags/example_branch_python_dop_operator_3.py
[2021-08-08 14:45:47,364] {scheduler_job.py:642} INFO - DAG(s) dict_keys(['example_branch_dop_operator_v3']) retrieved from /home/airflow/.local/lib/python3.6/site-packages/airflow/example_dags/example_branch_python_dop_operator_3.py
[2021-08-08 14:45:47,385] {logging_mixin.py:104} INFO - [2021-08-08 14:45:47,384] {dag.py:1833} INFO - Sync 1 DAGs
[2021-08-08 14:45:47,410] {logging_mixin.py:104} INFO - [2021-08-08 14:45:47,410] {dag.py:2306} INFO - Setting next_dagrun for example_branch_dop_operator_v3 to 2021-08-06 00:00:00+00:00
[2021-08-08 14:45:47,419] {scheduler_job.py:189} INFO - Processing /home/airflow/.local/lib/python3.6/site-packages/airflow/example_dags/example_branch_python_dop_operator_3.py took 0.074 seconds
[2021-08-08 14:46:17,757] {scheduler_job.py:181} INFO - Started process (PID=2190) to work on /home/airflow/.local/lib/python3.6/site-packages/airflow/example_dags/example_branch_python_dop_operator_3.py
[2021-08-08 14:46:17,758] {scheduler_job.py:632} INFO - Processing file /home/airflow/.local/lib/python3.6/site-packages/airflow/example_dags/example_branch_python_dop_operator_3.py for tasks to queue
[2021-08-08 14:46:17,759] {logging_mixin.py:104} INFO - [2021-08-08 14:46:17,759] {dagbag.py:496} INFO - Filling up the DagBag from /home/airflow/.local/lib/python3.6/site-packages/airflow/example_dags/example_branch_python_dop_operator_3.py
[2021-08-08 14:46:17,772] {scheduler_job.py:642} INFO - DAG(s) dict_keys(['example_branch_dop_operator_v3']) retrieved from /home/airflow/.local/lib/python3.6/site-packages/airflow/example_dags/example_branch_python_dop_operator_3.py
[2021-08-08 14:46:17,793] {logging_mixin.py:104} INFO - [2021-08-08 14:46:17,793] {dag.py:1833} INFO - Sync 1 DAGs
[2021-08-08 14:46:17,817] {logging_mixin.py:104} INFO - [2021-08-08 14:46:17,816] {dag.py:2306} INFO - Setting next_dagrun for example_branch_dop_operator_v3 to 2021-08-06 00:00:00+00:00
[2021-08-08 14:46:17,829] {scheduler_job.py:189} INFO - Processing /home/airflow/.local/lib/python3.6/site-packages/airflow/example_dags/example_branch_python_dop_operator_3.py took 0.075 seconds
[2021-08-08 14:46:48,204] {scheduler_job.py:181} INFO - Started process (PID=2251) to work on /home/airflow/.local/lib/python3.6/site-packages/airflow/example_dags/example_branch_python_dop_operator_3.py
[2021-08-08 14:46:48,206] {scheduler_job.py:632} INFO - Processing file /home/airflow/.local/lib/python3.6/site-packages/airflow/example_dags/example_branch_python_dop_operator_3.py for tasks to queue
[2021-08-08 14:46:48,207] {logging_mixin.py:104} INFO - [2021-08-08 14:46:48,207] {dagbag.py:496} INFO - Filling up the DagBag from /home/airflow/.local/lib/python3.6/site-packages/airflow/example_dags/example_branch_python_dop_operator_3.py
[2021-08-08 14:46:48,222] {scheduler_job.py:642} INFO - DAG(s) dict_keys(['example_branch_dop_operator_v3']) retrieved from /home/airflow/.local/lib/python3.6/site-packages/airflow/example_dags/example_branch_python_dop_operator_3.py
[2021-08-08 14:46:48,243] {logging_mixin.py:104} INFO - [2021-08-08 14:46:48,242] {dag.py:1833} INFO - Sync 1 DAGs
[2021-08-08 14:46:48,263] {logging_mixin.py:104} INFO - [2021-08-08 14:46:48,263] {dag.py:2306} INFO - Setting next_dagrun for example_branch_dop_operator_v3 to 2021-08-06 00:00:00+00:00
[2021-08-08 14:46:48,273] {scheduler_job.py:189} INFO - Processing /home/airflow/.local/lib/python3.6/site-packages/airflow/example_dags/example_branch_python_dop_operator_3.py took 0.072 seconds
[2021-08-08 14:47:18,716] {scheduler_job.py:181} INFO - Started process (PID=2303) to work on /home/airflow/.local/lib/python3.6/site-packages/airflow/example_dags/example_branch_python_dop_operator_3.py
[2021-08-08 14:47:18,719] {scheduler_job.py:632} INFO - Processing file /home/airflow/.local/lib/python3.6/site-packages/airflow/example_dags/example_branch_python_dop_operator_3.py for tasks to queue
[2021-08-08 14:47:18,720] {logging_mixin.py:104} INFO - [2021-08-08 14:47:18,720] {dagbag.py:496} INFO - Filling up the DagBag from /home/airflow/.local/lib/python3.6/site-packages/airflow/example_dags/example_branch_python_dop_operator_3.py
[2021-08-08 14:47:18,740] {scheduler_job.py:642} INFO - DAG(s) dict_keys(['example_branch_dop_operator_v3']) retrieved from /home/airflow/.local/lib/python3.6/site-packages/airflow/example_dags/example_branch_python_dop_operator_3.py
[2021-08-08 14:47:18,795] {logging_mixin.py:104} INFO - [2021-08-08 14:47:18,794] {dag.py:1833} INFO - Sync 1 DAGs
[2021-08-08 14:47:18,869] {logging_mixin.py:104} INFO - [2021-08-08 14:47:18,868] {dag.py:2306} INFO - Setting next_dagrun for example_branch_dop_operator_v3 to 2021-08-06 00:00:00+00:00
[2021-08-08 14:47:18,891] {scheduler_job.py:189} INFO - Processing /home/airflow/.local/lib/python3.6/site-packages/airflow/example_dags/example_branch_python_dop_operator_3.py took 0.179 seconds
[2021-08-08 14:47:49,098] {scheduler_job.py:181} INFO - Started process (PID=2365) to work on /home/airflow/.local/lib/python3.6/site-packages/airflow/example_dags/example_branch_python_dop_operator_3.py
[2021-08-08 14:47:49,100] {scheduler_job.py:632} INFO - Processing file /home/airflow/.local/lib/python3.6/site-packages/airflow/example_dags/example_branch_python_dop_operator_3.py for tasks to queue
[2021-08-08 14:47:49,101] {logging_mixin.py:104} INFO - [2021-08-08 14:47:49,101] {dagbag.py:496} INFO - Filling up the DagBag from /home/airflow/.local/lib/python3.6/site-packages/airflow/example_dags/example_branch_python_dop_operator_3.py
[2021-08-08 14:47:49,116] {scheduler_job.py:642} INFO - DAG(s) dict_keys(['example_branch_dop_operator_v3']) retrieved from /home/airflow/.local/lib/python3.6/site-packages/airflow/example_dags/example_branch_python_dop_operator_3.py
[2021-08-08 14:47:49,135] {logging_mixin.py:104} INFO - [2021-08-08 14:47:49,135] {dag.py:1833} INFO - Sync 1 DAGs
[2021-08-08 14:47:49,156] {logging_mixin.py:104} INFO - [2021-08-08 14:47:49,156] {dag.py:2306} INFO - Setting next_dagrun for example_branch_dop_operator_v3 to 2021-08-06 00:00:00+00:00
[2021-08-08 14:47:49,165] {scheduler_job.py:189} INFO - Processing /home/airflow/.local/lib/python3.6/site-packages/airflow/example_dags/example_branch_python_dop_operator_3.py took 0.071 seconds
