[2021-08-08 14:30:09,870] {scheduler_job.py:181} INFO - Started process (PID=26) to work on /home/airflow/.local/lib/python3.6/site-packages/airflow/example_dags/example_xcom.py
[2021-08-08 14:30:09,875] {scheduler_job.py:632} INFO - Processing file /home/airflow/.local/lib/python3.6/site-packages/airflow/example_dags/example_xcom.py for tasks to queue
[2021-08-08 14:30:09,879] {logging_mixin.py:104} INFO - [2021-08-08 14:30:09,879] {dagbag.py:496} INFO - Filling up the DagBag from /home/airflow/.local/lib/python3.6/site-packages/airflow/example_dags/example_xcom.py
[2021-08-08 14:30:09,898] {scheduler_job.py:642} INFO - DAG(s) dict_keys(['example_xcom']) retrieved from /home/airflow/.local/lib/python3.6/site-packages/airflow/example_dags/example_xcom.py
[2021-08-08 14:30:14,640] {logging_mixin.py:104} INFO - [2021-08-08 14:30:14,639] {dag.py:1833} INFO - Sync 1 DAGs
[2021-08-08 14:30:14,650] {logging_mixin.py:104} INFO - [2021-08-08 14:30:14,649] {dag.py:1852} INFO - Creating ORM DAG for example_xcom
[2021-08-08 14:30:14,654] {logging_mixin.py:104} INFO - [2021-08-08 14:30:14,654] {dag.py:2306} INFO - Setting next_dagrun for example_xcom to 2021-08-06 00:00:00+00:00
[2021-08-08 14:30:14,662] {scheduler_job.py:189} INFO - Processing /home/airflow/.local/lib/python3.6/site-packages/airflow/example_dags/example_xcom.py took 4.816 seconds
[2021-08-08 14:30:45,637] {scheduler_job.py:181} INFO - Started process (PID=388) to work on /home/airflow/.local/lib/python3.6/site-packages/airflow/example_dags/example_xcom.py
[2021-08-08 14:30:45,640] {scheduler_job.py:632} INFO - Processing file /home/airflow/.local/lib/python3.6/site-packages/airflow/example_dags/example_xcom.py for tasks to queue
[2021-08-08 14:30:45,641] {logging_mixin.py:104} INFO - [2021-08-08 14:30:45,641] {dagbag.py:496} INFO - Filling up the DagBag from /home/airflow/.local/lib/python3.6/site-packages/airflow/example_dags/example_xcom.py
[2021-08-08 14:30:45,654] {scheduler_job.py:642} INFO - DAG(s) dict_keys(['example_xcom']) retrieved from /home/airflow/.local/lib/python3.6/site-packages/airflow/example_dags/example_xcom.py
[2021-08-08 14:30:45,672] {logging_mixin.py:104} INFO - [2021-08-08 14:30:45,672] {dag.py:1833} INFO - Sync 1 DAGs
[2021-08-08 14:30:45,686] {logging_mixin.py:104} INFO - [2021-08-08 14:30:45,686] {dag.py:2306} INFO - Setting next_dagrun for example_xcom to 2021-08-06 00:00:00+00:00
[2021-08-08 14:30:45,695] {scheduler_job.py:189} INFO - Processing /home/airflow/.local/lib/python3.6/site-packages/airflow/example_dags/example_xcom.py took 0.062 seconds
[2021-08-08 14:31:16,188] {scheduler_job.py:181} INFO - Started process (PID=449) to work on /home/airflow/.local/lib/python3.6/site-packages/airflow/example_dags/example_xcom.py
[2021-08-08 14:31:16,190] {scheduler_job.py:632} INFO - Processing file /home/airflow/.local/lib/python3.6/site-packages/airflow/example_dags/example_xcom.py for tasks to queue
[2021-08-08 14:31:16,191] {logging_mixin.py:104} INFO - [2021-08-08 14:31:16,191] {dagbag.py:496} INFO - Filling up the DagBag from /home/airflow/.local/lib/python3.6/site-packages/airflow/example_dags/example_xcom.py
[2021-08-08 14:31:16,202] {scheduler_job.py:642} INFO - DAG(s) dict_keys(['example_xcom']) retrieved from /home/airflow/.local/lib/python3.6/site-packages/airflow/example_dags/example_xcom.py
[2021-08-08 14:31:16,221] {logging_mixin.py:104} INFO - [2021-08-08 14:31:16,221] {dag.py:1833} INFO - Sync 1 DAGs
[2021-08-08 14:31:16,234] {logging_mixin.py:104} INFO - [2021-08-08 14:31:16,234] {dag.py:2306} INFO - Setting next_dagrun for example_xcom to 2021-08-06 00:00:00+00:00
[2021-08-08 14:31:16,244] {scheduler_job.py:189} INFO - Processing /home/airflow/.local/lib/python3.6/site-packages/airflow/example_dags/example_xcom.py took 0.059 seconds
[2021-08-08 14:31:46,475] {scheduler_job.py:181} INFO - Started process (PID=501) to work on /home/airflow/.local/lib/python3.6/site-packages/airflow/example_dags/example_xcom.py
[2021-08-08 14:31:46,477] {scheduler_job.py:632} INFO - Processing file /home/airflow/.local/lib/python3.6/site-packages/airflow/example_dags/example_xcom.py for tasks to queue
[2021-08-08 14:31:46,478] {logging_mixin.py:104} INFO - [2021-08-08 14:31:46,478] {dagbag.py:496} INFO - Filling up the DagBag from /home/airflow/.local/lib/python3.6/site-packages/airflow/example_dags/example_xcom.py
[2021-08-08 14:31:46,491] {scheduler_job.py:642} INFO - DAG(s) dict_keys(['example_xcom']) retrieved from /home/airflow/.local/lib/python3.6/site-packages/airflow/example_dags/example_xcom.py
[2021-08-08 14:31:46,508] {logging_mixin.py:104} INFO - [2021-08-08 14:31:46,508] {dag.py:1833} INFO - Sync 1 DAGs
[2021-08-08 14:31:46,522] {logging_mixin.py:104} INFO - [2021-08-08 14:31:46,522] {dag.py:2306} INFO - Setting next_dagrun for example_xcom to 2021-08-06 00:00:00+00:00
[2021-08-08 14:31:46,532] {scheduler_job.py:189} INFO - Processing /home/airflow/.local/lib/python3.6/site-packages/airflow/example_dags/example_xcom.py took 0.060 seconds
[2021-08-08 14:32:16,838] {scheduler_job.py:181} INFO - Started process (PID=563) to work on /home/airflow/.local/lib/python3.6/site-packages/airflow/example_dags/example_xcom.py
[2021-08-08 14:32:16,840] {scheduler_job.py:632} INFO - Processing file /home/airflow/.local/lib/python3.6/site-packages/airflow/example_dags/example_xcom.py for tasks to queue
[2021-08-08 14:32:16,841] {logging_mixin.py:104} INFO - [2021-08-08 14:32:16,840] {dagbag.py:496} INFO - Filling up the DagBag from /home/airflow/.local/lib/python3.6/site-packages/airflow/example_dags/example_xcom.py
[2021-08-08 14:32:16,852] {scheduler_job.py:642} INFO - DAG(s) dict_keys(['example_xcom']) retrieved from /home/airflow/.local/lib/python3.6/site-packages/airflow/example_dags/example_xcom.py
[2021-08-08 14:32:16,870] {logging_mixin.py:104} INFO - [2021-08-08 14:32:16,870] {dag.py:1833} INFO - Sync 1 DAGs
[2021-08-08 14:32:16,884] {logging_mixin.py:104} INFO - [2021-08-08 14:32:16,884] {dag.py:2306} INFO - Setting next_dagrun for example_xcom to 2021-08-06 00:00:00+00:00
[2021-08-08 14:32:16,895] {scheduler_job.py:189} INFO - Processing /home/airflow/.local/lib/python3.6/site-packages/airflow/example_dags/example_xcom.py took 0.060 seconds
[2021-08-08 14:32:47,091] {scheduler_job.py:181} INFO - Started process (PID=624) to work on /home/airflow/.local/lib/python3.6/site-packages/airflow/example_dags/example_xcom.py
[2021-08-08 14:32:47,093] {scheduler_job.py:632} INFO - Processing file /home/airflow/.local/lib/python3.6/site-packages/airflow/example_dags/example_xcom.py for tasks to queue
[2021-08-08 14:32:47,095] {logging_mixin.py:104} INFO - [2021-08-08 14:32:47,095] {dagbag.py:496} INFO - Filling up the DagBag from /home/airflow/.local/lib/python3.6/site-packages/airflow/example_dags/example_xcom.py
[2021-08-08 14:32:47,106] {scheduler_job.py:642} INFO - DAG(s) dict_keys(['example_xcom']) retrieved from /home/airflow/.local/lib/python3.6/site-packages/airflow/example_dags/example_xcom.py
[2021-08-08 14:32:47,123] {logging_mixin.py:104} INFO - [2021-08-08 14:32:47,123] {dag.py:1833} INFO - Sync 1 DAGs
[2021-08-08 14:32:47,137] {logging_mixin.py:104} INFO - [2021-08-08 14:32:47,137] {dag.py:2306} INFO - Setting next_dagrun for example_xcom to 2021-08-06 00:00:00+00:00
[2021-08-08 14:32:47,145] {scheduler_job.py:189} INFO - Processing /home/airflow/.local/lib/python3.6/site-packages/airflow/example_dags/example_xcom.py took 0.057 seconds
[2021-08-08 14:33:17,490] {scheduler_job.py:181} INFO - Started process (PID=684) to work on /home/airflow/.local/lib/python3.6/site-packages/airflow/example_dags/example_xcom.py
[2021-08-08 14:33:17,492] {scheduler_job.py:632} INFO - Processing file /home/airflow/.local/lib/python3.6/site-packages/airflow/example_dags/example_xcom.py for tasks to queue
[2021-08-08 14:33:17,493] {logging_mixin.py:104} INFO - [2021-08-08 14:33:17,493] {dagbag.py:496} INFO - Filling up the DagBag from /home/airflow/.local/lib/python3.6/site-packages/airflow/example_dags/example_xcom.py
[2021-08-08 14:33:17,505] {scheduler_job.py:642} INFO - DAG(s) dict_keys(['example_xcom']) retrieved from /home/airflow/.local/lib/python3.6/site-packages/airflow/example_dags/example_xcom.py
[2021-08-08 14:33:17,529] {logging_mixin.py:104} INFO - [2021-08-08 14:33:17,529] {dag.py:1833} INFO - Sync 1 DAGs
[2021-08-08 14:33:17,548] {logging_mixin.py:104} INFO - [2021-08-08 14:33:17,548] {dag.py:2306} INFO - Setting next_dagrun for example_xcom to 2021-08-06 00:00:00+00:00
[2021-08-08 14:33:17,560] {scheduler_job.py:189} INFO - Processing /home/airflow/.local/lib/python3.6/site-packages/airflow/example_dags/example_xcom.py took 0.073 seconds
[2021-08-08 14:33:48,065] {scheduler_job.py:181} INFO - Started process (PID=736) to work on /home/airflow/.local/lib/python3.6/site-packages/airflow/example_dags/example_xcom.py
[2021-08-08 14:33:48,066] {scheduler_job.py:632} INFO - Processing file /home/airflow/.local/lib/python3.6/site-packages/airflow/example_dags/example_xcom.py for tasks to queue
[2021-08-08 14:33:48,067] {logging_mixin.py:104} INFO - [2021-08-08 14:33:48,067] {dagbag.py:496} INFO - Filling up the DagBag from /home/airflow/.local/lib/python3.6/site-packages/airflow/example_dags/example_xcom.py
[2021-08-08 14:33:48,080] {scheduler_job.py:642} INFO - DAG(s) dict_keys(['example_xcom']) retrieved from /home/airflow/.local/lib/python3.6/site-packages/airflow/example_dags/example_xcom.py
[2021-08-08 14:33:48,100] {logging_mixin.py:104} INFO - [2021-08-08 14:33:48,100] {dag.py:1833} INFO - Sync 1 DAGs
[2021-08-08 14:33:48,114] {logging_mixin.py:104} INFO - [2021-08-08 14:33:48,113] {dag.py:2306} INFO - Setting next_dagrun for example_xcom to 2021-08-06 00:00:00+00:00
[2021-08-08 14:33:48,124] {scheduler_job.py:189} INFO - Processing /home/airflow/.local/lib/python3.6/site-packages/airflow/example_dags/example_xcom.py took 0.063 seconds
[2021-08-08 14:34:18,540] {scheduler_job.py:181} INFO - Started process (PID=797) to work on /home/airflow/.local/lib/python3.6/site-packages/airflow/example_dags/example_xcom.py
[2021-08-08 14:34:18,542] {scheduler_job.py:632} INFO - Processing file /home/airflow/.local/lib/python3.6/site-packages/airflow/example_dags/example_xcom.py for tasks to queue
[2021-08-08 14:34:18,544] {logging_mixin.py:104} INFO - [2021-08-08 14:34:18,544] {dagbag.py:496} INFO - Filling up the DagBag from /home/airflow/.local/lib/python3.6/site-packages/airflow/example_dags/example_xcom.py
[2021-08-08 14:34:18,558] {scheduler_job.py:642} INFO - DAG(s) dict_keys(['example_xcom']) retrieved from /home/airflow/.local/lib/python3.6/site-packages/airflow/example_dags/example_xcom.py
[2021-08-08 14:34:18,578] {logging_mixin.py:104} INFO - [2021-08-08 14:34:18,578] {dag.py:1833} INFO - Sync 1 DAGs
[2021-08-08 14:34:18,592] {logging_mixin.py:104} INFO - [2021-08-08 14:34:18,592] {dag.py:2306} INFO - Setting next_dagrun for example_xcom to 2021-08-06 00:00:00+00:00
[2021-08-08 14:34:18,603] {scheduler_job.py:189} INFO - Processing /home/airflow/.local/lib/python3.6/site-packages/airflow/example_dags/example_xcom.py took 0.068 seconds
[2021-08-08 14:34:48,823] {scheduler_job.py:181} INFO - Started process (PID=859) to work on /home/airflow/.local/lib/python3.6/site-packages/airflow/example_dags/example_xcom.py
[2021-08-08 14:34:48,825] {scheduler_job.py:632} INFO - Processing file /home/airflow/.local/lib/python3.6/site-packages/airflow/example_dags/example_xcom.py for tasks to queue
[2021-08-08 14:34:48,826] {logging_mixin.py:104} INFO - [2021-08-08 14:34:48,826] {dagbag.py:496} INFO - Filling up the DagBag from /home/airflow/.local/lib/python3.6/site-packages/airflow/example_dags/example_xcom.py
[2021-08-08 14:34:48,839] {scheduler_job.py:642} INFO - DAG(s) dict_keys(['example_xcom']) retrieved from /home/airflow/.local/lib/python3.6/site-packages/airflow/example_dags/example_xcom.py
[2021-08-08 14:34:48,860] {logging_mixin.py:104} INFO - [2021-08-08 14:34:48,860] {dag.py:1833} INFO - Sync 1 DAGs
[2021-08-08 14:34:48,874] {logging_mixin.py:104} INFO - [2021-08-08 14:34:48,874] {dag.py:2306} INFO - Setting next_dagrun for example_xcom to 2021-08-06 00:00:00+00:00
[2021-08-08 14:34:48,884] {scheduler_job.py:189} INFO - Processing /home/airflow/.local/lib/python3.6/site-packages/airflow/example_dags/example_xcom.py took 0.065 seconds
[2021-08-08 14:35:19,257] {scheduler_job.py:181} INFO - Started process (PID=910) to work on /home/airflow/.local/lib/python3.6/site-packages/airflow/example_dags/example_xcom.py
[2021-08-08 14:35:19,259] {scheduler_job.py:632} INFO - Processing file /home/airflow/.local/lib/python3.6/site-packages/airflow/example_dags/example_xcom.py for tasks to queue
[2021-08-08 14:35:19,260] {logging_mixin.py:104} INFO - [2021-08-08 14:35:19,260] {dagbag.py:496} INFO - Filling up the DagBag from /home/airflow/.local/lib/python3.6/site-packages/airflow/example_dags/example_xcom.py
[2021-08-08 14:35:19,273] {scheduler_job.py:642} INFO - DAG(s) dict_keys(['example_xcom']) retrieved from /home/airflow/.local/lib/python3.6/site-packages/airflow/example_dags/example_xcom.py
[2021-08-08 14:35:19,291] {logging_mixin.py:104} INFO - [2021-08-08 14:35:19,291] {dag.py:1833} INFO - Sync 1 DAGs
[2021-08-08 14:35:19,306] {logging_mixin.py:104} INFO - [2021-08-08 14:35:19,306] {dag.py:2306} INFO - Setting next_dagrun for example_xcom to 2021-08-06 00:00:00+00:00
[2021-08-08 14:35:19,314] {scheduler_job.py:189} INFO - Processing /home/airflow/.local/lib/python3.6/site-packages/airflow/example_dags/example_xcom.py took 0.062 seconds
[2021-08-08 14:35:49,432] {scheduler_job.py:181} INFO - Started process (PID=971) to work on /home/airflow/.local/lib/python3.6/site-packages/airflow/example_dags/example_xcom.py
[2021-08-08 14:35:49,434] {scheduler_job.py:632} INFO - Processing file /home/airflow/.local/lib/python3.6/site-packages/airflow/example_dags/example_xcom.py for tasks to queue
[2021-08-08 14:35:49,436] {logging_mixin.py:104} INFO - [2021-08-08 14:35:49,435] {dagbag.py:496} INFO - Filling up the DagBag from /home/airflow/.local/lib/python3.6/site-packages/airflow/example_dags/example_xcom.py
[2021-08-08 14:35:49,450] {scheduler_job.py:642} INFO - DAG(s) dict_keys(['example_xcom']) retrieved from /home/airflow/.local/lib/python3.6/site-packages/airflow/example_dags/example_xcom.py
[2021-08-08 14:35:49,473] {logging_mixin.py:104} INFO - [2021-08-08 14:35:49,472] {dag.py:1833} INFO - Sync 1 DAGs
[2021-08-08 14:35:49,492] {logging_mixin.py:104} INFO - [2021-08-08 14:35:49,491] {dag.py:2306} INFO - Setting next_dagrun for example_xcom to 2021-08-06 00:00:00+00:00
[2021-08-08 14:35:49,503] {scheduler_job.py:189} INFO - Processing /home/airflow/.local/lib/python3.6/site-packages/airflow/example_dags/example_xcom.py took 0.075 seconds
[2021-08-08 14:36:19,769] {scheduler_job.py:181} INFO - Started process (PID=1032) to work on /home/airflow/.local/lib/python3.6/site-packages/airflow/example_dags/example_xcom.py
[2021-08-08 14:36:19,770] {scheduler_job.py:632} INFO - Processing file /home/airflow/.local/lib/python3.6/site-packages/airflow/example_dags/example_xcom.py for tasks to queue
[2021-08-08 14:36:19,772] {logging_mixin.py:104} INFO - [2021-08-08 14:36:19,771] {dagbag.py:496} INFO - Filling up the DagBag from /home/airflow/.local/lib/python3.6/site-packages/airflow/example_dags/example_xcom.py
[2021-08-08 14:36:19,785] {scheduler_job.py:642} INFO - DAG(s) dict_keys(['example_xcom']) retrieved from /home/airflow/.local/lib/python3.6/site-packages/airflow/example_dags/example_xcom.py
[2021-08-08 14:36:19,804] {logging_mixin.py:104} INFO - [2021-08-08 14:36:19,804] {dag.py:1833} INFO - Sync 1 DAGs
[2021-08-08 14:36:19,819] {logging_mixin.py:104} INFO - [2021-08-08 14:36:19,819] {dag.py:2306} INFO - Setting next_dagrun for example_xcom to 2021-08-06 00:00:00+00:00
[2021-08-08 14:36:19,827] {scheduler_job.py:189} INFO - Processing /home/airflow/.local/lib/python3.6/site-packages/airflow/example_dags/example_xcom.py took 0.062 seconds
[2021-08-08 14:36:50,201] {scheduler_job.py:181} INFO - Started process (PID=1083) to work on /home/airflow/.local/lib/python3.6/site-packages/airflow/example_dags/example_xcom.py
[2021-08-08 14:36:50,202] {scheduler_job.py:632} INFO - Processing file /home/airflow/.local/lib/python3.6/site-packages/airflow/example_dags/example_xcom.py for tasks to queue
[2021-08-08 14:36:50,203] {logging_mixin.py:104} INFO - [2021-08-08 14:36:50,203] {dagbag.py:496} INFO - Filling up the DagBag from /home/airflow/.local/lib/python3.6/site-packages/airflow/example_dags/example_xcom.py
[2021-08-08 14:36:50,217] {scheduler_job.py:642} INFO - DAG(s) dict_keys(['example_xcom']) retrieved from /home/airflow/.local/lib/python3.6/site-packages/airflow/example_dags/example_xcom.py
[2021-08-08 14:36:50,238] {logging_mixin.py:104} INFO - [2021-08-08 14:36:50,238] {dag.py:1833} INFO - Sync 1 DAGs
[2021-08-08 14:36:50,251] {logging_mixin.py:104} INFO - [2021-08-08 14:36:50,251] {dag.py:2306} INFO - Setting next_dagrun for example_xcom to 2021-08-06 00:00:00+00:00
[2021-08-08 14:36:50,259] {scheduler_job.py:189} INFO - Processing /home/airflow/.local/lib/python3.6/site-packages/airflow/example_dags/example_xcom.py took 0.063 seconds
[2021-08-08 14:37:20,641] {scheduler_job.py:181} INFO - Started process (PID=1144) to work on /home/airflow/.local/lib/python3.6/site-packages/airflow/example_dags/example_xcom.py
[2021-08-08 14:37:20,643] {scheduler_job.py:632} INFO - Processing file /home/airflow/.local/lib/python3.6/site-packages/airflow/example_dags/example_xcom.py for tasks to queue
[2021-08-08 14:37:20,644] {logging_mixin.py:104} INFO - [2021-08-08 14:37:20,644] {dagbag.py:496} INFO - Filling up the DagBag from /home/airflow/.local/lib/python3.6/site-packages/airflow/example_dags/example_xcom.py
[2021-08-08 14:37:20,658] {scheduler_job.py:642} INFO - DAG(s) dict_keys(['example_xcom']) retrieved from /home/airflow/.local/lib/python3.6/site-packages/airflow/example_dags/example_xcom.py
[2021-08-08 14:37:20,679] {logging_mixin.py:104} INFO - [2021-08-08 14:37:20,679] {dag.py:1833} INFO - Sync 1 DAGs
[2021-08-08 14:37:20,692] {logging_mixin.py:104} INFO - [2021-08-08 14:37:20,692] {dag.py:2306} INFO - Setting next_dagrun for example_xcom to 2021-08-06 00:00:00+00:00
[2021-08-08 14:37:20,701] {scheduler_job.py:189} INFO - Processing /home/airflow/.local/lib/python3.6/site-packages/airflow/example_dags/example_xcom.py took 0.063 seconds
[2021-08-08 14:37:51,017] {scheduler_job.py:181} INFO - Started process (PID=1205) to work on /home/airflow/.local/lib/python3.6/site-packages/airflow/example_dags/example_xcom.py
[2021-08-08 14:37:51,019] {scheduler_job.py:632} INFO - Processing file /home/airflow/.local/lib/python3.6/site-packages/airflow/example_dags/example_xcom.py for tasks to queue
[2021-08-08 14:37:51,020] {logging_mixin.py:104} INFO - [2021-08-08 14:37:51,020] {dagbag.py:496} INFO - Filling up the DagBag from /home/airflow/.local/lib/python3.6/site-packages/airflow/example_dags/example_xcom.py
[2021-08-08 14:37:51,033] {scheduler_job.py:642} INFO - DAG(s) dict_keys(['example_xcom']) retrieved from /home/airflow/.local/lib/python3.6/site-packages/airflow/example_dags/example_xcom.py
[2021-08-08 14:37:51,054] {logging_mixin.py:104} INFO - [2021-08-08 14:37:51,054] {dag.py:1833} INFO - Sync 1 DAGs
[2021-08-08 14:37:51,067] {logging_mixin.py:104} INFO - [2021-08-08 14:37:51,067] {dag.py:2306} INFO - Setting next_dagrun for example_xcom to 2021-08-06 00:00:00+00:00
[2021-08-08 14:37:51,074] {scheduler_job.py:189} INFO - Processing /home/airflow/.local/lib/python3.6/site-packages/airflow/example_dags/example_xcom.py took 0.061 seconds
[2021-08-08 14:38:21,274] {scheduler_job.py:181} INFO - Started process (PID=1256) to work on /home/airflow/.local/lib/python3.6/site-packages/airflow/example_dags/example_xcom.py
[2021-08-08 14:38:21,276] {scheduler_job.py:632} INFO - Processing file /home/airflow/.local/lib/python3.6/site-packages/airflow/example_dags/example_xcom.py for tasks to queue
[2021-08-08 14:38:21,277] {logging_mixin.py:104} INFO - [2021-08-08 14:38:21,277] {dagbag.py:496} INFO - Filling up the DagBag from /home/airflow/.local/lib/python3.6/site-packages/airflow/example_dags/example_xcom.py
[2021-08-08 14:38:21,287] {scheduler_job.py:642} INFO - DAG(s) dict_keys(['example_xcom']) retrieved from /home/airflow/.local/lib/python3.6/site-packages/airflow/example_dags/example_xcom.py
[2021-08-08 14:38:21,311] {logging_mixin.py:104} INFO - [2021-08-08 14:38:21,311] {dag.py:1833} INFO - Sync 1 DAGs
[2021-08-08 14:38:21,324] {logging_mixin.py:104} INFO - [2021-08-08 14:38:21,323] {dag.py:2306} INFO - Setting next_dagrun for example_xcom to 2021-08-06 00:00:00+00:00
[2021-08-08 14:38:21,331] {scheduler_job.py:189} INFO - Processing /home/airflow/.local/lib/python3.6/site-packages/airflow/example_dags/example_xcom.py took 0.060 seconds
[2021-08-08 14:38:51,700] {scheduler_job.py:181} INFO - Started process (PID=1319) to work on /home/airflow/.local/lib/python3.6/site-packages/airflow/example_dags/example_xcom.py
[2021-08-08 14:38:51,702] {scheduler_job.py:632} INFO - Processing file /home/airflow/.local/lib/python3.6/site-packages/airflow/example_dags/example_xcom.py for tasks to queue
[2021-08-08 14:38:51,703] {logging_mixin.py:104} INFO - [2021-08-08 14:38:51,703] {dagbag.py:496} INFO - Filling up the DagBag from /home/airflow/.local/lib/python3.6/site-packages/airflow/example_dags/example_xcom.py
[2021-08-08 14:38:51,717] {scheduler_job.py:642} INFO - DAG(s) dict_keys(['example_xcom']) retrieved from /home/airflow/.local/lib/python3.6/site-packages/airflow/example_dags/example_xcom.py
[2021-08-08 14:38:51,743] {logging_mixin.py:104} INFO - [2021-08-08 14:38:51,743] {dag.py:1833} INFO - Sync 1 DAGs
[2021-08-08 14:38:51,762] {logging_mixin.py:104} INFO - [2021-08-08 14:38:51,762] {dag.py:2306} INFO - Setting next_dagrun for example_xcom to 2021-08-06 00:00:00+00:00
[2021-08-08 14:38:51,773] {scheduler_job.py:189} INFO - Processing /home/airflow/.local/lib/python3.6/site-packages/airflow/example_dags/example_xcom.py took 0.077 seconds
[2021-08-08 14:39:22,243] {scheduler_job.py:181} INFO - Started process (PID=1381) to work on /home/airflow/.local/lib/python3.6/site-packages/airflow/example_dags/example_xcom.py
[2021-08-08 14:39:22,247] {scheduler_job.py:632} INFO - Processing file /home/airflow/.local/lib/python3.6/site-packages/airflow/example_dags/example_xcom.py for tasks to queue
[2021-08-08 14:39:22,252] {logging_mixin.py:104} INFO - [2021-08-08 14:39:22,251] {dagbag.py:496} INFO - Filling up the DagBag from /home/airflow/.local/lib/python3.6/site-packages/airflow/example_dags/example_xcom.py
[2021-08-08 14:39:22,273] {scheduler_job.py:642} INFO - DAG(s) dict_keys(['example_xcom']) retrieved from /home/airflow/.local/lib/python3.6/site-packages/airflow/example_dags/example_xcom.py
[2021-08-08 14:39:22,302] {logging_mixin.py:104} INFO - [2021-08-08 14:39:22,302] {dag.py:1833} INFO - Sync 1 DAGs
[2021-08-08 14:39:22,320] {logging_mixin.py:104} INFO - [2021-08-08 14:39:22,320] {dag.py:2306} INFO - Setting next_dagrun for example_xcom to 2021-08-06 00:00:00+00:00
[2021-08-08 14:39:22,330] {scheduler_job.py:189} INFO - Processing /home/airflow/.local/lib/python3.6/site-packages/airflow/example_dags/example_xcom.py took 0.098 seconds
[2021-08-08 14:39:53,074] {scheduler_job.py:181} INFO - Started process (PID=1450) to work on /home/airflow/.local/lib/python3.6/site-packages/airflow/example_dags/example_xcom.py
[2021-08-08 14:39:53,076] {scheduler_job.py:632} INFO - Processing file /home/airflow/.local/lib/python3.6/site-packages/airflow/example_dags/example_xcom.py for tasks to queue
[2021-08-08 14:39:53,077] {logging_mixin.py:104} INFO - [2021-08-08 14:39:53,077] {dagbag.py:496} INFO - Filling up the DagBag from /home/airflow/.local/lib/python3.6/site-packages/airflow/example_dags/example_xcom.py
[2021-08-08 14:39:53,091] {scheduler_job.py:642} INFO - DAG(s) dict_keys(['example_xcom']) retrieved from /home/airflow/.local/lib/python3.6/site-packages/airflow/example_dags/example_xcom.py
[2021-08-08 14:39:53,109] {logging_mixin.py:104} INFO - [2021-08-08 14:39:53,109] {dag.py:1833} INFO - Sync 1 DAGs
[2021-08-08 14:39:53,122] {logging_mixin.py:104} INFO - [2021-08-08 14:39:53,122] {dag.py:2306} INFO - Setting next_dagrun for example_xcom to 2021-08-06 00:00:00+00:00
[2021-08-08 14:39:53,130] {scheduler_job.py:189} INFO - Processing /home/airflow/.local/lib/python3.6/site-packages/airflow/example_dags/example_xcom.py took 0.060 seconds
[2021-08-08 14:40:23,461] {scheduler_job.py:181} INFO - Started process (PID=1511) to work on /home/airflow/.local/lib/python3.6/site-packages/airflow/example_dags/example_xcom.py
[2021-08-08 14:40:23,462] {scheduler_job.py:632} INFO - Processing file /home/airflow/.local/lib/python3.6/site-packages/airflow/example_dags/example_xcom.py for tasks to queue
[2021-08-08 14:40:23,464] {logging_mixin.py:104} INFO - [2021-08-08 14:40:23,464] {dagbag.py:496} INFO - Filling up the DagBag from /home/airflow/.local/lib/python3.6/site-packages/airflow/example_dags/example_xcom.py
[2021-08-08 14:40:23,478] {scheduler_job.py:642} INFO - DAG(s) dict_keys(['example_xcom']) retrieved from /home/airflow/.local/lib/python3.6/site-packages/airflow/example_dags/example_xcom.py
[2021-08-08 14:40:23,496] {logging_mixin.py:104} INFO - [2021-08-08 14:40:23,496] {dag.py:1833} INFO - Sync 1 DAGs
[2021-08-08 14:40:23,509] {logging_mixin.py:104} INFO - [2021-08-08 14:40:23,509] {dag.py:2306} INFO - Setting next_dagrun for example_xcom to 2021-08-06 00:00:00+00:00
[2021-08-08 14:40:23,518] {scheduler_job.py:189} INFO - Processing /home/airflow/.local/lib/python3.6/site-packages/airflow/example_dags/example_xcom.py took 0.061 seconds
[2021-08-08 14:40:53,781] {scheduler_job.py:181} INFO - Started process (PID=1573) to work on /home/airflow/.local/lib/python3.6/site-packages/airflow/example_dags/example_xcom.py
[2021-08-08 14:40:53,782] {scheduler_job.py:632} INFO - Processing file /home/airflow/.local/lib/python3.6/site-packages/airflow/example_dags/example_xcom.py for tasks to queue
[2021-08-08 14:40:53,783] {logging_mixin.py:104} INFO - [2021-08-08 14:40:53,783] {dagbag.py:496} INFO - Filling up the DagBag from /home/airflow/.local/lib/python3.6/site-packages/airflow/example_dags/example_xcom.py
[2021-08-08 14:40:53,798] {scheduler_job.py:642} INFO - DAG(s) dict_keys(['example_xcom']) retrieved from /home/airflow/.local/lib/python3.6/site-packages/airflow/example_dags/example_xcom.py
[2021-08-08 14:40:53,816] {logging_mixin.py:104} INFO - [2021-08-08 14:40:53,816] {dag.py:1833} INFO - Sync 1 DAGs
[2021-08-08 14:40:53,831] {logging_mixin.py:104} INFO - [2021-08-08 14:40:53,831] {dag.py:2306} INFO - Setting next_dagrun for example_xcom to 2021-08-06 00:00:00+00:00
[2021-08-08 14:40:53,839] {scheduler_job.py:189} INFO - Processing /home/airflow/.local/lib/python3.6/site-packages/airflow/example_dags/example_xcom.py took 0.062 seconds
[2021-08-08 14:41:24,133] {scheduler_job.py:181} INFO - Started process (PID=1625) to work on /home/airflow/.local/lib/python3.6/site-packages/airflow/example_dags/example_xcom.py
[2021-08-08 14:41:24,135] {scheduler_job.py:632} INFO - Processing file /home/airflow/.local/lib/python3.6/site-packages/airflow/example_dags/example_xcom.py for tasks to queue
[2021-08-08 14:41:24,136] {logging_mixin.py:104} INFO - [2021-08-08 14:41:24,135] {dagbag.py:496} INFO - Filling up the DagBag from /home/airflow/.local/lib/python3.6/site-packages/airflow/example_dags/example_xcom.py
[2021-08-08 14:41:24,149] {scheduler_job.py:642} INFO - DAG(s) dict_keys(['example_xcom']) retrieved from /home/airflow/.local/lib/python3.6/site-packages/airflow/example_dags/example_xcom.py
[2021-08-08 14:41:24,167] {logging_mixin.py:104} INFO - [2021-08-08 14:41:24,167] {dag.py:1833} INFO - Sync 1 DAGs
[2021-08-08 14:41:24,180] {logging_mixin.py:104} INFO - [2021-08-08 14:41:24,180] {dag.py:2306} INFO - Setting next_dagrun for example_xcom to 2021-08-06 00:00:00+00:00
[2021-08-08 14:41:24,188] {scheduler_job.py:189} INFO - Processing /home/airflow/.local/lib/python3.6/site-packages/airflow/example_dags/example_xcom.py took 0.059 seconds
[2021-08-08 14:41:54,660] {scheduler_job.py:181} INFO - Started process (PID=1686) to work on /home/airflow/.local/lib/python3.6/site-packages/airflow/example_dags/example_xcom.py
[2021-08-08 14:41:54,661] {scheduler_job.py:632} INFO - Processing file /home/airflow/.local/lib/python3.6/site-packages/airflow/example_dags/example_xcom.py for tasks to queue
[2021-08-08 14:41:54,662] {logging_mixin.py:104} INFO - [2021-08-08 14:41:54,662] {dagbag.py:496} INFO - Filling up the DagBag from /home/airflow/.local/lib/python3.6/site-packages/airflow/example_dags/example_xcom.py
[2021-08-08 14:41:54,676] {scheduler_job.py:642} INFO - DAG(s) dict_keys(['example_xcom']) retrieved from /home/airflow/.local/lib/python3.6/site-packages/airflow/example_dags/example_xcom.py
[2021-08-08 14:41:54,694] {logging_mixin.py:104} INFO - [2021-08-08 14:41:54,694] {dag.py:1833} INFO - Sync 1 DAGs
[2021-08-08 14:41:54,709] {logging_mixin.py:104} INFO - [2021-08-08 14:41:54,709] {dag.py:2306} INFO - Setting next_dagrun for example_xcom to 2021-08-06 00:00:00+00:00
[2021-08-08 14:41:54,721] {scheduler_job.py:189} INFO - Processing /home/airflow/.local/lib/python3.6/site-packages/airflow/example_dags/example_xcom.py took 0.065 seconds
[2021-08-08 14:42:25,341] {scheduler_job.py:181} INFO - Started process (PID=1748) to work on /home/airflow/.local/lib/python3.6/site-packages/airflow/example_dags/example_xcom.py
[2021-08-08 14:42:25,347] {scheduler_job.py:632} INFO - Processing file /home/airflow/.local/lib/python3.6/site-packages/airflow/example_dags/example_xcom.py for tasks to queue
[2021-08-08 14:42:25,348] {logging_mixin.py:104} INFO - [2021-08-08 14:42:25,348] {dagbag.py:496} INFO - Filling up the DagBag from /home/airflow/.local/lib/python3.6/site-packages/airflow/example_dags/example_xcom.py
[2021-08-08 14:42:25,361] {scheduler_job.py:642} INFO - DAG(s) dict_keys(['example_xcom']) retrieved from /home/airflow/.local/lib/python3.6/site-packages/airflow/example_dags/example_xcom.py
[2021-08-08 14:42:25,381] {logging_mixin.py:104} INFO - [2021-08-08 14:42:25,381] {dag.py:1833} INFO - Sync 1 DAGs
[2021-08-08 14:42:25,395] {logging_mixin.py:104} INFO - [2021-08-08 14:42:25,394] {dag.py:2306} INFO - Setting next_dagrun for example_xcom to 2021-08-06 00:00:00+00:00
[2021-08-08 14:42:25,404] {scheduler_job.py:189} INFO - Processing /home/airflow/.local/lib/python3.6/site-packages/airflow/example_dags/example_xcom.py took 0.068 seconds
[2021-08-08 14:42:55,856] {scheduler_job.py:181} INFO - Started process (PID=1800) to work on /home/airflow/.local/lib/python3.6/site-packages/airflow/example_dags/example_xcom.py
[2021-08-08 14:42:55,858] {scheduler_job.py:632} INFO - Processing file /home/airflow/.local/lib/python3.6/site-packages/airflow/example_dags/example_xcom.py for tasks to queue
[2021-08-08 14:42:55,859] {logging_mixin.py:104} INFO - [2021-08-08 14:42:55,859] {dagbag.py:496} INFO - Filling up the DagBag from /home/airflow/.local/lib/python3.6/site-packages/airflow/example_dags/example_xcom.py
[2021-08-08 14:42:55,873] {scheduler_job.py:642} INFO - DAG(s) dict_keys(['example_xcom']) retrieved from /home/airflow/.local/lib/python3.6/site-packages/airflow/example_dags/example_xcom.py
[2021-08-08 14:42:55,893] {logging_mixin.py:104} INFO - [2021-08-08 14:42:55,892] {dag.py:1833} INFO - Sync 1 DAGs
[2021-08-08 14:42:55,907] {logging_mixin.py:104} INFO - [2021-08-08 14:42:55,906] {dag.py:2306} INFO - Setting next_dagrun for example_xcom to 2021-08-06 00:00:00+00:00
[2021-08-08 14:42:55,915] {scheduler_job.py:189} INFO - Processing /home/airflow/.local/lib/python3.6/site-packages/airflow/example_dags/example_xcom.py took 0.063 seconds
[2021-08-08 14:43:26,207] {scheduler_job.py:181} INFO - Started process (PID=1861) to work on /home/airflow/.local/lib/python3.6/site-packages/airflow/example_dags/example_xcom.py
[2021-08-08 14:43:26,209] {scheduler_job.py:632} INFO - Processing file /home/airflow/.local/lib/python3.6/site-packages/airflow/example_dags/example_xcom.py for tasks to queue
[2021-08-08 14:43:26,215] {logging_mixin.py:104} INFO - [2021-08-08 14:43:26,215] {dagbag.py:496} INFO - Filling up the DagBag from /home/airflow/.local/lib/python3.6/site-packages/airflow/example_dags/example_xcom.py
[2021-08-08 14:43:26,248] {scheduler_job.py:642} INFO - DAG(s) dict_keys(['example_xcom']) retrieved from /home/airflow/.local/lib/python3.6/site-packages/airflow/example_dags/example_xcom.py
[2021-08-08 14:43:26,293] {logging_mixin.py:104} INFO - [2021-08-08 14:43:26,293] {dag.py:1833} INFO - Sync 1 DAGs
[2021-08-08 14:43:26,329] {logging_mixin.py:104} INFO - [2021-08-08 14:43:26,329] {dag.py:2306} INFO - Setting next_dagrun for example_xcom to 2021-08-06 00:00:00+00:00
[2021-08-08 14:43:26,358] {scheduler_job.py:189} INFO - Processing /home/airflow/.local/lib/python3.6/site-packages/airflow/example_dags/example_xcom.py took 0.157 seconds
[2021-08-08 14:43:56,415] {scheduler_job.py:181} INFO - Started process (PID=1922) to work on /home/airflow/.local/lib/python3.6/site-packages/airflow/example_dags/example_xcom.py
[2021-08-08 14:43:56,416] {scheduler_job.py:632} INFO - Processing file /home/airflow/.local/lib/python3.6/site-packages/airflow/example_dags/example_xcom.py for tasks to queue
[2021-08-08 14:43:56,417] {logging_mixin.py:104} INFO - [2021-08-08 14:43:56,417] {dagbag.py:496} INFO - Filling up the DagBag from /home/airflow/.local/lib/python3.6/site-packages/airflow/example_dags/example_xcom.py
[2021-08-08 14:43:56,428] {scheduler_job.py:642} INFO - DAG(s) dict_keys(['example_xcom']) retrieved from /home/airflow/.local/lib/python3.6/site-packages/airflow/example_dags/example_xcom.py
[2021-08-08 14:43:56,447] {logging_mixin.py:104} INFO - [2021-08-08 14:43:56,447] {dag.py:1833} INFO - Sync 1 DAGs
[2021-08-08 14:43:56,461] {logging_mixin.py:104} INFO - [2021-08-08 14:43:56,461] {dag.py:2306} INFO - Setting next_dagrun for example_xcom to 2021-08-06 00:00:00+00:00
[2021-08-08 14:43:56,470] {scheduler_job.py:189} INFO - Processing /home/airflow/.local/lib/python3.6/site-packages/airflow/example_dags/example_xcom.py took 0.058 seconds
[2021-08-08 14:44:26,700] {scheduler_job.py:181} INFO - Started process (PID=1973) to work on /home/airflow/.local/lib/python3.6/site-packages/airflow/example_dags/example_xcom.py
[2021-08-08 14:44:26,702] {scheduler_job.py:632} INFO - Processing file /home/airflow/.local/lib/python3.6/site-packages/airflow/example_dags/example_xcom.py for tasks to queue
[2021-08-08 14:44:26,703] {logging_mixin.py:104} INFO - [2021-08-08 14:44:26,703] {dagbag.py:496} INFO - Filling up the DagBag from /home/airflow/.local/lib/python3.6/site-packages/airflow/example_dags/example_xcom.py
[2021-08-08 14:44:26,718] {scheduler_job.py:642} INFO - DAG(s) dict_keys(['example_xcom']) retrieved from /home/airflow/.local/lib/python3.6/site-packages/airflow/example_dags/example_xcom.py
[2021-08-08 14:44:26,747] {logging_mixin.py:104} INFO - [2021-08-08 14:44:26,747] {dag.py:1833} INFO - Sync 1 DAGs
[2021-08-08 14:44:26,767] {logging_mixin.py:104} INFO - [2021-08-08 14:44:26,767] {dag.py:2306} INFO - Setting next_dagrun for example_xcom to 2021-08-06 00:00:00+00:00
[2021-08-08 14:44:26,778] {scheduler_job.py:189} INFO - Processing /home/airflow/.local/lib/python3.6/site-packages/airflow/example_dags/example_xcom.py took 0.083 seconds
[2021-08-08 14:44:57,042] {scheduler_job.py:181} INFO - Started process (PID=2034) to work on /home/airflow/.local/lib/python3.6/site-packages/airflow/example_dags/example_xcom.py
[2021-08-08 14:44:57,043] {scheduler_job.py:632} INFO - Processing file /home/airflow/.local/lib/python3.6/site-packages/airflow/example_dags/example_xcom.py for tasks to queue
[2021-08-08 14:44:57,044] {logging_mixin.py:104} INFO - [2021-08-08 14:44:57,044] {dagbag.py:496} INFO - Filling up the DagBag from /home/airflow/.local/lib/python3.6/site-packages/airflow/example_dags/example_xcom.py
[2021-08-08 14:44:57,055] {scheduler_job.py:642} INFO - DAG(s) dict_keys(['example_xcom']) retrieved from /home/airflow/.local/lib/python3.6/site-packages/airflow/example_dags/example_xcom.py
[2021-08-08 14:44:57,074] {logging_mixin.py:104} INFO - [2021-08-08 14:44:57,074] {dag.py:1833} INFO - Sync 1 DAGs
[2021-08-08 14:44:57,088] {logging_mixin.py:104} INFO - [2021-08-08 14:44:57,087] {dag.py:2306} INFO - Setting next_dagrun for example_xcom to 2021-08-06 00:00:00+00:00
[2021-08-08 14:44:57,095] {scheduler_job.py:189} INFO - Processing /home/airflow/.local/lib/python3.6/site-packages/airflow/example_dags/example_xcom.py took 0.056 seconds
[2021-08-08 14:45:27,529] {scheduler_job.py:181} INFO - Started process (PID=2095) to work on /home/airflow/.local/lib/python3.6/site-packages/airflow/example_dags/example_xcom.py
[2021-08-08 14:45:27,531] {scheduler_job.py:632} INFO - Processing file /home/airflow/.local/lib/python3.6/site-packages/airflow/example_dags/example_xcom.py for tasks to queue
[2021-08-08 14:45:27,532] {logging_mixin.py:104} INFO - [2021-08-08 14:45:27,532] {dagbag.py:496} INFO - Filling up the DagBag from /home/airflow/.local/lib/python3.6/site-packages/airflow/example_dags/example_xcom.py
[2021-08-08 14:45:27,547] {scheduler_job.py:642} INFO - DAG(s) dict_keys(['example_xcom']) retrieved from /home/airflow/.local/lib/python3.6/site-packages/airflow/example_dags/example_xcom.py
[2021-08-08 14:45:27,578] {logging_mixin.py:104} INFO - [2021-08-08 14:45:27,578] {dag.py:1833} INFO - Sync 1 DAGs
[2021-08-08 14:45:27,600] {logging_mixin.py:104} INFO - [2021-08-08 14:45:27,599] {dag.py:2306} INFO - Setting next_dagrun for example_xcom to 2021-08-06 00:00:00+00:00
[2021-08-08 14:45:27,613] {scheduler_job.py:189} INFO - Processing /home/airflow/.local/lib/python3.6/site-packages/airflow/example_dags/example_xcom.py took 0.087 seconds
[2021-08-08 14:45:57,944] {scheduler_job.py:181} INFO - Started process (PID=2148) to work on /home/airflow/.local/lib/python3.6/site-packages/airflow/example_dags/example_xcom.py
[2021-08-08 14:45:57,945] {scheduler_job.py:632} INFO - Processing file /home/airflow/.local/lib/python3.6/site-packages/airflow/example_dags/example_xcom.py for tasks to queue
[2021-08-08 14:45:57,947] {logging_mixin.py:104} INFO - [2021-08-08 14:45:57,947] {dagbag.py:496} INFO - Filling up the DagBag from /home/airflow/.local/lib/python3.6/site-packages/airflow/example_dags/example_xcom.py
[2021-08-08 14:45:57,961] {scheduler_job.py:642} INFO - DAG(s) dict_keys(['example_xcom']) retrieved from /home/airflow/.local/lib/python3.6/site-packages/airflow/example_dags/example_xcom.py
[2021-08-08 14:45:57,981] {logging_mixin.py:104} INFO - [2021-08-08 14:45:57,981] {dag.py:1833} INFO - Sync 1 DAGs
[2021-08-08 14:45:57,995] {logging_mixin.py:104} INFO - [2021-08-08 14:45:57,995] {dag.py:2306} INFO - Setting next_dagrun for example_xcom to 2021-08-06 00:00:00+00:00
[2021-08-08 14:45:58,003] {scheduler_job.py:189} INFO - Processing /home/airflow/.local/lib/python3.6/site-packages/airflow/example_dags/example_xcom.py took 0.064 seconds
[2021-08-08 14:46:28,451] {scheduler_job.py:181} INFO - Started process (PID=2212) to work on /home/airflow/.local/lib/python3.6/site-packages/airflow/example_dags/example_xcom.py
[2021-08-08 14:46:28,454] {scheduler_job.py:632} INFO - Processing file /home/airflow/.local/lib/python3.6/site-packages/airflow/example_dags/example_xcom.py for tasks to queue
[2021-08-08 14:46:28,455] {logging_mixin.py:104} INFO - [2021-08-08 14:46:28,455] {dagbag.py:496} INFO - Filling up the DagBag from /home/airflow/.local/lib/python3.6/site-packages/airflow/example_dags/example_xcom.py
[2021-08-08 14:46:28,473] {scheduler_job.py:642} INFO - DAG(s) dict_keys(['example_xcom']) retrieved from /home/airflow/.local/lib/python3.6/site-packages/airflow/example_dags/example_xcom.py
[2021-08-08 14:46:28,496] {logging_mixin.py:104} INFO - [2021-08-08 14:46:28,496] {dag.py:1833} INFO - Sync 1 DAGs
[2021-08-08 14:46:28,512] {logging_mixin.py:104} INFO - [2021-08-08 14:46:28,511] {dag.py:2306} INFO - Setting next_dagrun for example_xcom to 2021-08-06 00:00:00+00:00
[2021-08-08 14:46:28,520] {scheduler_job.py:189} INFO - Processing /home/airflow/.local/lib/python3.6/site-packages/airflow/example_dags/example_xcom.py took 0.080 seconds
[2021-08-08 14:46:58,558] {scheduler_job.py:181} INFO - Started process (PID=2263) to work on /home/airflow/.local/lib/python3.6/site-packages/airflow/example_dags/example_xcom.py
[2021-08-08 14:46:58,560] {scheduler_job.py:632} INFO - Processing file /home/airflow/.local/lib/python3.6/site-packages/airflow/example_dags/example_xcom.py for tasks to queue
[2021-08-08 14:46:58,561] {logging_mixin.py:104} INFO - [2021-08-08 14:46:58,561] {dagbag.py:496} INFO - Filling up the DagBag from /home/airflow/.local/lib/python3.6/site-packages/airflow/example_dags/example_xcom.py
[2021-08-08 14:46:58,573] {scheduler_job.py:642} INFO - DAG(s) dict_keys(['example_xcom']) retrieved from /home/airflow/.local/lib/python3.6/site-packages/airflow/example_dags/example_xcom.py
[2021-08-08 14:46:58,592] {logging_mixin.py:104} INFO - [2021-08-08 14:46:58,592] {dag.py:1833} INFO - Sync 1 DAGs
[2021-08-08 14:46:58,606] {logging_mixin.py:104} INFO - [2021-08-08 14:46:58,606] {dag.py:2306} INFO - Setting next_dagrun for example_xcom to 2021-08-06 00:00:00+00:00
[2021-08-08 14:46:58,616] {scheduler_job.py:189} INFO - Processing /home/airflow/.local/lib/python3.6/site-packages/airflow/example_dags/example_xcom.py took 0.060 seconds
[2021-08-08 14:47:29,226] {scheduler_job.py:181} INFO - Started process (PID=2325) to work on /home/airflow/.local/lib/python3.6/site-packages/airflow/example_dags/example_xcom.py
[2021-08-08 14:47:29,228] {scheduler_job.py:632} INFO - Processing file /home/airflow/.local/lib/python3.6/site-packages/airflow/example_dags/example_xcom.py for tasks to queue
[2021-08-08 14:47:29,229] {logging_mixin.py:104} INFO - [2021-08-08 14:47:29,229] {dagbag.py:496} INFO - Filling up the DagBag from /home/airflow/.local/lib/python3.6/site-packages/airflow/example_dags/example_xcom.py
[2021-08-08 14:47:29,241] {scheduler_job.py:642} INFO - DAG(s) dict_keys(['example_xcom']) retrieved from /home/airflow/.local/lib/python3.6/site-packages/airflow/example_dags/example_xcom.py
[2021-08-08 14:47:29,258] {logging_mixin.py:104} INFO - [2021-08-08 14:47:29,258] {dag.py:1833} INFO - Sync 1 DAGs
[2021-08-08 14:47:29,272] {logging_mixin.py:104} INFO - [2021-08-08 14:47:29,272] {dag.py:2306} INFO - Setting next_dagrun for example_xcom to 2021-08-06 00:00:00+00:00
[2021-08-08 14:47:29,282] {scheduler_job.py:189} INFO - Processing /home/airflow/.local/lib/python3.6/site-packages/airflow/example_dags/example_xcom.py took 0.060 seconds
