[2021-08-08 14:30:36,882] {scheduler_job.py:181} INFO - Started process (PID=310) to work on /home/airflow/.local/lib/python3.6/site-packages/airflow/example_dags/example_dag_decorator.py
[2021-08-08 14:30:36,883] {scheduler_job.py:632} INFO - Processing file /home/airflow/.local/lib/python3.6/site-packages/airflow/example_dags/example_dag_decorator.py for tasks to queue
[2021-08-08 14:30:36,884] {logging_mixin.py:104} INFO - [2021-08-08 14:30:36,884] {dagbag.py:496} INFO - Filling up the DagBag from /home/airflow/.local/lib/python3.6/site-packages/airflow/example_dags/example_dag_decorator.py
[2021-08-08 14:30:36,906] {scheduler_job.py:642} INFO - DAG(s) dict_keys(['example_dag_decorator']) retrieved from /home/airflow/.local/lib/python3.6/site-packages/airflow/example_dags/example_dag_decorator.py
[2021-08-08 14:30:38,641] {logging_mixin.py:104} INFO - [2021-08-08 14:30:38,639] {dag.py:1833} INFO - Sync 1 DAGs
[2021-08-08 14:30:38,652] {logging_mixin.py:104} INFO - [2021-08-08 14:30:38,651] {dag.py:1852} INFO - Creating ORM DAG for example_dag_decorator
[2021-08-08 14:30:38,656] {logging_mixin.py:104} INFO - [2021-08-08 14:30:38,656] {dag.py:2306} INFO - Setting next_dagrun for example_dag_decorator to None
[2021-08-08 14:30:38,663] {scheduler_job.py:189} INFO - Processing /home/airflow/.local/lib/python3.6/site-packages/airflow/example_dags/example_dag_decorator.py took 1.785 seconds
[2021-08-08 14:31:08,774] {scheduler_job.py:181} INFO - Started process (PID=431) to work on /home/airflow/.local/lib/python3.6/site-packages/airflow/example_dags/example_dag_decorator.py
[2021-08-08 14:31:08,777] {scheduler_job.py:632} INFO - Processing file /home/airflow/.local/lib/python3.6/site-packages/airflow/example_dags/example_dag_decorator.py for tasks to queue
[2021-08-08 14:31:08,778] {logging_mixin.py:104} INFO - [2021-08-08 14:31:08,778] {dagbag.py:496} INFO - Filling up the DagBag from /home/airflow/.local/lib/python3.6/site-packages/airflow/example_dags/example_dag_decorator.py
[2021-08-08 14:31:08,798] {scheduler_job.py:642} INFO - DAG(s) dict_keys(['example_dag_decorator']) retrieved from /home/airflow/.local/lib/python3.6/site-packages/airflow/example_dags/example_dag_decorator.py
[2021-08-08 14:31:08,954] {logging_mixin.py:104} INFO - [2021-08-08 14:31:08,954] {dag.py:1833} INFO - Sync 1 DAGs
[2021-08-08 14:31:08,966] {logging_mixin.py:104} INFO - [2021-08-08 14:31:08,966] {dag.py:2306} INFO - Setting next_dagrun for example_dag_decorator to None
[2021-08-08 14:31:08,975] {scheduler_job.py:189} INFO - Processing /home/airflow/.local/lib/python3.6/site-packages/airflow/example_dags/example_dag_decorator.py took 0.204 seconds
[2021-08-08 14:31:39,074] {scheduler_job.py:181} INFO - Started process (PID=493) to work on /home/airflow/.local/lib/python3.6/site-packages/airflow/example_dags/example_dag_decorator.py
[2021-08-08 14:31:39,076] {scheduler_job.py:632} INFO - Processing file /home/airflow/.local/lib/python3.6/site-packages/airflow/example_dags/example_dag_decorator.py for tasks to queue
[2021-08-08 14:31:39,077] {logging_mixin.py:104} INFO - [2021-08-08 14:31:39,077] {dagbag.py:496} INFO - Filling up the DagBag from /home/airflow/.local/lib/python3.6/site-packages/airflow/example_dags/example_dag_decorator.py
[2021-08-08 14:31:39,095] {scheduler_job.py:642} INFO - DAG(s) dict_keys(['example_dag_decorator']) retrieved from /home/airflow/.local/lib/python3.6/site-packages/airflow/example_dags/example_dag_decorator.py
[2021-08-08 14:31:39,255] {logging_mixin.py:104} INFO - [2021-08-08 14:31:39,255] {dag.py:1833} INFO - Sync 1 DAGs
[2021-08-08 14:31:39,269] {logging_mixin.py:104} INFO - [2021-08-08 14:31:39,269] {dag.py:2306} INFO - Setting next_dagrun for example_dag_decorator to None
[2021-08-08 14:31:39,278] {scheduler_job.py:189} INFO - Processing /home/airflow/.local/lib/python3.6/site-packages/airflow/example_dags/example_dag_decorator.py took 0.207 seconds
[2021-08-08 14:32:09,438] {scheduler_job.py:181} INFO - Started process (PID=546) to work on /home/airflow/.local/lib/python3.6/site-packages/airflow/example_dags/example_dag_decorator.py
[2021-08-08 14:32:09,441] {scheduler_job.py:632} INFO - Processing file /home/airflow/.local/lib/python3.6/site-packages/airflow/example_dags/example_dag_decorator.py for tasks to queue
[2021-08-08 14:32:09,442] {logging_mixin.py:104} INFO - [2021-08-08 14:32:09,441] {dagbag.py:496} INFO - Filling up the DagBag from /home/airflow/.local/lib/python3.6/site-packages/airflow/example_dags/example_dag_decorator.py
[2021-08-08 14:32:09,460] {scheduler_job.py:642} INFO - DAG(s) dict_keys(['example_dag_decorator']) retrieved from /home/airflow/.local/lib/python3.6/site-packages/airflow/example_dags/example_dag_decorator.py
[2021-08-08 14:32:09,626] {logging_mixin.py:104} INFO - [2021-08-08 14:32:09,626] {dag.py:1833} INFO - Sync 1 DAGs
[2021-08-08 14:32:09,638] {logging_mixin.py:104} INFO - [2021-08-08 14:32:09,638] {dag.py:2306} INFO - Setting next_dagrun for example_dag_decorator to None
[2021-08-08 14:32:09,647] {scheduler_job.py:189} INFO - Processing /home/airflow/.local/lib/python3.6/site-packages/airflow/example_dags/example_dag_decorator.py took 0.213 seconds
[2021-08-08 14:32:39,889] {scheduler_job.py:181} INFO - Started process (PID=606) to work on /home/airflow/.local/lib/python3.6/site-packages/airflow/example_dags/example_dag_decorator.py
[2021-08-08 14:32:39,891] {scheduler_job.py:632} INFO - Processing file /home/airflow/.local/lib/python3.6/site-packages/airflow/example_dags/example_dag_decorator.py for tasks to queue
[2021-08-08 14:32:39,892] {logging_mixin.py:104} INFO - [2021-08-08 14:32:39,892] {dagbag.py:496} INFO - Filling up the DagBag from /home/airflow/.local/lib/python3.6/site-packages/airflow/example_dags/example_dag_decorator.py
[2021-08-08 14:32:39,914] {scheduler_job.py:642} INFO - DAG(s) dict_keys(['example_dag_decorator']) retrieved from /home/airflow/.local/lib/python3.6/site-packages/airflow/example_dags/example_dag_decorator.py
[2021-08-08 14:32:40,089] {logging_mixin.py:104} INFO - [2021-08-08 14:32:40,089] {dag.py:1833} INFO - Sync 1 DAGs
[2021-08-08 14:32:40,116] {logging_mixin.py:104} INFO - [2021-08-08 14:32:40,116] {dag.py:2306} INFO - Setting next_dagrun for example_dag_decorator to None
[2021-08-08 14:32:40,126] {scheduler_job.py:189} INFO - Processing /home/airflow/.local/lib/python3.6/site-packages/airflow/example_dags/example_dag_decorator.py took 0.241 seconds
[2021-08-08 14:33:11,029] {scheduler_job.py:181} INFO - Started process (PID=667) to work on /home/airflow/.local/lib/python3.6/site-packages/airflow/example_dags/example_dag_decorator.py
[2021-08-08 14:33:11,031] {scheduler_job.py:632} INFO - Processing file /home/airflow/.local/lib/python3.6/site-packages/airflow/example_dags/example_dag_decorator.py for tasks to queue
[2021-08-08 14:33:11,033] {logging_mixin.py:104} INFO - [2021-08-08 14:33:11,032] {dagbag.py:496} INFO - Filling up the DagBag from /home/airflow/.local/lib/python3.6/site-packages/airflow/example_dags/example_dag_decorator.py
[2021-08-08 14:33:11,057] {scheduler_job.py:642} INFO - DAG(s) dict_keys(['example_dag_decorator']) retrieved from /home/airflow/.local/lib/python3.6/site-packages/airflow/example_dags/example_dag_decorator.py
[2021-08-08 14:33:11,243] {logging_mixin.py:104} INFO - [2021-08-08 14:33:11,243] {dag.py:1833} INFO - Sync 1 DAGs
[2021-08-08 14:33:11,259] {logging_mixin.py:104} INFO - [2021-08-08 14:33:11,259] {dag.py:2306} INFO - Setting next_dagrun for example_dag_decorator to None
[2021-08-08 14:33:11,268] {scheduler_job.py:189} INFO - Processing /home/airflow/.local/lib/python3.6/site-packages/airflow/example_dags/example_dag_decorator.py took 0.244 seconds
[2021-08-08 14:33:41,647] {scheduler_job.py:181} INFO - Started process (PID=728) to work on /home/airflow/.local/lib/python3.6/site-packages/airflow/example_dags/example_dag_decorator.py
[2021-08-08 14:33:41,648] {scheduler_job.py:632} INFO - Processing file /home/airflow/.local/lib/python3.6/site-packages/airflow/example_dags/example_dag_decorator.py for tasks to queue
[2021-08-08 14:33:41,649] {logging_mixin.py:104} INFO - [2021-08-08 14:33:41,649] {dagbag.py:496} INFO - Filling up the DagBag from /home/airflow/.local/lib/python3.6/site-packages/airflow/example_dags/example_dag_decorator.py
[2021-08-08 14:33:41,665] {scheduler_job.py:642} INFO - DAG(s) dict_keys(['example_dag_decorator']) retrieved from /home/airflow/.local/lib/python3.6/site-packages/airflow/example_dags/example_dag_decorator.py
[2021-08-08 14:33:41,829] {logging_mixin.py:104} INFO - [2021-08-08 14:33:41,829] {dag.py:1833} INFO - Sync 1 DAGs
[2021-08-08 14:33:41,840] {logging_mixin.py:104} INFO - [2021-08-08 14:33:41,840] {dag.py:2306} INFO - Setting next_dagrun for example_dag_decorator to None
[2021-08-08 14:33:41,850] {scheduler_job.py:189} INFO - Processing /home/airflow/.local/lib/python3.6/site-packages/airflow/example_dags/example_dag_decorator.py took 0.206 seconds
[2021-08-08 14:34:12,126] {scheduler_job.py:181} INFO - Started process (PID=779) to work on /home/airflow/.local/lib/python3.6/site-packages/airflow/example_dags/example_dag_decorator.py
[2021-08-08 14:34:12,129] {scheduler_job.py:632} INFO - Processing file /home/airflow/.local/lib/python3.6/site-packages/airflow/example_dags/example_dag_decorator.py for tasks to queue
[2021-08-08 14:34:12,130] {logging_mixin.py:104} INFO - [2021-08-08 14:34:12,130] {dagbag.py:496} INFO - Filling up the DagBag from /home/airflow/.local/lib/python3.6/site-packages/airflow/example_dags/example_dag_decorator.py
[2021-08-08 14:34:12,149] {scheduler_job.py:642} INFO - DAG(s) dict_keys(['example_dag_decorator']) retrieved from /home/airflow/.local/lib/python3.6/site-packages/airflow/example_dags/example_dag_decorator.py
[2021-08-08 14:34:12,311] {logging_mixin.py:104} INFO - [2021-08-08 14:34:12,311] {dag.py:1833} INFO - Sync 1 DAGs
[2021-08-08 14:34:12,323] {logging_mixin.py:104} INFO - [2021-08-08 14:34:12,323] {dag.py:2306} INFO - Setting next_dagrun for example_dag_decorator to None
[2021-08-08 14:34:12,331] {scheduler_job.py:189} INFO - Processing /home/airflow/.local/lib/python3.6/site-packages/airflow/example_dags/example_dag_decorator.py took 0.208 seconds
[2021-08-08 14:34:42,410] {scheduler_job.py:181} INFO - Started process (PID=841) to work on /home/airflow/.local/lib/python3.6/site-packages/airflow/example_dags/example_dag_decorator.py
[2021-08-08 14:34:42,411] {scheduler_job.py:632} INFO - Processing file /home/airflow/.local/lib/python3.6/site-packages/airflow/example_dags/example_dag_decorator.py for tasks to queue
[2021-08-08 14:34:42,412] {logging_mixin.py:104} INFO - [2021-08-08 14:34:42,412] {dagbag.py:496} INFO - Filling up the DagBag from /home/airflow/.local/lib/python3.6/site-packages/airflow/example_dags/example_dag_decorator.py
[2021-08-08 14:34:42,432] {scheduler_job.py:642} INFO - DAG(s) dict_keys(['example_dag_decorator']) retrieved from /home/airflow/.local/lib/python3.6/site-packages/airflow/example_dags/example_dag_decorator.py
[2021-08-08 14:34:42,584] {logging_mixin.py:104} INFO - [2021-08-08 14:34:42,584] {dag.py:1833} INFO - Sync 1 DAGs
[2021-08-08 14:34:42,600] {logging_mixin.py:104} INFO - [2021-08-08 14:34:42,600] {dag.py:2306} INFO - Setting next_dagrun for example_dag_decorator to None
[2021-08-08 14:34:42,610] {scheduler_job.py:189} INFO - Processing /home/airflow/.local/lib/python3.6/site-packages/airflow/example_dags/example_dag_decorator.py took 0.204 seconds
[2021-08-08 14:35:12,836] {scheduler_job.py:181} INFO - Started process (PID=902) to work on /home/airflow/.local/lib/python3.6/site-packages/airflow/example_dags/example_dag_decorator.py
[2021-08-08 14:35:12,838] {scheduler_job.py:632} INFO - Processing file /home/airflow/.local/lib/python3.6/site-packages/airflow/example_dags/example_dag_decorator.py for tasks to queue
[2021-08-08 14:35:12,839] {logging_mixin.py:104} INFO - [2021-08-08 14:35:12,839] {dagbag.py:496} INFO - Filling up the DagBag from /home/airflow/.local/lib/python3.6/site-packages/airflow/example_dags/example_dag_decorator.py
[2021-08-08 14:35:12,856] {scheduler_job.py:642} INFO - DAG(s) dict_keys(['example_dag_decorator']) retrieved from /home/airflow/.local/lib/python3.6/site-packages/airflow/example_dags/example_dag_decorator.py
[2021-08-08 14:35:13,029] {logging_mixin.py:104} INFO - [2021-08-08 14:35:13,029] {dag.py:1833} INFO - Sync 1 DAGs
[2021-08-08 14:35:13,042] {logging_mixin.py:104} INFO - [2021-08-08 14:35:13,042] {dag.py:2306} INFO - Setting next_dagrun for example_dag_decorator to None
[2021-08-08 14:35:13,052] {scheduler_job.py:189} INFO - Processing /home/airflow/.local/lib/python3.6/site-packages/airflow/example_dags/example_dag_decorator.py took 0.219 seconds
[2021-08-08 14:35:43,177] {scheduler_job.py:181} INFO - Started process (PID=953) to work on /home/airflow/.local/lib/python3.6/site-packages/airflow/example_dags/example_dag_decorator.py
[2021-08-08 14:35:43,179] {scheduler_job.py:632} INFO - Processing file /home/airflow/.local/lib/python3.6/site-packages/airflow/example_dags/example_dag_decorator.py for tasks to queue
[2021-08-08 14:35:43,180] {logging_mixin.py:104} INFO - [2021-08-08 14:35:43,179] {dagbag.py:496} INFO - Filling up the DagBag from /home/airflow/.local/lib/python3.6/site-packages/airflow/example_dags/example_dag_decorator.py
[2021-08-08 14:35:43,197] {scheduler_job.py:642} INFO - DAG(s) dict_keys(['example_dag_decorator']) retrieved from /home/airflow/.local/lib/python3.6/site-packages/airflow/example_dags/example_dag_decorator.py
[2021-08-08 14:35:43,352] {logging_mixin.py:104} INFO - [2021-08-08 14:35:43,352] {dag.py:1833} INFO - Sync 1 DAGs
[2021-08-08 14:35:43,363] {logging_mixin.py:104} INFO - [2021-08-08 14:35:43,363] {dag.py:2306} INFO - Setting next_dagrun for example_dag_decorator to None
[2021-08-08 14:35:43,372] {scheduler_job.py:189} INFO - Processing /home/airflow/.local/lib/python3.6/site-packages/airflow/example_dags/example_dag_decorator.py took 0.198 seconds
[2021-08-08 14:36:13,429] {scheduler_job.py:181} INFO - Started process (PID=1015) to work on /home/airflow/.local/lib/python3.6/site-packages/airflow/example_dags/example_dag_decorator.py
[2021-08-08 14:36:13,431] {scheduler_job.py:632} INFO - Processing file /home/airflow/.local/lib/python3.6/site-packages/airflow/example_dags/example_dag_decorator.py for tasks to queue
[2021-08-08 14:36:13,432] {logging_mixin.py:104} INFO - [2021-08-08 14:36:13,432] {dagbag.py:496} INFO - Filling up the DagBag from /home/airflow/.local/lib/python3.6/site-packages/airflow/example_dags/example_dag_decorator.py
[2021-08-08 14:36:13,455] {scheduler_job.py:642} INFO - DAG(s) dict_keys(['example_dag_decorator']) retrieved from /home/airflow/.local/lib/python3.6/site-packages/airflow/example_dags/example_dag_decorator.py
[2021-08-08 14:36:13,617] {logging_mixin.py:104} INFO - [2021-08-08 14:36:13,617] {dag.py:1833} INFO - Sync 1 DAGs
[2021-08-08 14:36:13,627] {logging_mixin.py:104} INFO - [2021-08-08 14:36:13,627] {dag.py:2306} INFO - Setting next_dagrun for example_dag_decorator to None
[2021-08-08 14:36:13,635] {scheduler_job.py:189} INFO - Processing /home/airflow/.local/lib/python3.6/site-packages/airflow/example_dags/example_dag_decorator.py took 0.209 seconds
[2021-08-08 14:36:43,780] {scheduler_job.py:181} INFO - Started process (PID=1075) to work on /home/airflow/.local/lib/python3.6/site-packages/airflow/example_dags/example_dag_decorator.py
[2021-08-08 14:36:43,782] {scheduler_job.py:632} INFO - Processing file /home/airflow/.local/lib/python3.6/site-packages/airflow/example_dags/example_dag_decorator.py for tasks to queue
[2021-08-08 14:36:43,783] {logging_mixin.py:104} INFO - [2021-08-08 14:36:43,783] {dagbag.py:496} INFO - Filling up the DagBag from /home/airflow/.local/lib/python3.6/site-packages/airflow/example_dags/example_dag_decorator.py
[2021-08-08 14:36:43,811] {scheduler_job.py:642} INFO - DAG(s) dict_keys(['example_dag_decorator']) retrieved from /home/airflow/.local/lib/python3.6/site-packages/airflow/example_dags/example_dag_decorator.py
[2021-08-08 14:36:43,963] {logging_mixin.py:104} INFO - [2021-08-08 14:36:43,962] {dag.py:1833} INFO - Sync 1 DAGs
[2021-08-08 14:36:43,980] {logging_mixin.py:104} INFO - [2021-08-08 14:36:43,980] {dag.py:2306} INFO - Setting next_dagrun for example_dag_decorator to None
[2021-08-08 14:36:43,991] {scheduler_job.py:189} INFO - Processing /home/airflow/.local/lib/python3.6/site-packages/airflow/example_dags/example_dag_decorator.py took 0.215 seconds
[2021-08-08 14:37:14,161] {scheduler_job.py:181} INFO - Started process (PID=1126) to work on /home/airflow/.local/lib/python3.6/site-packages/airflow/example_dags/example_dag_decorator.py
[2021-08-08 14:37:14,163] {scheduler_job.py:632} INFO - Processing file /home/airflow/.local/lib/python3.6/site-packages/airflow/example_dags/example_dag_decorator.py for tasks to queue
[2021-08-08 14:37:14,164] {logging_mixin.py:104} INFO - [2021-08-08 14:37:14,164] {dagbag.py:496} INFO - Filling up the DagBag from /home/airflow/.local/lib/python3.6/site-packages/airflow/example_dags/example_dag_decorator.py
[2021-08-08 14:37:14,185] {scheduler_job.py:642} INFO - DAG(s) dict_keys(['example_dag_decorator']) retrieved from /home/airflow/.local/lib/python3.6/site-packages/airflow/example_dags/example_dag_decorator.py
[2021-08-08 14:37:14,358] {logging_mixin.py:104} INFO - [2021-08-08 14:37:14,358] {dag.py:1833} INFO - Sync 1 DAGs
[2021-08-08 14:37:14,372] {logging_mixin.py:104} INFO - [2021-08-08 14:37:14,371] {dag.py:2306} INFO - Setting next_dagrun for example_dag_decorator to None
[2021-08-08 14:37:14,382] {scheduler_job.py:189} INFO - Processing /home/airflow/.local/lib/python3.6/site-packages/airflow/example_dags/example_dag_decorator.py took 0.225 seconds
[2021-08-08 14:37:44,603] {scheduler_job.py:181} INFO - Started process (PID=1187) to work on /home/airflow/.local/lib/python3.6/site-packages/airflow/example_dags/example_dag_decorator.py
[2021-08-08 14:37:44,605] {scheduler_job.py:632} INFO - Processing file /home/airflow/.local/lib/python3.6/site-packages/airflow/example_dags/example_dag_decorator.py for tasks to queue
[2021-08-08 14:37:44,606] {logging_mixin.py:104} INFO - [2021-08-08 14:37:44,606] {dagbag.py:496} INFO - Filling up the DagBag from /home/airflow/.local/lib/python3.6/site-packages/airflow/example_dags/example_dag_decorator.py
[2021-08-08 14:37:44,626] {scheduler_job.py:642} INFO - DAG(s) dict_keys(['example_dag_decorator']) retrieved from /home/airflow/.local/lib/python3.6/site-packages/airflow/example_dags/example_dag_decorator.py
[2021-08-08 14:37:44,783] {logging_mixin.py:104} INFO - [2021-08-08 14:37:44,783] {dag.py:1833} INFO - Sync 1 DAGs
[2021-08-08 14:37:44,794] {logging_mixin.py:104} INFO - [2021-08-08 14:37:44,794] {dag.py:2306} INFO - Setting next_dagrun for example_dag_decorator to None
[2021-08-08 14:37:44,803] {scheduler_job.py:189} INFO - Processing /home/airflow/.local/lib/python3.6/site-packages/airflow/example_dags/example_dag_decorator.py took 0.204 seconds
[2021-08-08 14:38:14,988] {scheduler_job.py:181} INFO - Started process (PID=1248) to work on /home/airflow/.local/lib/python3.6/site-packages/airflow/example_dags/example_dag_decorator.py
[2021-08-08 14:38:14,989] {scheduler_job.py:632} INFO - Processing file /home/airflow/.local/lib/python3.6/site-packages/airflow/example_dags/example_dag_decorator.py for tasks to queue
[2021-08-08 14:38:14,991] {logging_mixin.py:104} INFO - [2021-08-08 14:38:14,990] {dagbag.py:496} INFO - Filling up the DagBag from /home/airflow/.local/lib/python3.6/site-packages/airflow/example_dags/example_dag_decorator.py
[2021-08-08 14:38:15,014] {scheduler_job.py:642} INFO - DAG(s) dict_keys(['example_dag_decorator']) retrieved from /home/airflow/.local/lib/python3.6/site-packages/airflow/example_dags/example_dag_decorator.py
[2021-08-08 14:38:15,036] {logging_mixin.py:104} INFO - [2021-08-08 14:38:15,036] {dag.py:1833} INFO - Sync 1 DAGs
[2021-08-08 14:38:15,049] {logging_mixin.py:104} INFO - [2021-08-08 14:38:15,049] {dag.py:2306} INFO - Setting next_dagrun for example_dag_decorator to None
[2021-08-08 14:38:15,057] {scheduler_job.py:189} INFO - Processing /home/airflow/.local/lib/python3.6/site-packages/airflow/example_dags/example_dag_decorator.py took 0.074 seconds
[2021-08-08 14:38:45,203] {scheduler_job.py:181} INFO - Started process (PID=1311) to work on /home/airflow/.local/lib/python3.6/site-packages/airflow/example_dags/example_dag_decorator.py
[2021-08-08 14:38:45,206] {scheduler_job.py:632} INFO - Processing file /home/airflow/.local/lib/python3.6/site-packages/airflow/example_dags/example_dag_decorator.py for tasks to queue
[2021-08-08 14:38:45,207] {logging_mixin.py:104} INFO - [2021-08-08 14:38:45,207] {dagbag.py:496} INFO - Filling up the DagBag from /home/airflow/.local/lib/python3.6/site-packages/airflow/example_dags/example_dag_decorator.py
[2021-08-08 14:38:45,231] {scheduler_job.py:642} INFO - DAG(s) dict_keys(['example_dag_decorator']) retrieved from /home/airflow/.local/lib/python3.6/site-packages/airflow/example_dags/example_dag_decorator.py
[2021-08-08 14:38:45,440] {logging_mixin.py:104} INFO - [2021-08-08 14:38:45,440] {dag.py:1833} INFO - Sync 1 DAGs
[2021-08-08 14:38:45,451] {logging_mixin.py:104} INFO - [2021-08-08 14:38:45,451] {dag.py:2306} INFO - Setting next_dagrun for example_dag_decorator to None
[2021-08-08 14:38:45,460] {scheduler_job.py:189} INFO - Processing /home/airflow/.local/lib/python3.6/site-packages/airflow/example_dags/example_dag_decorator.py took 0.260 seconds
[2021-08-08 14:39:15,692] {scheduler_job.py:181} INFO - Started process (PID=1362) to work on /home/airflow/.local/lib/python3.6/site-packages/airflow/example_dags/example_dag_decorator.py
[2021-08-08 14:39:15,695] {scheduler_job.py:632} INFO - Processing file /home/airflow/.local/lib/python3.6/site-packages/airflow/example_dags/example_dag_decorator.py for tasks to queue
[2021-08-08 14:39:15,696] {logging_mixin.py:104} INFO - [2021-08-08 14:39:15,696] {dagbag.py:496} INFO - Filling up the DagBag from /home/airflow/.local/lib/python3.6/site-packages/airflow/example_dags/example_dag_decorator.py
[2021-08-08 14:39:15,720] {scheduler_job.py:642} INFO - DAG(s) dict_keys(['example_dag_decorator']) retrieved from /home/airflow/.local/lib/python3.6/site-packages/airflow/example_dags/example_dag_decorator.py
[2021-08-08 14:39:15,902] {logging_mixin.py:104} INFO - [2021-08-08 14:39:15,902] {dag.py:1833} INFO - Sync 1 DAGs
[2021-08-08 14:39:15,914] {logging_mixin.py:104} INFO - [2021-08-08 14:39:15,914] {dag.py:2306} INFO - Setting next_dagrun for example_dag_decorator to None
[2021-08-08 14:39:15,925] {scheduler_job.py:189} INFO - Processing /home/airflow/.local/lib/python3.6/site-packages/airflow/example_dags/example_dag_decorator.py took 0.236 seconds
[2021-08-08 14:39:46,581] {scheduler_job.py:181} INFO - Started process (PID=1442) to work on /home/airflow/.local/lib/python3.6/site-packages/airflow/example_dags/example_dag_decorator.py
[2021-08-08 14:39:46,586] {scheduler_job.py:632} INFO - Processing file /home/airflow/.local/lib/python3.6/site-packages/airflow/example_dags/example_dag_decorator.py for tasks to queue
[2021-08-08 14:39:46,587] {logging_mixin.py:104} INFO - [2021-08-08 14:39:46,587] {dagbag.py:496} INFO - Filling up the DagBag from /home/airflow/.local/lib/python3.6/site-packages/airflow/example_dags/example_dag_decorator.py
[2021-08-08 14:39:46,609] {scheduler_job.py:642} INFO - DAG(s) dict_keys(['example_dag_decorator']) retrieved from /home/airflow/.local/lib/python3.6/site-packages/airflow/example_dags/example_dag_decorator.py
[2021-08-08 14:39:46,789] {logging_mixin.py:104} INFO - [2021-08-08 14:39:46,788] {dag.py:1833} INFO - Sync 1 DAGs
[2021-08-08 14:39:46,802] {logging_mixin.py:104} INFO - [2021-08-08 14:39:46,802] {dag.py:2306} INFO - Setting next_dagrun for example_dag_decorator to None
[2021-08-08 14:39:46,813] {scheduler_job.py:189} INFO - Processing /home/airflow/.local/lib/python3.6/site-packages/airflow/example_dags/example_dag_decorator.py took 0.235 seconds
[2021-08-08 14:40:17,031] {scheduler_job.py:181} INFO - Started process (PID=1493) to work on /home/airflow/.local/lib/python3.6/site-packages/airflow/example_dags/example_dag_decorator.py
[2021-08-08 14:40:17,032] {scheduler_job.py:632} INFO - Processing file /home/airflow/.local/lib/python3.6/site-packages/airflow/example_dags/example_dag_decorator.py for tasks to queue
[2021-08-08 14:40:17,034] {logging_mixin.py:104} INFO - [2021-08-08 14:40:17,033] {dagbag.py:496} INFO - Filling up the DagBag from /home/airflow/.local/lib/python3.6/site-packages/airflow/example_dags/example_dag_decorator.py
[2021-08-08 14:40:17,055] {scheduler_job.py:642} INFO - DAG(s) dict_keys(['example_dag_decorator']) retrieved from /home/airflow/.local/lib/python3.6/site-packages/airflow/example_dags/example_dag_decorator.py
[2021-08-08 14:40:17,224] {logging_mixin.py:104} INFO - [2021-08-08 14:40:17,223] {dag.py:1833} INFO - Sync 1 DAGs
[2021-08-08 14:40:17,235] {logging_mixin.py:104} INFO - [2021-08-08 14:40:17,235] {dag.py:2306} INFO - Setting next_dagrun for example_dag_decorator to None
[2021-08-08 14:40:17,245] {scheduler_job.py:189} INFO - Processing /home/airflow/.local/lib/python3.6/site-packages/airflow/example_dags/example_dag_decorator.py took 0.218 seconds
[2021-08-08 14:40:47,331] {scheduler_job.py:181} INFO - Started process (PID=1555) to work on /home/airflow/.local/lib/python3.6/site-packages/airflow/example_dags/example_dag_decorator.py
[2021-08-08 14:40:47,333] {scheduler_job.py:632} INFO - Processing file /home/airflow/.local/lib/python3.6/site-packages/airflow/example_dags/example_dag_decorator.py for tasks to queue
[2021-08-08 14:40:47,335] {logging_mixin.py:104} INFO - [2021-08-08 14:40:47,335] {dagbag.py:496} INFO - Filling up the DagBag from /home/airflow/.local/lib/python3.6/site-packages/airflow/example_dags/example_dag_decorator.py
[2021-08-08 14:40:47,356] {scheduler_job.py:642} INFO - DAG(s) dict_keys(['example_dag_decorator']) retrieved from /home/airflow/.local/lib/python3.6/site-packages/airflow/example_dags/example_dag_decorator.py
[2021-08-08 14:40:47,544] {logging_mixin.py:104} INFO - [2021-08-08 14:40:47,544] {dag.py:1833} INFO - Sync 1 DAGs
[2021-08-08 14:40:47,557] {logging_mixin.py:104} INFO - [2021-08-08 14:40:47,557] {dag.py:2306} INFO - Setting next_dagrun for example_dag_decorator to None
[2021-08-08 14:40:47,567] {scheduler_job.py:189} INFO - Processing /home/airflow/.local/lib/python3.6/site-packages/airflow/example_dags/example_dag_decorator.py took 0.239 seconds
[2021-08-08 14:41:17,722] {scheduler_job.py:181} INFO - Started process (PID=1617) to work on /home/airflow/.local/lib/python3.6/site-packages/airflow/example_dags/example_dag_decorator.py
[2021-08-08 14:41:17,723] {scheduler_job.py:632} INFO - Processing file /home/airflow/.local/lib/python3.6/site-packages/airflow/example_dags/example_dag_decorator.py for tasks to queue
[2021-08-08 14:41:17,724] {logging_mixin.py:104} INFO - [2021-08-08 14:41:17,724] {dagbag.py:496} INFO - Filling up the DagBag from /home/airflow/.local/lib/python3.6/site-packages/airflow/example_dags/example_dag_decorator.py
[2021-08-08 14:41:17,744] {scheduler_job.py:642} INFO - DAG(s) dict_keys(['example_dag_decorator']) retrieved from /home/airflow/.local/lib/python3.6/site-packages/airflow/example_dags/example_dag_decorator.py
[2021-08-08 14:41:17,903] {logging_mixin.py:104} INFO - [2021-08-08 14:41:17,903] {dag.py:1833} INFO - Sync 1 DAGs
[2021-08-08 14:41:17,916] {logging_mixin.py:104} INFO - [2021-08-08 14:41:17,916] {dag.py:2306} INFO - Setting next_dagrun for example_dag_decorator to None
[2021-08-08 14:41:17,926] {scheduler_job.py:189} INFO - Processing /home/airflow/.local/lib/python3.6/site-packages/airflow/example_dags/example_dag_decorator.py took 0.207 seconds
[2021-08-08 14:41:48,231] {scheduler_job.py:181} INFO - Started process (PID=1677) to work on /home/airflow/.local/lib/python3.6/site-packages/airflow/example_dags/example_dag_decorator.py
[2021-08-08 14:41:48,233] {scheduler_job.py:632} INFO - Processing file /home/airflow/.local/lib/python3.6/site-packages/airflow/example_dags/example_dag_decorator.py for tasks to queue
[2021-08-08 14:41:48,234] {logging_mixin.py:104} INFO - [2021-08-08 14:41:48,234] {dagbag.py:496} INFO - Filling up the DagBag from /home/airflow/.local/lib/python3.6/site-packages/airflow/example_dags/example_dag_decorator.py
[2021-08-08 14:41:48,256] {scheduler_job.py:642} INFO - DAG(s) dict_keys(['example_dag_decorator']) retrieved from /home/airflow/.local/lib/python3.6/site-packages/airflow/example_dags/example_dag_decorator.py
[2021-08-08 14:41:48,428] {logging_mixin.py:104} INFO - [2021-08-08 14:41:48,428] {dag.py:1833} INFO - Sync 1 DAGs
[2021-08-08 14:41:48,439] {logging_mixin.py:104} INFO - [2021-08-08 14:41:48,439] {dag.py:2306} INFO - Setting next_dagrun for example_dag_decorator to None
[2021-08-08 14:41:48,447] {scheduler_job.py:189} INFO - Processing /home/airflow/.local/lib/python3.6/site-packages/airflow/example_dags/example_dag_decorator.py took 0.222 seconds
[2021-08-08 14:42:18,486] {scheduler_job.py:181} INFO - Started process (PID=1730) to work on /home/airflow/.local/lib/python3.6/site-packages/airflow/example_dags/example_dag_decorator.py
[2021-08-08 14:42:18,492] {scheduler_job.py:632} INFO - Processing file /home/airflow/.local/lib/python3.6/site-packages/airflow/example_dags/example_dag_decorator.py for tasks to queue
[2021-08-08 14:42:18,493] {logging_mixin.py:104} INFO - [2021-08-08 14:42:18,493] {dagbag.py:496} INFO - Filling up the DagBag from /home/airflow/.local/lib/python3.6/site-packages/airflow/example_dags/example_dag_decorator.py
[2021-08-08 14:42:18,511] {scheduler_job.py:642} INFO - DAG(s) dict_keys(['example_dag_decorator']) retrieved from /home/airflow/.local/lib/python3.6/site-packages/airflow/example_dags/example_dag_decorator.py
[2021-08-08 14:42:18,685] {logging_mixin.py:104} INFO - [2021-08-08 14:42:18,685] {dag.py:1833} INFO - Sync 1 DAGs
[2021-08-08 14:42:18,697] {logging_mixin.py:104} INFO - [2021-08-08 14:42:18,697] {dag.py:2306} INFO - Setting next_dagrun for example_dag_decorator to None
[2021-08-08 14:42:18,706] {scheduler_job.py:189} INFO - Processing /home/airflow/.local/lib/python3.6/site-packages/airflow/example_dags/example_dag_decorator.py took 0.224 seconds
[2021-08-08 14:42:49,399] {scheduler_job.py:181} INFO - Started process (PID=1792) to work on /home/airflow/.local/lib/python3.6/site-packages/airflow/example_dags/example_dag_decorator.py
[2021-08-08 14:42:49,400] {scheduler_job.py:632} INFO - Processing file /home/airflow/.local/lib/python3.6/site-packages/airflow/example_dags/example_dag_decorator.py for tasks to queue
[2021-08-08 14:42:49,402] {logging_mixin.py:104} INFO - [2021-08-08 14:42:49,401] {dagbag.py:496} INFO - Filling up the DagBag from /home/airflow/.local/lib/python3.6/site-packages/airflow/example_dags/example_dag_decorator.py
[2021-08-08 14:42:49,420] {scheduler_job.py:642} INFO - DAG(s) dict_keys(['example_dag_decorator']) retrieved from /home/airflow/.local/lib/python3.6/site-packages/airflow/example_dags/example_dag_decorator.py
[2021-08-08 14:42:49,623] {logging_mixin.py:104} INFO - [2021-08-08 14:42:49,623] {dag.py:1833} INFO - Sync 1 DAGs
[2021-08-08 14:42:49,643] {logging_mixin.py:104} INFO - [2021-08-08 14:42:49,643] {dag.py:2306} INFO - Setting next_dagrun for example_dag_decorator to None
[2021-08-08 14:42:49,665] {scheduler_job.py:189} INFO - Processing /home/airflow/.local/lib/python3.6/site-packages/airflow/example_dags/example_dag_decorator.py took 0.270 seconds
[2021-08-08 14:43:19,743] {scheduler_job.py:181} INFO - Started process (PID=1843) to work on /home/airflow/.local/lib/python3.6/site-packages/airflow/example_dags/example_dag_decorator.py
[2021-08-08 14:43:19,749] {scheduler_job.py:632} INFO - Processing file /home/airflow/.local/lib/python3.6/site-packages/airflow/example_dags/example_dag_decorator.py for tasks to queue
[2021-08-08 14:43:19,750] {logging_mixin.py:104} INFO - [2021-08-08 14:43:19,750] {dagbag.py:496} INFO - Filling up the DagBag from /home/airflow/.local/lib/python3.6/site-packages/airflow/example_dags/example_dag_decorator.py
[2021-08-08 14:43:19,768] {scheduler_job.py:642} INFO - DAG(s) dict_keys(['example_dag_decorator']) retrieved from /home/airflow/.local/lib/python3.6/site-packages/airflow/example_dags/example_dag_decorator.py
[2021-08-08 14:43:19,944] {logging_mixin.py:104} INFO - [2021-08-08 14:43:19,943] {dag.py:1833} INFO - Sync 1 DAGs
[2021-08-08 14:43:19,956] {logging_mixin.py:104} INFO - [2021-08-08 14:43:19,956] {dag.py:2306} INFO - Setting next_dagrun for example_dag_decorator to None
[2021-08-08 14:43:19,966] {scheduler_job.py:189} INFO - Processing /home/airflow/.local/lib/python3.6/site-packages/airflow/example_dags/example_dag_decorator.py took 0.226 seconds
[2021-08-08 14:43:50,129] {scheduler_job.py:181} INFO - Started process (PID=1904) to work on /home/airflow/.local/lib/python3.6/site-packages/airflow/example_dags/example_dag_decorator.py
[2021-08-08 14:43:50,131] {scheduler_job.py:632} INFO - Processing file /home/airflow/.local/lib/python3.6/site-packages/airflow/example_dags/example_dag_decorator.py for tasks to queue
[2021-08-08 14:43:50,132] {logging_mixin.py:104} INFO - [2021-08-08 14:43:50,132] {dagbag.py:496} INFO - Filling up the DagBag from /home/airflow/.local/lib/python3.6/site-packages/airflow/example_dags/example_dag_decorator.py
[2021-08-08 14:43:50,154] {scheduler_job.py:642} INFO - DAG(s) dict_keys(['example_dag_decorator']) retrieved from /home/airflow/.local/lib/python3.6/site-packages/airflow/example_dags/example_dag_decorator.py
[2021-08-08 14:43:50,173] {logging_mixin.py:104} INFO - [2021-08-08 14:43:50,173] {dag.py:1833} INFO - Sync 1 DAGs
[2021-08-08 14:43:50,186] {logging_mixin.py:104} INFO - [2021-08-08 14:43:50,186] {dag.py:2306} INFO - Setting next_dagrun for example_dag_decorator to None
[2021-08-08 14:43:50,194] {scheduler_job.py:189} INFO - Processing /home/airflow/.local/lib/python3.6/site-packages/airflow/example_dags/example_dag_decorator.py took 0.069 seconds
[2021-08-08 14:44:20,285] {scheduler_job.py:181} INFO - Started process (PID=1965) to work on /home/airflow/.local/lib/python3.6/site-packages/airflow/example_dags/example_dag_decorator.py
[2021-08-08 14:44:20,287] {scheduler_job.py:632} INFO - Processing file /home/airflow/.local/lib/python3.6/site-packages/airflow/example_dags/example_dag_decorator.py for tasks to queue
[2021-08-08 14:44:20,288] {logging_mixin.py:104} INFO - [2021-08-08 14:44:20,287] {dagbag.py:496} INFO - Filling up the DagBag from /home/airflow/.local/lib/python3.6/site-packages/airflow/example_dags/example_dag_decorator.py
[2021-08-08 14:44:20,305] {scheduler_job.py:642} INFO - DAG(s) dict_keys(['example_dag_decorator']) retrieved from /home/airflow/.local/lib/python3.6/site-packages/airflow/example_dags/example_dag_decorator.py
[2021-08-08 14:44:20,469] {logging_mixin.py:104} INFO - [2021-08-08 14:44:20,468] {dag.py:1833} INFO - Sync 1 DAGs
[2021-08-08 14:44:20,483] {logging_mixin.py:104} INFO - [2021-08-08 14:44:20,483] {dag.py:2306} INFO - Setting next_dagrun for example_dag_decorator to None
[2021-08-08 14:44:20,493] {scheduler_job.py:189} INFO - Processing /home/airflow/.local/lib/python3.6/site-packages/airflow/example_dags/example_dag_decorator.py took 0.211 seconds
[2021-08-08 14:44:50,747] {scheduler_job.py:181} INFO - Started process (PID=2016) to work on /home/airflow/.local/lib/python3.6/site-packages/airflow/example_dags/example_dag_decorator.py
[2021-08-08 14:44:50,749] {scheduler_job.py:632} INFO - Processing file /home/airflow/.local/lib/python3.6/site-packages/airflow/example_dags/example_dag_decorator.py for tasks to queue
[2021-08-08 14:44:50,751] {logging_mixin.py:104} INFO - [2021-08-08 14:44:50,751] {dagbag.py:496} INFO - Filling up the DagBag from /home/airflow/.local/lib/python3.6/site-packages/airflow/example_dags/example_dag_decorator.py
[2021-08-08 14:44:50,776] {scheduler_job.py:642} INFO - DAG(s) dict_keys(['example_dag_decorator']) retrieved from /home/airflow/.local/lib/python3.6/site-packages/airflow/example_dags/example_dag_decorator.py
[2021-08-08 14:44:50,799] {logging_mixin.py:104} INFO - [2021-08-08 14:44:50,798] {dag.py:1833} INFO - Sync 1 DAGs
[2021-08-08 14:44:50,813] {logging_mixin.py:104} INFO - [2021-08-08 14:44:50,813] {dag.py:2306} INFO - Setting next_dagrun for example_dag_decorator to None
[2021-08-08 14:44:50,821] {scheduler_job.py:189} INFO - Processing /home/airflow/.local/lib/python3.6/site-packages/airflow/example_dags/example_dag_decorator.py took 0.078 seconds
[2021-08-08 14:45:21,021] {scheduler_job.py:181} INFO - Started process (PID=2077) to work on /home/airflow/.local/lib/python3.6/site-packages/airflow/example_dags/example_dag_decorator.py
[2021-08-08 14:45:21,023] {scheduler_job.py:632} INFO - Processing file /home/airflow/.local/lib/python3.6/site-packages/airflow/example_dags/example_dag_decorator.py for tasks to queue
[2021-08-08 14:45:21,024] {logging_mixin.py:104} INFO - [2021-08-08 14:45:21,024] {dagbag.py:496} INFO - Filling up the DagBag from /home/airflow/.local/lib/python3.6/site-packages/airflow/example_dags/example_dag_decorator.py
[2021-08-08 14:45:21,054] {scheduler_job.py:642} INFO - DAG(s) dict_keys(['example_dag_decorator']) retrieved from /home/airflow/.local/lib/python3.6/site-packages/airflow/example_dags/example_dag_decorator.py
[2021-08-08 14:45:21,239] {logging_mixin.py:104} INFO - [2021-08-08 14:45:21,239] {dag.py:1833} INFO - Sync 1 DAGs
[2021-08-08 14:45:21,252] {logging_mixin.py:104} INFO - [2021-08-08 14:45:21,252] {dag.py:2306} INFO - Setting next_dagrun for example_dag_decorator to None
[2021-08-08 14:45:21,263] {scheduler_job.py:189} INFO - Processing /home/airflow/.local/lib/python3.6/site-packages/airflow/example_dags/example_dag_decorator.py took 0.246 seconds
[2021-08-08 14:45:51,568] {scheduler_job.py:181} INFO - Started process (PID=2140) to work on /home/airflow/.local/lib/python3.6/site-packages/airflow/example_dags/example_dag_decorator.py
[2021-08-08 14:45:51,573] {scheduler_job.py:632} INFO - Processing file /home/airflow/.local/lib/python3.6/site-packages/airflow/example_dags/example_dag_decorator.py for tasks to queue
[2021-08-08 14:45:51,576] {logging_mixin.py:104} INFO - [2021-08-08 14:45:51,576] {dagbag.py:496} INFO - Filling up the DagBag from /home/airflow/.local/lib/python3.6/site-packages/airflow/example_dags/example_dag_decorator.py
[2021-08-08 14:45:51,621] {scheduler_job.py:642} INFO - DAG(s) dict_keys(['example_dag_decorator']) retrieved from /home/airflow/.local/lib/python3.6/site-packages/airflow/example_dags/example_dag_decorator.py
[2021-08-08 14:45:51,670] {logging_mixin.py:104} INFO - [2021-08-08 14:45:51,670] {dag.py:1833} INFO - Sync 1 DAGs
[2021-08-08 14:45:51,712] {logging_mixin.py:104} INFO - [2021-08-08 14:45:51,712] {dag.py:2306} INFO - Setting next_dagrun for example_dag_decorator to None
[2021-08-08 14:45:51,731] {scheduler_job.py:189} INFO - Processing /home/airflow/.local/lib/python3.6/site-packages/airflow/example_dags/example_dag_decorator.py took 0.179 seconds
[2021-08-08 14:46:21,931] {scheduler_job.py:181} INFO - Started process (PID=2193) to work on /home/airflow/.local/lib/python3.6/site-packages/airflow/example_dags/example_dag_decorator.py
[2021-08-08 14:46:21,932] {scheduler_job.py:632} INFO - Processing file /home/airflow/.local/lib/python3.6/site-packages/airflow/example_dags/example_dag_decorator.py for tasks to queue
[2021-08-08 14:46:21,933] {logging_mixin.py:104} INFO - [2021-08-08 14:46:21,933] {dagbag.py:496} INFO - Filling up the DagBag from /home/airflow/.local/lib/python3.6/site-packages/airflow/example_dags/example_dag_decorator.py
[2021-08-08 14:46:21,955] {scheduler_job.py:642} INFO - DAG(s) dict_keys(['example_dag_decorator']) retrieved from /home/airflow/.local/lib/python3.6/site-packages/airflow/example_dags/example_dag_decorator.py
[2021-08-08 14:46:22,131] {logging_mixin.py:104} INFO - [2021-08-08 14:46:22,131] {dag.py:1833} INFO - Sync 1 DAGs
[2021-08-08 14:46:22,146] {logging_mixin.py:104} INFO - [2021-08-08 14:46:22,146] {dag.py:2306} INFO - Setting next_dagrun for example_dag_decorator to None
[2021-08-08 14:46:22,155] {scheduler_job.py:189} INFO - Processing /home/airflow/.local/lib/python3.6/site-packages/airflow/example_dags/example_dag_decorator.py took 0.227 seconds
[2021-08-08 14:46:52,229] {scheduler_job.py:181} INFO - Started process (PID=2255) to work on /home/airflow/.local/lib/python3.6/site-packages/airflow/example_dags/example_dag_decorator.py
[2021-08-08 14:46:52,231] {scheduler_job.py:632} INFO - Processing file /home/airflow/.local/lib/python3.6/site-packages/airflow/example_dags/example_dag_decorator.py for tasks to queue
[2021-08-08 14:46:52,233] {logging_mixin.py:104} INFO - [2021-08-08 14:46:52,232] {dagbag.py:496} INFO - Filling up the DagBag from /home/airflow/.local/lib/python3.6/site-packages/airflow/example_dags/example_dag_decorator.py
[2021-08-08 14:46:52,252] {scheduler_job.py:642} INFO - DAG(s) dict_keys(['example_dag_decorator']) retrieved from /home/airflow/.local/lib/python3.6/site-packages/airflow/example_dags/example_dag_decorator.py
[2021-08-08 14:46:52,271] {logging_mixin.py:104} INFO - [2021-08-08 14:46:52,271] {dag.py:1833} INFO - Sync 1 DAGs
[2021-08-08 14:46:52,286] {logging_mixin.py:104} INFO - [2021-08-08 14:46:52,286] {dag.py:2306} INFO - Setting next_dagrun for example_dag_decorator to None
[2021-08-08 14:46:52,295] {scheduler_job.py:189} INFO - Processing /home/airflow/.local/lib/python3.6/site-packages/airflow/example_dags/example_dag_decorator.py took 0.069 seconds
[2021-08-08 14:47:22,804] {scheduler_job.py:181} INFO - Started process (PID=2314) to work on /home/airflow/.local/lib/python3.6/site-packages/airflow/example_dags/example_dag_decorator.py
[2021-08-08 14:47:22,839] {scheduler_job.py:632} INFO - Processing file /home/airflow/.local/lib/python3.6/site-packages/airflow/example_dags/example_dag_decorator.py for tasks to queue
[2021-08-08 14:47:22,850] {logging_mixin.py:104} INFO - [2021-08-08 14:47:22,850] {dagbag.py:496} INFO - Filling up the DagBag from /home/airflow/.local/lib/python3.6/site-packages/airflow/example_dags/example_dag_decorator.py
[2021-08-08 14:47:22,870] {scheduler_job.py:642} INFO - DAG(s) dict_keys(['example_dag_decorator']) retrieved from /home/airflow/.local/lib/python3.6/site-packages/airflow/example_dags/example_dag_decorator.py
[2021-08-08 14:47:23,084] {logging_mixin.py:104} INFO - [2021-08-08 14:47:23,083] {dag.py:1833} INFO - Sync 1 DAGs
[2021-08-08 14:47:23,097] {logging_mixin.py:104} INFO - [2021-08-08 14:47:23,097] {dag.py:2306} INFO - Setting next_dagrun for example_dag_decorator to None
[2021-08-08 14:47:23,106] {scheduler_job.py:189} INFO - Processing /home/airflow/.local/lib/python3.6/site-packages/airflow/example_dags/example_dag_decorator.py took 0.323 seconds
[2021-08-08 14:47:53,194] {scheduler_job.py:181} INFO - Started process (PID=2368) to work on /home/airflow/.local/lib/python3.6/site-packages/airflow/example_dags/example_dag_decorator.py
[2021-08-08 14:47:53,196] {scheduler_job.py:632} INFO - Processing file /home/airflow/.local/lib/python3.6/site-packages/airflow/example_dags/example_dag_decorator.py for tasks to queue
[2021-08-08 14:47:53,197] {logging_mixin.py:104} INFO - [2021-08-08 14:47:53,197] {dagbag.py:496} INFO - Filling up the DagBag from /home/airflow/.local/lib/python3.6/site-packages/airflow/example_dags/example_dag_decorator.py
[2021-08-08 14:47:53,216] {scheduler_job.py:642} INFO - DAG(s) dict_keys(['example_dag_decorator']) retrieved from /home/airflow/.local/lib/python3.6/site-packages/airflow/example_dags/example_dag_decorator.py
[2021-08-08 14:47:53,476] {logging_mixin.py:104} INFO - [2021-08-08 14:47:53,476] {dag.py:1833} INFO - Sync 1 DAGs
[2021-08-08 14:47:53,493] {logging_mixin.py:104} INFO - [2021-08-08 14:47:53,493] {dag.py:2306} INFO - Setting next_dagrun for example_dag_decorator to None
[2021-08-08 14:47:53,508] {scheduler_job.py:189} INFO - Processing /home/airflow/.local/lib/python3.6/site-packages/airflow/example_dags/example_dag_decorator.py took 0.318 seconds
