[2021-08-08 14:30:40,741] {scheduler_job.py:181} INFO - Started process (PID=364) to work on /home/airflow/.local/lib/python3.6/site-packages/airflow/example_dags/example_kubernetes_executor_config.py
[2021-08-08 14:30:40,742] {scheduler_job.py:632} INFO - Processing file /home/airflow/.local/lib/python3.6/site-packages/airflow/example_dags/example_kubernetes_executor_config.py for tasks to queue
[2021-08-08 14:30:40,743] {logging_mixin.py:104} INFO - [2021-08-08 14:30:40,743] {dagbag.py:496} INFO - Filling up the DagBag from /home/airflow/.local/lib/python3.6/site-packages/airflow/example_dags/example_kubernetes_executor_config.py
[2021-08-08 14:30:40,758] {scheduler_job.py:642} INFO - DAG(s) dict_keys(['example_kubernetes_executor_config']) retrieved from /home/airflow/.local/lib/python3.6/site-packages/airflow/example_dags/example_kubernetes_executor_config.py
[2021-08-08 14:30:42,581] {logging_mixin.py:104} INFO - [2021-08-08 14:30:42,581] {dag.py:1833} INFO - Sync 1 DAGs
[2021-08-08 14:30:42,589] {logging_mixin.py:104} INFO - [2021-08-08 14:30:42,588] {dag.py:1852} INFO - Creating ORM DAG for example_kubernetes_executor_config
[2021-08-08 14:30:42,593] {logging_mixin.py:104} INFO - [2021-08-08 14:30:42,593] {dag.py:2306} INFO - Setting next_dagrun for example_kubernetes_executor_config to None
[2021-08-08 14:30:42,602] {scheduler_job.py:189} INFO - Processing /home/airflow/.local/lib/python3.6/site-packages/airflow/example_dags/example_kubernetes_executor_config.py took 1.864 seconds
[2021-08-08 14:31:13,103] {scheduler_job.py:181} INFO - Started process (PID=442) to work on /home/airflow/.local/lib/python3.6/site-packages/airflow/example_dags/example_kubernetes_executor_config.py
[2021-08-08 14:31:13,106] {scheduler_job.py:632} INFO - Processing file /home/airflow/.local/lib/python3.6/site-packages/airflow/example_dags/example_kubernetes_executor_config.py for tasks to queue
[2021-08-08 14:31:13,107] {logging_mixin.py:104} INFO - [2021-08-08 14:31:13,107] {dagbag.py:496} INFO - Filling up the DagBag from /home/airflow/.local/lib/python3.6/site-packages/airflow/example_dags/example_kubernetes_executor_config.py
[2021-08-08 14:31:13,124] {scheduler_job.py:642} INFO - DAG(s) dict_keys(['example_kubernetes_executor_config']) retrieved from /home/airflow/.local/lib/python3.6/site-packages/airflow/example_dags/example_kubernetes_executor_config.py
[2021-08-08 14:31:13,147] {logging_mixin.py:104} INFO - [2021-08-08 14:31:13,147] {dag.py:1833} INFO - Sync 1 DAGs
[2021-08-08 14:31:13,163] {logging_mixin.py:104} INFO - [2021-08-08 14:31:13,163] {dag.py:2306} INFO - Setting next_dagrun for example_kubernetes_executor_config to None
[2021-08-08 14:31:13,173] {scheduler_job.py:189} INFO - Processing /home/airflow/.local/lib/python3.6/site-packages/airflow/example_dags/example_kubernetes_executor_config.py took 0.074 seconds
[2021-08-08 14:31:43,403] {scheduler_job.py:181} INFO - Started process (PID=497) to work on /home/airflow/.local/lib/python3.6/site-packages/airflow/example_dags/example_kubernetes_executor_config.py
[2021-08-08 14:31:43,405] {scheduler_job.py:632} INFO - Processing file /home/airflow/.local/lib/python3.6/site-packages/airflow/example_dags/example_kubernetes_executor_config.py for tasks to queue
[2021-08-08 14:31:43,406] {logging_mixin.py:104} INFO - [2021-08-08 14:31:43,406] {dagbag.py:496} INFO - Filling up the DagBag from /home/airflow/.local/lib/python3.6/site-packages/airflow/example_dags/example_kubernetes_executor_config.py
[2021-08-08 14:31:43,419] {scheduler_job.py:642} INFO - DAG(s) dict_keys(['example_kubernetes_executor_config']) retrieved from /home/airflow/.local/lib/python3.6/site-packages/airflow/example_dags/example_kubernetes_executor_config.py
[2021-08-08 14:31:43,439] {logging_mixin.py:104} INFO - [2021-08-08 14:31:43,439] {dag.py:1833} INFO - Sync 1 DAGs
[2021-08-08 14:31:43,452] {logging_mixin.py:104} INFO - [2021-08-08 14:31:43,452] {dag.py:2306} INFO - Setting next_dagrun for example_kubernetes_executor_config to None
[2021-08-08 14:31:43,462] {scheduler_job.py:189} INFO - Processing /home/airflow/.local/lib/python3.6/site-packages/airflow/example_dags/example_kubernetes_executor_config.py took 0.063 seconds
[2021-08-08 14:32:13,756] {scheduler_job.py:181} INFO - Started process (PID=559) to work on /home/airflow/.local/lib/python3.6/site-packages/airflow/example_dags/example_kubernetes_executor_config.py
[2021-08-08 14:32:13,759] {scheduler_job.py:632} INFO - Processing file /home/airflow/.local/lib/python3.6/site-packages/airflow/example_dags/example_kubernetes_executor_config.py for tasks to queue
[2021-08-08 14:32:13,760] {logging_mixin.py:104} INFO - [2021-08-08 14:32:13,760] {dagbag.py:496} INFO - Filling up the DagBag from /home/airflow/.local/lib/python3.6/site-packages/airflow/example_dags/example_kubernetes_executor_config.py
[2021-08-08 14:32:13,773] {scheduler_job.py:642} INFO - DAG(s) dict_keys(['example_kubernetes_executor_config']) retrieved from /home/airflow/.local/lib/python3.6/site-packages/airflow/example_dags/example_kubernetes_executor_config.py
[2021-08-08 14:32:13,796] {logging_mixin.py:104} INFO - [2021-08-08 14:32:13,795] {dag.py:1833} INFO - Sync 1 DAGs
[2021-08-08 14:32:13,813] {logging_mixin.py:104} INFO - [2021-08-08 14:32:13,813] {dag.py:2306} INFO - Setting next_dagrun for example_kubernetes_executor_config to None
[2021-08-08 14:32:13,821] {scheduler_job.py:189} INFO - Processing /home/airflow/.local/lib/python3.6/site-packages/airflow/example_dags/example_kubernetes_executor_config.py took 0.068 seconds
[2021-08-08 14:32:43,999] {scheduler_job.py:181} INFO - Started process (PID=620) to work on /home/airflow/.local/lib/python3.6/site-packages/airflow/example_dags/example_kubernetes_executor_config.py
[2021-08-08 14:32:44,000] {scheduler_job.py:632} INFO - Processing file /home/airflow/.local/lib/python3.6/site-packages/airflow/example_dags/example_kubernetes_executor_config.py for tasks to queue
[2021-08-08 14:32:44,001] {logging_mixin.py:104} INFO - [2021-08-08 14:32:44,001] {dagbag.py:496} INFO - Filling up the DagBag from /home/airflow/.local/lib/python3.6/site-packages/airflow/example_dags/example_kubernetes_executor_config.py
[2021-08-08 14:32:44,015] {scheduler_job.py:642} INFO - DAG(s) dict_keys(['example_kubernetes_executor_config']) retrieved from /home/airflow/.local/lib/python3.6/site-packages/airflow/example_dags/example_kubernetes_executor_config.py
[2021-08-08 14:32:44,038] {logging_mixin.py:104} INFO - [2021-08-08 14:32:44,038] {dag.py:1833} INFO - Sync 1 DAGs
[2021-08-08 14:32:44,056] {logging_mixin.py:104} INFO - [2021-08-08 14:32:44,055] {dag.py:2306} INFO - Setting next_dagrun for example_kubernetes_executor_config to None
[2021-08-08 14:32:44,066] {scheduler_job.py:189} INFO - Processing /home/airflow/.local/lib/python3.6/site-packages/airflow/example_dags/example_kubernetes_executor_config.py took 0.071 seconds
[2021-08-08 14:33:14,383] {scheduler_job.py:181} INFO - Started process (PID=671) to work on /home/airflow/.local/lib/python3.6/site-packages/airflow/example_dags/example_kubernetes_executor_config.py
[2021-08-08 14:33:14,385] {scheduler_job.py:632} INFO - Processing file /home/airflow/.local/lib/python3.6/site-packages/airflow/example_dags/example_kubernetes_executor_config.py for tasks to queue
[2021-08-08 14:33:14,386] {logging_mixin.py:104} INFO - [2021-08-08 14:33:14,386] {dagbag.py:496} INFO - Filling up the DagBag from /home/airflow/.local/lib/python3.6/site-packages/airflow/example_dags/example_kubernetes_executor_config.py
[2021-08-08 14:33:14,402] {scheduler_job.py:642} INFO - DAG(s) dict_keys(['example_kubernetes_executor_config']) retrieved from /home/airflow/.local/lib/python3.6/site-packages/airflow/example_dags/example_kubernetes_executor_config.py
[2021-08-08 14:33:14,423] {logging_mixin.py:104} INFO - [2021-08-08 14:33:14,423] {dag.py:1833} INFO - Sync 1 DAGs
[2021-08-08 14:33:14,436] {logging_mixin.py:104} INFO - [2021-08-08 14:33:14,436] {dag.py:2306} INFO - Setting next_dagrun for example_kubernetes_executor_config to None
[2021-08-08 14:33:14,446] {scheduler_job.py:189} INFO - Processing /home/airflow/.local/lib/python3.6/site-packages/airflow/example_dags/example_kubernetes_executor_config.py took 0.068 seconds
[2021-08-08 14:33:44,941] {scheduler_job.py:181} INFO - Started process (PID=732) to work on /home/airflow/.local/lib/python3.6/site-packages/airflow/example_dags/example_kubernetes_executor_config.py
[2021-08-08 14:33:44,943] {scheduler_job.py:632} INFO - Processing file /home/airflow/.local/lib/python3.6/site-packages/airflow/example_dags/example_kubernetes_executor_config.py for tasks to queue
[2021-08-08 14:33:44,944] {logging_mixin.py:104} INFO - [2021-08-08 14:33:44,944] {dagbag.py:496} INFO - Filling up the DagBag from /home/airflow/.local/lib/python3.6/site-packages/airflow/example_dags/example_kubernetes_executor_config.py
[2021-08-08 14:33:44,958] {scheduler_job.py:642} INFO - DAG(s) dict_keys(['example_kubernetes_executor_config']) retrieved from /home/airflow/.local/lib/python3.6/site-packages/airflow/example_dags/example_kubernetes_executor_config.py
[2021-08-08 14:33:44,985] {logging_mixin.py:104} INFO - [2021-08-08 14:33:44,985] {dag.py:1833} INFO - Sync 1 DAGs
[2021-08-08 14:33:45,009] {logging_mixin.py:104} INFO - [2021-08-08 14:33:45,009] {dag.py:2306} INFO - Setting next_dagrun for example_kubernetes_executor_config to None
[2021-08-08 14:33:45,020] {scheduler_job.py:189} INFO - Processing /home/airflow/.local/lib/python3.6/site-packages/airflow/example_dags/example_kubernetes_executor_config.py took 0.082 seconds
[2021-08-08 14:34:15,423] {scheduler_job.py:181} INFO - Started process (PID=793) to work on /home/airflow/.local/lib/python3.6/site-packages/airflow/example_dags/example_kubernetes_executor_config.py
[2021-08-08 14:34:15,426] {scheduler_job.py:632} INFO - Processing file /home/airflow/.local/lib/python3.6/site-packages/airflow/example_dags/example_kubernetes_executor_config.py for tasks to queue
[2021-08-08 14:34:15,428] {logging_mixin.py:104} INFO - [2021-08-08 14:34:15,427] {dagbag.py:496} INFO - Filling up the DagBag from /home/airflow/.local/lib/python3.6/site-packages/airflow/example_dags/example_kubernetes_executor_config.py
[2021-08-08 14:34:15,443] {scheduler_job.py:642} INFO - DAG(s) dict_keys(['example_kubernetes_executor_config']) retrieved from /home/airflow/.local/lib/python3.6/site-packages/airflow/example_dags/example_kubernetes_executor_config.py
[2021-08-08 14:34:15,466] {logging_mixin.py:104} INFO - [2021-08-08 14:34:15,466] {dag.py:1833} INFO - Sync 1 DAGs
[2021-08-08 14:34:15,482] {logging_mixin.py:104} INFO - [2021-08-08 14:34:15,482] {dag.py:2306} INFO - Setting next_dagrun for example_kubernetes_executor_config to None
[2021-08-08 14:34:15,491] {scheduler_job.py:189} INFO - Processing /home/airflow/.local/lib/python3.6/site-packages/airflow/example_dags/example_kubernetes_executor_config.py took 0.071 seconds
[2021-08-08 14:34:45,712] {scheduler_job.py:181} INFO - Started process (PID=845) to work on /home/airflow/.local/lib/python3.6/site-packages/airflow/example_dags/example_kubernetes_executor_config.py
[2021-08-08 14:34:45,714] {scheduler_job.py:632} INFO - Processing file /home/airflow/.local/lib/python3.6/site-packages/airflow/example_dags/example_kubernetes_executor_config.py for tasks to queue
[2021-08-08 14:34:45,715] {logging_mixin.py:104} INFO - [2021-08-08 14:34:45,715] {dagbag.py:496} INFO - Filling up the DagBag from /home/airflow/.local/lib/python3.6/site-packages/airflow/example_dags/example_kubernetes_executor_config.py
[2021-08-08 14:34:45,731] {scheduler_job.py:642} INFO - DAG(s) dict_keys(['example_kubernetes_executor_config']) retrieved from /home/airflow/.local/lib/python3.6/site-packages/airflow/example_dags/example_kubernetes_executor_config.py
[2021-08-08 14:34:45,754] {logging_mixin.py:104} INFO - [2021-08-08 14:34:45,754] {dag.py:1833} INFO - Sync 1 DAGs
[2021-08-08 14:34:45,769] {logging_mixin.py:104} INFO - [2021-08-08 14:34:45,769] {dag.py:2306} INFO - Setting next_dagrun for example_kubernetes_executor_config to None
[2021-08-08 14:34:45,777] {scheduler_job.py:189} INFO - Processing /home/airflow/.local/lib/python3.6/site-packages/airflow/example_dags/example_kubernetes_executor_config.py took 0.068 seconds
[2021-08-08 14:35:16,147] {scheduler_job.py:181} INFO - Started process (PID=906) to work on /home/airflow/.local/lib/python3.6/site-packages/airflow/example_dags/example_kubernetes_executor_config.py
[2021-08-08 14:35:16,149] {scheduler_job.py:632} INFO - Processing file /home/airflow/.local/lib/python3.6/site-packages/airflow/example_dags/example_kubernetes_executor_config.py for tasks to queue
[2021-08-08 14:35:16,150] {logging_mixin.py:104} INFO - [2021-08-08 14:35:16,150] {dagbag.py:496} INFO - Filling up the DagBag from /home/airflow/.local/lib/python3.6/site-packages/airflow/example_dags/example_kubernetes_executor_config.py
[2021-08-08 14:35:16,164] {scheduler_job.py:642} INFO - DAG(s) dict_keys(['example_kubernetes_executor_config']) retrieved from /home/airflow/.local/lib/python3.6/site-packages/airflow/example_dags/example_kubernetes_executor_config.py
[2021-08-08 14:35:16,187] {logging_mixin.py:104} INFO - [2021-08-08 14:35:16,187] {dag.py:1833} INFO - Sync 1 DAGs
[2021-08-08 14:35:16,199] {logging_mixin.py:104} INFO - [2021-08-08 14:35:16,199] {dag.py:2306} INFO - Setting next_dagrun for example_kubernetes_executor_config to None
[2021-08-08 14:35:16,209] {scheduler_job.py:189} INFO - Processing /home/airflow/.local/lib/python3.6/site-packages/airflow/example_dags/example_kubernetes_executor_config.py took 0.065 seconds
[2021-08-08 14:35:46,334] {scheduler_job.py:181} INFO - Started process (PID=967) to work on /home/airflow/.local/lib/python3.6/site-packages/airflow/example_dags/example_kubernetes_executor_config.py
[2021-08-08 14:35:46,335] {scheduler_job.py:632} INFO - Processing file /home/airflow/.local/lib/python3.6/site-packages/airflow/example_dags/example_kubernetes_executor_config.py for tasks to queue
[2021-08-08 14:35:46,336] {logging_mixin.py:104} INFO - [2021-08-08 14:35:46,336] {dagbag.py:496} INFO - Filling up the DagBag from /home/airflow/.local/lib/python3.6/site-packages/airflow/example_dags/example_kubernetes_executor_config.py
[2021-08-08 14:35:46,350] {scheduler_job.py:642} INFO - DAG(s) dict_keys(['example_kubernetes_executor_config']) retrieved from /home/airflow/.local/lib/python3.6/site-packages/airflow/example_dags/example_kubernetes_executor_config.py
[2021-08-08 14:35:46,372] {logging_mixin.py:104} INFO - [2021-08-08 14:35:46,372] {dag.py:1833} INFO - Sync 1 DAGs
[2021-08-08 14:35:46,384] {logging_mixin.py:104} INFO - [2021-08-08 14:35:46,384] {dag.py:2306} INFO - Setting next_dagrun for example_kubernetes_executor_config to None
[2021-08-08 14:35:46,392] {scheduler_job.py:189} INFO - Processing /home/airflow/.local/lib/python3.6/site-packages/airflow/example_dags/example_kubernetes_executor_config.py took 0.061 seconds
[2021-08-08 14:36:16,667] {scheduler_job.py:181} INFO - Started process (PID=1018) to work on /home/airflow/.local/lib/python3.6/site-packages/airflow/example_dags/example_kubernetes_executor_config.py
[2021-08-08 14:36:16,668] {scheduler_job.py:632} INFO - Processing file /home/airflow/.local/lib/python3.6/site-packages/airflow/example_dags/example_kubernetes_executor_config.py for tasks to queue
[2021-08-08 14:36:16,670] {logging_mixin.py:104} INFO - [2021-08-08 14:36:16,669] {dagbag.py:496} INFO - Filling up the DagBag from /home/airflow/.local/lib/python3.6/site-packages/airflow/example_dags/example_kubernetes_executor_config.py
[2021-08-08 14:36:16,685] {scheduler_job.py:642} INFO - DAG(s) dict_keys(['example_kubernetes_executor_config']) retrieved from /home/airflow/.local/lib/python3.6/site-packages/airflow/example_dags/example_kubernetes_executor_config.py
[2021-08-08 14:36:16,708] {logging_mixin.py:104} INFO - [2021-08-08 14:36:16,708] {dag.py:1833} INFO - Sync 1 DAGs
[2021-08-08 14:36:16,720] {logging_mixin.py:104} INFO - [2021-08-08 14:36:16,720] {dag.py:2306} INFO - Setting next_dagrun for example_kubernetes_executor_config to None
[2021-08-08 14:36:16,728] {scheduler_job.py:189} INFO - Processing /home/airflow/.local/lib/python3.6/site-packages/airflow/example_dags/example_kubernetes_executor_config.py took 0.065 seconds
[2021-08-08 14:36:47,095] {scheduler_job.py:181} INFO - Started process (PID=1079) to work on /home/airflow/.local/lib/python3.6/site-packages/airflow/example_dags/example_kubernetes_executor_config.py
[2021-08-08 14:36:47,097] {scheduler_job.py:632} INFO - Processing file /home/airflow/.local/lib/python3.6/site-packages/airflow/example_dags/example_kubernetes_executor_config.py for tasks to queue
[2021-08-08 14:36:47,098] {logging_mixin.py:104} INFO - [2021-08-08 14:36:47,098] {dagbag.py:496} INFO - Filling up the DagBag from /home/airflow/.local/lib/python3.6/site-packages/airflow/example_dags/example_kubernetes_executor_config.py
[2021-08-08 14:36:47,110] {scheduler_job.py:642} INFO - DAG(s) dict_keys(['example_kubernetes_executor_config']) retrieved from /home/airflow/.local/lib/python3.6/site-packages/airflow/example_dags/example_kubernetes_executor_config.py
[2021-08-08 14:36:47,134] {logging_mixin.py:104} INFO - [2021-08-08 14:36:47,134] {dag.py:1833} INFO - Sync 1 DAGs
[2021-08-08 14:36:47,147] {logging_mixin.py:104} INFO - [2021-08-08 14:36:47,147] {dag.py:2306} INFO - Setting next_dagrun for example_kubernetes_executor_config to None
[2021-08-08 14:36:47,156] {scheduler_job.py:189} INFO - Processing /home/airflow/.local/lib/python3.6/site-packages/airflow/example_dags/example_kubernetes_executor_config.py took 0.064 seconds
[2021-08-08 14:37:17,520] {scheduler_job.py:181} INFO - Started process (PID=1140) to work on /home/airflow/.local/lib/python3.6/site-packages/airflow/example_dags/example_kubernetes_executor_config.py
[2021-08-08 14:37:17,522] {scheduler_job.py:632} INFO - Processing file /home/airflow/.local/lib/python3.6/site-packages/airflow/example_dags/example_kubernetes_executor_config.py for tasks to queue
[2021-08-08 14:37:17,524] {logging_mixin.py:104} INFO - [2021-08-08 14:37:17,523] {dagbag.py:496} INFO - Filling up the DagBag from /home/airflow/.local/lib/python3.6/site-packages/airflow/example_dags/example_kubernetes_executor_config.py
[2021-08-08 14:37:17,540] {scheduler_job.py:642} INFO - DAG(s) dict_keys(['example_kubernetes_executor_config']) retrieved from /home/airflow/.local/lib/python3.6/site-packages/airflow/example_dags/example_kubernetes_executor_config.py
[2021-08-08 14:37:17,563] {logging_mixin.py:104} INFO - [2021-08-08 14:37:17,563] {dag.py:1833} INFO - Sync 1 DAGs
[2021-08-08 14:37:17,576] {logging_mixin.py:104} INFO - [2021-08-08 14:37:17,576] {dag.py:2306} INFO - Setting next_dagrun for example_kubernetes_executor_config to None
[2021-08-08 14:37:17,584] {scheduler_job.py:189} INFO - Processing /home/airflow/.local/lib/python3.6/site-packages/airflow/example_dags/example_kubernetes_executor_config.py took 0.068 seconds
[2021-08-08 14:37:47,908] {scheduler_job.py:181} INFO - Started process (PID=1191) to work on /home/airflow/.local/lib/python3.6/site-packages/airflow/example_dags/example_kubernetes_executor_config.py
[2021-08-08 14:37:47,910] {scheduler_job.py:632} INFO - Processing file /home/airflow/.local/lib/python3.6/site-packages/airflow/example_dags/example_kubernetes_executor_config.py for tasks to queue
[2021-08-08 14:37:47,911] {logging_mixin.py:104} INFO - [2021-08-08 14:37:47,911] {dagbag.py:496} INFO - Filling up the DagBag from /home/airflow/.local/lib/python3.6/site-packages/airflow/example_dags/example_kubernetes_executor_config.py
[2021-08-08 14:37:47,927] {scheduler_job.py:642} INFO - DAG(s) dict_keys(['example_kubernetes_executor_config']) retrieved from /home/airflow/.local/lib/python3.6/site-packages/airflow/example_dags/example_kubernetes_executor_config.py
[2021-08-08 14:37:47,951] {logging_mixin.py:104} INFO - [2021-08-08 14:37:47,951] {dag.py:1833} INFO - Sync 1 DAGs
[2021-08-08 14:37:47,963] {logging_mixin.py:104} INFO - [2021-08-08 14:37:47,963] {dag.py:2306} INFO - Setting next_dagrun for example_kubernetes_executor_config to None
[2021-08-08 14:37:47,971] {scheduler_job.py:189} INFO - Processing /home/airflow/.local/lib/python3.6/site-packages/airflow/example_dags/example_kubernetes_executor_config.py took 0.067 seconds
[2021-08-08 14:38:18,171] {scheduler_job.py:181} INFO - Started process (PID=1252) to work on /home/airflow/.local/lib/python3.6/site-packages/airflow/example_dags/example_kubernetes_executor_config.py
[2021-08-08 14:38:18,173] {scheduler_job.py:632} INFO - Processing file /home/airflow/.local/lib/python3.6/site-packages/airflow/example_dags/example_kubernetes_executor_config.py for tasks to queue
[2021-08-08 14:38:18,174] {logging_mixin.py:104} INFO - [2021-08-08 14:38:18,174] {dagbag.py:496} INFO - Filling up the DagBag from /home/airflow/.local/lib/python3.6/site-packages/airflow/example_dags/example_kubernetes_executor_config.py
[2021-08-08 14:38:18,193] {scheduler_job.py:642} INFO - DAG(s) dict_keys(['example_kubernetes_executor_config']) retrieved from /home/airflow/.local/lib/python3.6/site-packages/airflow/example_dags/example_kubernetes_executor_config.py
[2021-08-08 14:38:18,215] {logging_mixin.py:104} INFO - [2021-08-08 14:38:18,215] {dag.py:1833} INFO - Sync 1 DAGs
[2021-08-08 14:38:18,228] {logging_mixin.py:104} INFO - [2021-08-08 14:38:18,228] {dag.py:2306} INFO - Setting next_dagrun for example_kubernetes_executor_config to None
[2021-08-08 14:38:18,236] {scheduler_job.py:189} INFO - Processing /home/airflow/.local/lib/python3.6/site-packages/airflow/example_dags/example_kubernetes_executor_config.py took 0.068 seconds
[2021-08-08 14:38:48,594] {scheduler_job.py:181} INFO - Started process (PID=1315) to work on /home/airflow/.local/lib/python3.6/site-packages/airflow/example_dags/example_kubernetes_executor_config.py
[2021-08-08 14:38:48,596] {scheduler_job.py:632} INFO - Processing file /home/airflow/.local/lib/python3.6/site-packages/airflow/example_dags/example_kubernetes_executor_config.py for tasks to queue
[2021-08-08 14:38:48,597] {logging_mixin.py:104} INFO - [2021-08-08 14:38:48,597] {dagbag.py:496} INFO - Filling up the DagBag from /home/airflow/.local/lib/python3.6/site-packages/airflow/example_dags/example_kubernetes_executor_config.py
[2021-08-08 14:38:48,620] {scheduler_job.py:642} INFO - DAG(s) dict_keys(['example_kubernetes_executor_config']) retrieved from /home/airflow/.local/lib/python3.6/site-packages/airflow/example_dags/example_kubernetes_executor_config.py
[2021-08-08 14:38:48,644] {logging_mixin.py:104} INFO - [2021-08-08 14:38:48,644] {dag.py:1833} INFO - Sync 1 DAGs
[2021-08-08 14:38:48,656] {logging_mixin.py:104} INFO - [2021-08-08 14:38:48,656] {dag.py:2306} INFO - Setting next_dagrun for example_kubernetes_executor_config to None
[2021-08-08 14:38:48,664] {scheduler_job.py:189} INFO - Processing /home/airflow/.local/lib/python3.6/site-packages/airflow/example_dags/example_kubernetes_executor_config.py took 0.075 seconds
[2021-08-08 14:39:19,038] {scheduler_job.py:181} INFO - Started process (PID=1366) to work on /home/airflow/.local/lib/python3.6/site-packages/airflow/example_dags/example_kubernetes_executor_config.py
[2021-08-08 14:39:19,043] {scheduler_job.py:632} INFO - Processing file /home/airflow/.local/lib/python3.6/site-packages/airflow/example_dags/example_kubernetes_executor_config.py for tasks to queue
[2021-08-08 14:39:19,046] {logging_mixin.py:104} INFO - [2021-08-08 14:39:19,045] {dagbag.py:496} INFO - Filling up the DagBag from /home/airflow/.local/lib/python3.6/site-packages/airflow/example_dags/example_kubernetes_executor_config.py
[2021-08-08 14:39:19,080] {scheduler_job.py:642} INFO - DAG(s) dict_keys(['example_kubernetes_executor_config']) retrieved from /home/airflow/.local/lib/python3.6/site-packages/airflow/example_dags/example_kubernetes_executor_config.py
[2021-08-08 14:39:19,140] {logging_mixin.py:104} INFO - [2021-08-08 14:39:19,139] {dag.py:1833} INFO - Sync 1 DAGs
[2021-08-08 14:39:19,172] {logging_mixin.py:104} INFO - [2021-08-08 14:39:19,172] {dag.py:2306} INFO - Setting next_dagrun for example_kubernetes_executor_config to None
[2021-08-08 14:39:19,184] {scheduler_job.py:189} INFO - Processing /home/airflow/.local/lib/python3.6/site-packages/airflow/example_dags/example_kubernetes_executor_config.py took 0.153 seconds
[2021-08-08 14:39:49,965] {scheduler_job.py:181} INFO - Started process (PID=1446) to work on /home/airflow/.local/lib/python3.6/site-packages/airflow/example_dags/example_kubernetes_executor_config.py
[2021-08-08 14:39:49,967] {scheduler_job.py:632} INFO - Processing file /home/airflow/.local/lib/python3.6/site-packages/airflow/example_dags/example_kubernetes_executor_config.py for tasks to queue
[2021-08-08 14:39:49,968] {logging_mixin.py:104} INFO - [2021-08-08 14:39:49,968] {dagbag.py:496} INFO - Filling up the DagBag from /home/airflow/.local/lib/python3.6/site-packages/airflow/example_dags/example_kubernetes_executor_config.py
[2021-08-08 14:39:49,986] {scheduler_job.py:642} INFO - DAG(s) dict_keys(['example_kubernetes_executor_config']) retrieved from /home/airflow/.local/lib/python3.6/site-packages/airflow/example_dags/example_kubernetes_executor_config.py
[2021-08-08 14:39:50,009] {logging_mixin.py:104} INFO - [2021-08-08 14:39:50,009] {dag.py:1833} INFO - Sync 1 DAGs
[2021-08-08 14:39:50,026] {logging_mixin.py:104} INFO - [2021-08-08 14:39:50,026] {dag.py:2306} INFO - Setting next_dagrun for example_kubernetes_executor_config to None
[2021-08-08 14:39:50,036] {scheduler_job.py:189} INFO - Processing /home/airflow/.local/lib/python3.6/site-packages/airflow/example_dags/example_kubernetes_executor_config.py took 0.074 seconds
[2021-08-08 14:40:20,366] {scheduler_job.py:181} INFO - Started process (PID=1507) to work on /home/airflow/.local/lib/python3.6/site-packages/airflow/example_dags/example_kubernetes_executor_config.py
[2021-08-08 14:40:20,367] {scheduler_job.py:632} INFO - Processing file /home/airflow/.local/lib/python3.6/site-packages/airflow/example_dags/example_kubernetes_executor_config.py for tasks to queue
[2021-08-08 14:40:20,368] {logging_mixin.py:104} INFO - [2021-08-08 14:40:20,368] {dagbag.py:496} INFO - Filling up the DagBag from /home/airflow/.local/lib/python3.6/site-packages/airflow/example_dags/example_kubernetes_executor_config.py
[2021-08-08 14:40:20,384] {scheduler_job.py:642} INFO - DAG(s) dict_keys(['example_kubernetes_executor_config']) retrieved from /home/airflow/.local/lib/python3.6/site-packages/airflow/example_dags/example_kubernetes_executor_config.py
[2021-08-08 14:40:20,404] {logging_mixin.py:104} INFO - [2021-08-08 14:40:20,404] {dag.py:1833} INFO - Sync 1 DAGs
[2021-08-08 14:40:20,417] {logging_mixin.py:104} INFO - [2021-08-08 14:40:20,417] {dag.py:2306} INFO - Setting next_dagrun for example_kubernetes_executor_config to None
[2021-08-08 14:40:20,426] {scheduler_job.py:189} INFO - Processing /home/airflow/.local/lib/python3.6/site-packages/airflow/example_dags/example_kubernetes_executor_config.py took 0.063 seconds
[2021-08-08 14:40:50,681] {scheduler_job.py:181} INFO - Started process (PID=1559) to work on /home/airflow/.local/lib/python3.6/site-packages/airflow/example_dags/example_kubernetes_executor_config.py
[2021-08-08 14:40:50,683] {scheduler_job.py:632} INFO - Processing file /home/airflow/.local/lib/python3.6/site-packages/airflow/example_dags/example_kubernetes_executor_config.py for tasks to queue
[2021-08-08 14:40:50,685] {logging_mixin.py:104} INFO - [2021-08-08 14:40:50,684] {dagbag.py:496} INFO - Filling up the DagBag from /home/airflow/.local/lib/python3.6/site-packages/airflow/example_dags/example_kubernetes_executor_config.py
[2021-08-08 14:40:50,702] {scheduler_job.py:642} INFO - DAG(s) dict_keys(['example_kubernetes_executor_config']) retrieved from /home/airflow/.local/lib/python3.6/site-packages/airflow/example_dags/example_kubernetes_executor_config.py
[2021-08-08 14:40:50,724] {logging_mixin.py:104} INFO - [2021-08-08 14:40:50,724] {dag.py:1833} INFO - Sync 1 DAGs
[2021-08-08 14:40:50,737] {logging_mixin.py:104} INFO - [2021-08-08 14:40:50,737] {dag.py:2306} INFO - Setting next_dagrun for example_kubernetes_executor_config to None
[2021-08-08 14:40:50,746] {scheduler_job.py:189} INFO - Processing /home/airflow/.local/lib/python3.6/site-packages/airflow/example_dags/example_kubernetes_executor_config.py took 0.069 seconds
[2021-08-08 14:41:21,035] {scheduler_job.py:181} INFO - Started process (PID=1621) to work on /home/airflow/.local/lib/python3.6/site-packages/airflow/example_dags/example_kubernetes_executor_config.py
[2021-08-08 14:41:21,037] {scheduler_job.py:632} INFO - Processing file /home/airflow/.local/lib/python3.6/site-packages/airflow/example_dags/example_kubernetes_executor_config.py for tasks to queue
[2021-08-08 14:41:21,038] {logging_mixin.py:104} INFO - [2021-08-08 14:41:21,038] {dagbag.py:496} INFO - Filling up the DagBag from /home/airflow/.local/lib/python3.6/site-packages/airflow/example_dags/example_kubernetes_executor_config.py
[2021-08-08 14:41:21,056] {scheduler_job.py:642} INFO - DAG(s) dict_keys(['example_kubernetes_executor_config']) retrieved from /home/airflow/.local/lib/python3.6/site-packages/airflow/example_dags/example_kubernetes_executor_config.py
[2021-08-08 14:41:21,076] {logging_mixin.py:104} INFO - [2021-08-08 14:41:21,075] {dag.py:1833} INFO - Sync 1 DAGs
[2021-08-08 14:41:21,088] {logging_mixin.py:104} INFO - [2021-08-08 14:41:21,088] {dag.py:2306} INFO - Setting next_dagrun for example_kubernetes_executor_config to None
[2021-08-08 14:41:21,097] {scheduler_job.py:189} INFO - Processing /home/airflow/.local/lib/python3.6/site-packages/airflow/example_dags/example_kubernetes_executor_config.py took 0.066 seconds
[2021-08-08 14:41:51,564] {scheduler_job.py:181} INFO - Started process (PID=1682) to work on /home/airflow/.local/lib/python3.6/site-packages/airflow/example_dags/example_kubernetes_executor_config.py
[2021-08-08 14:41:51,566] {scheduler_job.py:632} INFO - Processing file /home/airflow/.local/lib/python3.6/site-packages/airflow/example_dags/example_kubernetes_executor_config.py for tasks to queue
[2021-08-08 14:41:51,567] {logging_mixin.py:104} INFO - [2021-08-08 14:41:51,567] {dagbag.py:496} INFO - Filling up the DagBag from /home/airflow/.local/lib/python3.6/site-packages/airflow/example_dags/example_kubernetes_executor_config.py
[2021-08-08 14:41:51,586] {scheduler_job.py:642} INFO - DAG(s) dict_keys(['example_kubernetes_executor_config']) retrieved from /home/airflow/.local/lib/python3.6/site-packages/airflow/example_dags/example_kubernetes_executor_config.py
[2021-08-08 14:41:51,605] {logging_mixin.py:104} INFO - [2021-08-08 14:41:51,605] {dag.py:1833} INFO - Sync 1 DAGs
[2021-08-08 14:41:51,617] {logging_mixin.py:104} INFO - [2021-08-08 14:41:51,617] {dag.py:2306} INFO - Setting next_dagrun for example_kubernetes_executor_config to None
[2021-08-08 14:41:51,626] {scheduler_job.py:189} INFO - Processing /home/airflow/.local/lib/python3.6/site-packages/airflow/example_dags/example_kubernetes_executor_config.py took 0.065 seconds
[2021-08-08 14:42:22,243] {scheduler_job.py:181} INFO - Started process (PID=1734) to work on /home/airflow/.local/lib/python3.6/site-packages/airflow/example_dags/example_kubernetes_executor_config.py
[2021-08-08 14:42:22,248] {scheduler_job.py:632} INFO - Processing file /home/airflow/.local/lib/python3.6/site-packages/airflow/example_dags/example_kubernetes_executor_config.py for tasks to queue
[2021-08-08 14:42:22,250] {logging_mixin.py:104} INFO - [2021-08-08 14:42:22,249] {dagbag.py:496} INFO - Filling up the DagBag from /home/airflow/.local/lib/python3.6/site-packages/airflow/example_dags/example_kubernetes_executor_config.py
[2021-08-08 14:42:22,262] {scheduler_job.py:642} INFO - DAG(s) dict_keys(['example_kubernetes_executor_config']) retrieved from /home/airflow/.local/lib/python3.6/site-packages/airflow/example_dags/example_kubernetes_executor_config.py
[2021-08-08 14:42:22,282] {logging_mixin.py:104} INFO - [2021-08-08 14:42:22,282] {dag.py:1833} INFO - Sync 1 DAGs
[2021-08-08 14:42:22,295] {logging_mixin.py:104} INFO - [2021-08-08 14:42:22,295] {dag.py:2306} INFO - Setting next_dagrun for example_kubernetes_executor_config to None
[2021-08-08 14:42:22,304] {scheduler_job.py:189} INFO - Processing /home/airflow/.local/lib/python3.6/site-packages/airflow/example_dags/example_kubernetes_executor_config.py took 0.065 seconds
[2021-08-08 14:42:52,730] {scheduler_job.py:181} INFO - Started process (PID=1796) to work on /home/airflow/.local/lib/python3.6/site-packages/airflow/example_dags/example_kubernetes_executor_config.py
[2021-08-08 14:42:52,733] {scheduler_job.py:632} INFO - Processing file /home/airflow/.local/lib/python3.6/site-packages/airflow/example_dags/example_kubernetes_executor_config.py for tasks to queue
[2021-08-08 14:42:52,734] {logging_mixin.py:104} INFO - [2021-08-08 14:42:52,734] {dagbag.py:496} INFO - Filling up the DagBag from /home/airflow/.local/lib/python3.6/site-packages/airflow/example_dags/example_kubernetes_executor_config.py
[2021-08-08 14:42:52,749] {scheduler_job.py:642} INFO - DAG(s) dict_keys(['example_kubernetes_executor_config']) retrieved from /home/airflow/.local/lib/python3.6/site-packages/airflow/example_dags/example_kubernetes_executor_config.py
[2021-08-08 14:42:52,770] {logging_mixin.py:104} INFO - [2021-08-08 14:42:52,770] {dag.py:1833} INFO - Sync 1 DAGs
[2021-08-08 14:42:52,801] {logging_mixin.py:104} INFO - [2021-08-08 14:42:52,800] {dag.py:2306} INFO - Setting next_dagrun for example_kubernetes_executor_config to None
[2021-08-08 14:42:52,809] {scheduler_job.py:189} INFO - Processing /home/airflow/.local/lib/python3.6/site-packages/airflow/example_dags/example_kubernetes_executor_config.py took 0.082 seconds
[2021-08-08 14:43:23,083] {scheduler_job.py:181} INFO - Started process (PID=1857) to work on /home/airflow/.local/lib/python3.6/site-packages/airflow/example_dags/example_kubernetes_executor_config.py
[2021-08-08 14:43:23,085] {scheduler_job.py:632} INFO - Processing file /home/airflow/.local/lib/python3.6/site-packages/airflow/example_dags/example_kubernetes_executor_config.py for tasks to queue
[2021-08-08 14:43:23,086] {logging_mixin.py:104} INFO - [2021-08-08 14:43:23,086] {dagbag.py:496} INFO - Filling up the DagBag from /home/airflow/.local/lib/python3.6/site-packages/airflow/example_dags/example_kubernetes_executor_config.py
[2021-08-08 14:43:23,103] {scheduler_job.py:642} INFO - DAG(s) dict_keys(['example_kubernetes_executor_config']) retrieved from /home/airflow/.local/lib/python3.6/site-packages/airflow/example_dags/example_kubernetes_executor_config.py
[2021-08-08 14:43:23,124] {logging_mixin.py:104} INFO - [2021-08-08 14:43:23,124] {dag.py:1833} INFO - Sync 1 DAGs
[2021-08-08 14:43:23,140] {logging_mixin.py:104} INFO - [2021-08-08 14:43:23,139] {dag.py:2306} INFO - Setting next_dagrun for example_kubernetes_executor_config to None
[2021-08-08 14:43:23,149] {scheduler_job.py:189} INFO - Processing /home/airflow/.local/lib/python3.6/site-packages/airflow/example_dags/example_kubernetes_executor_config.py took 0.071 seconds
[2021-08-08 14:43:53,306] {scheduler_job.py:181} INFO - Started process (PID=1908) to work on /home/airflow/.local/lib/python3.6/site-packages/airflow/example_dags/example_kubernetes_executor_config.py
[2021-08-08 14:43:53,308] {scheduler_job.py:632} INFO - Processing file /home/airflow/.local/lib/python3.6/site-packages/airflow/example_dags/example_kubernetes_executor_config.py for tasks to queue
[2021-08-08 14:43:53,309] {logging_mixin.py:104} INFO - [2021-08-08 14:43:53,309] {dagbag.py:496} INFO - Filling up the DagBag from /home/airflow/.local/lib/python3.6/site-packages/airflow/example_dags/example_kubernetes_executor_config.py
[2021-08-08 14:43:53,326] {scheduler_job.py:642} INFO - DAG(s) dict_keys(['example_kubernetes_executor_config']) retrieved from /home/airflow/.local/lib/python3.6/site-packages/airflow/example_dags/example_kubernetes_executor_config.py
[2021-08-08 14:43:53,351] {logging_mixin.py:104} INFO - [2021-08-08 14:43:53,351] {dag.py:1833} INFO - Sync 1 DAGs
[2021-08-08 14:43:53,368] {logging_mixin.py:104} INFO - [2021-08-08 14:43:53,368] {dag.py:2306} INFO - Setting next_dagrun for example_kubernetes_executor_config to None
[2021-08-08 14:43:53,378] {scheduler_job.py:189} INFO - Processing /home/airflow/.local/lib/python3.6/site-packages/airflow/example_dags/example_kubernetes_executor_config.py took 0.075 seconds
[2021-08-08 14:44:23,599] {scheduler_job.py:181} INFO - Started process (PID=1969) to work on /home/airflow/.local/lib/python3.6/site-packages/airflow/example_dags/example_kubernetes_executor_config.py
[2021-08-08 14:44:23,601] {scheduler_job.py:632} INFO - Processing file /home/airflow/.local/lib/python3.6/site-packages/airflow/example_dags/example_kubernetes_executor_config.py for tasks to queue
[2021-08-08 14:44:23,602] {logging_mixin.py:104} INFO - [2021-08-08 14:44:23,601] {dagbag.py:496} INFO - Filling up the DagBag from /home/airflow/.local/lib/python3.6/site-packages/airflow/example_dags/example_kubernetes_executor_config.py
[2021-08-08 14:44:23,615] {scheduler_job.py:642} INFO - DAG(s) dict_keys(['example_kubernetes_executor_config']) retrieved from /home/airflow/.local/lib/python3.6/site-packages/airflow/example_dags/example_kubernetes_executor_config.py
[2021-08-08 14:44:23,635] {logging_mixin.py:104} INFO - [2021-08-08 14:44:23,635] {dag.py:1833} INFO - Sync 1 DAGs
[2021-08-08 14:44:23,649] {logging_mixin.py:104} INFO - [2021-08-08 14:44:23,649] {dag.py:2306} INFO - Setting next_dagrun for example_kubernetes_executor_config to None
[2021-08-08 14:44:23,657] {scheduler_job.py:189} INFO - Processing /home/airflow/.local/lib/python3.6/site-packages/airflow/example_dags/example_kubernetes_executor_config.py took 0.061 seconds
[2021-08-08 14:44:53,939] {scheduler_job.py:181} INFO - Started process (PID=2030) to work on /home/airflow/.local/lib/python3.6/site-packages/airflow/example_dags/example_kubernetes_executor_config.py
[2021-08-08 14:44:53,940] {scheduler_job.py:632} INFO - Processing file /home/airflow/.local/lib/python3.6/site-packages/airflow/example_dags/example_kubernetes_executor_config.py for tasks to queue
[2021-08-08 14:44:53,941] {logging_mixin.py:104} INFO - [2021-08-08 14:44:53,941] {dagbag.py:496} INFO - Filling up the DagBag from /home/airflow/.local/lib/python3.6/site-packages/airflow/example_dags/example_kubernetes_executor_config.py
[2021-08-08 14:44:53,955] {scheduler_job.py:642} INFO - DAG(s) dict_keys(['example_kubernetes_executor_config']) retrieved from /home/airflow/.local/lib/python3.6/site-packages/airflow/example_dags/example_kubernetes_executor_config.py
[2021-08-08 14:44:53,977] {logging_mixin.py:104} INFO - [2021-08-08 14:44:53,977] {dag.py:1833} INFO - Sync 1 DAGs
[2021-08-08 14:44:53,995] {logging_mixin.py:104} INFO - [2021-08-08 14:44:53,995] {dag.py:2306} INFO - Setting next_dagrun for example_kubernetes_executor_config to None
[2021-08-08 14:44:54,005] {scheduler_job.py:189} INFO - Processing /home/airflow/.local/lib/python3.6/site-packages/airflow/example_dags/example_kubernetes_executor_config.py took 0.070 seconds
[2021-08-08 14:45:24,425] {scheduler_job.py:181} INFO - Started process (PID=2081) to work on /home/airflow/.local/lib/python3.6/site-packages/airflow/example_dags/example_kubernetes_executor_config.py
[2021-08-08 14:45:24,427] {scheduler_job.py:632} INFO - Processing file /home/airflow/.local/lib/python3.6/site-packages/airflow/example_dags/example_kubernetes_executor_config.py for tasks to queue
[2021-08-08 14:45:24,428] {logging_mixin.py:104} INFO - [2021-08-08 14:45:24,427] {dagbag.py:496} INFO - Filling up the DagBag from /home/airflow/.local/lib/python3.6/site-packages/airflow/example_dags/example_kubernetes_executor_config.py
[2021-08-08 14:45:24,442] {scheduler_job.py:642} INFO - DAG(s) dict_keys(['example_kubernetes_executor_config']) retrieved from /home/airflow/.local/lib/python3.6/site-packages/airflow/example_dags/example_kubernetes_executor_config.py
[2021-08-08 14:45:24,464] {logging_mixin.py:104} INFO - [2021-08-08 14:45:24,464] {dag.py:1833} INFO - Sync 1 DAGs
[2021-08-08 14:45:24,479] {logging_mixin.py:104} INFO - [2021-08-08 14:45:24,479] {dag.py:2306} INFO - Setting next_dagrun for example_kubernetes_executor_config to None
[2021-08-08 14:45:24,490] {scheduler_job.py:189} INFO - Processing /home/airflow/.local/lib/python3.6/site-packages/airflow/example_dags/example_kubernetes_executor_config.py took 0.069 seconds
[2021-08-08 14:45:54,831] {scheduler_job.py:181} INFO - Started process (PID=2144) to work on /home/airflow/.local/lib/python3.6/site-packages/airflow/example_dags/example_kubernetes_executor_config.py
[2021-08-08 14:45:54,833] {scheduler_job.py:632} INFO - Processing file /home/airflow/.local/lib/python3.6/site-packages/airflow/example_dags/example_kubernetes_executor_config.py for tasks to queue
[2021-08-08 14:45:54,836] {logging_mixin.py:104} INFO - [2021-08-08 14:45:54,834] {dagbag.py:496} INFO - Filling up the DagBag from /home/airflow/.local/lib/python3.6/site-packages/airflow/example_dags/example_kubernetes_executor_config.py
[2021-08-08 14:45:54,850] {scheduler_job.py:642} INFO - DAG(s) dict_keys(['example_kubernetes_executor_config']) retrieved from /home/airflow/.local/lib/python3.6/site-packages/airflow/example_dags/example_kubernetes_executor_config.py
[2021-08-08 14:45:54,872] {logging_mixin.py:104} INFO - [2021-08-08 14:45:54,872] {dag.py:1833} INFO - Sync 1 DAGs
[2021-08-08 14:45:54,890] {logging_mixin.py:104} INFO - [2021-08-08 14:45:54,890] {dag.py:2306} INFO - Setting next_dagrun for example_kubernetes_executor_config to None
[2021-08-08 14:45:54,900] {scheduler_job.py:189} INFO - Processing /home/airflow/.local/lib/python3.6/site-packages/airflow/example_dags/example_kubernetes_executor_config.py took 0.071 seconds
[2021-08-08 14:46:25,293] {scheduler_job.py:181} INFO - Started process (PID=2208) to work on /home/airflow/.local/lib/python3.6/site-packages/airflow/example_dags/example_kubernetes_executor_config.py
[2021-08-08 14:46:25,296] {scheduler_job.py:632} INFO - Processing file /home/airflow/.local/lib/python3.6/site-packages/airflow/example_dags/example_kubernetes_executor_config.py for tasks to queue
[2021-08-08 14:46:25,299] {logging_mixin.py:104} INFO - [2021-08-08 14:46:25,299] {dagbag.py:496} INFO - Filling up the DagBag from /home/airflow/.local/lib/python3.6/site-packages/airflow/example_dags/example_kubernetes_executor_config.py
[2021-08-08 14:46:25,333] {scheduler_job.py:642} INFO - DAG(s) dict_keys(['example_kubernetes_executor_config']) retrieved from /home/airflow/.local/lib/python3.6/site-packages/airflow/example_dags/example_kubernetes_executor_config.py
[2021-08-08 14:46:25,364] {logging_mixin.py:104} INFO - [2021-08-08 14:46:25,364] {dag.py:1833} INFO - Sync 1 DAGs
[2021-08-08 14:46:25,393] {logging_mixin.py:104} INFO - [2021-08-08 14:46:25,393] {dag.py:2306} INFO - Setting next_dagrun for example_kubernetes_executor_config to None
[2021-08-08 14:46:25,408] {scheduler_job.py:189} INFO - Processing /home/airflow/.local/lib/python3.6/site-packages/airflow/example_dags/example_kubernetes_executor_config.py took 0.124 seconds
[2021-08-08 14:46:55,433] {scheduler_job.py:181} INFO - Started process (PID=2259) to work on /home/airflow/.local/lib/python3.6/site-packages/airflow/example_dags/example_kubernetes_executor_config.py
[2021-08-08 14:46:55,436] {scheduler_job.py:632} INFO - Processing file /home/airflow/.local/lib/python3.6/site-packages/airflow/example_dags/example_kubernetes_executor_config.py for tasks to queue
[2021-08-08 14:46:55,437] {logging_mixin.py:104} INFO - [2021-08-08 14:46:55,437] {dagbag.py:496} INFO - Filling up the DagBag from /home/airflow/.local/lib/python3.6/site-packages/airflow/example_dags/example_kubernetes_executor_config.py
[2021-08-08 14:46:55,452] {scheduler_job.py:642} INFO - DAG(s) dict_keys(['example_kubernetes_executor_config']) retrieved from /home/airflow/.local/lib/python3.6/site-packages/airflow/example_dags/example_kubernetes_executor_config.py
[2021-08-08 14:46:55,473] {logging_mixin.py:104} INFO - [2021-08-08 14:46:55,473] {dag.py:1833} INFO - Sync 1 DAGs
[2021-08-08 14:46:55,486] {logging_mixin.py:104} INFO - [2021-08-08 14:46:55,486] {dag.py:2306} INFO - Setting next_dagrun for example_kubernetes_executor_config to None
[2021-08-08 14:46:55,495] {scheduler_job.py:189} INFO - Processing /home/airflow/.local/lib/python3.6/site-packages/airflow/example_dags/example_kubernetes_executor_config.py took 0.065 seconds
[2021-08-08 14:47:25,999] {scheduler_job.py:181} INFO - Started process (PID=2321) to work on /home/airflow/.local/lib/python3.6/site-packages/airflow/example_dags/example_kubernetes_executor_config.py
[2021-08-08 14:47:26,002] {scheduler_job.py:632} INFO - Processing file /home/airflow/.local/lib/python3.6/site-packages/airflow/example_dags/example_kubernetes_executor_config.py for tasks to queue
[2021-08-08 14:47:26,003] {logging_mixin.py:104} INFO - [2021-08-08 14:47:26,003] {dagbag.py:496} INFO - Filling up the DagBag from /home/airflow/.local/lib/python3.6/site-packages/airflow/example_dags/example_kubernetes_executor_config.py
[2021-08-08 14:47:26,017] {scheduler_job.py:642} INFO - DAG(s) dict_keys(['example_kubernetes_executor_config']) retrieved from /home/airflow/.local/lib/python3.6/site-packages/airflow/example_dags/example_kubernetes_executor_config.py
[2021-08-08 14:47:26,054] {logging_mixin.py:104} INFO - [2021-08-08 14:47:26,054] {dag.py:1833} INFO - Sync 1 DAGs
[2021-08-08 14:47:26,072] {logging_mixin.py:104} INFO - [2021-08-08 14:47:26,071] {dag.py:2306} INFO - Setting next_dagrun for example_kubernetes_executor_config to None
[2021-08-08 14:47:26,083] {scheduler_job.py:189} INFO - Processing /home/airflow/.local/lib/python3.6/site-packages/airflow/example_dags/example_kubernetes_executor_config.py took 0.087 seconds
[2021-08-08 14:47:56,568] {scheduler_job.py:181} INFO - Started process (PID=2372) to work on /home/airflow/.local/lib/python3.6/site-packages/airflow/example_dags/example_kubernetes_executor_config.py
[2021-08-08 14:47:56,571] {scheduler_job.py:632} INFO - Processing file /home/airflow/.local/lib/python3.6/site-packages/airflow/example_dags/example_kubernetes_executor_config.py for tasks to queue
[2021-08-08 14:47:56,572] {logging_mixin.py:104} INFO - [2021-08-08 14:47:56,572] {dagbag.py:496} INFO - Filling up the DagBag from /home/airflow/.local/lib/python3.6/site-packages/airflow/example_dags/example_kubernetes_executor_config.py
[2021-08-08 14:47:56,593] {scheduler_job.py:642} INFO - DAG(s) dict_keys(['example_kubernetes_executor_config']) retrieved from /home/airflow/.local/lib/python3.6/site-packages/airflow/example_dags/example_kubernetes_executor_config.py
[2021-08-08 14:47:56,626] {logging_mixin.py:104} INFO - [2021-08-08 14:47:56,626] {dag.py:1833} INFO - Sync 1 DAGs
[2021-08-08 14:47:56,659] {logging_mixin.py:104} INFO - [2021-08-08 14:47:56,659] {dag.py:2306} INFO - Setting next_dagrun for example_kubernetes_executor_config to None
[2021-08-08 14:47:56,679] {scheduler_job.py:189} INFO - Processing /home/airflow/.local/lib/python3.6/site-packages/airflow/example_dags/example_kubernetes_executor_config.py took 0.114 seconds
