[2021-08-08 14:30:29,430] {scheduler_job.py:181} INFO - Started process (PID=222) to work on /home/airflow/.local/lib/python3.6/site-packages/airflow/example_dags/example_nested_branch_dag.py
[2021-08-08 14:30:29,431] {scheduler_job.py:632} INFO - Processing file /home/airflow/.local/lib/python3.6/site-packages/airflow/example_dags/example_nested_branch_dag.py for tasks to queue
[2021-08-08 14:30:29,432] {logging_mixin.py:104} INFO - [2021-08-08 14:30:29,432] {dagbag.py:496} INFO - Filling up the DagBag from /home/airflow/.local/lib/python3.6/site-packages/airflow/example_dags/example_nested_branch_dag.py
[2021-08-08 14:30:29,448] {scheduler_job.py:642} INFO - DAG(s) dict_keys(['example_nested_branch_dag']) retrieved from /home/airflow/.local/lib/python3.6/site-packages/airflow/example_dags/example_nested_branch_dag.py
[2021-08-08 14:30:31,356] {logging_mixin.py:104} INFO - [2021-08-08 14:30:31,355] {dag.py:1833} INFO - Sync 1 DAGs
[2021-08-08 14:30:31,365] {logging_mixin.py:104} INFO - [2021-08-08 14:30:31,364] {dag.py:1852} INFO - Creating ORM DAG for example_nested_branch_dag
[2021-08-08 14:30:31,373] {logging_mixin.py:104} INFO - [2021-08-08 14:30:31,372] {dag.py:2306} INFO - Setting next_dagrun for example_nested_branch_dag to 2021-08-06 00:00:00+00:00
[2021-08-08 14:30:31,383] {scheduler_job.py:189} INFO - Processing /home/airflow/.local/lib/python3.6/site-packages/airflow/example_dags/example_nested_branch_dag.py took 1.956 seconds
[2021-08-08 14:31:01,486] {scheduler_job.py:181} INFO - Started process (PID=413) to work on /home/airflow/.local/lib/python3.6/site-packages/airflow/example_dags/example_nested_branch_dag.py
[2021-08-08 14:31:01,490] {scheduler_job.py:632} INFO - Processing file /home/airflow/.local/lib/python3.6/site-packages/airflow/example_dags/example_nested_branch_dag.py for tasks to queue
[2021-08-08 14:31:01,491] {logging_mixin.py:104} INFO - [2021-08-08 14:31:01,491] {dagbag.py:496} INFO - Filling up the DagBag from /home/airflow/.local/lib/python3.6/site-packages/airflow/example_dags/example_nested_branch_dag.py
[2021-08-08 14:31:01,505] {scheduler_job.py:642} INFO - DAG(s) dict_keys(['example_nested_branch_dag']) retrieved from /home/airflow/.local/lib/python3.6/site-packages/airflow/example_dags/example_nested_branch_dag.py
[2021-08-08 14:31:01,523] {logging_mixin.py:104} INFO - [2021-08-08 14:31:01,523] {dag.py:1833} INFO - Sync 1 DAGs
[2021-08-08 14:31:01,539] {logging_mixin.py:104} INFO - [2021-08-08 14:31:01,538] {dag.py:2306} INFO - Setting next_dagrun for example_nested_branch_dag to 2021-08-06 00:00:00+00:00
[2021-08-08 14:31:01,546] {scheduler_job.py:189} INFO - Processing /home/airflow/.local/lib/python3.6/site-packages/airflow/example_dags/example_nested_branch_dag.py took 0.063 seconds
[2021-08-08 14:31:31,791] {scheduler_job.py:181} INFO - Started process (PID=474) to work on /home/airflow/.local/lib/python3.6/site-packages/airflow/example_dags/example_nested_branch_dag.py
[2021-08-08 14:31:31,794] {scheduler_job.py:632} INFO - Processing file /home/airflow/.local/lib/python3.6/site-packages/airflow/example_dags/example_nested_branch_dag.py for tasks to queue
[2021-08-08 14:31:31,795] {logging_mixin.py:104} INFO - [2021-08-08 14:31:31,795] {dagbag.py:496} INFO - Filling up the DagBag from /home/airflow/.local/lib/python3.6/site-packages/airflow/example_dags/example_nested_branch_dag.py
[2021-08-08 14:31:31,811] {scheduler_job.py:642} INFO - DAG(s) dict_keys(['example_nested_branch_dag']) retrieved from /home/airflow/.local/lib/python3.6/site-packages/airflow/example_dags/example_nested_branch_dag.py
[2021-08-08 14:31:31,831] {logging_mixin.py:104} INFO - [2021-08-08 14:31:31,831] {dag.py:1833} INFO - Sync 1 DAGs
[2021-08-08 14:31:31,847] {logging_mixin.py:104} INFO - [2021-08-08 14:31:31,846] {dag.py:2306} INFO - Setting next_dagrun for example_nested_branch_dag to 2021-08-06 00:00:00+00:00
[2021-08-08 14:31:31,854] {scheduler_job.py:189} INFO - Processing /home/airflow/.local/lib/python3.6/site-packages/airflow/example_dags/example_nested_branch_dag.py took 0.067 seconds
[2021-08-08 14:32:02,161] {scheduler_job.py:181} INFO - Started process (PID=536) to work on /home/airflow/.local/lib/python3.6/site-packages/airflow/example_dags/example_nested_branch_dag.py
[2021-08-08 14:32:02,162] {scheduler_job.py:632} INFO - Processing file /home/airflow/.local/lib/python3.6/site-packages/airflow/example_dags/example_nested_branch_dag.py for tasks to queue
[2021-08-08 14:32:02,163] {logging_mixin.py:104} INFO - [2021-08-08 14:32:02,163] {dagbag.py:496} INFO - Filling up the DagBag from /home/airflow/.local/lib/python3.6/site-packages/airflow/example_dags/example_nested_branch_dag.py
[2021-08-08 14:32:02,177] {scheduler_job.py:642} INFO - DAG(s) dict_keys(['example_nested_branch_dag']) retrieved from /home/airflow/.local/lib/python3.6/site-packages/airflow/example_dags/example_nested_branch_dag.py
[2021-08-08 14:32:02,196] {logging_mixin.py:104} INFO - [2021-08-08 14:32:02,196] {dag.py:1833} INFO - Sync 1 DAGs
[2021-08-08 14:32:02,212] {logging_mixin.py:104} INFO - [2021-08-08 14:32:02,212] {dag.py:2306} INFO - Setting next_dagrun for example_nested_branch_dag to 2021-08-06 00:00:00+00:00
[2021-08-08 14:32:02,220] {scheduler_job.py:189} INFO - Processing /home/airflow/.local/lib/python3.6/site-packages/airflow/example_dags/example_nested_branch_dag.py took 0.062 seconds
[2021-08-08 14:32:32,516] {scheduler_job.py:181} INFO - Started process (PID=598) to work on /home/airflow/.local/lib/python3.6/site-packages/airflow/example_dags/example_nested_branch_dag.py
[2021-08-08 14:32:32,518] {scheduler_job.py:632} INFO - Processing file /home/airflow/.local/lib/python3.6/site-packages/airflow/example_dags/example_nested_branch_dag.py for tasks to queue
[2021-08-08 14:32:32,519] {logging_mixin.py:104} INFO - [2021-08-08 14:32:32,519] {dagbag.py:496} INFO - Filling up the DagBag from /home/airflow/.local/lib/python3.6/site-packages/airflow/example_dags/example_nested_branch_dag.py
[2021-08-08 14:32:32,533] {scheduler_job.py:642} INFO - DAG(s) dict_keys(['example_nested_branch_dag']) retrieved from /home/airflow/.local/lib/python3.6/site-packages/airflow/example_dags/example_nested_branch_dag.py
[2021-08-08 14:32:32,553] {logging_mixin.py:104} INFO - [2021-08-08 14:32:32,552] {dag.py:1833} INFO - Sync 1 DAGs
[2021-08-08 14:32:32,569] {logging_mixin.py:104} INFO - [2021-08-08 14:32:32,569] {dag.py:2306} INFO - Setting next_dagrun for example_nested_branch_dag to 2021-08-06 00:00:00+00:00
[2021-08-08 14:32:32,579] {scheduler_job.py:189} INFO - Processing /home/airflow/.local/lib/python3.6/site-packages/airflow/example_dags/example_nested_branch_dag.py took 0.067 seconds
[2021-08-08 14:33:02,796] {scheduler_job.py:181} INFO - Started process (PID=649) to work on /home/airflow/.local/lib/python3.6/site-packages/airflow/example_dags/example_nested_branch_dag.py
[2021-08-08 14:33:02,798] {scheduler_job.py:632} INFO - Processing file /home/airflow/.local/lib/python3.6/site-packages/airflow/example_dags/example_nested_branch_dag.py for tasks to queue
[2021-08-08 14:33:02,799] {logging_mixin.py:104} INFO - [2021-08-08 14:33:02,799] {dagbag.py:496} INFO - Filling up the DagBag from /home/airflow/.local/lib/python3.6/site-packages/airflow/example_dags/example_nested_branch_dag.py
[2021-08-08 14:33:02,813] {scheduler_job.py:642} INFO - DAG(s) dict_keys(['example_nested_branch_dag']) retrieved from /home/airflow/.local/lib/python3.6/site-packages/airflow/example_dags/example_nested_branch_dag.py
[2021-08-08 14:33:02,835] {logging_mixin.py:104} INFO - [2021-08-08 14:33:02,835] {dag.py:1833} INFO - Sync 1 DAGs
[2021-08-08 14:33:02,854] {logging_mixin.py:104} INFO - [2021-08-08 14:33:02,854] {dag.py:2306} INFO - Setting next_dagrun for example_nested_branch_dag to 2021-08-06 00:00:00+00:00
[2021-08-08 14:33:02,865] {scheduler_job.py:189} INFO - Processing /home/airflow/.local/lib/python3.6/site-packages/airflow/example_dags/example_nested_branch_dag.py took 0.072 seconds
[2021-08-08 14:33:33,257] {scheduler_job.py:181} INFO - Started process (PID=710) to work on /home/airflow/.local/lib/python3.6/site-packages/airflow/example_dags/example_nested_branch_dag.py
[2021-08-08 14:33:33,259] {scheduler_job.py:632} INFO - Processing file /home/airflow/.local/lib/python3.6/site-packages/airflow/example_dags/example_nested_branch_dag.py for tasks to queue
[2021-08-08 14:33:33,260] {logging_mixin.py:104} INFO - [2021-08-08 14:33:33,260] {dagbag.py:496} INFO - Filling up the DagBag from /home/airflow/.local/lib/python3.6/site-packages/airflow/example_dags/example_nested_branch_dag.py
[2021-08-08 14:33:33,276] {scheduler_job.py:642} INFO - DAG(s) dict_keys(['example_nested_branch_dag']) retrieved from /home/airflow/.local/lib/python3.6/site-packages/airflow/example_dags/example_nested_branch_dag.py
[2021-08-08 14:33:33,296] {logging_mixin.py:104} INFO - [2021-08-08 14:33:33,296] {dag.py:1833} INFO - Sync 1 DAGs
[2021-08-08 14:33:33,313] {logging_mixin.py:104} INFO - [2021-08-08 14:33:33,313] {dag.py:2306} INFO - Setting next_dagrun for example_nested_branch_dag to 2021-08-06 00:00:00+00:00
[2021-08-08 14:33:33,322] {scheduler_job.py:189} INFO - Processing /home/airflow/.local/lib/python3.6/site-packages/airflow/example_dags/example_nested_branch_dag.py took 0.068 seconds
[2021-08-08 14:34:03,761] {scheduler_job.py:181} INFO - Started process (PID=771) to work on /home/airflow/.local/lib/python3.6/site-packages/airflow/example_dags/example_nested_branch_dag.py
[2021-08-08 14:34:03,763] {scheduler_job.py:632} INFO - Processing file /home/airflow/.local/lib/python3.6/site-packages/airflow/example_dags/example_nested_branch_dag.py for tasks to queue
[2021-08-08 14:34:03,764] {logging_mixin.py:104} INFO - [2021-08-08 14:34:03,764] {dagbag.py:496} INFO - Filling up the DagBag from /home/airflow/.local/lib/python3.6/site-packages/airflow/example_dags/example_nested_branch_dag.py
[2021-08-08 14:34:03,778] {scheduler_job.py:642} INFO - DAG(s) dict_keys(['example_nested_branch_dag']) retrieved from /home/airflow/.local/lib/python3.6/site-packages/airflow/example_dags/example_nested_branch_dag.py
[2021-08-08 14:34:03,796] {logging_mixin.py:104} INFO - [2021-08-08 14:34:03,796] {dag.py:1833} INFO - Sync 1 DAGs
[2021-08-08 14:34:03,814] {logging_mixin.py:104} INFO - [2021-08-08 14:34:03,814] {dag.py:2306} INFO - Setting next_dagrun for example_nested_branch_dag to 2021-08-06 00:00:00+00:00
[2021-08-08 14:34:03,822] {scheduler_job.py:189} INFO - Processing /home/airflow/.local/lib/python3.6/site-packages/airflow/example_dags/example_nested_branch_dag.py took 0.065 seconds
[2021-08-08 14:34:34,123] {scheduler_job.py:181} INFO - Started process (PID=823) to work on /home/airflow/.local/lib/python3.6/site-packages/airflow/example_dags/example_nested_branch_dag.py
[2021-08-08 14:34:34,125] {scheduler_job.py:632} INFO - Processing file /home/airflow/.local/lib/python3.6/site-packages/airflow/example_dags/example_nested_branch_dag.py for tasks to queue
[2021-08-08 14:34:34,126] {logging_mixin.py:104} INFO - [2021-08-08 14:34:34,126] {dagbag.py:496} INFO - Filling up the DagBag from /home/airflow/.local/lib/python3.6/site-packages/airflow/example_dags/example_nested_branch_dag.py
[2021-08-08 14:34:34,140] {scheduler_job.py:642} INFO - DAG(s) dict_keys(['example_nested_branch_dag']) retrieved from /home/airflow/.local/lib/python3.6/site-packages/airflow/example_dags/example_nested_branch_dag.py
[2021-08-08 14:34:34,161] {logging_mixin.py:104} INFO - [2021-08-08 14:34:34,161] {dag.py:1833} INFO - Sync 1 DAGs
[2021-08-08 14:34:34,181] {logging_mixin.py:104} INFO - [2021-08-08 14:34:34,181] {dag.py:2306} INFO - Setting next_dagrun for example_nested_branch_dag to 2021-08-06 00:00:00+00:00
[2021-08-08 14:34:34,190] {scheduler_job.py:189} INFO - Processing /home/airflow/.local/lib/python3.6/site-packages/airflow/example_dags/example_nested_branch_dag.py took 0.073 seconds
[2021-08-08 14:35:04,519] {scheduler_job.py:181} INFO - Started process (PID=884) to work on /home/airflow/.local/lib/python3.6/site-packages/airflow/example_dags/example_nested_branch_dag.py
[2021-08-08 14:35:04,520] {scheduler_job.py:632} INFO - Processing file /home/airflow/.local/lib/python3.6/site-packages/airflow/example_dags/example_nested_branch_dag.py for tasks to queue
[2021-08-08 14:35:04,521] {logging_mixin.py:104} INFO - [2021-08-08 14:35:04,521] {dagbag.py:496} INFO - Filling up the DagBag from /home/airflow/.local/lib/python3.6/site-packages/airflow/example_dags/example_nested_branch_dag.py
[2021-08-08 14:35:04,535] {scheduler_job.py:642} INFO - DAG(s) dict_keys(['example_nested_branch_dag']) retrieved from /home/airflow/.local/lib/python3.6/site-packages/airflow/example_dags/example_nested_branch_dag.py
[2021-08-08 14:35:04,553] {logging_mixin.py:104} INFO - [2021-08-08 14:35:04,553] {dag.py:1833} INFO - Sync 1 DAGs
[2021-08-08 14:35:04,570] {logging_mixin.py:104} INFO - [2021-08-08 14:35:04,570] {dag.py:2306} INFO - Setting next_dagrun for example_nested_branch_dag to 2021-08-06 00:00:00+00:00
[2021-08-08 14:35:04,578] {scheduler_job.py:189} INFO - Processing /home/airflow/.local/lib/python3.6/site-packages/airflow/example_dags/example_nested_branch_dag.py took 0.062 seconds
[2021-08-08 14:35:34,948] {scheduler_job.py:181} INFO - Started process (PID=945) to work on /home/airflow/.local/lib/python3.6/site-packages/airflow/example_dags/example_nested_branch_dag.py
[2021-08-08 14:35:34,950] {scheduler_job.py:632} INFO - Processing file /home/airflow/.local/lib/python3.6/site-packages/airflow/example_dags/example_nested_branch_dag.py for tasks to queue
[2021-08-08 14:35:34,951] {logging_mixin.py:104} INFO - [2021-08-08 14:35:34,951] {dagbag.py:496} INFO - Filling up the DagBag from /home/airflow/.local/lib/python3.6/site-packages/airflow/example_dags/example_nested_branch_dag.py
[2021-08-08 14:35:34,966] {scheduler_job.py:642} INFO - DAG(s) dict_keys(['example_nested_branch_dag']) retrieved from /home/airflow/.local/lib/python3.6/site-packages/airflow/example_dags/example_nested_branch_dag.py
[2021-08-08 14:35:34,987] {logging_mixin.py:104} INFO - [2021-08-08 14:35:34,987] {dag.py:1833} INFO - Sync 1 DAGs
[2021-08-08 14:35:35,003] {logging_mixin.py:104} INFO - [2021-08-08 14:35:35,002] {dag.py:2306} INFO - Setting next_dagrun for example_nested_branch_dag to 2021-08-06 00:00:00+00:00
[2021-08-08 14:35:35,013] {scheduler_job.py:189} INFO - Processing /home/airflow/.local/lib/python3.6/site-packages/airflow/example_dags/example_nested_branch_dag.py took 0.067 seconds
[2021-08-08 14:36:05,133] {scheduler_job.py:181} INFO - Started process (PID=996) to work on /home/airflow/.local/lib/python3.6/site-packages/airflow/example_dags/example_nested_branch_dag.py
[2021-08-08 14:36:05,134] {scheduler_job.py:632} INFO - Processing file /home/airflow/.local/lib/python3.6/site-packages/airflow/example_dags/example_nested_branch_dag.py for tasks to queue
[2021-08-08 14:36:05,136] {logging_mixin.py:104} INFO - [2021-08-08 14:36:05,136] {dagbag.py:496} INFO - Filling up the DagBag from /home/airflow/.local/lib/python3.6/site-packages/airflow/example_dags/example_nested_branch_dag.py
[2021-08-08 14:36:05,151] {scheduler_job.py:642} INFO - DAG(s) dict_keys(['example_nested_branch_dag']) retrieved from /home/airflow/.local/lib/python3.6/site-packages/airflow/example_dags/example_nested_branch_dag.py
[2021-08-08 14:36:05,173] {logging_mixin.py:104} INFO - [2021-08-08 14:36:05,172] {dag.py:1833} INFO - Sync 1 DAGs
[2021-08-08 14:36:05,187] {logging_mixin.py:104} INFO - [2021-08-08 14:36:05,187] {dag.py:2306} INFO - Setting next_dagrun for example_nested_branch_dag to 2021-08-06 00:00:00+00:00
[2021-08-08 14:36:05,195] {scheduler_job.py:189} INFO - Processing /home/airflow/.local/lib/python3.6/site-packages/airflow/example_dags/example_nested_branch_dag.py took 0.065 seconds
[2021-08-08 14:36:35,465] {scheduler_job.py:181} INFO - Started process (PID=1057) to work on /home/airflow/.local/lib/python3.6/site-packages/airflow/example_dags/example_nested_branch_dag.py
[2021-08-08 14:36:35,467] {scheduler_job.py:632} INFO - Processing file /home/airflow/.local/lib/python3.6/site-packages/airflow/example_dags/example_nested_branch_dag.py for tasks to queue
[2021-08-08 14:36:35,468] {logging_mixin.py:104} INFO - [2021-08-08 14:36:35,468] {dagbag.py:496} INFO - Filling up the DagBag from /home/airflow/.local/lib/python3.6/site-packages/airflow/example_dags/example_nested_branch_dag.py
[2021-08-08 14:36:35,481] {scheduler_job.py:642} INFO - DAG(s) dict_keys(['example_nested_branch_dag']) retrieved from /home/airflow/.local/lib/python3.6/site-packages/airflow/example_dags/example_nested_branch_dag.py
[2021-08-08 14:36:35,504] {logging_mixin.py:104} INFO - [2021-08-08 14:36:35,504] {dag.py:1833} INFO - Sync 1 DAGs
[2021-08-08 14:36:35,519] {logging_mixin.py:104} INFO - [2021-08-08 14:36:35,519] {dag.py:2306} INFO - Setting next_dagrun for example_nested_branch_dag to 2021-08-06 00:00:00+00:00
[2021-08-08 14:36:35,527] {scheduler_job.py:189} INFO - Processing /home/airflow/.local/lib/python3.6/site-packages/airflow/example_dags/example_nested_branch_dag.py took 0.066 seconds
[2021-08-08 14:37:05,895] {scheduler_job.py:181} INFO - Started process (PID=1118) to work on /home/airflow/.local/lib/python3.6/site-packages/airflow/example_dags/example_nested_branch_dag.py
[2021-08-08 14:37:05,896] {scheduler_job.py:632} INFO - Processing file /home/airflow/.local/lib/python3.6/site-packages/airflow/example_dags/example_nested_branch_dag.py for tasks to queue
[2021-08-08 14:37:05,897] {logging_mixin.py:104} INFO - [2021-08-08 14:37:05,897] {dagbag.py:496} INFO - Filling up the DagBag from /home/airflow/.local/lib/python3.6/site-packages/airflow/example_dags/example_nested_branch_dag.py
[2021-08-08 14:37:05,913] {scheduler_job.py:642} INFO - DAG(s) dict_keys(['example_nested_branch_dag']) retrieved from /home/airflow/.local/lib/python3.6/site-packages/airflow/example_dags/example_nested_branch_dag.py
[2021-08-08 14:37:05,933] {logging_mixin.py:104} INFO - [2021-08-08 14:37:05,933] {dag.py:1833} INFO - Sync 1 DAGs
[2021-08-08 14:37:05,948] {logging_mixin.py:104} INFO - [2021-08-08 14:37:05,948] {dag.py:2306} INFO - Setting next_dagrun for example_nested_branch_dag to 2021-08-06 00:00:00+00:00
[2021-08-08 14:37:05,957] {scheduler_job.py:189} INFO - Processing /home/airflow/.local/lib/python3.6/site-packages/airflow/example_dags/example_nested_branch_dag.py took 0.067 seconds
[2021-08-08 14:37:36,307] {scheduler_job.py:181} INFO - Started process (PID=1169) to work on /home/airflow/.local/lib/python3.6/site-packages/airflow/example_dags/example_nested_branch_dag.py
[2021-08-08 14:37:36,309] {scheduler_job.py:632} INFO - Processing file /home/airflow/.local/lib/python3.6/site-packages/airflow/example_dags/example_nested_branch_dag.py for tasks to queue
[2021-08-08 14:37:36,310] {logging_mixin.py:104} INFO - [2021-08-08 14:37:36,310] {dagbag.py:496} INFO - Filling up the DagBag from /home/airflow/.local/lib/python3.6/site-packages/airflow/example_dags/example_nested_branch_dag.py
[2021-08-08 14:37:36,323] {scheduler_job.py:642} INFO - DAG(s) dict_keys(['example_nested_branch_dag']) retrieved from /home/airflow/.local/lib/python3.6/site-packages/airflow/example_dags/example_nested_branch_dag.py
[2021-08-08 14:37:36,343] {logging_mixin.py:104} INFO - [2021-08-08 14:37:36,343] {dag.py:1833} INFO - Sync 1 DAGs
[2021-08-08 14:37:36,358] {logging_mixin.py:104} INFO - [2021-08-08 14:37:36,358] {dag.py:2306} INFO - Setting next_dagrun for example_nested_branch_dag to 2021-08-06 00:00:00+00:00
[2021-08-08 14:37:36,366] {scheduler_job.py:189} INFO - Processing /home/airflow/.local/lib/python3.6/site-packages/airflow/example_dags/example_nested_branch_dag.py took 0.062 seconds
[2021-08-08 14:38:06,707] {scheduler_job.py:181} INFO - Started process (PID=1230) to work on /home/airflow/.local/lib/python3.6/site-packages/airflow/example_dags/example_nested_branch_dag.py
[2021-08-08 14:38:06,709] {scheduler_job.py:632} INFO - Processing file /home/airflow/.local/lib/python3.6/site-packages/airflow/example_dags/example_nested_branch_dag.py for tasks to queue
[2021-08-08 14:38:06,710] {logging_mixin.py:104} INFO - [2021-08-08 14:38:06,710] {dagbag.py:496} INFO - Filling up the DagBag from /home/airflow/.local/lib/python3.6/site-packages/airflow/example_dags/example_nested_branch_dag.py
[2021-08-08 14:38:06,728] {scheduler_job.py:642} INFO - DAG(s) dict_keys(['example_nested_branch_dag']) retrieved from /home/airflow/.local/lib/python3.6/site-packages/airflow/example_dags/example_nested_branch_dag.py
[2021-08-08 14:38:06,746] {logging_mixin.py:104} INFO - [2021-08-08 14:38:06,746] {dag.py:1833} INFO - Sync 1 DAGs
[2021-08-08 14:38:06,761] {logging_mixin.py:104} INFO - [2021-08-08 14:38:06,761] {dag.py:2306} INFO - Setting next_dagrun for example_nested_branch_dag to 2021-08-06 00:00:00+00:00
[2021-08-08 14:38:06,769] {scheduler_job.py:189} INFO - Processing /home/airflow/.local/lib/python3.6/site-packages/airflow/example_dags/example_nested_branch_dag.py took 0.066 seconds
[2021-08-08 14:38:36,989] {scheduler_job.py:181} INFO - Started process (PID=1292) to work on /home/airflow/.local/lib/python3.6/site-packages/airflow/example_dags/example_nested_branch_dag.py
[2021-08-08 14:38:36,990] {scheduler_job.py:632} INFO - Processing file /home/airflow/.local/lib/python3.6/site-packages/airflow/example_dags/example_nested_branch_dag.py for tasks to queue
[2021-08-08 14:38:36,992] {logging_mixin.py:104} INFO - [2021-08-08 14:38:36,992] {dagbag.py:496} INFO - Filling up the DagBag from /home/airflow/.local/lib/python3.6/site-packages/airflow/example_dags/example_nested_branch_dag.py
[2021-08-08 14:38:37,011] {scheduler_job.py:642} INFO - DAG(s) dict_keys(['example_nested_branch_dag']) retrieved from /home/airflow/.local/lib/python3.6/site-packages/airflow/example_dags/example_nested_branch_dag.py
[2021-08-08 14:38:37,030] {logging_mixin.py:104} INFO - [2021-08-08 14:38:37,030] {dag.py:1833} INFO - Sync 1 DAGs
[2021-08-08 14:38:37,045] {logging_mixin.py:104} INFO - [2021-08-08 14:38:37,045] {dag.py:2306} INFO - Setting next_dagrun for example_nested_branch_dag to 2021-08-06 00:00:00+00:00
[2021-08-08 14:38:37,053] {scheduler_job.py:189} INFO - Processing /home/airflow/.local/lib/python3.6/site-packages/airflow/example_dags/example_nested_branch_dag.py took 0.068 seconds
[2021-08-08 14:39:07,424] {scheduler_job.py:181} INFO - Started process (PID=1344) to work on /home/airflow/.local/lib/python3.6/site-packages/airflow/example_dags/example_nested_branch_dag.py
[2021-08-08 14:39:07,425] {scheduler_job.py:632} INFO - Processing file /home/airflow/.local/lib/python3.6/site-packages/airflow/example_dags/example_nested_branch_dag.py for tasks to queue
[2021-08-08 14:39:07,426] {logging_mixin.py:104} INFO - [2021-08-08 14:39:07,426] {dagbag.py:496} INFO - Filling up the DagBag from /home/airflow/.local/lib/python3.6/site-packages/airflow/example_dags/example_nested_branch_dag.py
[2021-08-08 14:39:07,443] {scheduler_job.py:642} INFO - DAG(s) dict_keys(['example_nested_branch_dag']) retrieved from /home/airflow/.local/lib/python3.6/site-packages/airflow/example_dags/example_nested_branch_dag.py
[2021-08-08 14:39:07,463] {logging_mixin.py:104} INFO - [2021-08-08 14:39:07,463] {dag.py:1833} INFO - Sync 1 DAGs
[2021-08-08 14:39:07,479] {logging_mixin.py:104} INFO - [2021-08-08 14:39:07,479] {dag.py:2306} INFO - Setting next_dagrun for example_nested_branch_dag to 2021-08-06 00:00:00+00:00
[2021-08-08 14:39:07,487] {scheduler_job.py:189} INFO - Processing /home/airflow/.local/lib/python3.6/site-packages/airflow/example_dags/example_nested_branch_dag.py took 0.066 seconds
[2021-08-08 14:39:38,287] {scheduler_job.py:181} INFO - Started process (PID=1424) to work on /home/airflow/.local/lib/python3.6/site-packages/airflow/example_dags/example_nested_branch_dag.py
[2021-08-08 14:39:38,289] {scheduler_job.py:632} INFO - Processing file /home/airflow/.local/lib/python3.6/site-packages/airflow/example_dags/example_nested_branch_dag.py for tasks to queue
[2021-08-08 14:39:38,291] {logging_mixin.py:104} INFO - [2021-08-08 14:39:38,291] {dagbag.py:496} INFO - Filling up the DagBag from /home/airflow/.local/lib/python3.6/site-packages/airflow/example_dags/example_nested_branch_dag.py
[2021-08-08 14:39:38,312] {scheduler_job.py:642} INFO - DAG(s) dict_keys(['example_nested_branch_dag']) retrieved from /home/airflow/.local/lib/python3.6/site-packages/airflow/example_dags/example_nested_branch_dag.py
[2021-08-08 14:39:38,336] {logging_mixin.py:104} INFO - [2021-08-08 14:39:38,336] {dag.py:1833} INFO - Sync 1 DAGs
[2021-08-08 14:39:38,354] {logging_mixin.py:104} INFO - [2021-08-08 14:39:38,354] {dag.py:2306} INFO - Setting next_dagrun for example_nested_branch_dag to 2021-08-06 00:00:00+00:00
[2021-08-08 14:39:38,364] {scheduler_job.py:189} INFO - Processing /home/airflow/.local/lib/python3.6/site-packages/airflow/example_dags/example_nested_branch_dag.py took 0.081 seconds
[2021-08-08 14:40:08,841] {scheduler_job.py:181} INFO - Started process (PID=1485) to work on /home/airflow/.local/lib/python3.6/site-packages/airflow/example_dags/example_nested_branch_dag.py
[2021-08-08 14:40:08,843] {scheduler_job.py:632} INFO - Processing file /home/airflow/.local/lib/python3.6/site-packages/airflow/example_dags/example_nested_branch_dag.py for tasks to queue
[2021-08-08 14:40:08,844] {logging_mixin.py:104} INFO - [2021-08-08 14:40:08,844] {dagbag.py:496} INFO - Filling up the DagBag from /home/airflow/.local/lib/python3.6/site-packages/airflow/example_dags/example_nested_branch_dag.py
[2021-08-08 14:40:08,862] {scheduler_job.py:642} INFO - DAG(s) dict_keys(['example_nested_branch_dag']) retrieved from /home/airflow/.local/lib/python3.6/site-packages/airflow/example_dags/example_nested_branch_dag.py
[2021-08-08 14:40:08,881] {logging_mixin.py:104} INFO - [2021-08-08 14:40:08,881] {dag.py:1833} INFO - Sync 1 DAGs
[2021-08-08 14:40:08,898] {logging_mixin.py:104} INFO - [2021-08-08 14:40:08,898] {dag.py:2306} INFO - Setting next_dagrun for example_nested_branch_dag to 2021-08-06 00:00:00+00:00
[2021-08-08 14:40:08,907] {scheduler_job.py:189} INFO - Processing /home/airflow/.local/lib/python3.6/site-packages/airflow/example_dags/example_nested_branch_dag.py took 0.072 seconds
[2021-08-08 14:40:39,007] {scheduler_job.py:181} INFO - Started process (PID=1537) to work on /home/airflow/.local/lib/python3.6/site-packages/airflow/example_dags/example_nested_branch_dag.py
[2021-08-08 14:40:39,008] {scheduler_job.py:632} INFO - Processing file /home/airflow/.local/lib/python3.6/site-packages/airflow/example_dags/example_nested_branch_dag.py for tasks to queue
[2021-08-08 14:40:39,010] {logging_mixin.py:104} INFO - [2021-08-08 14:40:39,010] {dagbag.py:496} INFO - Filling up the DagBag from /home/airflow/.local/lib/python3.6/site-packages/airflow/example_dags/example_nested_branch_dag.py
[2021-08-08 14:40:39,028] {scheduler_job.py:642} INFO - DAG(s) dict_keys(['example_nested_branch_dag']) retrieved from /home/airflow/.local/lib/python3.6/site-packages/airflow/example_dags/example_nested_branch_dag.py
[2021-08-08 14:40:39,046] {logging_mixin.py:104} INFO - [2021-08-08 14:40:39,046] {dag.py:1833} INFO - Sync 1 DAGs
[2021-08-08 14:40:39,061] {logging_mixin.py:104} INFO - [2021-08-08 14:40:39,061] {dag.py:2306} INFO - Setting next_dagrun for example_nested_branch_dag to 2021-08-06 00:00:00+00:00
[2021-08-08 14:40:39,069] {scheduler_job.py:189} INFO - Processing /home/airflow/.local/lib/python3.6/site-packages/airflow/example_dags/example_nested_branch_dag.py took 0.066 seconds
[2021-08-08 14:41:09,489] {scheduler_job.py:181} INFO - Started process (PID=1598) to work on /home/airflow/.local/lib/python3.6/site-packages/airflow/example_dags/example_nested_branch_dag.py
[2021-08-08 14:41:09,491] {scheduler_job.py:632} INFO - Processing file /home/airflow/.local/lib/python3.6/site-packages/airflow/example_dags/example_nested_branch_dag.py for tasks to queue
[2021-08-08 14:41:09,493] {logging_mixin.py:104} INFO - [2021-08-08 14:41:09,493] {dagbag.py:496} INFO - Filling up the DagBag from /home/airflow/.local/lib/python3.6/site-packages/airflow/example_dags/example_nested_branch_dag.py
[2021-08-08 14:41:09,518] {scheduler_job.py:642} INFO - DAG(s) dict_keys(['example_nested_branch_dag']) retrieved from /home/airflow/.local/lib/python3.6/site-packages/airflow/example_dags/example_nested_branch_dag.py
[2021-08-08 14:41:09,546] {logging_mixin.py:104} INFO - [2021-08-08 14:41:09,546] {dag.py:1833} INFO - Sync 1 DAGs
[2021-08-08 14:41:09,567] {logging_mixin.py:104} INFO - [2021-08-08 14:41:09,567] {dag.py:2306} INFO - Setting next_dagrun for example_nested_branch_dag to 2021-08-06 00:00:00+00:00
[2021-08-08 14:41:09,577] {scheduler_job.py:189} INFO - Processing /home/airflow/.local/lib/python3.6/site-packages/airflow/example_dags/example_nested_branch_dag.py took 0.093 seconds
[2021-08-08 14:41:39,949] {scheduler_job.py:181} INFO - Started process (PID=1660) to work on /home/airflow/.local/lib/python3.6/site-packages/airflow/example_dags/example_nested_branch_dag.py
[2021-08-08 14:41:39,952] {scheduler_job.py:632} INFO - Processing file /home/airflow/.local/lib/python3.6/site-packages/airflow/example_dags/example_nested_branch_dag.py for tasks to queue
[2021-08-08 14:41:39,954] {logging_mixin.py:104} INFO - [2021-08-08 14:41:39,954] {dagbag.py:496} INFO - Filling up the DagBag from /home/airflow/.local/lib/python3.6/site-packages/airflow/example_dags/example_nested_branch_dag.py
[2021-08-08 14:41:39,980] {scheduler_job.py:642} INFO - DAG(s) dict_keys(['example_nested_branch_dag']) retrieved from /home/airflow/.local/lib/python3.6/site-packages/airflow/example_dags/example_nested_branch_dag.py
[2021-08-08 14:41:40,012] {logging_mixin.py:104} INFO - [2021-08-08 14:41:40,012] {dag.py:1833} INFO - Sync 1 DAGs
[2021-08-08 14:41:40,036] {logging_mixin.py:104} INFO - [2021-08-08 14:41:40,036] {dag.py:2306} INFO - Setting next_dagrun for example_nested_branch_dag to 2021-08-06 00:00:00+00:00
[2021-08-08 14:41:40,048] {scheduler_job.py:189} INFO - Processing /home/airflow/.local/lib/python3.6/site-packages/airflow/example_dags/example_nested_branch_dag.py took 0.103 seconds
[2021-08-08 14:42:10,717] {scheduler_job.py:181} INFO - Started process (PID=1711) to work on /home/airflow/.local/lib/python3.6/site-packages/airflow/example_dags/example_nested_branch_dag.py
[2021-08-08 14:42:10,731] {scheduler_job.py:632} INFO - Processing file /home/airflow/.local/lib/python3.6/site-packages/airflow/example_dags/example_nested_branch_dag.py for tasks to queue
[2021-08-08 14:42:10,736] {logging_mixin.py:104} INFO - [2021-08-08 14:42:10,736] {dagbag.py:496} INFO - Filling up the DagBag from /home/airflow/.local/lib/python3.6/site-packages/airflow/example_dags/example_nested_branch_dag.py
[2021-08-08 14:42:10,840] {scheduler_job.py:642} INFO - DAG(s) dict_keys(['example_nested_branch_dag']) retrieved from /home/airflow/.local/lib/python3.6/site-packages/airflow/example_dags/example_nested_branch_dag.py
[2021-08-08 14:42:10,972] {logging_mixin.py:104} INFO - [2021-08-08 14:42:10,970] {dag.py:1833} INFO - Sync 1 DAGs
[2021-08-08 14:42:11,067] {logging_mixin.py:104} INFO - [2021-08-08 14:42:11,067] {dag.py:2306} INFO - Setting next_dagrun for example_nested_branch_dag to 2021-08-06 00:00:00+00:00
[2021-08-08 14:42:11,138] {scheduler_job.py:189} INFO - Processing /home/airflow/.local/lib/python3.6/site-packages/airflow/example_dags/example_nested_branch_dag.py took 0.437 seconds
[2021-08-08 14:42:41,992] {scheduler_job.py:181} INFO - Started process (PID=1773) to work on /home/airflow/.local/lib/python3.6/site-packages/airflow/example_dags/example_nested_branch_dag.py
[2021-08-08 14:42:41,998] {scheduler_job.py:632} INFO - Processing file /home/airflow/.local/lib/python3.6/site-packages/airflow/example_dags/example_nested_branch_dag.py for tasks to queue
[2021-08-08 14:42:41,999] {logging_mixin.py:104} INFO - [2021-08-08 14:42:41,999] {dagbag.py:496} INFO - Filling up the DagBag from /home/airflow/.local/lib/python3.6/site-packages/airflow/example_dags/example_nested_branch_dag.py
[2021-08-08 14:42:42,014] {scheduler_job.py:642} INFO - DAG(s) dict_keys(['example_nested_branch_dag']) retrieved from /home/airflow/.local/lib/python3.6/site-packages/airflow/example_dags/example_nested_branch_dag.py
[2021-08-08 14:42:42,032] {logging_mixin.py:104} INFO - [2021-08-08 14:42:42,032] {dag.py:1833} INFO - Sync 1 DAGs
[2021-08-08 14:42:42,047] {logging_mixin.py:104} INFO - [2021-08-08 14:42:42,047] {dag.py:2306} INFO - Setting next_dagrun for example_nested_branch_dag to 2021-08-06 00:00:00+00:00
[2021-08-08 14:42:42,055] {scheduler_job.py:189} INFO - Processing /home/airflow/.local/lib/python3.6/site-packages/airflow/example_dags/example_nested_branch_dag.py took 0.067 seconds
[2021-08-08 14:43:12,477] {scheduler_job.py:181} INFO - Started process (PID=1835) to work on /home/airflow/.local/lib/python3.6/site-packages/airflow/example_dags/example_nested_branch_dag.py
[2021-08-08 14:43:12,479] {scheduler_job.py:632} INFO - Processing file /home/airflow/.local/lib/python3.6/site-packages/airflow/example_dags/example_nested_branch_dag.py for tasks to queue
[2021-08-08 14:43:12,480] {logging_mixin.py:104} INFO - [2021-08-08 14:43:12,480] {dagbag.py:496} INFO - Filling up the DagBag from /home/airflow/.local/lib/python3.6/site-packages/airflow/example_dags/example_nested_branch_dag.py
[2021-08-08 14:43:12,494] {scheduler_job.py:642} INFO - DAG(s) dict_keys(['example_nested_branch_dag']) retrieved from /home/airflow/.local/lib/python3.6/site-packages/airflow/example_dags/example_nested_branch_dag.py
[2021-08-08 14:43:12,513] {logging_mixin.py:104} INFO - [2021-08-08 14:43:12,513] {dag.py:1833} INFO - Sync 1 DAGs
[2021-08-08 14:43:12,530] {logging_mixin.py:104} INFO - [2021-08-08 14:43:12,529] {dag.py:2306} INFO - Setting next_dagrun for example_nested_branch_dag to 2021-08-06 00:00:00+00:00
[2021-08-08 14:43:12,538] {scheduler_job.py:189} INFO - Processing /home/airflow/.local/lib/python3.6/site-packages/airflow/example_dags/example_nested_branch_dag.py took 0.064 seconds
[2021-08-08 14:43:42,932] {scheduler_job.py:181} INFO - Started process (PID=1886) to work on /home/airflow/.local/lib/python3.6/site-packages/airflow/example_dags/example_nested_branch_dag.py
[2021-08-08 14:43:42,934] {scheduler_job.py:632} INFO - Processing file /home/airflow/.local/lib/python3.6/site-packages/airflow/example_dags/example_nested_branch_dag.py for tasks to queue
[2021-08-08 14:43:42,935] {logging_mixin.py:104} INFO - [2021-08-08 14:43:42,935] {dagbag.py:496} INFO - Filling up the DagBag from /home/airflow/.local/lib/python3.6/site-packages/airflow/example_dags/example_nested_branch_dag.py
[2021-08-08 14:43:42,952] {scheduler_job.py:642} INFO - DAG(s) dict_keys(['example_nested_branch_dag']) retrieved from /home/airflow/.local/lib/python3.6/site-packages/airflow/example_dags/example_nested_branch_dag.py
[2021-08-08 14:43:42,971] {logging_mixin.py:104} INFO - [2021-08-08 14:43:42,971] {dag.py:1833} INFO - Sync 1 DAGs
[2021-08-08 14:43:42,987] {logging_mixin.py:104} INFO - [2021-08-08 14:43:42,987] {dag.py:2306} INFO - Setting next_dagrun for example_nested_branch_dag to 2021-08-06 00:00:00+00:00
[2021-08-08 14:43:42,995] {scheduler_job.py:189} INFO - Processing /home/airflow/.local/lib/python3.6/site-packages/airflow/example_dags/example_nested_branch_dag.py took 0.067 seconds
[2021-08-08 14:44:13,109] {scheduler_job.py:181} INFO - Started process (PID=1947) to work on /home/airflow/.local/lib/python3.6/site-packages/airflow/example_dags/example_nested_branch_dag.py
[2021-08-08 14:44:13,111] {scheduler_job.py:632} INFO - Processing file /home/airflow/.local/lib/python3.6/site-packages/airflow/example_dags/example_nested_branch_dag.py for tasks to queue
[2021-08-08 14:44:13,112] {logging_mixin.py:104} INFO - [2021-08-08 14:44:13,112] {dagbag.py:496} INFO - Filling up the DagBag from /home/airflow/.local/lib/python3.6/site-packages/airflow/example_dags/example_nested_branch_dag.py
[2021-08-08 14:44:13,126] {scheduler_job.py:642} INFO - DAG(s) dict_keys(['example_nested_branch_dag']) retrieved from /home/airflow/.local/lib/python3.6/site-packages/airflow/example_dags/example_nested_branch_dag.py
[2021-08-08 14:44:13,146] {logging_mixin.py:104} INFO - [2021-08-08 14:44:13,146] {dag.py:1833} INFO - Sync 1 DAGs
[2021-08-08 14:44:13,163] {logging_mixin.py:104} INFO - [2021-08-08 14:44:13,163] {dag.py:2306} INFO - Setting next_dagrun for example_nested_branch_dag to 2021-08-06 00:00:00+00:00
[2021-08-08 14:44:13,174] {scheduler_job.py:189} INFO - Processing /home/airflow/.local/lib/python3.6/site-packages/airflow/example_dags/example_nested_branch_dag.py took 0.068 seconds
[2021-08-08 14:44:43,517] {scheduler_job.py:181} INFO - Started process (PID=2008) to work on /home/airflow/.local/lib/python3.6/site-packages/airflow/example_dags/example_nested_branch_dag.py
[2021-08-08 14:44:43,519] {scheduler_job.py:632} INFO - Processing file /home/airflow/.local/lib/python3.6/site-packages/airflow/example_dags/example_nested_branch_dag.py for tasks to queue
[2021-08-08 14:44:43,521] {logging_mixin.py:104} INFO - [2021-08-08 14:44:43,520] {dagbag.py:496} INFO - Filling up the DagBag from /home/airflow/.local/lib/python3.6/site-packages/airflow/example_dags/example_nested_branch_dag.py
[2021-08-08 14:44:43,539] {scheduler_job.py:642} INFO - DAG(s) dict_keys(['example_nested_branch_dag']) retrieved from /home/airflow/.local/lib/python3.6/site-packages/airflow/example_dags/example_nested_branch_dag.py
[2021-08-08 14:44:43,562] {logging_mixin.py:104} INFO - [2021-08-08 14:44:43,562] {dag.py:1833} INFO - Sync 1 DAGs
[2021-08-08 14:44:43,582] {logging_mixin.py:104} INFO - [2021-08-08 14:44:43,582] {dag.py:2306} INFO - Setting next_dagrun for example_nested_branch_dag to 2021-08-06 00:00:00+00:00
[2021-08-08 14:44:43,590] {scheduler_job.py:189} INFO - Processing /home/airflow/.local/lib/python3.6/site-packages/airflow/example_dags/example_nested_branch_dag.py took 0.078 seconds
[2021-08-08 14:45:13,752] {scheduler_job.py:181} INFO - Started process (PID=2059) to work on /home/airflow/.local/lib/python3.6/site-packages/airflow/example_dags/example_nested_branch_dag.py
[2021-08-08 14:45:13,754] {scheduler_job.py:632} INFO - Processing file /home/airflow/.local/lib/python3.6/site-packages/airflow/example_dags/example_nested_branch_dag.py for tasks to queue
[2021-08-08 14:45:13,755] {logging_mixin.py:104} INFO - [2021-08-08 14:45:13,754] {dagbag.py:496} INFO - Filling up the DagBag from /home/airflow/.local/lib/python3.6/site-packages/airflow/example_dags/example_nested_branch_dag.py
[2021-08-08 14:45:13,770] {scheduler_job.py:642} INFO - DAG(s) dict_keys(['example_nested_branch_dag']) retrieved from /home/airflow/.local/lib/python3.6/site-packages/airflow/example_dags/example_nested_branch_dag.py
[2021-08-08 14:45:13,788] {logging_mixin.py:104} INFO - [2021-08-08 14:45:13,788] {dag.py:1833} INFO - Sync 1 DAGs
[2021-08-08 14:45:13,804] {logging_mixin.py:104} INFO - [2021-08-08 14:45:13,804] {dag.py:2306} INFO - Setting next_dagrun for example_nested_branch_dag to 2021-08-06 00:00:00+00:00
[2021-08-08 14:45:13,812] {scheduler_job.py:189} INFO - Processing /home/airflow/.local/lib/python3.6/site-packages/airflow/example_dags/example_nested_branch_dag.py took 0.063 seconds
[2021-08-08 14:45:44,261] {scheduler_job.py:181} INFO - Started process (PID=2120) to work on /home/airflow/.local/lib/python3.6/site-packages/airflow/example_dags/example_nested_branch_dag.py
[2021-08-08 14:45:44,263] {scheduler_job.py:632} INFO - Processing file /home/airflow/.local/lib/python3.6/site-packages/airflow/example_dags/example_nested_branch_dag.py for tasks to queue
[2021-08-08 14:45:44,264] {logging_mixin.py:104} INFO - [2021-08-08 14:45:44,264] {dagbag.py:496} INFO - Filling up the DagBag from /home/airflow/.local/lib/python3.6/site-packages/airflow/example_dags/example_nested_branch_dag.py
[2021-08-08 14:45:44,278] {scheduler_job.py:642} INFO - DAG(s) dict_keys(['example_nested_branch_dag']) retrieved from /home/airflow/.local/lib/python3.6/site-packages/airflow/example_dags/example_nested_branch_dag.py
[2021-08-08 14:45:44,296] {logging_mixin.py:104} INFO - [2021-08-08 14:45:44,295] {dag.py:1833} INFO - Sync 1 DAGs
[2021-08-08 14:45:44,312] {logging_mixin.py:104} INFO - [2021-08-08 14:45:44,312] {dag.py:2306} INFO - Setting next_dagrun for example_nested_branch_dag to 2021-08-06 00:00:00+00:00
[2021-08-08 14:45:44,320] {scheduler_job.py:189} INFO - Processing /home/airflow/.local/lib/python3.6/site-packages/airflow/example_dags/example_nested_branch_dag.py took 0.062 seconds
[2021-08-08 14:46:14,653] {scheduler_job.py:181} INFO - Started process (PID=2185) to work on /home/airflow/.local/lib/python3.6/site-packages/airflow/example_dags/example_nested_branch_dag.py
[2021-08-08 14:46:14,655] {scheduler_job.py:632} INFO - Processing file /home/airflow/.local/lib/python3.6/site-packages/airflow/example_dags/example_nested_branch_dag.py for tasks to queue
[2021-08-08 14:46:14,656] {logging_mixin.py:104} INFO - [2021-08-08 14:46:14,656] {dagbag.py:496} INFO - Filling up the DagBag from /home/airflow/.local/lib/python3.6/site-packages/airflow/example_dags/example_nested_branch_dag.py
[2021-08-08 14:46:14,671] {scheduler_job.py:642} INFO - DAG(s) dict_keys(['example_nested_branch_dag']) retrieved from /home/airflow/.local/lib/python3.6/site-packages/airflow/example_dags/example_nested_branch_dag.py
[2021-08-08 14:46:14,690] {logging_mixin.py:104} INFO - [2021-08-08 14:46:14,690] {dag.py:1833} INFO - Sync 1 DAGs
[2021-08-08 14:46:14,710] {logging_mixin.py:104} INFO - [2021-08-08 14:46:14,710] {dag.py:2306} INFO - Setting next_dagrun for example_nested_branch_dag to 2021-08-06 00:00:00+00:00
[2021-08-08 14:46:14,719] {scheduler_job.py:189} INFO - Processing /home/airflow/.local/lib/python3.6/site-packages/airflow/example_dags/example_nested_branch_dag.py took 0.069 seconds
[2021-08-08 14:46:45,106] {scheduler_job.py:181} INFO - Started process (PID=2237) to work on /home/airflow/.local/lib/python3.6/site-packages/airflow/example_dags/example_nested_branch_dag.py
[2021-08-08 14:46:45,109] {scheduler_job.py:632} INFO - Processing file /home/airflow/.local/lib/python3.6/site-packages/airflow/example_dags/example_nested_branch_dag.py for tasks to queue
[2021-08-08 14:46:45,110] {logging_mixin.py:104} INFO - [2021-08-08 14:46:45,110] {dagbag.py:496} INFO - Filling up the DagBag from /home/airflow/.local/lib/python3.6/site-packages/airflow/example_dags/example_nested_branch_dag.py
[2021-08-08 14:46:45,124] {scheduler_job.py:642} INFO - DAG(s) dict_keys(['example_nested_branch_dag']) retrieved from /home/airflow/.local/lib/python3.6/site-packages/airflow/example_dags/example_nested_branch_dag.py
[2021-08-08 14:46:45,147] {logging_mixin.py:104} INFO - [2021-08-08 14:46:45,147] {dag.py:1833} INFO - Sync 1 DAGs
[2021-08-08 14:46:45,164] {logging_mixin.py:104} INFO - [2021-08-08 14:46:45,164] {dag.py:2306} INFO - Setting next_dagrun for example_nested_branch_dag to 2021-08-06 00:00:00+00:00
[2021-08-08 14:46:45,174] {scheduler_job.py:189} INFO - Processing /home/airflow/.local/lib/python3.6/site-packages/airflow/example_dags/example_nested_branch_dag.py took 0.071 seconds
[2021-08-08 14:47:15,572] {scheduler_job.py:181} INFO - Started process (PID=2298) to work on /home/airflow/.local/lib/python3.6/site-packages/airflow/example_dags/example_nested_branch_dag.py
[2021-08-08 14:47:15,574] {scheduler_job.py:632} INFO - Processing file /home/airflow/.local/lib/python3.6/site-packages/airflow/example_dags/example_nested_branch_dag.py for tasks to queue
[2021-08-08 14:47:15,576] {logging_mixin.py:104} INFO - [2021-08-08 14:47:15,576] {dagbag.py:496} INFO - Filling up the DagBag from /home/airflow/.local/lib/python3.6/site-packages/airflow/example_dags/example_nested_branch_dag.py
[2021-08-08 14:47:15,591] {scheduler_job.py:642} INFO - DAG(s) dict_keys(['example_nested_branch_dag']) retrieved from /home/airflow/.local/lib/python3.6/site-packages/airflow/example_dags/example_nested_branch_dag.py
[2021-08-08 14:47:15,611] {logging_mixin.py:104} INFO - [2021-08-08 14:47:15,611] {dag.py:1833} INFO - Sync 1 DAGs
[2021-08-08 14:47:15,627] {logging_mixin.py:104} INFO - [2021-08-08 14:47:15,627] {dag.py:2306} INFO - Setting next_dagrun for example_nested_branch_dag to 2021-08-06 00:00:00+00:00
[2021-08-08 14:47:15,635] {scheduler_job.py:189} INFO - Processing /home/airflow/.local/lib/python3.6/site-packages/airflow/example_dags/example_nested_branch_dag.py took 0.067 seconds
[2021-08-08 14:47:45,904] {scheduler_job.py:181} INFO - Started process (PID=2359) to work on /home/airflow/.local/lib/python3.6/site-packages/airflow/example_dags/example_nested_branch_dag.py
[2021-08-08 14:47:45,907] {scheduler_job.py:632} INFO - Processing file /home/airflow/.local/lib/python3.6/site-packages/airflow/example_dags/example_nested_branch_dag.py for tasks to queue
[2021-08-08 14:47:45,908] {logging_mixin.py:104} INFO - [2021-08-08 14:47:45,908] {dagbag.py:496} INFO - Filling up the DagBag from /home/airflow/.local/lib/python3.6/site-packages/airflow/example_dags/example_nested_branch_dag.py
[2021-08-08 14:47:45,922] {scheduler_job.py:642} INFO - DAG(s) dict_keys(['example_nested_branch_dag']) retrieved from /home/airflow/.local/lib/python3.6/site-packages/airflow/example_dags/example_nested_branch_dag.py
[2021-08-08 14:47:45,943] {logging_mixin.py:104} INFO - [2021-08-08 14:47:45,943] {dag.py:1833} INFO - Sync 1 DAGs
[2021-08-08 14:47:45,961] {logging_mixin.py:104} INFO - [2021-08-08 14:47:45,960] {dag.py:2306} INFO - Setting next_dagrun for example_nested_branch_dag to 2021-08-06 00:00:00+00:00
[2021-08-08 14:47:45,969] {scheduler_job.py:189} INFO - Processing /home/airflow/.local/lib/python3.6/site-packages/airflow/example_dags/example_nested_branch_dag.py took 0.069 seconds
