[2021-08-08 14:30:25,584] {scheduler_job.py:181} INFO - Started process (PID=167) to work on /home/airflow/.local/lib/python3.6/site-packages/airflow/example_dags/example_branch_day_of_week_operator.py
[2021-08-08 14:30:25,586] {scheduler_job.py:632} INFO - Processing file /home/airflow/.local/lib/python3.6/site-packages/airflow/example_dags/example_branch_day_of_week_operator.py for tasks to queue
[2021-08-08 14:30:25,587] {logging_mixin.py:104} INFO - [2021-08-08 14:30:25,587] {dagbag.py:496} INFO - Filling up the DagBag from /home/airflow/.local/lib/python3.6/site-packages/airflow/example_dags/example_branch_day_of_week_operator.py
[2021-08-08 14:30:25,600] {scheduler_job.py:642} INFO - DAG(s) dict_keys(['example_weekday_branch_operator']) retrieved from /home/airflow/.local/lib/python3.6/site-packages/airflow/example_dags/example_branch_day_of_week_operator.py
[2021-08-08 14:30:27,392] {logging_mixin.py:104} INFO - [2021-08-08 14:30:27,391] {dag.py:1833} INFO - Sync 1 DAGs
[2021-08-08 14:30:27,400] {logging_mixin.py:104} INFO - [2021-08-08 14:30:27,399] {dag.py:1852} INFO - Creating ORM DAG for example_weekday_branch_operator
[2021-08-08 14:30:27,406] {logging_mixin.py:104} INFO - [2021-08-08 14:30:27,406] {dag.py:2306} INFO - Setting next_dagrun for example_weekday_branch_operator to 2021-08-06 00:00:00+00:00
[2021-08-08 14:30:27,415] {scheduler_job.py:189} INFO - Processing /home/airflow/.local/lib/python3.6/site-packages/airflow/example_dags/example_branch_day_of_week_operator.py took 1.834 seconds
[2021-08-08 14:30:58,152] {scheduler_job.py:181} INFO - Started process (PID=409) to work on /home/airflow/.local/lib/python3.6/site-packages/airflow/example_dags/example_branch_day_of_week_operator.py
[2021-08-08 14:30:58,155] {scheduler_job.py:632} INFO - Processing file /home/airflow/.local/lib/python3.6/site-packages/airflow/example_dags/example_branch_day_of_week_operator.py for tasks to queue
[2021-08-08 14:30:58,156] {logging_mixin.py:104} INFO - [2021-08-08 14:30:58,156] {dagbag.py:496} INFO - Filling up the DagBag from /home/airflow/.local/lib/python3.6/site-packages/airflow/example_dags/example_branch_day_of_week_operator.py
[2021-08-08 14:30:58,177] {scheduler_job.py:642} INFO - DAG(s) dict_keys(['example_weekday_branch_operator']) retrieved from /home/airflow/.local/lib/python3.6/site-packages/airflow/example_dags/example_branch_day_of_week_operator.py
[2021-08-08 14:30:58,196] {logging_mixin.py:104} INFO - [2021-08-08 14:30:58,196] {dag.py:1833} INFO - Sync 1 DAGs
[2021-08-08 14:30:58,211] {logging_mixin.py:104} INFO - [2021-08-08 14:30:58,211] {dag.py:2306} INFO - Setting next_dagrun for example_weekday_branch_operator to 2021-08-06 00:00:00+00:00
[2021-08-08 14:30:58,219] {scheduler_job.py:189} INFO - Processing /home/airflow/.local/lib/python3.6/site-packages/airflow/example_dags/example_branch_day_of_week_operator.py took 0.071 seconds
[2021-08-08 14:31:28,595] {scheduler_job.py:181} INFO - Started process (PID=470) to work on /home/airflow/.local/lib/python3.6/site-packages/airflow/example_dags/example_branch_day_of_week_operator.py
[2021-08-08 14:31:28,598] {scheduler_job.py:632} INFO - Processing file /home/airflow/.local/lib/python3.6/site-packages/airflow/example_dags/example_branch_day_of_week_operator.py for tasks to queue
[2021-08-08 14:31:28,599] {logging_mixin.py:104} INFO - [2021-08-08 14:31:28,599] {dagbag.py:496} INFO - Filling up the DagBag from /home/airflow/.local/lib/python3.6/site-packages/airflow/example_dags/example_branch_day_of_week_operator.py
[2021-08-08 14:31:28,610] {scheduler_job.py:642} INFO - DAG(s) dict_keys(['example_weekday_branch_operator']) retrieved from /home/airflow/.local/lib/python3.6/site-packages/airflow/example_dags/example_branch_day_of_week_operator.py
[2021-08-08 14:31:28,635] {logging_mixin.py:104} INFO - [2021-08-08 14:31:28,635] {dag.py:1833} INFO - Sync 1 DAGs
[2021-08-08 14:31:28,651] {logging_mixin.py:104} INFO - [2021-08-08 14:31:28,651] {dag.py:2306} INFO - Setting next_dagrun for example_weekday_branch_operator to 2021-08-06 00:00:00+00:00
[2021-08-08 14:31:28,661] {scheduler_job.py:189} INFO - Processing /home/airflow/.local/lib/python3.6/site-packages/airflow/example_dags/example_branch_day_of_week_operator.py took 0.069 seconds
[2021-08-08 14:31:58,944] {scheduler_job.py:181} INFO - Started process (PID=532) to work on /home/airflow/.local/lib/python3.6/site-packages/airflow/example_dags/example_branch_day_of_week_operator.py
[2021-08-08 14:31:58,946] {scheduler_job.py:632} INFO - Processing file /home/airflow/.local/lib/python3.6/site-packages/airflow/example_dags/example_branch_day_of_week_operator.py for tasks to queue
[2021-08-08 14:31:58,947] {logging_mixin.py:104} INFO - [2021-08-08 14:31:58,947] {dagbag.py:496} INFO - Filling up the DagBag from /home/airflow/.local/lib/python3.6/site-packages/airflow/example_dags/example_branch_day_of_week_operator.py
[2021-08-08 14:31:58,958] {scheduler_job.py:642} INFO - DAG(s) dict_keys(['example_weekday_branch_operator']) retrieved from /home/airflow/.local/lib/python3.6/site-packages/airflow/example_dags/example_branch_day_of_week_operator.py
[2021-08-08 14:31:58,979] {logging_mixin.py:104} INFO - [2021-08-08 14:31:58,979] {dag.py:1833} INFO - Sync 1 DAGs
[2021-08-08 14:31:58,995] {logging_mixin.py:104} INFO - [2021-08-08 14:31:58,995] {dag.py:2306} INFO - Setting next_dagrun for example_weekday_branch_operator to 2021-08-06 00:00:00+00:00
[2021-08-08 14:31:59,004] {scheduler_job.py:189} INFO - Processing /home/airflow/.local/lib/python3.6/site-packages/airflow/example_dags/example_branch_day_of_week_operator.py took 0.063 seconds
[2021-08-08 14:32:29,328] {scheduler_job.py:181} INFO - Started process (PID=584) to work on /home/airflow/.local/lib/python3.6/site-packages/airflow/example_dags/example_branch_day_of_week_operator.py
[2021-08-08 14:32:29,330] {scheduler_job.py:632} INFO - Processing file /home/airflow/.local/lib/python3.6/site-packages/airflow/example_dags/example_branch_day_of_week_operator.py for tasks to queue
[2021-08-08 14:32:29,331] {logging_mixin.py:104} INFO - [2021-08-08 14:32:29,331] {dagbag.py:496} INFO - Filling up the DagBag from /home/airflow/.local/lib/python3.6/site-packages/airflow/example_dags/example_branch_day_of_week_operator.py
[2021-08-08 14:32:29,343] {scheduler_job.py:642} INFO - DAG(s) dict_keys(['example_weekday_branch_operator']) retrieved from /home/airflow/.local/lib/python3.6/site-packages/airflow/example_dags/example_branch_day_of_week_operator.py
[2021-08-08 14:32:29,362] {logging_mixin.py:104} INFO - [2021-08-08 14:32:29,362] {dag.py:1833} INFO - Sync 1 DAGs
[2021-08-08 14:32:29,378] {logging_mixin.py:104} INFO - [2021-08-08 14:32:29,378] {dag.py:2306} INFO - Setting next_dagrun for example_weekday_branch_operator to 2021-08-06 00:00:00+00:00
[2021-08-08 14:32:29,386] {scheduler_job.py:189} INFO - Processing /home/airflow/.local/lib/python3.6/site-packages/airflow/example_dags/example_branch_day_of_week_operator.py took 0.061 seconds
[2021-08-08 14:32:59,600] {scheduler_job.py:181} INFO - Started process (PID=645) to work on /home/airflow/.local/lib/python3.6/site-packages/airflow/example_dags/example_branch_day_of_week_operator.py
[2021-08-08 14:32:59,602] {scheduler_job.py:632} INFO - Processing file /home/airflow/.local/lib/python3.6/site-packages/airflow/example_dags/example_branch_day_of_week_operator.py for tasks to queue
[2021-08-08 14:32:59,603] {logging_mixin.py:104} INFO - [2021-08-08 14:32:59,603] {dagbag.py:496} INFO - Filling up the DagBag from /home/airflow/.local/lib/python3.6/site-packages/airflow/example_dags/example_branch_day_of_week_operator.py
[2021-08-08 14:32:59,614] {scheduler_job.py:642} INFO - DAG(s) dict_keys(['example_weekday_branch_operator']) retrieved from /home/airflow/.local/lib/python3.6/site-packages/airflow/example_dags/example_branch_day_of_week_operator.py
[2021-08-08 14:32:59,632] {logging_mixin.py:104} INFO - [2021-08-08 14:32:59,632] {dag.py:1833} INFO - Sync 1 DAGs
[2021-08-08 14:32:59,648] {logging_mixin.py:104} INFO - [2021-08-08 14:32:59,648] {dag.py:2306} INFO - Setting next_dagrun for example_weekday_branch_operator to 2021-08-06 00:00:00+00:00
[2021-08-08 14:32:59,657] {scheduler_job.py:189} INFO - Processing /home/airflow/.local/lib/python3.6/site-packages/airflow/example_dags/example_branch_day_of_week_operator.py took 0.060 seconds
[2021-08-08 14:33:30,057] {scheduler_job.py:181} INFO - Started process (PID=706) to work on /home/airflow/.local/lib/python3.6/site-packages/airflow/example_dags/example_branch_day_of_week_operator.py
[2021-08-08 14:33:30,059] {scheduler_job.py:632} INFO - Processing file /home/airflow/.local/lib/python3.6/site-packages/airflow/example_dags/example_branch_day_of_week_operator.py for tasks to queue
[2021-08-08 14:33:30,060] {logging_mixin.py:104} INFO - [2021-08-08 14:33:30,060] {dagbag.py:496} INFO - Filling up the DagBag from /home/airflow/.local/lib/python3.6/site-packages/airflow/example_dags/example_branch_day_of_week_operator.py
[2021-08-08 14:33:30,073] {scheduler_job.py:642} INFO - DAG(s) dict_keys(['example_weekday_branch_operator']) retrieved from /home/airflow/.local/lib/python3.6/site-packages/airflow/example_dags/example_branch_day_of_week_operator.py
[2021-08-08 14:33:30,092] {logging_mixin.py:104} INFO - [2021-08-08 14:33:30,092] {dag.py:1833} INFO - Sync 1 DAGs
[2021-08-08 14:33:30,108] {logging_mixin.py:104} INFO - [2021-08-08 14:33:30,108] {dag.py:2306} INFO - Setting next_dagrun for example_weekday_branch_operator to 2021-08-06 00:00:00+00:00
[2021-08-08 14:33:30,119] {scheduler_job.py:189} INFO - Processing /home/airflow/.local/lib/python3.6/site-packages/airflow/example_dags/example_branch_day_of_week_operator.py took 0.066 seconds
[2021-08-08 14:34:00,578] {scheduler_job.py:181} INFO - Started process (PID=757) to work on /home/airflow/.local/lib/python3.6/site-packages/airflow/example_dags/example_branch_day_of_week_operator.py
[2021-08-08 14:34:00,580] {scheduler_job.py:632} INFO - Processing file /home/airflow/.local/lib/python3.6/site-packages/airflow/example_dags/example_branch_day_of_week_operator.py for tasks to queue
[2021-08-08 14:34:00,581] {logging_mixin.py:104} INFO - [2021-08-08 14:34:00,581] {dagbag.py:496} INFO - Filling up the DagBag from /home/airflow/.local/lib/python3.6/site-packages/airflow/example_dags/example_branch_day_of_week_operator.py
[2021-08-08 14:34:00,594] {scheduler_job.py:642} INFO - DAG(s) dict_keys(['example_weekday_branch_operator']) retrieved from /home/airflow/.local/lib/python3.6/site-packages/airflow/example_dags/example_branch_day_of_week_operator.py
[2021-08-08 14:34:00,614] {logging_mixin.py:104} INFO - [2021-08-08 14:34:00,614] {dag.py:1833} INFO - Sync 1 DAGs
[2021-08-08 14:34:00,630] {logging_mixin.py:104} INFO - [2021-08-08 14:34:00,630] {dag.py:2306} INFO - Setting next_dagrun for example_weekday_branch_operator to 2021-08-06 00:00:00+00:00
[2021-08-08 14:34:00,640] {scheduler_job.py:189} INFO - Processing /home/airflow/.local/lib/python3.6/site-packages/airflow/example_dags/example_branch_day_of_week_operator.py took 0.066 seconds
[2021-08-08 14:34:30,927] {scheduler_job.py:181} INFO - Started process (PID=819) to work on /home/airflow/.local/lib/python3.6/site-packages/airflow/example_dags/example_branch_day_of_week_operator.py
[2021-08-08 14:34:30,929] {scheduler_job.py:632} INFO - Processing file /home/airflow/.local/lib/python3.6/site-packages/airflow/example_dags/example_branch_day_of_week_operator.py for tasks to queue
[2021-08-08 14:34:30,931] {logging_mixin.py:104} INFO - [2021-08-08 14:34:30,930] {dagbag.py:496} INFO - Filling up the DagBag from /home/airflow/.local/lib/python3.6/site-packages/airflow/example_dags/example_branch_day_of_week_operator.py
[2021-08-08 14:34:30,944] {scheduler_job.py:642} INFO - DAG(s) dict_keys(['example_weekday_branch_operator']) retrieved from /home/airflow/.local/lib/python3.6/site-packages/airflow/example_dags/example_branch_day_of_week_operator.py
[2021-08-08 14:34:30,964] {logging_mixin.py:104} INFO - [2021-08-08 14:34:30,963] {dag.py:1833} INFO - Sync 1 DAGs
[2021-08-08 14:34:30,980] {logging_mixin.py:104} INFO - [2021-08-08 14:34:30,979] {dag.py:2306} INFO - Setting next_dagrun for example_weekday_branch_operator to 2021-08-06 00:00:00+00:00
[2021-08-08 14:34:30,990] {scheduler_job.py:189} INFO - Processing /home/airflow/.local/lib/python3.6/site-packages/airflow/example_dags/example_branch_day_of_week_operator.py took 0.066 seconds
[2021-08-08 14:35:01,305] {scheduler_job.py:181} INFO - Started process (PID=880) to work on /home/airflow/.local/lib/python3.6/site-packages/airflow/example_dags/example_branch_day_of_week_operator.py
[2021-08-08 14:35:01,307] {scheduler_job.py:632} INFO - Processing file /home/airflow/.local/lib/python3.6/site-packages/airflow/example_dags/example_branch_day_of_week_operator.py for tasks to queue
[2021-08-08 14:35:01,308] {logging_mixin.py:104} INFO - [2021-08-08 14:35:01,308] {dagbag.py:496} INFO - Filling up the DagBag from /home/airflow/.local/lib/python3.6/site-packages/airflow/example_dags/example_branch_day_of_week_operator.py
[2021-08-08 14:35:01,319] {scheduler_job.py:642} INFO - DAG(s) dict_keys(['example_weekday_branch_operator']) retrieved from /home/airflow/.local/lib/python3.6/site-packages/airflow/example_dags/example_branch_day_of_week_operator.py
[2021-08-08 14:35:01,340] {logging_mixin.py:104} INFO - [2021-08-08 14:35:01,340] {dag.py:1833} INFO - Sync 1 DAGs
[2021-08-08 14:35:01,359] {logging_mixin.py:104} INFO - [2021-08-08 14:35:01,358] {dag.py:2306} INFO - Setting next_dagrun for example_weekday_branch_operator to 2021-08-06 00:00:00+00:00
[2021-08-08 14:35:01,372] {scheduler_job.py:189} INFO - Processing /home/airflow/.local/lib/python3.6/site-packages/airflow/example_dags/example_branch_day_of_week_operator.py took 0.072 seconds
[2021-08-08 14:35:31,731] {scheduler_job.py:181} INFO - Started process (PID=931) to work on /home/airflow/.local/lib/python3.6/site-packages/airflow/example_dags/example_branch_day_of_week_operator.py
[2021-08-08 14:35:31,732] {scheduler_job.py:632} INFO - Processing file /home/airflow/.local/lib/python3.6/site-packages/airflow/example_dags/example_branch_day_of_week_operator.py for tasks to queue
[2021-08-08 14:35:31,733] {logging_mixin.py:104} INFO - [2021-08-08 14:35:31,733] {dagbag.py:496} INFO - Filling up the DagBag from /home/airflow/.local/lib/python3.6/site-packages/airflow/example_dags/example_branch_day_of_week_operator.py
[2021-08-08 14:35:31,745] {scheduler_job.py:642} INFO - DAG(s) dict_keys(['example_weekday_branch_operator']) retrieved from /home/airflow/.local/lib/python3.6/site-packages/airflow/example_dags/example_branch_day_of_week_operator.py
[2021-08-08 14:35:31,764] {logging_mixin.py:104} INFO - [2021-08-08 14:35:31,764] {dag.py:1833} INFO - Sync 1 DAGs
[2021-08-08 14:35:31,782] {logging_mixin.py:104} INFO - [2021-08-08 14:35:31,782] {dag.py:2306} INFO - Setting next_dagrun for example_weekday_branch_operator to 2021-08-06 00:00:00+00:00
[2021-08-08 14:35:31,790] {scheduler_job.py:189} INFO - Processing /home/airflow/.local/lib/python3.6/site-packages/airflow/example_dags/example_branch_day_of_week_operator.py took 0.064 seconds
[2021-08-08 14:36:01,916] {scheduler_job.py:181} INFO - Started process (PID=992) to work on /home/airflow/.local/lib/python3.6/site-packages/airflow/example_dags/example_branch_day_of_week_operator.py
[2021-08-08 14:36:01,918] {scheduler_job.py:632} INFO - Processing file /home/airflow/.local/lib/python3.6/site-packages/airflow/example_dags/example_branch_day_of_week_operator.py for tasks to queue
[2021-08-08 14:36:01,919] {logging_mixin.py:104} INFO - [2021-08-08 14:36:01,919] {dagbag.py:496} INFO - Filling up the DagBag from /home/airflow/.local/lib/python3.6/site-packages/airflow/example_dags/example_branch_day_of_week_operator.py
[2021-08-08 14:36:01,932] {scheduler_job.py:642} INFO - DAG(s) dict_keys(['example_weekday_branch_operator']) retrieved from /home/airflow/.local/lib/python3.6/site-packages/airflow/example_dags/example_branch_day_of_week_operator.py
[2021-08-08 14:36:01,955] {logging_mixin.py:104} INFO - [2021-08-08 14:36:01,955] {dag.py:1833} INFO - Sync 1 DAGs
[2021-08-08 14:36:01,977] {logging_mixin.py:104} INFO - [2021-08-08 14:36:01,977] {dag.py:2306} INFO - Setting next_dagrun for example_weekday_branch_operator to 2021-08-06 00:00:00+00:00
[2021-08-08 14:36:01,986] {scheduler_job.py:189} INFO - Processing /home/airflow/.local/lib/python3.6/site-packages/airflow/example_dags/example_branch_day_of_week_operator.py took 0.073 seconds
[2021-08-08 14:36:32,271] {scheduler_job.py:181} INFO - Started process (PID=1053) to work on /home/airflow/.local/lib/python3.6/site-packages/airflow/example_dags/example_branch_day_of_week_operator.py
[2021-08-08 14:36:32,273] {scheduler_job.py:632} INFO - Processing file /home/airflow/.local/lib/python3.6/site-packages/airflow/example_dags/example_branch_day_of_week_operator.py for tasks to queue
[2021-08-08 14:36:32,274] {logging_mixin.py:104} INFO - [2021-08-08 14:36:32,274] {dagbag.py:496} INFO - Filling up the DagBag from /home/airflow/.local/lib/python3.6/site-packages/airflow/example_dags/example_branch_day_of_week_operator.py
[2021-08-08 14:36:32,288] {scheduler_job.py:642} INFO - DAG(s) dict_keys(['example_weekday_branch_operator']) retrieved from /home/airflow/.local/lib/python3.6/site-packages/airflow/example_dags/example_branch_day_of_week_operator.py
[2021-08-08 14:36:32,309] {logging_mixin.py:104} INFO - [2021-08-08 14:36:32,309] {dag.py:1833} INFO - Sync 1 DAGs
[2021-08-08 14:36:32,327] {logging_mixin.py:104} INFO - [2021-08-08 14:36:32,326] {dag.py:2306} INFO - Setting next_dagrun for example_weekday_branch_operator to 2021-08-06 00:00:00+00:00
[2021-08-08 14:36:32,335] {scheduler_job.py:189} INFO - Processing /home/airflow/.local/lib/python3.6/site-packages/airflow/example_dags/example_branch_day_of_week_operator.py took 0.068 seconds
[2021-08-08 14:37:02,709] {scheduler_job.py:181} INFO - Started process (PID=1104) to work on /home/airflow/.local/lib/python3.6/site-packages/airflow/example_dags/example_branch_day_of_week_operator.py
[2021-08-08 14:37:02,711] {scheduler_job.py:632} INFO - Processing file /home/airflow/.local/lib/python3.6/site-packages/airflow/example_dags/example_branch_day_of_week_operator.py for tasks to queue
[2021-08-08 14:37:02,712] {logging_mixin.py:104} INFO - [2021-08-08 14:37:02,712] {dagbag.py:496} INFO - Filling up the DagBag from /home/airflow/.local/lib/python3.6/site-packages/airflow/example_dags/example_branch_day_of_week_operator.py
[2021-08-08 14:37:02,727] {scheduler_job.py:642} INFO - DAG(s) dict_keys(['example_weekday_branch_operator']) retrieved from /home/airflow/.local/lib/python3.6/site-packages/airflow/example_dags/example_branch_day_of_week_operator.py
[2021-08-08 14:37:02,747] {logging_mixin.py:104} INFO - [2021-08-08 14:37:02,747] {dag.py:1833} INFO - Sync 1 DAGs
[2021-08-08 14:37:02,765] {logging_mixin.py:104} INFO - [2021-08-08 14:37:02,765] {dag.py:2306} INFO - Setting next_dagrun for example_weekday_branch_operator to 2021-08-06 00:00:00+00:00
[2021-08-08 14:37:02,773] {scheduler_job.py:189} INFO - Processing /home/airflow/.local/lib/python3.6/site-packages/airflow/example_dags/example_branch_day_of_week_operator.py took 0.068 seconds
[2021-08-08 14:37:33,115] {scheduler_job.py:181} INFO - Started process (PID=1165) to work on /home/airflow/.local/lib/python3.6/site-packages/airflow/example_dags/example_branch_day_of_week_operator.py
[2021-08-08 14:37:33,118] {scheduler_job.py:632} INFO - Processing file /home/airflow/.local/lib/python3.6/site-packages/airflow/example_dags/example_branch_day_of_week_operator.py for tasks to queue
[2021-08-08 14:37:33,119] {logging_mixin.py:104} INFO - [2021-08-08 14:37:33,119] {dagbag.py:496} INFO - Filling up the DagBag from /home/airflow/.local/lib/python3.6/site-packages/airflow/example_dags/example_branch_day_of_week_operator.py
[2021-08-08 14:37:33,130] {scheduler_job.py:642} INFO - DAG(s) dict_keys(['example_weekday_branch_operator']) retrieved from /home/airflow/.local/lib/python3.6/site-packages/airflow/example_dags/example_branch_day_of_week_operator.py
[2021-08-08 14:37:33,152] {logging_mixin.py:104} INFO - [2021-08-08 14:37:33,152] {dag.py:1833} INFO - Sync 1 DAGs
[2021-08-08 14:37:33,168] {logging_mixin.py:104} INFO - [2021-08-08 14:37:33,168] {dag.py:2306} INFO - Setting next_dagrun for example_weekday_branch_operator to 2021-08-06 00:00:00+00:00
[2021-08-08 14:37:33,176] {scheduler_job.py:189} INFO - Processing /home/airflow/.local/lib/python3.6/site-packages/airflow/example_dags/example_branch_day_of_week_operator.py took 0.064 seconds
[2021-08-08 14:38:03,512] {scheduler_job.py:181} INFO - Started process (PID=1226) to work on /home/airflow/.local/lib/python3.6/site-packages/airflow/example_dags/example_branch_day_of_week_operator.py
[2021-08-08 14:38:03,514] {scheduler_job.py:632} INFO - Processing file /home/airflow/.local/lib/python3.6/site-packages/airflow/example_dags/example_branch_day_of_week_operator.py for tasks to queue
[2021-08-08 14:38:03,515] {logging_mixin.py:104} INFO - [2021-08-08 14:38:03,515] {dagbag.py:496} INFO - Filling up the DagBag from /home/airflow/.local/lib/python3.6/site-packages/airflow/example_dags/example_branch_day_of_week_operator.py
[2021-08-08 14:38:03,527] {scheduler_job.py:642} INFO - DAG(s) dict_keys(['example_weekday_branch_operator']) retrieved from /home/airflow/.local/lib/python3.6/site-packages/airflow/example_dags/example_branch_day_of_week_operator.py
[2021-08-08 14:38:03,548] {logging_mixin.py:104} INFO - [2021-08-08 14:38:03,548] {dag.py:1833} INFO - Sync 1 DAGs
[2021-08-08 14:38:03,564] {logging_mixin.py:104} INFO - [2021-08-08 14:38:03,564] {dag.py:2306} INFO - Setting next_dagrun for example_weekday_branch_operator to 2021-08-06 00:00:00+00:00
[2021-08-08 14:38:03,573] {scheduler_job.py:189} INFO - Processing /home/airflow/.local/lib/python3.6/site-packages/airflow/example_dags/example_branch_day_of_week_operator.py took 0.064 seconds
[2021-08-08 14:38:33,880] {scheduler_job.py:181} INFO - Started process (PID=1288) to work on /home/airflow/.local/lib/python3.6/site-packages/airflow/example_dags/example_branch_day_of_week_operator.py
[2021-08-08 14:38:33,889] {scheduler_job.py:632} INFO - Processing file /home/airflow/.local/lib/python3.6/site-packages/airflow/example_dags/example_branch_day_of_week_operator.py for tasks to queue
[2021-08-08 14:38:33,891] {logging_mixin.py:104} INFO - [2021-08-08 14:38:33,890] {dagbag.py:496} INFO - Filling up the DagBag from /home/airflow/.local/lib/python3.6/site-packages/airflow/example_dags/example_branch_day_of_week_operator.py
[2021-08-08 14:38:33,904] {scheduler_job.py:642} INFO - DAG(s) dict_keys(['example_weekday_branch_operator']) retrieved from /home/airflow/.local/lib/python3.6/site-packages/airflow/example_dags/example_branch_day_of_week_operator.py
[2021-08-08 14:38:33,927] {logging_mixin.py:104} INFO - [2021-08-08 14:38:33,927] {dag.py:1833} INFO - Sync 1 DAGs
[2021-08-08 14:38:33,951] {logging_mixin.py:104} INFO - [2021-08-08 14:38:33,951] {dag.py:2306} INFO - Setting next_dagrun for example_weekday_branch_operator to 2021-08-06 00:00:00+00:00
[2021-08-08 14:38:33,960] {scheduler_job.py:189} INFO - Processing /home/airflow/.local/lib/python3.6/site-packages/airflow/example_dags/example_branch_day_of_week_operator.py took 0.085 seconds
[2021-08-08 14:39:04,215] {scheduler_job.py:181} INFO - Started process (PID=1340) to work on /home/airflow/.local/lib/python3.6/site-packages/airflow/example_dags/example_branch_day_of_week_operator.py
[2021-08-08 14:39:04,217] {scheduler_job.py:632} INFO - Processing file /home/airflow/.local/lib/python3.6/site-packages/airflow/example_dags/example_branch_day_of_week_operator.py for tasks to queue
[2021-08-08 14:39:04,218] {logging_mixin.py:104} INFO - [2021-08-08 14:39:04,218] {dagbag.py:496} INFO - Filling up the DagBag from /home/airflow/.local/lib/python3.6/site-packages/airflow/example_dags/example_branch_day_of_week_operator.py
[2021-08-08 14:39:04,232] {scheduler_job.py:642} INFO - DAG(s) dict_keys(['example_weekday_branch_operator']) retrieved from /home/airflow/.local/lib/python3.6/site-packages/airflow/example_dags/example_branch_day_of_week_operator.py
[2021-08-08 14:39:04,255] {logging_mixin.py:104} INFO - [2021-08-08 14:39:04,255] {dag.py:1833} INFO - Sync 1 DAGs
[2021-08-08 14:39:04,271] {logging_mixin.py:104} INFO - [2021-08-08 14:39:04,271] {dag.py:2306} INFO - Setting next_dagrun for example_weekday_branch_operator to 2021-08-06 00:00:00+00:00
[2021-08-08 14:39:04,281] {scheduler_job.py:189} INFO - Processing /home/airflow/.local/lib/python3.6/site-packages/airflow/example_dags/example_branch_day_of_week_operator.py took 0.070 seconds
[2021-08-08 14:39:34,964] {scheduler_job.py:181} INFO - Started process (PID=1416) to work on /home/airflow/.local/lib/python3.6/site-packages/airflow/example_dags/example_branch_day_of_week_operator.py
[2021-08-08 14:39:34,969] {scheduler_job.py:632} INFO - Processing file /home/airflow/.local/lib/python3.6/site-packages/airflow/example_dags/example_branch_day_of_week_operator.py for tasks to queue
[2021-08-08 14:39:34,972] {logging_mixin.py:104} INFO - [2021-08-08 14:39:34,971] {dagbag.py:496} INFO - Filling up the DagBag from /home/airflow/.local/lib/python3.6/site-packages/airflow/example_dags/example_branch_day_of_week_operator.py
[2021-08-08 14:39:35,000] {scheduler_job.py:642} INFO - DAG(s) dict_keys(['example_weekday_branch_operator']) retrieved from /home/airflow/.local/lib/python3.6/site-packages/airflow/example_dags/example_branch_day_of_week_operator.py
[2021-08-08 14:39:35,054] {logging_mixin.py:104} INFO - [2021-08-08 14:39:35,054] {dag.py:1833} INFO - Sync 1 DAGs
[2021-08-08 14:39:35,088] {logging_mixin.py:104} INFO - [2021-08-08 14:39:35,088] {dag.py:2306} INFO - Setting next_dagrun for example_weekday_branch_operator to 2021-08-06 00:00:00+00:00
[2021-08-08 14:39:35,102] {scheduler_job.py:189} INFO - Processing /home/airflow/.local/lib/python3.6/site-packages/airflow/example_dags/example_branch_day_of_week_operator.py took 0.148 seconds
[2021-08-08 14:40:05,605] {scheduler_job.py:181} INFO - Started process (PID=1471) to work on /home/airflow/.local/lib/python3.6/site-packages/airflow/example_dags/example_branch_day_of_week_operator.py
[2021-08-08 14:40:05,607] {scheduler_job.py:632} INFO - Processing file /home/airflow/.local/lib/python3.6/site-packages/airflow/example_dags/example_branch_day_of_week_operator.py for tasks to queue
[2021-08-08 14:40:05,608] {logging_mixin.py:104} INFO - [2021-08-08 14:40:05,608] {dagbag.py:496} INFO - Filling up the DagBag from /home/airflow/.local/lib/python3.6/site-packages/airflow/example_dags/example_branch_day_of_week_operator.py
[2021-08-08 14:40:05,631] {scheduler_job.py:642} INFO - DAG(s) dict_keys(['example_weekday_branch_operator']) retrieved from /home/airflow/.local/lib/python3.6/site-packages/airflow/example_dags/example_branch_day_of_week_operator.py
[2021-08-08 14:40:05,660] {logging_mixin.py:104} INFO - [2021-08-08 14:40:05,660] {dag.py:1833} INFO - Sync 1 DAGs
[2021-08-08 14:40:05,683] {logging_mixin.py:104} INFO - [2021-08-08 14:40:05,683] {dag.py:2306} INFO - Setting next_dagrun for example_weekday_branch_operator to 2021-08-06 00:00:00+00:00
[2021-08-08 14:40:05,697] {scheduler_job.py:189} INFO - Processing /home/airflow/.local/lib/python3.6/site-packages/airflow/example_dags/example_branch_day_of_week_operator.py took 0.096 seconds
[2021-08-08 14:40:35,803] {scheduler_job.py:181} INFO - Started process (PID=1533) to work on /home/airflow/.local/lib/python3.6/site-packages/airflow/example_dags/example_branch_day_of_week_operator.py
[2021-08-08 14:40:35,805] {scheduler_job.py:632} INFO - Processing file /home/airflow/.local/lib/python3.6/site-packages/airflow/example_dags/example_branch_day_of_week_operator.py for tasks to queue
[2021-08-08 14:40:35,806] {logging_mixin.py:104} INFO - [2021-08-08 14:40:35,806] {dagbag.py:496} INFO - Filling up the DagBag from /home/airflow/.local/lib/python3.6/site-packages/airflow/example_dags/example_branch_day_of_week_operator.py
[2021-08-08 14:40:35,821] {scheduler_job.py:642} INFO - DAG(s) dict_keys(['example_weekday_branch_operator']) retrieved from /home/airflow/.local/lib/python3.6/site-packages/airflow/example_dags/example_branch_day_of_week_operator.py
[2021-08-08 14:40:35,842] {logging_mixin.py:104} INFO - [2021-08-08 14:40:35,842] {dag.py:1833} INFO - Sync 1 DAGs
[2021-08-08 14:40:35,857] {logging_mixin.py:104} INFO - [2021-08-08 14:40:35,857] {dag.py:2306} INFO - Setting next_dagrun for example_weekday_branch_operator to 2021-08-06 00:00:00+00:00
[2021-08-08 14:40:35,867] {scheduler_job.py:189} INFO - Processing /home/airflow/.local/lib/python3.6/site-packages/airflow/example_dags/example_branch_day_of_week_operator.py took 0.068 seconds
[2021-08-08 14:41:06,278] {scheduler_job.py:181} INFO - Started process (PID=1594) to work on /home/airflow/.local/lib/python3.6/site-packages/airflow/example_dags/example_branch_day_of_week_operator.py
[2021-08-08 14:41:06,280] {scheduler_job.py:632} INFO - Processing file /home/airflow/.local/lib/python3.6/site-packages/airflow/example_dags/example_branch_day_of_week_operator.py for tasks to queue
[2021-08-08 14:41:06,281] {logging_mixin.py:104} INFO - [2021-08-08 14:41:06,281] {dagbag.py:496} INFO - Filling up the DagBag from /home/airflow/.local/lib/python3.6/site-packages/airflow/example_dags/example_branch_day_of_week_operator.py
[2021-08-08 14:41:06,297] {scheduler_job.py:642} INFO - DAG(s) dict_keys(['example_weekday_branch_operator']) retrieved from /home/airflow/.local/lib/python3.6/site-packages/airflow/example_dags/example_branch_day_of_week_operator.py
[2021-08-08 14:41:06,316] {logging_mixin.py:104} INFO - [2021-08-08 14:41:06,316] {dag.py:1833} INFO - Sync 1 DAGs
[2021-08-08 14:41:06,331] {logging_mixin.py:104} INFO - [2021-08-08 14:41:06,331] {dag.py:2306} INFO - Setting next_dagrun for example_weekday_branch_operator to 2021-08-06 00:00:00+00:00
[2021-08-08 14:41:06,340] {scheduler_job.py:189} INFO - Processing /home/airflow/.local/lib/python3.6/site-packages/airflow/example_dags/example_branch_day_of_week_operator.py took 0.066 seconds
[2021-08-08 14:41:36,750] {scheduler_job.py:181} INFO - Started process (PID=1655) to work on /home/airflow/.local/lib/python3.6/site-packages/airflow/example_dags/example_branch_day_of_week_operator.py
[2021-08-08 14:41:36,753] {scheduler_job.py:632} INFO - Processing file /home/airflow/.local/lib/python3.6/site-packages/airflow/example_dags/example_branch_day_of_week_operator.py for tasks to queue
[2021-08-08 14:41:36,754] {logging_mixin.py:104} INFO - [2021-08-08 14:41:36,754] {dagbag.py:496} INFO - Filling up the DagBag from /home/airflow/.local/lib/python3.6/site-packages/airflow/example_dags/example_branch_day_of_week_operator.py
[2021-08-08 14:41:36,768] {scheduler_job.py:642} INFO - DAG(s) dict_keys(['example_weekday_branch_operator']) retrieved from /home/airflow/.local/lib/python3.6/site-packages/airflow/example_dags/example_branch_day_of_week_operator.py
[2021-08-08 14:41:36,789] {logging_mixin.py:104} INFO - [2021-08-08 14:41:36,789] {dag.py:1833} INFO - Sync 1 DAGs
[2021-08-08 14:41:36,805] {logging_mixin.py:104} INFO - [2021-08-08 14:41:36,805] {dag.py:2306} INFO - Setting next_dagrun for example_weekday_branch_operator to 2021-08-06 00:00:00+00:00
[2021-08-08 14:41:36,814] {scheduler_job.py:189} INFO - Processing /home/airflow/.local/lib/python3.6/site-packages/airflow/example_dags/example_branch_day_of_week_operator.py took 0.068 seconds
[2021-08-08 14:42:07,290] {scheduler_job.py:181} INFO - Started process (PID=1707) to work on /home/airflow/.local/lib/python3.6/site-packages/airflow/example_dags/example_branch_day_of_week_operator.py
[2021-08-08 14:42:07,295] {scheduler_job.py:632} INFO - Processing file /home/airflow/.local/lib/python3.6/site-packages/airflow/example_dags/example_branch_day_of_week_operator.py for tasks to queue
[2021-08-08 14:42:07,297] {logging_mixin.py:104} INFO - [2021-08-08 14:42:07,296] {dagbag.py:496} INFO - Filling up the DagBag from /home/airflow/.local/lib/python3.6/site-packages/airflow/example_dags/example_branch_day_of_week_operator.py
[2021-08-08 14:42:07,321] {scheduler_job.py:642} INFO - DAG(s) dict_keys(['example_weekday_branch_operator']) retrieved from /home/airflow/.local/lib/python3.6/site-packages/airflow/example_dags/example_branch_day_of_week_operator.py
[2021-08-08 14:42:07,358] {logging_mixin.py:104} INFO - [2021-08-08 14:42:07,358] {dag.py:1833} INFO - Sync 1 DAGs
[2021-08-08 14:42:07,389] {logging_mixin.py:104} INFO - [2021-08-08 14:42:07,388] {dag.py:2306} INFO - Setting next_dagrun for example_weekday_branch_operator to 2021-08-06 00:00:00+00:00
[2021-08-08 14:42:07,409] {scheduler_job.py:189} INFO - Processing /home/airflow/.local/lib/python3.6/site-packages/airflow/example_dags/example_branch_day_of_week_operator.py took 0.124 seconds
[2021-08-08 14:42:37,785] {scheduler_job.py:181} INFO - Started process (PID=1769) to work on /home/airflow/.local/lib/python3.6/site-packages/airflow/example_dags/example_branch_day_of_week_operator.py
[2021-08-08 14:42:37,792] {scheduler_job.py:632} INFO - Processing file /home/airflow/.local/lib/python3.6/site-packages/airflow/example_dags/example_branch_day_of_week_operator.py for tasks to queue
[2021-08-08 14:42:37,794] {logging_mixin.py:104} INFO - [2021-08-08 14:42:37,793] {dagbag.py:496} INFO - Filling up the DagBag from /home/airflow/.local/lib/python3.6/site-packages/airflow/example_dags/example_branch_day_of_week_operator.py
[2021-08-08 14:42:37,807] {scheduler_job.py:642} INFO - DAG(s) dict_keys(['example_weekday_branch_operator']) retrieved from /home/airflow/.local/lib/python3.6/site-packages/airflow/example_dags/example_branch_day_of_week_operator.py
[2021-08-08 14:42:37,827] {logging_mixin.py:104} INFO - [2021-08-08 14:42:37,827] {dag.py:1833} INFO - Sync 1 DAGs
[2021-08-08 14:42:37,844] {logging_mixin.py:104} INFO - [2021-08-08 14:42:37,844] {dag.py:2306} INFO - Setting next_dagrun for example_weekday_branch_operator to 2021-08-06 00:00:00+00:00
[2021-08-08 14:42:37,853] {scheduler_job.py:189} INFO - Processing /home/airflow/.local/lib/python3.6/site-packages/airflow/example_dags/example_branch_day_of_week_operator.py took 0.072 seconds
[2021-08-08 14:43:08,267] {scheduler_job.py:181} INFO - Started process (PID=1821) to work on /home/airflow/.local/lib/python3.6/site-packages/airflow/example_dags/example_branch_day_of_week_operator.py
[2021-08-08 14:43:08,269] {scheduler_job.py:632} INFO - Processing file /home/airflow/.local/lib/python3.6/site-packages/airflow/example_dags/example_branch_day_of_week_operator.py for tasks to queue
[2021-08-08 14:43:08,271] {logging_mixin.py:104} INFO - [2021-08-08 14:43:08,271] {dagbag.py:496} INFO - Filling up the DagBag from /home/airflow/.local/lib/python3.6/site-packages/airflow/example_dags/example_branch_day_of_week_operator.py
[2021-08-08 14:43:08,284] {scheduler_job.py:642} INFO - DAG(s) dict_keys(['example_weekday_branch_operator']) retrieved from /home/airflow/.local/lib/python3.6/site-packages/airflow/example_dags/example_branch_day_of_week_operator.py
[2021-08-08 14:43:08,304] {logging_mixin.py:104} INFO - [2021-08-08 14:43:08,304] {dag.py:1833} INFO - Sync 1 DAGs
[2021-08-08 14:43:08,320] {logging_mixin.py:104} INFO - [2021-08-08 14:43:08,320] {dag.py:2306} INFO - Setting next_dagrun for example_weekday_branch_operator to 2021-08-06 00:00:00+00:00
[2021-08-08 14:43:08,329] {scheduler_job.py:189} INFO - Processing /home/airflow/.local/lib/python3.6/site-packages/airflow/example_dags/example_branch_day_of_week_operator.py took 0.065 seconds
[2021-08-08 14:43:38,733] {scheduler_job.py:181} INFO - Started process (PID=1882) to work on /home/airflow/.local/lib/python3.6/site-packages/airflow/example_dags/example_branch_day_of_week_operator.py
[2021-08-08 14:43:38,735] {scheduler_job.py:632} INFO - Processing file /home/airflow/.local/lib/python3.6/site-packages/airflow/example_dags/example_branch_day_of_week_operator.py for tasks to queue
[2021-08-08 14:43:38,736] {logging_mixin.py:104} INFO - [2021-08-08 14:43:38,736] {dagbag.py:496} INFO - Filling up the DagBag from /home/airflow/.local/lib/python3.6/site-packages/airflow/example_dags/example_branch_day_of_week_operator.py
[2021-08-08 14:43:38,750] {scheduler_job.py:642} INFO - DAG(s) dict_keys(['example_weekday_branch_operator']) retrieved from /home/airflow/.local/lib/python3.6/site-packages/airflow/example_dags/example_branch_day_of_week_operator.py
[2021-08-08 14:43:38,771] {logging_mixin.py:104} INFO - [2021-08-08 14:43:38,771] {dag.py:1833} INFO - Sync 1 DAGs
[2021-08-08 14:43:38,787] {logging_mixin.py:104} INFO - [2021-08-08 14:43:38,787] {dag.py:2306} INFO - Setting next_dagrun for example_weekday_branch_operator to 2021-08-06 00:00:00+00:00
[2021-08-08 14:43:38,800] {scheduler_job.py:189} INFO - Processing /home/airflow/.local/lib/python3.6/site-packages/airflow/example_dags/example_branch_day_of_week_operator.py took 0.070 seconds
[2021-08-08 14:44:08,915] {scheduler_job.py:181} INFO - Started process (PID=1943) to work on /home/airflow/.local/lib/python3.6/site-packages/airflow/example_dags/example_branch_day_of_week_operator.py
[2021-08-08 14:44:08,917] {scheduler_job.py:632} INFO - Processing file /home/airflow/.local/lib/python3.6/site-packages/airflow/example_dags/example_branch_day_of_week_operator.py for tasks to queue
[2021-08-08 14:44:08,919] {logging_mixin.py:104} INFO - [2021-08-08 14:44:08,919] {dagbag.py:496} INFO - Filling up the DagBag from /home/airflow/.local/lib/python3.6/site-packages/airflow/example_dags/example_branch_day_of_week_operator.py
[2021-08-08 14:44:08,934] {scheduler_job.py:642} INFO - DAG(s) dict_keys(['example_weekday_branch_operator']) retrieved from /home/airflow/.local/lib/python3.6/site-packages/airflow/example_dags/example_branch_day_of_week_operator.py
[2021-08-08 14:44:08,955] {logging_mixin.py:104} INFO - [2021-08-08 14:44:08,955] {dag.py:1833} INFO - Sync 1 DAGs
[2021-08-08 14:44:08,973] {logging_mixin.py:104} INFO - [2021-08-08 14:44:08,973] {dag.py:2306} INFO - Setting next_dagrun for example_weekday_branch_operator to 2021-08-06 00:00:00+00:00
[2021-08-08 14:44:08,982] {scheduler_job.py:189} INFO - Processing /home/airflow/.local/lib/python3.6/site-packages/airflow/example_dags/example_branch_day_of_week_operator.py took 0.070 seconds
[2021-08-08 14:44:39,309] {scheduler_job.py:181} INFO - Started process (PID=1994) to work on /home/airflow/.local/lib/python3.6/site-packages/airflow/example_dags/example_branch_day_of_week_operator.py
[2021-08-08 14:44:39,312] {scheduler_job.py:632} INFO - Processing file /home/airflow/.local/lib/python3.6/site-packages/airflow/example_dags/example_branch_day_of_week_operator.py for tasks to queue
[2021-08-08 14:44:39,313] {logging_mixin.py:104} INFO - [2021-08-08 14:44:39,313] {dagbag.py:496} INFO - Filling up the DagBag from /home/airflow/.local/lib/python3.6/site-packages/airflow/example_dags/example_branch_day_of_week_operator.py
[2021-08-08 14:44:39,328] {scheduler_job.py:642} INFO - DAG(s) dict_keys(['example_weekday_branch_operator']) retrieved from /home/airflow/.local/lib/python3.6/site-packages/airflow/example_dags/example_branch_day_of_week_operator.py
[2021-08-08 14:44:39,355] {logging_mixin.py:104} INFO - [2021-08-08 14:44:39,354] {dag.py:1833} INFO - Sync 1 DAGs
[2021-08-08 14:44:39,372] {logging_mixin.py:104} INFO - [2021-08-08 14:44:39,372] {dag.py:2306} INFO - Setting next_dagrun for example_weekday_branch_operator to 2021-08-06 00:00:00+00:00
[2021-08-08 14:44:39,382] {scheduler_job.py:189} INFO - Processing /home/airflow/.local/lib/python3.6/site-packages/airflow/example_dags/example_branch_day_of_week_operator.py took 0.077 seconds
[2021-08-08 14:45:09,537] {scheduler_job.py:181} INFO - Started process (PID=2055) to work on /home/airflow/.local/lib/python3.6/site-packages/airflow/example_dags/example_branch_day_of_week_operator.py
[2021-08-08 14:45:09,539] {scheduler_job.py:632} INFO - Processing file /home/airflow/.local/lib/python3.6/site-packages/airflow/example_dags/example_branch_day_of_week_operator.py for tasks to queue
[2021-08-08 14:45:09,540] {logging_mixin.py:104} INFO - [2021-08-08 14:45:09,539] {dagbag.py:496} INFO - Filling up the DagBag from /home/airflow/.local/lib/python3.6/site-packages/airflow/example_dags/example_branch_day_of_week_operator.py
[2021-08-08 14:45:09,552] {scheduler_job.py:642} INFO - DAG(s) dict_keys(['example_weekday_branch_operator']) retrieved from /home/airflow/.local/lib/python3.6/site-packages/airflow/example_dags/example_branch_day_of_week_operator.py
[2021-08-08 14:45:09,571] {logging_mixin.py:104} INFO - [2021-08-08 14:45:09,571] {dag.py:1833} INFO - Sync 1 DAGs
[2021-08-08 14:45:09,588] {logging_mixin.py:104} INFO - [2021-08-08 14:45:09,588] {dag.py:2306} INFO - Setting next_dagrun for example_weekday_branch_operator to 2021-08-06 00:00:00+00:00
[2021-08-08 14:45:09,596] {scheduler_job.py:189} INFO - Processing /home/airflow/.local/lib/python3.6/site-packages/airflow/example_dags/example_branch_day_of_week_operator.py took 0.062 seconds
[2021-08-08 14:45:40,034] {scheduler_job.py:181} INFO - Started process (PID=2116) to work on /home/airflow/.local/lib/python3.6/site-packages/airflow/example_dags/example_branch_day_of_week_operator.py
[2021-08-08 14:45:40,037] {scheduler_job.py:632} INFO - Processing file /home/airflow/.local/lib/python3.6/site-packages/airflow/example_dags/example_branch_day_of_week_operator.py for tasks to queue
[2021-08-08 14:45:40,040] {logging_mixin.py:104} INFO - [2021-08-08 14:45:40,040] {dagbag.py:496} INFO - Filling up the DagBag from /home/airflow/.local/lib/python3.6/site-packages/airflow/example_dags/example_branch_day_of_week_operator.py
[2021-08-08 14:45:40,056] {scheduler_job.py:642} INFO - DAG(s) dict_keys(['example_weekday_branch_operator']) retrieved from /home/airflow/.local/lib/python3.6/site-packages/airflow/example_dags/example_branch_day_of_week_operator.py
[2021-08-08 14:45:40,078] {logging_mixin.py:104} INFO - [2021-08-08 14:45:40,078] {dag.py:1833} INFO - Sync 1 DAGs
[2021-08-08 14:45:40,094] {logging_mixin.py:104} INFO - [2021-08-08 14:45:40,094] {dag.py:2306} INFO - Setting next_dagrun for example_weekday_branch_operator to 2021-08-06 00:00:00+00:00
[2021-08-08 14:45:40,108] {scheduler_job.py:189} INFO - Processing /home/airflow/.local/lib/python3.6/site-packages/airflow/example_dags/example_branch_day_of_week_operator.py took 0.077 seconds
[2021-08-08 14:46:10,459] {scheduler_job.py:181} INFO - Started process (PID=2170) to work on /home/airflow/.local/lib/python3.6/site-packages/airflow/example_dags/example_branch_day_of_week_operator.py
[2021-08-08 14:46:10,461] {scheduler_job.py:632} INFO - Processing file /home/airflow/.local/lib/python3.6/site-packages/airflow/example_dags/example_branch_day_of_week_operator.py for tasks to queue
[2021-08-08 14:46:10,462] {logging_mixin.py:104} INFO - [2021-08-08 14:46:10,461] {dagbag.py:496} INFO - Filling up the DagBag from /home/airflow/.local/lib/python3.6/site-packages/airflow/example_dags/example_branch_day_of_week_operator.py
[2021-08-08 14:46:10,474] {scheduler_job.py:642} INFO - DAG(s) dict_keys(['example_weekday_branch_operator']) retrieved from /home/airflow/.local/lib/python3.6/site-packages/airflow/example_dags/example_branch_day_of_week_operator.py
[2021-08-08 14:46:10,494] {logging_mixin.py:104} INFO - [2021-08-08 14:46:10,494] {dag.py:1833} INFO - Sync 1 DAGs
[2021-08-08 14:46:10,513] {logging_mixin.py:104} INFO - [2021-08-08 14:46:10,513] {dag.py:2306} INFO - Setting next_dagrun for example_weekday_branch_operator to 2021-08-06 00:00:00+00:00
[2021-08-08 14:46:10,522] {scheduler_job.py:189} INFO - Processing /home/airflow/.local/lib/python3.6/site-packages/airflow/example_dags/example_branch_day_of_week_operator.py took 0.067 seconds
[2021-08-08 14:46:40,902] {scheduler_job.py:181} INFO - Started process (PID=2233) to work on /home/airflow/.local/lib/python3.6/site-packages/airflow/example_dags/example_branch_day_of_week_operator.py
[2021-08-08 14:46:40,904] {scheduler_job.py:632} INFO - Processing file /home/airflow/.local/lib/python3.6/site-packages/airflow/example_dags/example_branch_day_of_week_operator.py for tasks to queue
[2021-08-08 14:46:40,906] {logging_mixin.py:104} INFO - [2021-08-08 14:46:40,905] {dagbag.py:496} INFO - Filling up the DagBag from /home/airflow/.local/lib/python3.6/site-packages/airflow/example_dags/example_branch_day_of_week_operator.py
[2021-08-08 14:46:40,918] {scheduler_job.py:642} INFO - DAG(s) dict_keys(['example_weekday_branch_operator']) retrieved from /home/airflow/.local/lib/python3.6/site-packages/airflow/example_dags/example_branch_day_of_week_operator.py
[2021-08-08 14:46:40,938] {logging_mixin.py:104} INFO - [2021-08-08 14:46:40,938] {dag.py:1833} INFO - Sync 1 DAGs
[2021-08-08 14:46:40,955] {logging_mixin.py:104} INFO - [2021-08-08 14:46:40,955] {dag.py:2306} INFO - Setting next_dagrun for example_weekday_branch_operator to 2021-08-06 00:00:00+00:00
[2021-08-08 14:46:40,964] {scheduler_job.py:189} INFO - Processing /home/airflow/.local/lib/python3.6/site-packages/airflow/example_dags/example_branch_day_of_week_operator.py took 0.065 seconds
[2021-08-08 14:47:11,183] {scheduler_job.py:181} INFO - Started process (PID=2291) to work on /home/airflow/.local/lib/python3.6/site-packages/airflow/example_dags/example_branch_day_of_week_operator.py
[2021-08-08 14:47:11,184] {scheduler_job.py:632} INFO - Processing file /home/airflow/.local/lib/python3.6/site-packages/airflow/example_dags/example_branch_day_of_week_operator.py for tasks to queue
[2021-08-08 14:47:11,185] {logging_mixin.py:104} INFO - [2021-08-08 14:47:11,185] {dagbag.py:496} INFO - Filling up the DagBag from /home/airflow/.local/lib/python3.6/site-packages/airflow/example_dags/example_branch_day_of_week_operator.py
[2021-08-08 14:47:11,199] {scheduler_job.py:642} INFO - DAG(s) dict_keys(['example_weekday_branch_operator']) retrieved from /home/airflow/.local/lib/python3.6/site-packages/airflow/example_dags/example_branch_day_of_week_operator.py
[2021-08-08 14:47:11,221] {logging_mixin.py:104} INFO - [2021-08-08 14:47:11,221] {dag.py:1833} INFO - Sync 1 DAGs
[2021-08-08 14:47:11,253] {logging_mixin.py:104} INFO - [2021-08-08 14:47:11,253] {dag.py:2306} INFO - Setting next_dagrun for example_weekday_branch_operator to 2021-08-06 00:00:00+00:00
[2021-08-08 14:47:11,275] {scheduler_job.py:189} INFO - Processing /home/airflow/.local/lib/python3.6/site-packages/airflow/example_dags/example_branch_day_of_week_operator.py took 0.096 seconds
[2021-08-08 14:47:41,643] {scheduler_job.py:181} INFO - Started process (PID=2346) to work on /home/airflow/.local/lib/python3.6/site-packages/airflow/example_dags/example_branch_day_of_week_operator.py
[2021-08-08 14:47:41,649] {scheduler_job.py:632} INFO - Processing file /home/airflow/.local/lib/python3.6/site-packages/airflow/example_dags/example_branch_day_of_week_operator.py for tasks to queue
[2021-08-08 14:47:41,652] {logging_mixin.py:104} INFO - [2021-08-08 14:47:41,652] {dagbag.py:496} INFO - Filling up the DagBag from /home/airflow/.local/lib/python3.6/site-packages/airflow/example_dags/example_branch_day_of_week_operator.py
[2021-08-08 14:47:41,675] {scheduler_job.py:642} INFO - DAG(s) dict_keys(['example_weekday_branch_operator']) retrieved from /home/airflow/.local/lib/python3.6/site-packages/airflow/example_dags/example_branch_day_of_week_operator.py
[2021-08-08 14:47:41,725] {logging_mixin.py:104} INFO - [2021-08-08 14:47:41,724] {dag.py:1833} INFO - Sync 1 DAGs
[2021-08-08 14:47:41,748] {logging_mixin.py:104} INFO - [2021-08-08 14:47:41,748] {dag.py:2306} INFO - Setting next_dagrun for example_weekday_branch_operator to 2021-08-06 00:00:00+00:00
[2021-08-08 14:47:41,758] {scheduler_job.py:189} INFO - Processing /home/airflow/.local/lib/python3.6/site-packages/airflow/example_dags/example_branch_day_of_week_operator.py took 0.120 seconds
