[2021-08-08 14:30:40,754] {scheduler_job.py:181} INFO - Started process (PID=365) to work on /home/airflow/.local/lib/python3.6/site-packages/airflow/example_dags/example_branch_labels.py
[2021-08-08 14:30:40,756] {scheduler_job.py:632} INFO - Processing file /home/airflow/.local/lib/python3.6/site-packages/airflow/example_dags/example_branch_labels.py for tasks to queue
[2021-08-08 14:30:40,757] {logging_mixin.py:104} INFO - [2021-08-08 14:30:40,756] {dagbag.py:496} INFO - Filling up the DagBag from /home/airflow/.local/lib/python3.6/site-packages/airflow/example_dags/example_branch_labels.py
[2021-08-08 14:30:40,769] {scheduler_job.py:642} INFO - DAG(s) dict_keys(['example_branch_labels']) retrieved from /home/airflow/.local/lib/python3.6/site-packages/airflow/example_dags/example_branch_labels.py
[2021-08-08 14:30:42,581] {logging_mixin.py:104} INFO - [2021-08-08 14:30:42,580] {dag.py:1833} INFO - Sync 1 DAGs
[2021-08-08 14:30:42,589] {logging_mixin.py:104} INFO - [2021-08-08 14:30:42,588] {dag.py:1852} INFO - Creating ORM DAG for example_branch_labels
[2021-08-08 14:30:42,596] {logging_mixin.py:104} INFO - [2021-08-08 14:30:42,596] {dag.py:2306} INFO - Setting next_dagrun for example_branch_labels to 2021-08-06 00:00:00+00:00
[2021-08-08 14:30:42,603] {scheduler_job.py:189} INFO - Processing /home/airflow/.local/lib/python3.6/site-packages/airflow/example_dags/example_branch_labels.py took 1.852 seconds
[2021-08-08 14:31:13,106] {scheduler_job.py:181} INFO - Started process (PID=443) to work on /home/airflow/.local/lib/python3.6/site-packages/airflow/example_dags/example_branch_labels.py
[2021-08-08 14:31:13,108] {scheduler_job.py:632} INFO - Processing file /home/airflow/.local/lib/python3.6/site-packages/airflow/example_dags/example_branch_labels.py for tasks to queue
[2021-08-08 14:31:13,109] {logging_mixin.py:104} INFO - [2021-08-08 14:31:13,109] {dagbag.py:496} INFO - Filling up the DagBag from /home/airflow/.local/lib/python3.6/site-packages/airflow/example_dags/example_branch_labels.py
[2021-08-08 14:31:13,123] {scheduler_job.py:642} INFO - DAG(s) dict_keys(['example_branch_labels']) retrieved from /home/airflow/.local/lib/python3.6/site-packages/airflow/example_dags/example_branch_labels.py
[2021-08-08 14:31:13,144] {logging_mixin.py:104} INFO - [2021-08-08 14:31:13,144] {dag.py:1833} INFO - Sync 1 DAGs
[2021-08-08 14:31:13,161] {logging_mixin.py:104} INFO - [2021-08-08 14:31:13,161] {dag.py:2306} INFO - Setting next_dagrun for example_branch_labels to 2021-08-06 00:00:00+00:00
[2021-08-08 14:31:13,169] {scheduler_job.py:189} INFO - Processing /home/airflow/.local/lib/python3.6/site-packages/airflow/example_dags/example_branch_labels.py took 0.067 seconds
[2021-08-08 14:31:43,405] {scheduler_job.py:181} INFO - Started process (PID=498) to work on /home/airflow/.local/lib/python3.6/site-packages/airflow/example_dags/example_branch_labels.py
[2021-08-08 14:31:43,406] {scheduler_job.py:632} INFO - Processing file /home/airflow/.local/lib/python3.6/site-packages/airflow/example_dags/example_branch_labels.py for tasks to queue
[2021-08-08 14:31:43,407] {logging_mixin.py:104} INFO - [2021-08-08 14:31:43,407] {dagbag.py:496} INFO - Filling up the DagBag from /home/airflow/.local/lib/python3.6/site-packages/airflow/example_dags/example_branch_labels.py
[2021-08-08 14:31:43,419] {scheduler_job.py:642} INFO - DAG(s) dict_keys(['example_branch_labels']) retrieved from /home/airflow/.local/lib/python3.6/site-packages/airflow/example_dags/example_branch_labels.py
[2021-08-08 14:31:43,437] {logging_mixin.py:104} INFO - [2021-08-08 14:31:43,437] {dag.py:1833} INFO - Sync 1 DAGs
[2021-08-08 14:31:43,454] {logging_mixin.py:104} INFO - [2021-08-08 14:31:43,454] {dag.py:2306} INFO - Setting next_dagrun for example_branch_labels to 2021-08-06 00:00:00+00:00
[2021-08-08 14:31:43,462] {scheduler_job.py:189} INFO - Processing /home/airflow/.local/lib/python3.6/site-packages/airflow/example_dags/example_branch_labels.py took 0.060 seconds
[2021-08-08 14:32:13,760] {scheduler_job.py:181} INFO - Started process (PID=560) to work on /home/airflow/.local/lib/python3.6/site-packages/airflow/example_dags/example_branch_labels.py
[2021-08-08 14:32:13,761] {scheduler_job.py:632} INFO - Processing file /home/airflow/.local/lib/python3.6/site-packages/airflow/example_dags/example_branch_labels.py for tasks to queue
[2021-08-08 14:32:13,762] {logging_mixin.py:104} INFO - [2021-08-08 14:32:13,762] {dagbag.py:496} INFO - Filling up the DagBag from /home/airflow/.local/lib/python3.6/site-packages/airflow/example_dags/example_branch_labels.py
[2021-08-08 14:32:13,773] {scheduler_job.py:642} INFO - DAG(s) dict_keys(['example_branch_labels']) retrieved from /home/airflow/.local/lib/python3.6/site-packages/airflow/example_dags/example_branch_labels.py
[2021-08-08 14:32:13,794] {logging_mixin.py:104} INFO - [2021-08-08 14:32:13,793] {dag.py:1833} INFO - Sync 1 DAGs
[2021-08-08 14:32:13,812] {logging_mixin.py:104} INFO - [2021-08-08 14:32:13,812] {dag.py:2306} INFO - Setting next_dagrun for example_branch_labels to 2021-08-06 00:00:00+00:00
[2021-08-08 14:32:13,820] {scheduler_job.py:189} INFO - Processing /home/airflow/.local/lib/python3.6/site-packages/airflow/example_dags/example_branch_labels.py took 0.064 seconds
[2021-08-08 14:32:43,999] {scheduler_job.py:181} INFO - Started process (PID=621) to work on /home/airflow/.local/lib/python3.6/site-packages/airflow/example_dags/example_branch_labels.py
[2021-08-08 14:32:44,000] {scheduler_job.py:632} INFO - Processing file /home/airflow/.local/lib/python3.6/site-packages/airflow/example_dags/example_branch_labels.py for tasks to queue
[2021-08-08 14:32:44,001] {logging_mixin.py:104} INFO - [2021-08-08 14:32:44,001] {dagbag.py:496} INFO - Filling up the DagBag from /home/airflow/.local/lib/python3.6/site-packages/airflow/example_dags/example_branch_labels.py
[2021-08-08 14:32:44,012] {scheduler_job.py:642} INFO - DAG(s) dict_keys(['example_branch_labels']) retrieved from /home/airflow/.local/lib/python3.6/site-packages/airflow/example_dags/example_branch_labels.py
[2021-08-08 14:32:44,034] {logging_mixin.py:104} INFO - [2021-08-08 14:32:44,034] {dag.py:1833} INFO - Sync 1 DAGs
[2021-08-08 14:32:44,052] {logging_mixin.py:104} INFO - [2021-08-08 14:32:44,052] {dag.py:2306} INFO - Setting next_dagrun for example_branch_labels to 2021-08-06 00:00:00+00:00
[2021-08-08 14:32:44,062] {scheduler_job.py:189} INFO - Processing /home/airflow/.local/lib/python3.6/site-packages/airflow/example_dags/example_branch_labels.py took 0.068 seconds
[2021-08-08 14:33:14,387] {scheduler_job.py:181} INFO - Started process (PID=672) to work on /home/airflow/.local/lib/python3.6/site-packages/airflow/example_dags/example_branch_labels.py
[2021-08-08 14:33:14,389] {scheduler_job.py:632} INFO - Processing file /home/airflow/.local/lib/python3.6/site-packages/airflow/example_dags/example_branch_labels.py for tasks to queue
[2021-08-08 14:33:14,390] {logging_mixin.py:104} INFO - [2021-08-08 14:33:14,390] {dagbag.py:496} INFO - Filling up the DagBag from /home/airflow/.local/lib/python3.6/site-packages/airflow/example_dags/example_branch_labels.py
[2021-08-08 14:33:14,403] {scheduler_job.py:642} INFO - DAG(s) dict_keys(['example_branch_labels']) retrieved from /home/airflow/.local/lib/python3.6/site-packages/airflow/example_dags/example_branch_labels.py
[2021-08-08 14:33:14,421] {logging_mixin.py:104} INFO - [2021-08-08 14:33:14,421] {dag.py:1833} INFO - Sync 1 DAGs
[2021-08-08 14:33:14,438] {logging_mixin.py:104} INFO - [2021-08-08 14:33:14,438] {dag.py:2306} INFO - Setting next_dagrun for example_branch_labels to 2021-08-06 00:00:00+00:00
[2021-08-08 14:33:14,445] {scheduler_job.py:189} INFO - Processing /home/airflow/.local/lib/python3.6/site-packages/airflow/example_dags/example_branch_labels.py took 0.062 seconds
[2021-08-08 14:33:44,943] {scheduler_job.py:181} INFO - Started process (PID=733) to work on /home/airflow/.local/lib/python3.6/site-packages/airflow/example_dags/example_branch_labels.py
[2021-08-08 14:33:44,945] {scheduler_job.py:632} INFO - Processing file /home/airflow/.local/lib/python3.6/site-packages/airflow/example_dags/example_branch_labels.py for tasks to queue
[2021-08-08 14:33:44,946] {logging_mixin.py:104} INFO - [2021-08-08 14:33:44,946] {dagbag.py:496} INFO - Filling up the DagBag from /home/airflow/.local/lib/python3.6/site-packages/airflow/example_dags/example_branch_labels.py
[2021-08-08 14:33:44,959] {scheduler_job.py:642} INFO - DAG(s) dict_keys(['example_branch_labels']) retrieved from /home/airflow/.local/lib/python3.6/site-packages/airflow/example_dags/example_branch_labels.py
[2021-08-08 14:33:44,984] {logging_mixin.py:104} INFO - [2021-08-08 14:33:44,984] {dag.py:1833} INFO - Sync 1 DAGs
[2021-08-08 14:33:45,005] {logging_mixin.py:104} INFO - [2021-08-08 14:33:45,005] {dag.py:2306} INFO - Setting next_dagrun for example_branch_labels to 2021-08-06 00:00:00+00:00
[2021-08-08 14:33:45,014] {scheduler_job.py:189} INFO - Processing /home/airflow/.local/lib/python3.6/site-packages/airflow/example_dags/example_branch_labels.py took 0.074 seconds
[2021-08-08 14:34:15,429] {scheduler_job.py:181} INFO - Started process (PID=794) to work on /home/airflow/.local/lib/python3.6/site-packages/airflow/example_dags/example_branch_labels.py
[2021-08-08 14:34:15,431] {scheduler_job.py:632} INFO - Processing file /home/airflow/.local/lib/python3.6/site-packages/airflow/example_dags/example_branch_labels.py for tasks to queue
[2021-08-08 14:34:15,432] {logging_mixin.py:104} INFO - [2021-08-08 14:34:15,432] {dagbag.py:496} INFO - Filling up the DagBag from /home/airflow/.local/lib/python3.6/site-packages/airflow/example_dags/example_branch_labels.py
[2021-08-08 14:34:15,446] {scheduler_job.py:642} INFO - DAG(s) dict_keys(['example_branch_labels']) retrieved from /home/airflow/.local/lib/python3.6/site-packages/airflow/example_dags/example_branch_labels.py
[2021-08-08 14:34:15,467] {logging_mixin.py:104} INFO - [2021-08-08 14:34:15,467] {dag.py:1833} INFO - Sync 1 DAGs
[2021-08-08 14:34:15,484] {logging_mixin.py:104} INFO - [2021-08-08 14:34:15,484] {dag.py:2306} INFO - Setting next_dagrun for example_branch_labels to 2021-08-06 00:00:00+00:00
[2021-08-08 14:34:15,492] {scheduler_job.py:189} INFO - Processing /home/airflow/.local/lib/python3.6/site-packages/airflow/example_dags/example_branch_labels.py took 0.067 seconds
[2021-08-08 14:34:45,716] {scheduler_job.py:181} INFO - Started process (PID=846) to work on /home/airflow/.local/lib/python3.6/site-packages/airflow/example_dags/example_branch_labels.py
[2021-08-08 14:34:45,717] {scheduler_job.py:632} INFO - Processing file /home/airflow/.local/lib/python3.6/site-packages/airflow/example_dags/example_branch_labels.py for tasks to queue
[2021-08-08 14:34:45,733] {logging_mixin.py:104} INFO - [2021-08-08 14:34:45,733] {dagbag.py:496} INFO - Filling up the DagBag from /home/airflow/.local/lib/python3.6/site-packages/airflow/example_dags/example_branch_labels.py
[2021-08-08 14:34:45,745] {scheduler_job.py:642} INFO - DAG(s) dict_keys(['example_branch_labels']) retrieved from /home/airflow/.local/lib/python3.6/site-packages/airflow/example_dags/example_branch_labels.py
[2021-08-08 14:34:45,763] {logging_mixin.py:104} INFO - [2021-08-08 14:34:45,763] {dag.py:1833} INFO - Sync 1 DAGs
[2021-08-08 14:34:45,780] {logging_mixin.py:104} INFO - [2021-08-08 14:34:45,780] {dag.py:2306} INFO - Setting next_dagrun for example_branch_labels to 2021-08-06 00:00:00+00:00
[2021-08-08 14:34:45,787] {scheduler_job.py:189} INFO - Processing /home/airflow/.local/lib/python3.6/site-packages/airflow/example_dags/example_branch_labels.py took 0.076 seconds
[2021-08-08 14:35:16,150] {scheduler_job.py:181} INFO - Started process (PID=907) to work on /home/airflow/.local/lib/python3.6/site-packages/airflow/example_dags/example_branch_labels.py
[2021-08-08 14:35:16,151] {scheduler_job.py:632} INFO - Processing file /home/airflow/.local/lib/python3.6/site-packages/airflow/example_dags/example_branch_labels.py for tasks to queue
[2021-08-08 14:35:16,152] {logging_mixin.py:104} INFO - [2021-08-08 14:35:16,152] {dagbag.py:496} INFO - Filling up the DagBag from /home/airflow/.local/lib/python3.6/site-packages/airflow/example_dags/example_branch_labels.py
[2021-08-08 14:35:16,167] {scheduler_job.py:642} INFO - DAG(s) dict_keys(['example_branch_labels']) retrieved from /home/airflow/.local/lib/python3.6/site-packages/airflow/example_dags/example_branch_labels.py
[2021-08-08 14:35:16,184] {logging_mixin.py:104} INFO - [2021-08-08 14:35:16,184] {dag.py:1833} INFO - Sync 1 DAGs
[2021-08-08 14:35:16,202] {logging_mixin.py:104} INFO - [2021-08-08 14:35:16,202] {dag.py:2306} INFO - Setting next_dagrun for example_branch_labels to 2021-08-06 00:00:00+00:00
[2021-08-08 14:35:16,209] {scheduler_job.py:189} INFO - Processing /home/airflow/.local/lib/python3.6/site-packages/airflow/example_dags/example_branch_labels.py took 0.063 seconds
[2021-08-08 14:35:46,336] {scheduler_job.py:181} INFO - Started process (PID=968) to work on /home/airflow/.local/lib/python3.6/site-packages/airflow/example_dags/example_branch_labels.py
[2021-08-08 14:35:46,337] {scheduler_job.py:632} INFO - Processing file /home/airflow/.local/lib/python3.6/site-packages/airflow/example_dags/example_branch_labels.py for tasks to queue
[2021-08-08 14:35:46,338] {logging_mixin.py:104} INFO - [2021-08-08 14:35:46,338] {dagbag.py:496} INFO - Filling up the DagBag from /home/airflow/.local/lib/python3.6/site-packages/airflow/example_dags/example_branch_labels.py
[2021-08-08 14:35:46,350] {scheduler_job.py:642} INFO - DAG(s) dict_keys(['example_branch_labels']) retrieved from /home/airflow/.local/lib/python3.6/site-packages/airflow/example_dags/example_branch_labels.py
[2021-08-08 14:35:46,368] {logging_mixin.py:104} INFO - [2021-08-08 14:35:46,368] {dag.py:1833} INFO - Sync 1 DAGs
[2021-08-08 14:35:46,388] {logging_mixin.py:104} INFO - [2021-08-08 14:35:46,388] {dag.py:2306} INFO - Setting next_dagrun for example_branch_labels to 2021-08-06 00:00:00+00:00
[2021-08-08 14:35:46,394] {scheduler_job.py:189} INFO - Processing /home/airflow/.local/lib/python3.6/site-packages/airflow/example_dags/example_branch_labels.py took 0.061 seconds
[2021-08-08 14:36:16,670] {scheduler_job.py:181} INFO - Started process (PID=1019) to work on /home/airflow/.local/lib/python3.6/site-packages/airflow/example_dags/example_branch_labels.py
[2021-08-08 14:36:16,671] {scheduler_job.py:632} INFO - Processing file /home/airflow/.local/lib/python3.6/site-packages/airflow/example_dags/example_branch_labels.py for tasks to queue
[2021-08-08 14:36:16,672] {logging_mixin.py:104} INFO - [2021-08-08 14:36:16,672] {dagbag.py:496} INFO - Filling up the DagBag from /home/airflow/.local/lib/python3.6/site-packages/airflow/example_dags/example_branch_labels.py
[2021-08-08 14:36:16,686] {scheduler_job.py:642} INFO - DAG(s) dict_keys(['example_branch_labels']) retrieved from /home/airflow/.local/lib/python3.6/site-packages/airflow/example_dags/example_branch_labels.py
[2021-08-08 14:36:16,705] {logging_mixin.py:104} INFO - [2021-08-08 14:36:16,704] {dag.py:1833} INFO - Sync 1 DAGs
[2021-08-08 14:36:16,722] {logging_mixin.py:104} INFO - [2021-08-08 14:36:16,722] {dag.py:2306} INFO - Setting next_dagrun for example_branch_labels to 2021-08-06 00:00:00+00:00
[2021-08-08 14:36:16,729] {scheduler_job.py:189} INFO - Processing /home/airflow/.local/lib/python3.6/site-packages/airflow/example_dags/example_branch_labels.py took 0.063 seconds
[2021-08-08 14:36:47,098] {scheduler_job.py:181} INFO - Started process (PID=1080) to work on /home/airflow/.local/lib/python3.6/site-packages/airflow/example_dags/example_branch_labels.py
[2021-08-08 14:36:47,099] {scheduler_job.py:632} INFO - Processing file /home/airflow/.local/lib/python3.6/site-packages/airflow/example_dags/example_branch_labels.py for tasks to queue
[2021-08-08 14:36:47,101] {logging_mixin.py:104} INFO - [2021-08-08 14:36:47,100] {dagbag.py:496} INFO - Filling up the DagBag from /home/airflow/.local/lib/python3.6/site-packages/airflow/example_dags/example_branch_labels.py
[2021-08-08 14:36:47,111] {scheduler_job.py:642} INFO - DAG(s) dict_keys(['example_branch_labels']) retrieved from /home/airflow/.local/lib/python3.6/site-packages/airflow/example_dags/example_branch_labels.py
[2021-08-08 14:36:47,130] {logging_mixin.py:104} INFO - [2021-08-08 14:36:47,130] {dag.py:1833} INFO - Sync 1 DAGs
[2021-08-08 14:36:47,148] {logging_mixin.py:104} INFO - [2021-08-08 14:36:47,148] {dag.py:2306} INFO - Setting next_dagrun for example_branch_labels to 2021-08-06 00:00:00+00:00
[2021-08-08 14:36:47,156] {scheduler_job.py:189} INFO - Processing /home/airflow/.local/lib/python3.6/site-packages/airflow/example_dags/example_branch_labels.py took 0.061 seconds
[2021-08-08 14:37:17,523] {scheduler_job.py:181} INFO - Started process (PID=1141) to work on /home/airflow/.local/lib/python3.6/site-packages/airflow/example_dags/example_branch_labels.py
[2021-08-08 14:37:17,528] {scheduler_job.py:632} INFO - Processing file /home/airflow/.local/lib/python3.6/site-packages/airflow/example_dags/example_branch_labels.py for tasks to queue
[2021-08-08 14:37:17,530] {logging_mixin.py:104} INFO - [2021-08-08 14:37:17,529] {dagbag.py:496} INFO - Filling up the DagBag from /home/airflow/.local/lib/python3.6/site-packages/airflow/example_dags/example_branch_labels.py
[2021-08-08 14:37:17,541] {scheduler_job.py:642} INFO - DAG(s) dict_keys(['example_branch_labels']) retrieved from /home/airflow/.local/lib/python3.6/site-packages/airflow/example_dags/example_branch_labels.py
[2021-08-08 14:37:17,559] {logging_mixin.py:104} INFO - [2021-08-08 14:37:17,559] {dag.py:1833} INFO - Sync 1 DAGs
[2021-08-08 14:37:17,577] {logging_mixin.py:104} INFO - [2021-08-08 14:37:17,577] {dag.py:2306} INFO - Setting next_dagrun for example_branch_labels to 2021-08-06 00:00:00+00:00
[2021-08-08 14:37:17,585] {scheduler_job.py:189} INFO - Processing /home/airflow/.local/lib/python3.6/site-packages/airflow/example_dags/example_branch_labels.py took 0.065 seconds
[2021-08-08 14:37:47,911] {scheduler_job.py:181} INFO - Started process (PID=1192) to work on /home/airflow/.local/lib/python3.6/site-packages/airflow/example_dags/example_branch_labels.py
[2021-08-08 14:37:47,912] {scheduler_job.py:632} INFO - Processing file /home/airflow/.local/lib/python3.6/site-packages/airflow/example_dags/example_branch_labels.py for tasks to queue
[2021-08-08 14:37:47,913] {logging_mixin.py:104} INFO - [2021-08-08 14:37:47,913] {dagbag.py:496} INFO - Filling up the DagBag from /home/airflow/.local/lib/python3.6/site-packages/airflow/example_dags/example_branch_labels.py
[2021-08-08 14:37:47,927] {scheduler_job.py:642} INFO - DAG(s) dict_keys(['example_branch_labels']) retrieved from /home/airflow/.local/lib/python3.6/site-packages/airflow/example_dags/example_branch_labels.py
[2021-08-08 14:37:47,950] {logging_mixin.py:104} INFO - [2021-08-08 14:37:47,950] {dag.py:1833} INFO - Sync 1 DAGs
[2021-08-08 14:37:47,965] {logging_mixin.py:104} INFO - [2021-08-08 14:37:47,965] {dag.py:2306} INFO - Setting next_dagrun for example_branch_labels to 2021-08-06 00:00:00+00:00
[2021-08-08 14:37:47,972] {scheduler_job.py:189} INFO - Processing /home/airflow/.local/lib/python3.6/site-packages/airflow/example_dags/example_branch_labels.py took 0.065 seconds
[2021-08-08 14:38:18,174] {scheduler_job.py:181} INFO - Started process (PID=1253) to work on /home/airflow/.local/lib/python3.6/site-packages/airflow/example_dags/example_branch_labels.py
[2021-08-08 14:38:18,175] {scheduler_job.py:632} INFO - Processing file /home/airflow/.local/lib/python3.6/site-packages/airflow/example_dags/example_branch_labels.py for tasks to queue
[2021-08-08 14:38:18,176] {logging_mixin.py:104} INFO - [2021-08-08 14:38:18,176] {dagbag.py:496} INFO - Filling up the DagBag from /home/airflow/.local/lib/python3.6/site-packages/airflow/example_dags/example_branch_labels.py
[2021-08-08 14:38:18,190] {scheduler_job.py:642} INFO - DAG(s) dict_keys(['example_branch_labels']) retrieved from /home/airflow/.local/lib/python3.6/site-packages/airflow/example_dags/example_branch_labels.py
[2021-08-08 14:38:18,212] {logging_mixin.py:104} INFO - [2021-08-08 14:38:18,212] {dag.py:1833} INFO - Sync 1 DAGs
[2021-08-08 14:38:18,227] {logging_mixin.py:104} INFO - [2021-08-08 14:38:18,227] {dag.py:2306} INFO - Setting next_dagrun for example_branch_labels to 2021-08-06 00:00:00+00:00
[2021-08-08 14:38:18,234] {scheduler_job.py:189} INFO - Processing /home/airflow/.local/lib/python3.6/site-packages/airflow/example_dags/example_branch_labels.py took 0.064 seconds
[2021-08-08 14:38:48,596] {scheduler_job.py:181} INFO - Started process (PID=1316) to work on /home/airflow/.local/lib/python3.6/site-packages/airflow/example_dags/example_branch_labels.py
[2021-08-08 14:38:48,599] {scheduler_job.py:632} INFO - Processing file /home/airflow/.local/lib/python3.6/site-packages/airflow/example_dags/example_branch_labels.py for tasks to queue
[2021-08-08 14:38:48,600] {logging_mixin.py:104} INFO - [2021-08-08 14:38:48,600] {dagbag.py:496} INFO - Filling up the DagBag from /home/airflow/.local/lib/python3.6/site-packages/airflow/example_dags/example_branch_labels.py
[2021-08-08 14:38:48,616] {scheduler_job.py:642} INFO - DAG(s) dict_keys(['example_branch_labels']) retrieved from /home/airflow/.local/lib/python3.6/site-packages/airflow/example_dags/example_branch_labels.py
[2021-08-08 14:38:48,641] {logging_mixin.py:104} INFO - [2021-08-08 14:38:48,641] {dag.py:1833} INFO - Sync 1 DAGs
[2021-08-08 14:38:48,656] {logging_mixin.py:104} INFO - [2021-08-08 14:38:48,656] {dag.py:2306} INFO - Setting next_dagrun for example_branch_labels to 2021-08-06 00:00:00+00:00
[2021-08-08 14:38:48,664] {scheduler_job.py:189} INFO - Processing /home/airflow/.local/lib/python3.6/site-packages/airflow/example_dags/example_branch_labels.py took 0.071 seconds
[2021-08-08 14:39:19,044] {scheduler_job.py:181} INFO - Started process (PID=1367) to work on /home/airflow/.local/lib/python3.6/site-packages/airflow/example_dags/example_branch_labels.py
[2021-08-08 14:39:19,046] {scheduler_job.py:632} INFO - Processing file /home/airflow/.local/lib/python3.6/site-packages/airflow/example_dags/example_branch_labels.py for tasks to queue
[2021-08-08 14:39:19,047] {logging_mixin.py:104} INFO - [2021-08-08 14:39:19,047] {dagbag.py:496} INFO - Filling up the DagBag from /home/airflow/.local/lib/python3.6/site-packages/airflow/example_dags/example_branch_labels.py
[2021-08-08 14:39:19,071] {scheduler_job.py:642} INFO - DAG(s) dict_keys(['example_branch_labels']) retrieved from /home/airflow/.local/lib/python3.6/site-packages/airflow/example_dags/example_branch_labels.py
[2021-08-08 14:39:19,140] {logging_mixin.py:104} INFO - [2021-08-08 14:39:19,140] {dag.py:1833} INFO - Sync 1 DAGs
[2021-08-08 14:39:19,175] {logging_mixin.py:104} INFO - [2021-08-08 14:39:19,174] {dag.py:2306} INFO - Setting next_dagrun for example_branch_labels to 2021-08-06 00:00:00+00:00
[2021-08-08 14:39:19,186] {scheduler_job.py:189} INFO - Processing /home/airflow/.local/lib/python3.6/site-packages/airflow/example_dags/example_branch_labels.py took 0.149 seconds
[2021-08-08 14:39:49,968] {scheduler_job.py:181} INFO - Started process (PID=1447) to work on /home/airflow/.local/lib/python3.6/site-packages/airflow/example_dags/example_branch_labels.py
[2021-08-08 14:39:49,969] {scheduler_job.py:632} INFO - Processing file /home/airflow/.local/lib/python3.6/site-packages/airflow/example_dags/example_branch_labels.py for tasks to queue
[2021-08-08 14:39:49,970] {logging_mixin.py:104} INFO - [2021-08-08 14:39:49,970] {dagbag.py:496} INFO - Filling up the DagBag from /home/airflow/.local/lib/python3.6/site-packages/airflow/example_dags/example_branch_labels.py
[2021-08-08 14:39:49,983] {scheduler_job.py:642} INFO - DAG(s) dict_keys(['example_branch_labels']) retrieved from /home/airflow/.local/lib/python3.6/site-packages/airflow/example_dags/example_branch_labels.py
[2021-08-08 14:39:50,007] {logging_mixin.py:104} INFO - [2021-08-08 14:39:50,007] {dag.py:1833} INFO - Sync 1 DAGs
[2021-08-08 14:39:50,027] {logging_mixin.py:104} INFO - [2021-08-08 14:39:50,027] {dag.py:2306} INFO - Setting next_dagrun for example_branch_labels to 2021-08-06 00:00:00+00:00
[2021-08-08 14:39:50,035] {scheduler_job.py:189} INFO - Processing /home/airflow/.local/lib/python3.6/site-packages/airflow/example_dags/example_branch_labels.py took 0.071 seconds
[2021-08-08 14:40:20,369] {scheduler_job.py:181} INFO - Started process (PID=1508) to work on /home/airflow/.local/lib/python3.6/site-packages/airflow/example_dags/example_branch_labels.py
[2021-08-08 14:40:20,371] {scheduler_job.py:632} INFO - Processing file /home/airflow/.local/lib/python3.6/site-packages/airflow/example_dags/example_branch_labels.py for tasks to queue
[2021-08-08 14:40:20,372] {logging_mixin.py:104} INFO - [2021-08-08 14:40:20,371] {dagbag.py:496} INFO - Filling up the DagBag from /home/airflow/.local/lib/python3.6/site-packages/airflow/example_dags/example_branch_labels.py
[2021-08-08 14:40:20,385] {scheduler_job.py:642} INFO - DAG(s) dict_keys(['example_branch_labels']) retrieved from /home/airflow/.local/lib/python3.6/site-packages/airflow/example_dags/example_branch_labels.py
[2021-08-08 14:40:20,402] {logging_mixin.py:104} INFO - [2021-08-08 14:40:20,402] {dag.py:1833} INFO - Sync 1 DAGs
[2021-08-08 14:40:20,418] {logging_mixin.py:104} INFO - [2021-08-08 14:40:20,418] {dag.py:2306} INFO - Setting next_dagrun for example_branch_labels to 2021-08-06 00:00:00+00:00
[2021-08-08 14:40:20,424] {scheduler_job.py:189} INFO - Processing /home/airflow/.local/lib/python3.6/site-packages/airflow/example_dags/example_branch_labels.py took 0.058 seconds
[2021-08-08 14:40:50,685] {scheduler_job.py:181} INFO - Started process (PID=1560) to work on /home/airflow/.local/lib/python3.6/site-packages/airflow/example_dags/example_branch_labels.py
[2021-08-08 14:40:50,687] {scheduler_job.py:632} INFO - Processing file /home/airflow/.local/lib/python3.6/site-packages/airflow/example_dags/example_branch_labels.py for tasks to queue
[2021-08-08 14:40:50,688] {logging_mixin.py:104} INFO - [2021-08-08 14:40:50,688] {dagbag.py:496} INFO - Filling up the DagBag from /home/airflow/.local/lib/python3.6/site-packages/airflow/example_dags/example_branch_labels.py
[2021-08-08 14:40:50,704] {scheduler_job.py:642} INFO - DAG(s) dict_keys(['example_branch_labels']) retrieved from /home/airflow/.local/lib/python3.6/site-packages/airflow/example_dags/example_branch_labels.py
[2021-08-08 14:40:50,723] {logging_mixin.py:104} INFO - [2021-08-08 14:40:50,723] {dag.py:1833} INFO - Sync 1 DAGs
[2021-08-08 14:40:50,739] {logging_mixin.py:104} INFO - [2021-08-08 14:40:50,739] {dag.py:2306} INFO - Setting next_dagrun for example_branch_labels to 2021-08-06 00:00:00+00:00
[2021-08-08 14:40:50,746] {scheduler_job.py:189} INFO - Processing /home/airflow/.local/lib/python3.6/site-packages/airflow/example_dags/example_branch_labels.py took 0.065 seconds
[2021-08-08 14:41:21,037] {scheduler_job.py:181} INFO - Started process (PID=1622) to work on /home/airflow/.local/lib/python3.6/site-packages/airflow/example_dags/example_branch_labels.py
[2021-08-08 14:41:21,039] {scheduler_job.py:632} INFO - Processing file /home/airflow/.local/lib/python3.6/site-packages/airflow/example_dags/example_branch_labels.py for tasks to queue
[2021-08-08 14:41:21,041] {logging_mixin.py:104} INFO - [2021-08-08 14:41:21,041] {dagbag.py:496} INFO - Filling up the DagBag from /home/airflow/.local/lib/python3.6/site-packages/airflow/example_dags/example_branch_labels.py
[2021-08-08 14:41:21,056] {scheduler_job.py:642} INFO - DAG(s) dict_keys(['example_branch_labels']) retrieved from /home/airflow/.local/lib/python3.6/site-packages/airflow/example_dags/example_branch_labels.py
[2021-08-08 14:41:21,075] {logging_mixin.py:104} INFO - [2021-08-08 14:41:21,075] {dag.py:1833} INFO - Sync 1 DAGs
[2021-08-08 14:41:21,091] {logging_mixin.py:104} INFO - [2021-08-08 14:41:21,091] {dag.py:2306} INFO - Setting next_dagrun for example_branch_labels to 2021-08-06 00:00:00+00:00
[2021-08-08 14:41:21,097] {scheduler_job.py:189} INFO - Processing /home/airflow/.local/lib/python3.6/site-packages/airflow/example_dags/example_branch_labels.py took 0.065 seconds
[2021-08-08 14:41:51,567] {scheduler_job.py:181} INFO - Started process (PID=1683) to work on /home/airflow/.local/lib/python3.6/site-packages/airflow/example_dags/example_branch_labels.py
[2021-08-08 14:41:51,569] {scheduler_job.py:632} INFO - Processing file /home/airflow/.local/lib/python3.6/site-packages/airflow/example_dags/example_branch_labels.py for tasks to queue
[2021-08-08 14:41:51,570] {logging_mixin.py:104} INFO - [2021-08-08 14:41:51,570] {dagbag.py:496} INFO - Filling up the DagBag from /home/airflow/.local/lib/python3.6/site-packages/airflow/example_dags/example_branch_labels.py
[2021-08-08 14:41:51,586] {scheduler_job.py:642} INFO - DAG(s) dict_keys(['example_branch_labels']) retrieved from /home/airflow/.local/lib/python3.6/site-packages/airflow/example_dags/example_branch_labels.py
[2021-08-08 14:41:51,604] {logging_mixin.py:104} INFO - [2021-08-08 14:41:51,604] {dag.py:1833} INFO - Sync 1 DAGs
[2021-08-08 14:41:51,619] {logging_mixin.py:104} INFO - [2021-08-08 14:41:51,619] {dag.py:2306} INFO - Setting next_dagrun for example_branch_labels to 2021-08-06 00:00:00+00:00
[2021-08-08 14:41:51,626] {scheduler_job.py:189} INFO - Processing /home/airflow/.local/lib/python3.6/site-packages/airflow/example_dags/example_branch_labels.py took 0.062 seconds
[2021-08-08 14:42:22,245] {scheduler_job.py:181} INFO - Started process (PID=1735) to work on /home/airflow/.local/lib/python3.6/site-packages/airflow/example_dags/example_branch_labels.py
[2021-08-08 14:42:22,251] {scheduler_job.py:632} INFO - Processing file /home/airflow/.local/lib/python3.6/site-packages/airflow/example_dags/example_branch_labels.py for tasks to queue
[2021-08-08 14:42:22,252] {logging_mixin.py:104} INFO - [2021-08-08 14:42:22,252] {dagbag.py:496} INFO - Filling up the DagBag from /home/airflow/.local/lib/python3.6/site-packages/airflow/example_dags/example_branch_labels.py
[2021-08-08 14:42:22,262] {scheduler_job.py:642} INFO - DAG(s) dict_keys(['example_branch_labels']) retrieved from /home/airflow/.local/lib/python3.6/site-packages/airflow/example_dags/example_branch_labels.py
[2021-08-08 14:42:22,280] {logging_mixin.py:104} INFO - [2021-08-08 14:42:22,280] {dag.py:1833} INFO - Sync 1 DAGs
[2021-08-08 14:42:22,296] {logging_mixin.py:104} INFO - [2021-08-08 14:42:22,296] {dag.py:2306} INFO - Setting next_dagrun for example_branch_labels to 2021-08-06 00:00:00+00:00
[2021-08-08 14:42:22,304] {scheduler_job.py:189} INFO - Processing /home/airflow/.local/lib/python3.6/site-packages/airflow/example_dags/example_branch_labels.py took 0.062 seconds
[2021-08-08 14:42:52,733] {scheduler_job.py:181} INFO - Started process (PID=1797) to work on /home/airflow/.local/lib/python3.6/site-packages/airflow/example_dags/example_branch_labels.py
[2021-08-08 14:42:52,735] {scheduler_job.py:632} INFO - Processing file /home/airflow/.local/lib/python3.6/site-packages/airflow/example_dags/example_branch_labels.py for tasks to queue
[2021-08-08 14:42:52,737] {logging_mixin.py:104} INFO - [2021-08-08 14:42:52,737] {dagbag.py:496} INFO - Filling up the DagBag from /home/airflow/.local/lib/python3.6/site-packages/airflow/example_dags/example_branch_labels.py
[2021-08-08 14:42:52,750] {scheduler_job.py:642} INFO - DAG(s) dict_keys(['example_branch_labels']) retrieved from /home/airflow/.local/lib/python3.6/site-packages/airflow/example_dags/example_branch_labels.py
[2021-08-08 14:42:52,769] {logging_mixin.py:104} INFO - [2021-08-08 14:42:52,769] {dag.py:1833} INFO - Sync 1 DAGs
[2021-08-08 14:42:52,803] {logging_mixin.py:104} INFO - [2021-08-08 14:42:52,803] {dag.py:2306} INFO - Setting next_dagrun for example_branch_labels to 2021-08-06 00:00:00+00:00
[2021-08-08 14:42:52,809] {scheduler_job.py:189} INFO - Processing /home/airflow/.local/lib/python3.6/site-packages/airflow/example_dags/example_branch_labels.py took 0.079 seconds
[2021-08-08 14:43:23,086] {scheduler_job.py:181} INFO - Started process (PID=1858) to work on /home/airflow/.local/lib/python3.6/site-packages/airflow/example_dags/example_branch_labels.py
[2021-08-08 14:43:23,089] {scheduler_job.py:632} INFO - Processing file /home/airflow/.local/lib/python3.6/site-packages/airflow/example_dags/example_branch_labels.py for tasks to queue
[2021-08-08 14:43:23,090] {logging_mixin.py:104} INFO - [2021-08-08 14:43:23,090] {dagbag.py:496} INFO - Filling up the DagBag from /home/airflow/.local/lib/python3.6/site-packages/airflow/example_dags/example_branch_labels.py
[2021-08-08 14:43:23,104] {scheduler_job.py:642} INFO - DAG(s) dict_keys(['example_branch_labels']) retrieved from /home/airflow/.local/lib/python3.6/site-packages/airflow/example_dags/example_branch_labels.py
[2021-08-08 14:43:23,124] {logging_mixin.py:104} INFO - [2021-08-08 14:43:23,124] {dag.py:1833} INFO - Sync 1 DAGs
[2021-08-08 14:43:23,142] {logging_mixin.py:104} INFO - [2021-08-08 14:43:23,142] {dag.py:2306} INFO - Setting next_dagrun for example_branch_labels to 2021-08-06 00:00:00+00:00
[2021-08-08 14:43:23,150] {scheduler_job.py:189} INFO - Processing /home/airflow/.local/lib/python3.6/site-packages/airflow/example_dags/example_branch_labels.py took 0.068 seconds
[2021-08-08 14:43:53,310] {scheduler_job.py:181} INFO - Started process (PID=1909) to work on /home/airflow/.local/lib/python3.6/site-packages/airflow/example_dags/example_branch_labels.py
[2021-08-08 14:43:53,311] {scheduler_job.py:632} INFO - Processing file /home/airflow/.local/lib/python3.6/site-packages/airflow/example_dags/example_branch_labels.py for tasks to queue
[2021-08-08 14:43:53,312] {logging_mixin.py:104} INFO - [2021-08-08 14:43:53,312] {dagbag.py:496} INFO - Filling up the DagBag from /home/airflow/.local/lib/python3.6/site-packages/airflow/example_dags/example_branch_labels.py
[2021-08-08 14:43:53,327] {scheduler_job.py:642} INFO - DAG(s) dict_keys(['example_branch_labels']) retrieved from /home/airflow/.local/lib/python3.6/site-packages/airflow/example_dags/example_branch_labels.py
[2021-08-08 14:43:53,349] {logging_mixin.py:104} INFO - [2021-08-08 14:43:53,349] {dag.py:1833} INFO - Sync 1 DAGs
[2021-08-08 14:43:53,370] {logging_mixin.py:104} INFO - [2021-08-08 14:43:53,370] {dag.py:2306} INFO - Setting next_dagrun for example_branch_labels to 2021-08-06 00:00:00+00:00
[2021-08-08 14:43:53,377] {scheduler_job.py:189} INFO - Processing /home/airflow/.local/lib/python3.6/site-packages/airflow/example_dags/example_branch_labels.py took 0.072 seconds
[2021-08-08 14:44:23,601] {scheduler_job.py:181} INFO - Started process (PID=1970) to work on /home/airflow/.local/lib/python3.6/site-packages/airflow/example_dags/example_branch_labels.py
[2021-08-08 14:44:23,603] {scheduler_job.py:632} INFO - Processing file /home/airflow/.local/lib/python3.6/site-packages/airflow/example_dags/example_branch_labels.py for tasks to queue
[2021-08-08 14:44:23,604] {logging_mixin.py:104} INFO - [2021-08-08 14:44:23,603] {dagbag.py:496} INFO - Filling up the DagBag from /home/airflow/.local/lib/python3.6/site-packages/airflow/example_dags/example_branch_labels.py
[2021-08-08 14:44:23,615] {scheduler_job.py:642} INFO - DAG(s) dict_keys(['example_branch_labels']) retrieved from /home/airflow/.local/lib/python3.6/site-packages/airflow/example_dags/example_branch_labels.py
[2021-08-08 14:44:23,634] {logging_mixin.py:104} INFO - [2021-08-08 14:44:23,634] {dag.py:1833} INFO - Sync 1 DAGs
[2021-08-08 14:44:23,650] {logging_mixin.py:104} INFO - [2021-08-08 14:44:23,650] {dag.py:2306} INFO - Setting next_dagrun for example_branch_labels to 2021-08-06 00:00:00+00:00
[2021-08-08 14:44:23,657] {scheduler_job.py:189} INFO - Processing /home/airflow/.local/lib/python3.6/site-packages/airflow/example_dags/example_branch_labels.py took 0.059 seconds
[2021-08-08 14:44:53,941] {scheduler_job.py:181} INFO - Started process (PID=2031) to work on /home/airflow/.local/lib/python3.6/site-packages/airflow/example_dags/example_branch_labels.py
[2021-08-08 14:44:53,943] {scheduler_job.py:632} INFO - Processing file /home/airflow/.local/lib/python3.6/site-packages/airflow/example_dags/example_branch_labels.py for tasks to queue
[2021-08-08 14:44:53,944] {logging_mixin.py:104} INFO - [2021-08-08 14:44:53,943] {dagbag.py:496} INFO - Filling up the DagBag from /home/airflow/.local/lib/python3.6/site-packages/airflow/example_dags/example_branch_labels.py
[2021-08-08 14:44:53,956] {scheduler_job.py:642} INFO - DAG(s) dict_keys(['example_branch_labels']) retrieved from /home/airflow/.local/lib/python3.6/site-packages/airflow/example_dags/example_branch_labels.py
[2021-08-08 14:44:53,980] {logging_mixin.py:104} INFO - [2021-08-08 14:44:53,980] {dag.py:1833} INFO - Sync 1 DAGs
[2021-08-08 14:44:53,999] {logging_mixin.py:104} INFO - [2021-08-08 14:44:53,999] {dag.py:2306} INFO - Setting next_dagrun for example_branch_labels to 2021-08-06 00:00:00+00:00
[2021-08-08 14:44:54,007] {scheduler_job.py:189} INFO - Processing /home/airflow/.local/lib/python3.6/site-packages/airflow/example_dags/example_branch_labels.py took 0.069 seconds
[2021-08-08 14:45:24,427] {scheduler_job.py:181} INFO - Started process (PID=2082) to work on /home/airflow/.local/lib/python3.6/site-packages/airflow/example_dags/example_branch_labels.py
[2021-08-08 14:45:24,428] {scheduler_job.py:632} INFO - Processing file /home/airflow/.local/lib/python3.6/site-packages/airflow/example_dags/example_branch_labels.py for tasks to queue
[2021-08-08 14:45:24,429] {logging_mixin.py:104} INFO - [2021-08-08 14:45:24,429] {dagbag.py:496} INFO - Filling up the DagBag from /home/airflow/.local/lib/python3.6/site-packages/airflow/example_dags/example_branch_labels.py
[2021-08-08 14:45:24,441] {scheduler_job.py:642} INFO - DAG(s) dict_keys(['example_branch_labels']) retrieved from /home/airflow/.local/lib/python3.6/site-packages/airflow/example_dags/example_branch_labels.py
[2021-08-08 14:45:24,461] {logging_mixin.py:104} INFO - [2021-08-08 14:45:24,461] {dag.py:1833} INFO - Sync 1 DAGs
[2021-08-08 14:45:24,479] {logging_mixin.py:104} INFO - [2021-08-08 14:45:24,479] {dag.py:2306} INFO - Setting next_dagrun for example_branch_labels to 2021-08-06 00:00:00+00:00
[2021-08-08 14:45:24,489] {scheduler_job.py:189} INFO - Processing /home/airflow/.local/lib/python3.6/site-packages/airflow/example_dags/example_branch_labels.py took 0.066 seconds
[2021-08-08 14:45:54,839] {scheduler_job.py:181} INFO - Started process (PID=2145) to work on /home/airflow/.local/lib/python3.6/site-packages/airflow/example_dags/example_branch_labels.py
[2021-08-08 14:45:54,840] {scheduler_job.py:632} INFO - Processing file /home/airflow/.local/lib/python3.6/site-packages/airflow/example_dags/example_branch_labels.py for tasks to queue
[2021-08-08 14:45:54,841] {logging_mixin.py:104} INFO - [2021-08-08 14:45:54,841] {dagbag.py:496} INFO - Filling up the DagBag from /home/airflow/.local/lib/python3.6/site-packages/airflow/example_dags/example_branch_labels.py
[2021-08-08 14:45:54,853] {scheduler_job.py:642} INFO - DAG(s) dict_keys(['example_branch_labels']) retrieved from /home/airflow/.local/lib/python3.6/site-packages/airflow/example_dags/example_branch_labels.py
[2021-08-08 14:45:54,872] {logging_mixin.py:104} INFO - [2021-08-08 14:45:54,872] {dag.py:1833} INFO - Sync 1 DAGs
[2021-08-08 14:45:54,892] {logging_mixin.py:104} INFO - [2021-08-08 14:45:54,892] {dag.py:2306} INFO - Setting next_dagrun for example_branch_labels to 2021-08-06 00:00:00+00:00
[2021-08-08 14:45:54,900] {scheduler_job.py:189} INFO - Processing /home/airflow/.local/lib/python3.6/site-packages/airflow/example_dags/example_branch_labels.py took 0.067 seconds
[2021-08-08 14:46:25,300] {scheduler_job.py:181} INFO - Started process (PID=2209) to work on /home/airflow/.local/lib/python3.6/site-packages/airflow/example_dags/example_branch_labels.py
[2021-08-08 14:46:25,306] {scheduler_job.py:632} INFO - Processing file /home/airflow/.local/lib/python3.6/site-packages/airflow/example_dags/example_branch_labels.py for tasks to queue
[2021-08-08 14:46:25,310] {logging_mixin.py:104} INFO - [2021-08-08 14:46:25,309] {dagbag.py:496} INFO - Filling up the DagBag from /home/airflow/.local/lib/python3.6/site-packages/airflow/example_dags/example_branch_labels.py
[2021-08-08 14:46:25,334] {scheduler_job.py:642} INFO - DAG(s) dict_keys(['example_branch_labels']) retrieved from /home/airflow/.local/lib/python3.6/site-packages/airflow/example_dags/example_branch_labels.py
[2021-08-08 14:46:25,358] {logging_mixin.py:104} INFO - [2021-08-08 14:46:25,358] {dag.py:1833} INFO - Sync 1 DAGs
[2021-08-08 14:46:25,389] {logging_mixin.py:104} INFO - [2021-08-08 14:46:25,389] {dag.py:2306} INFO - Setting next_dagrun for example_branch_labels to 2021-08-06 00:00:00+00:00
[2021-08-08 14:46:25,399] {scheduler_job.py:189} INFO - Processing /home/airflow/.local/lib/python3.6/site-packages/airflow/example_dags/example_branch_labels.py took 0.110 seconds
[2021-08-08 14:46:55,437] {scheduler_job.py:181} INFO - Started process (PID=2260) to work on /home/airflow/.local/lib/python3.6/site-packages/airflow/example_dags/example_branch_labels.py
[2021-08-08 14:46:55,438] {scheduler_job.py:632} INFO - Processing file /home/airflow/.local/lib/python3.6/site-packages/airflow/example_dags/example_branch_labels.py for tasks to queue
[2021-08-08 14:46:55,439] {logging_mixin.py:104} INFO - [2021-08-08 14:46:55,439] {dagbag.py:496} INFO - Filling up the DagBag from /home/airflow/.local/lib/python3.6/site-packages/airflow/example_dags/example_branch_labels.py
[2021-08-08 14:46:55,454] {scheduler_job.py:642} INFO - DAG(s) dict_keys(['example_branch_labels']) retrieved from /home/airflow/.local/lib/python3.6/site-packages/airflow/example_dags/example_branch_labels.py
[2021-08-08 14:46:55,473] {logging_mixin.py:104} INFO - [2021-08-08 14:46:55,473] {dag.py:1833} INFO - Sync 1 DAGs
[2021-08-08 14:46:55,489] {logging_mixin.py:104} INFO - [2021-08-08 14:46:55,489] {dag.py:2306} INFO - Setting next_dagrun for example_branch_labels to 2021-08-06 00:00:00+00:00
[2021-08-08 14:46:55,496] {scheduler_job.py:189} INFO - Processing /home/airflow/.local/lib/python3.6/site-packages/airflow/example_dags/example_branch_labels.py took 0.063 seconds
[2021-08-08 14:47:26,112] {scheduler_job.py:181} INFO - Started process (PID=2322) to work on /home/airflow/.local/lib/python3.6/site-packages/airflow/example_dags/example_branch_labels.py
[2021-08-08 14:47:26,119] {scheduler_job.py:632} INFO - Processing file /home/airflow/.local/lib/python3.6/site-packages/airflow/example_dags/example_branch_labels.py for tasks to queue
[2021-08-08 14:47:26,122] {logging_mixin.py:104} INFO - [2021-08-08 14:47:26,122] {dagbag.py:496} INFO - Filling up the DagBag from /home/airflow/.local/lib/python3.6/site-packages/airflow/example_dags/example_branch_labels.py
[2021-08-08 14:47:26,141] {scheduler_job.py:642} INFO - DAG(s) dict_keys(['example_branch_labels']) retrieved from /home/airflow/.local/lib/python3.6/site-packages/airflow/example_dags/example_branch_labels.py
[2021-08-08 14:47:26,162] {logging_mixin.py:104} INFO - [2021-08-08 14:47:26,162] {dag.py:1833} INFO - Sync 1 DAGs
[2021-08-08 14:47:26,180] {logging_mixin.py:104} INFO - [2021-08-08 14:47:26,180] {dag.py:2306} INFO - Setting next_dagrun for example_branch_labels to 2021-08-06 00:00:00+00:00
[2021-08-08 14:47:26,188] {scheduler_job.py:189} INFO - Processing /home/airflow/.local/lib/python3.6/site-packages/airflow/example_dags/example_branch_labels.py took 0.080 seconds
[2021-08-08 14:47:56,709] {scheduler_job.py:181} INFO - Started process (PID=2373) to work on /home/airflow/.local/lib/python3.6/site-packages/airflow/example_dags/example_branch_labels.py
[2021-08-08 14:47:56,711] {scheduler_job.py:632} INFO - Processing file /home/airflow/.local/lib/python3.6/site-packages/airflow/example_dags/example_branch_labels.py for tasks to queue
[2021-08-08 14:47:56,713] {logging_mixin.py:104} INFO - [2021-08-08 14:47:56,712] {dagbag.py:496} INFO - Filling up the DagBag from /home/airflow/.local/lib/python3.6/site-packages/airflow/example_dags/example_branch_labels.py
[2021-08-08 14:47:56,732] {scheduler_job.py:642} INFO - DAG(s) dict_keys(['example_branch_labels']) retrieved from /home/airflow/.local/lib/python3.6/site-packages/airflow/example_dags/example_branch_labels.py
[2021-08-08 14:47:56,758] {logging_mixin.py:104} INFO - [2021-08-08 14:47:56,757] {dag.py:1833} INFO - Sync 1 DAGs
[2021-08-08 14:47:56,784] {logging_mixin.py:104} INFO - [2021-08-08 14:47:56,784] {dag.py:2306} INFO - Setting next_dagrun for example_branch_labels to 2021-08-06 00:00:00+00:00
[2021-08-08 14:47:56,795] {scheduler_job.py:189} INFO - Processing /home/airflow/.local/lib/python3.6/site-packages/airflow/example_dags/example_branch_labels.py took 0.092 seconds
