[2021-08-08 14:30:23,546] {scheduler_job.py:181} INFO - Started process (PID=146) to work on /home/airflow/.local/lib/python3.6/site-packages/airflow/example_dags/tutorial_etl_dag.py
[2021-08-08 14:30:23,548] {scheduler_job.py:632} INFO - Processing file /home/airflow/.local/lib/python3.6/site-packages/airflow/example_dags/tutorial_etl_dag.py for tasks to queue
[2021-08-08 14:30:23,550] {logging_mixin.py:104} INFO - [2021-08-08 14:30:23,549] {dagbag.py:496} INFO - Filling up the DagBag from /home/airflow/.local/lib/python3.6/site-packages/airflow/example_dags/tutorial_etl_dag.py
[2021-08-08 14:30:23,567] {scheduler_job.py:642} INFO - DAG(s) dict_keys(['tutorial_etl_dag']) retrieved from /home/airflow/.local/lib/python3.6/site-packages/airflow/example_dags/tutorial_etl_dag.py
[2021-08-08 14:30:25,580] {logging_mixin.py:104} INFO - [2021-08-08 14:30:25,579] {dag.py:1833} INFO - Sync 1 DAGs
[2021-08-08 14:30:25,591] {logging_mixin.py:104} INFO - [2021-08-08 14:30:25,590] {dag.py:1852} INFO - Creating ORM DAG for tutorial_etl_dag
[2021-08-08 14:30:25,596] {logging_mixin.py:104} INFO - [2021-08-08 14:30:25,596] {dag.py:2306} INFO - Setting next_dagrun for tutorial_etl_dag to None
[2021-08-08 14:30:25,605] {scheduler_job.py:189} INFO - Processing /home/airflow/.local/lib/python3.6/site-packages/airflow/example_dags/tutorial_etl_dag.py took 2.063 seconds
[2021-08-08 14:30:56,065] {scheduler_job.py:181} INFO - Started process (PID=408) to work on /home/airflow/.local/lib/python3.6/site-packages/airflow/example_dags/tutorial_etl_dag.py
[2021-08-08 14:30:56,066] {scheduler_job.py:632} INFO - Processing file /home/airflow/.local/lib/python3.6/site-packages/airflow/example_dags/tutorial_etl_dag.py for tasks to queue
[2021-08-08 14:30:56,067] {logging_mixin.py:104} INFO - [2021-08-08 14:30:56,067] {dagbag.py:496} INFO - Filling up the DagBag from /home/airflow/.local/lib/python3.6/site-packages/airflow/example_dags/tutorial_etl_dag.py
[2021-08-08 14:30:56,081] {scheduler_job.py:642} INFO - DAG(s) dict_keys(['tutorial_etl_dag']) retrieved from /home/airflow/.local/lib/python3.6/site-packages/airflow/example_dags/tutorial_etl_dag.py
[2021-08-08 14:30:56,101] {logging_mixin.py:104} INFO - [2021-08-08 14:30:56,101] {dag.py:1833} INFO - Sync 1 DAGs
[2021-08-08 14:30:56,115] {logging_mixin.py:104} INFO - [2021-08-08 14:30:56,115] {dag.py:2306} INFO - Setting next_dagrun for tutorial_etl_dag to None
[2021-08-08 14:30:56,123] {scheduler_job.py:189} INFO - Processing /home/airflow/.local/lib/python3.6/site-packages/airflow/example_dags/tutorial_etl_dag.py took 0.062 seconds
[2021-08-08 14:31:26,515] {scheduler_job.py:181} INFO - Started process (PID=469) to work on /home/airflow/.local/lib/python3.6/site-packages/airflow/example_dags/tutorial_etl_dag.py
[2021-08-08 14:31:26,516] {scheduler_job.py:632} INFO - Processing file /home/airflow/.local/lib/python3.6/site-packages/airflow/example_dags/tutorial_etl_dag.py for tasks to queue
[2021-08-08 14:31:26,517] {logging_mixin.py:104} INFO - [2021-08-08 14:31:26,517] {dagbag.py:496} INFO - Filling up the DagBag from /home/airflow/.local/lib/python3.6/site-packages/airflow/example_dags/tutorial_etl_dag.py
[2021-08-08 14:31:26,528] {scheduler_job.py:642} INFO - DAG(s) dict_keys(['tutorial_etl_dag']) retrieved from /home/airflow/.local/lib/python3.6/site-packages/airflow/example_dags/tutorial_etl_dag.py
[2021-08-08 14:31:26,547] {logging_mixin.py:104} INFO - [2021-08-08 14:31:26,547] {dag.py:1833} INFO - Sync 1 DAGs
[2021-08-08 14:31:26,561] {logging_mixin.py:104} INFO - [2021-08-08 14:31:26,561] {dag.py:2306} INFO - Setting next_dagrun for tutorial_etl_dag to None
[2021-08-08 14:31:26,570] {scheduler_job.py:189} INFO - Processing /home/airflow/.local/lib/python3.6/site-packages/airflow/example_dags/tutorial_etl_dag.py took 0.059 seconds
[2021-08-08 14:31:56,858] {scheduler_job.py:181} INFO - Started process (PID=521) to work on /home/airflow/.local/lib/python3.6/site-packages/airflow/example_dags/tutorial_etl_dag.py
[2021-08-08 14:31:56,859] {scheduler_job.py:632} INFO - Processing file /home/airflow/.local/lib/python3.6/site-packages/airflow/example_dags/tutorial_etl_dag.py for tasks to queue
[2021-08-08 14:31:56,861] {logging_mixin.py:104} INFO - [2021-08-08 14:31:56,861] {dagbag.py:496} INFO - Filling up the DagBag from /home/airflow/.local/lib/python3.6/site-packages/airflow/example_dags/tutorial_etl_dag.py
[2021-08-08 14:31:56,875] {scheduler_job.py:642} INFO - DAG(s) dict_keys(['tutorial_etl_dag']) retrieved from /home/airflow/.local/lib/python3.6/site-packages/airflow/example_dags/tutorial_etl_dag.py
[2021-08-08 14:31:56,893] {logging_mixin.py:104} INFO - [2021-08-08 14:31:56,893] {dag.py:1833} INFO - Sync 1 DAGs
[2021-08-08 14:31:56,907] {logging_mixin.py:104} INFO - [2021-08-08 14:31:56,907] {dag.py:2306} INFO - Setting next_dagrun for tutorial_etl_dag to None
[2021-08-08 14:31:56,914] {scheduler_job.py:189} INFO - Processing /home/airflow/.local/lib/python3.6/site-packages/airflow/example_dags/tutorial_etl_dag.py took 0.060 seconds
[2021-08-08 14:32:27,236] {scheduler_job.py:181} INFO - Started process (PID=583) to work on /home/airflow/.local/lib/python3.6/site-packages/airflow/example_dags/tutorial_etl_dag.py
[2021-08-08 14:32:27,238] {scheduler_job.py:632} INFO - Processing file /home/airflow/.local/lib/python3.6/site-packages/airflow/example_dags/tutorial_etl_dag.py for tasks to queue
[2021-08-08 14:32:27,239] {logging_mixin.py:104} INFO - [2021-08-08 14:32:27,238] {dagbag.py:496} INFO - Filling up the DagBag from /home/airflow/.local/lib/python3.6/site-packages/airflow/example_dags/tutorial_etl_dag.py
[2021-08-08 14:32:27,249] {scheduler_job.py:642} INFO - DAG(s) dict_keys(['tutorial_etl_dag']) retrieved from /home/airflow/.local/lib/python3.6/site-packages/airflow/example_dags/tutorial_etl_dag.py
[2021-08-08 14:32:27,271] {logging_mixin.py:104} INFO - [2021-08-08 14:32:27,271] {dag.py:1833} INFO - Sync 1 DAGs
[2021-08-08 14:32:27,288] {logging_mixin.py:104} INFO - [2021-08-08 14:32:27,288] {dag.py:2306} INFO - Setting next_dagrun for tutorial_etl_dag to None
[2021-08-08 14:32:27,297] {scheduler_job.py:189} INFO - Processing /home/airflow/.local/lib/python3.6/site-packages/airflow/example_dags/tutorial_etl_dag.py took 0.064 seconds
[2021-08-08 14:32:57,514] {scheduler_job.py:181} INFO - Started process (PID=644) to work on /home/airflow/.local/lib/python3.6/site-packages/airflow/example_dags/tutorial_etl_dag.py
[2021-08-08 14:32:57,516] {scheduler_job.py:632} INFO - Processing file /home/airflow/.local/lib/python3.6/site-packages/airflow/example_dags/tutorial_etl_dag.py for tasks to queue
[2021-08-08 14:32:57,517] {logging_mixin.py:104} INFO - [2021-08-08 14:32:57,517] {dagbag.py:496} INFO - Filling up the DagBag from /home/airflow/.local/lib/python3.6/site-packages/airflow/example_dags/tutorial_etl_dag.py
[2021-08-08 14:32:57,529] {scheduler_job.py:642} INFO - DAG(s) dict_keys(['tutorial_etl_dag']) retrieved from /home/airflow/.local/lib/python3.6/site-packages/airflow/example_dags/tutorial_etl_dag.py
[2021-08-08 14:32:57,548] {logging_mixin.py:104} INFO - [2021-08-08 14:32:57,548] {dag.py:1833} INFO - Sync 1 DAGs
[2021-08-08 14:32:57,562] {logging_mixin.py:104} INFO - [2021-08-08 14:32:57,562] {dag.py:2306} INFO - Setting next_dagrun for tutorial_etl_dag to None
[2021-08-08 14:32:57,570] {scheduler_job.py:189} INFO - Processing /home/airflow/.local/lib/python3.6/site-packages/airflow/example_dags/tutorial_etl_dag.py took 0.060 seconds
[2021-08-08 14:33:27,957] {scheduler_job.py:181} INFO - Started process (PID=695) to work on /home/airflow/.local/lib/python3.6/site-packages/airflow/example_dags/tutorial_etl_dag.py
[2021-08-08 14:33:27,959] {scheduler_job.py:632} INFO - Processing file /home/airflow/.local/lib/python3.6/site-packages/airflow/example_dags/tutorial_etl_dag.py for tasks to queue
[2021-08-08 14:33:27,960] {logging_mixin.py:104} INFO - [2021-08-08 14:33:27,960] {dagbag.py:496} INFO - Filling up the DagBag from /home/airflow/.local/lib/python3.6/site-packages/airflow/example_dags/tutorial_etl_dag.py
[2021-08-08 14:33:27,974] {scheduler_job.py:642} INFO - DAG(s) dict_keys(['tutorial_etl_dag']) retrieved from /home/airflow/.local/lib/python3.6/site-packages/airflow/example_dags/tutorial_etl_dag.py
[2021-08-08 14:33:27,998] {logging_mixin.py:104} INFO - [2021-08-08 14:33:27,998] {dag.py:1833} INFO - Sync 1 DAGs
[2021-08-08 14:33:28,018] {logging_mixin.py:104} INFO - [2021-08-08 14:33:28,018] {dag.py:2306} INFO - Setting next_dagrun for tutorial_etl_dag to None
[2021-08-08 14:33:28,029] {scheduler_job.py:189} INFO - Processing /home/airflow/.local/lib/python3.6/site-packages/airflow/example_dags/tutorial_etl_dag.py took 0.075 seconds
[2021-08-08 14:33:58,483] {scheduler_job.py:181} INFO - Started process (PID=756) to work on /home/airflow/.local/lib/python3.6/site-packages/airflow/example_dags/tutorial_etl_dag.py
[2021-08-08 14:33:58,484] {scheduler_job.py:632} INFO - Processing file /home/airflow/.local/lib/python3.6/site-packages/airflow/example_dags/tutorial_etl_dag.py for tasks to queue
[2021-08-08 14:33:58,485] {logging_mixin.py:104} INFO - [2021-08-08 14:33:58,485] {dagbag.py:496} INFO - Filling up the DagBag from /home/airflow/.local/lib/python3.6/site-packages/airflow/example_dags/tutorial_etl_dag.py
[2021-08-08 14:33:58,497] {scheduler_job.py:642} INFO - DAG(s) dict_keys(['tutorial_etl_dag']) retrieved from /home/airflow/.local/lib/python3.6/site-packages/airflow/example_dags/tutorial_etl_dag.py
[2021-08-08 14:33:58,518] {logging_mixin.py:104} INFO - [2021-08-08 14:33:58,517] {dag.py:1833} INFO - Sync 1 DAGs
[2021-08-08 14:33:58,531] {logging_mixin.py:104} INFO - [2021-08-08 14:33:58,531] {dag.py:2306} INFO - Setting next_dagrun for tutorial_etl_dag to None
[2021-08-08 14:33:58,542] {scheduler_job.py:189} INFO - Processing /home/airflow/.local/lib/python3.6/site-packages/airflow/example_dags/tutorial_etl_dag.py took 0.062 seconds
[2021-08-08 14:34:28,828] {scheduler_job.py:181} INFO - Started process (PID=818) to work on /home/airflow/.local/lib/python3.6/site-packages/airflow/example_dags/tutorial_etl_dag.py
[2021-08-08 14:34:28,830] {scheduler_job.py:632} INFO - Processing file /home/airflow/.local/lib/python3.6/site-packages/airflow/example_dags/tutorial_etl_dag.py for tasks to queue
[2021-08-08 14:34:28,831] {logging_mixin.py:104} INFO - [2021-08-08 14:34:28,831] {dagbag.py:496} INFO - Filling up the DagBag from /home/airflow/.local/lib/python3.6/site-packages/airflow/example_dags/tutorial_etl_dag.py
[2021-08-08 14:34:28,845] {scheduler_job.py:642} INFO - DAG(s) dict_keys(['tutorial_etl_dag']) retrieved from /home/airflow/.local/lib/python3.6/site-packages/airflow/example_dags/tutorial_etl_dag.py
[2021-08-08 14:34:28,864] {logging_mixin.py:104} INFO - [2021-08-08 14:34:28,864] {dag.py:1833} INFO - Sync 1 DAGs
[2021-08-08 14:34:28,878] {logging_mixin.py:104} INFO - [2021-08-08 14:34:28,878] {dag.py:2306} INFO - Setting next_dagrun for tutorial_etl_dag to None
[2021-08-08 14:34:28,888] {scheduler_job.py:189} INFO - Processing /home/airflow/.local/lib/python3.6/site-packages/airflow/example_dags/tutorial_etl_dag.py took 0.064 seconds
[2021-08-08 14:34:59,292] {scheduler_job.py:181} INFO - Started process (PID=879) to work on /home/airflow/.local/lib/python3.6/site-packages/airflow/example_dags/tutorial_etl_dag.py
[2021-08-08 14:34:59,293] {scheduler_job.py:632} INFO - Processing file /home/airflow/.local/lib/python3.6/site-packages/airflow/example_dags/tutorial_etl_dag.py for tasks to queue
[2021-08-08 14:34:59,295] {logging_mixin.py:104} INFO - [2021-08-08 14:34:59,294] {dagbag.py:496} INFO - Filling up the DagBag from /home/airflow/.local/lib/python3.6/site-packages/airflow/example_dags/tutorial_etl_dag.py
[2021-08-08 14:34:59,307] {scheduler_job.py:642} INFO - DAG(s) dict_keys(['tutorial_etl_dag']) retrieved from /home/airflow/.local/lib/python3.6/site-packages/airflow/example_dags/tutorial_etl_dag.py
[2021-08-08 14:34:59,327] {logging_mixin.py:104} INFO - [2021-08-08 14:34:59,327] {dag.py:1833} INFO - Sync 1 DAGs
[2021-08-08 14:34:59,659] {logging_mixin.py:104} INFO - [2021-08-08 14:34:59,659] {dag.py:2306} INFO - Setting next_dagrun for tutorial_etl_dag to None
[2021-08-08 14:34:59,668] {scheduler_job.py:189} INFO - Processing /home/airflow/.local/lib/python3.6/site-packages/airflow/example_dags/tutorial_etl_dag.py took 0.379 seconds
[2021-08-08 14:35:30,652] {scheduler_job.py:181} INFO - Started process (PID=930) to work on /home/airflow/.local/lib/python3.6/site-packages/airflow/example_dags/tutorial_etl_dag.py
[2021-08-08 14:35:30,653] {scheduler_job.py:632} INFO - Processing file /home/airflow/.local/lib/python3.6/site-packages/airflow/example_dags/tutorial_etl_dag.py for tasks to queue
[2021-08-08 14:35:30,654] {logging_mixin.py:104} INFO - [2021-08-08 14:35:30,654] {dagbag.py:496} INFO - Filling up the DagBag from /home/airflow/.local/lib/python3.6/site-packages/airflow/example_dags/tutorial_etl_dag.py
[2021-08-08 14:35:30,666] {scheduler_job.py:642} INFO - DAG(s) dict_keys(['tutorial_etl_dag']) retrieved from /home/airflow/.local/lib/python3.6/site-packages/airflow/example_dags/tutorial_etl_dag.py
[2021-08-08 14:35:30,684] {logging_mixin.py:104} INFO - [2021-08-08 14:35:30,684] {dag.py:1833} INFO - Sync 1 DAGs
[2021-08-08 14:35:30,699] {logging_mixin.py:104} INFO - [2021-08-08 14:35:30,699] {dag.py:2306} INFO - Setting next_dagrun for tutorial_etl_dag to None
[2021-08-08 14:35:30,708] {scheduler_job.py:189} INFO - Processing /home/airflow/.local/lib/python3.6/site-packages/airflow/example_dags/tutorial_etl_dag.py took 0.058 seconds
[2021-08-08 14:36:00,832] {scheduler_job.py:181} INFO - Started process (PID=991) to work on /home/airflow/.local/lib/python3.6/site-packages/airflow/example_dags/tutorial_etl_dag.py
[2021-08-08 14:36:00,834] {scheduler_job.py:632} INFO - Processing file /home/airflow/.local/lib/python3.6/site-packages/airflow/example_dags/tutorial_etl_dag.py for tasks to queue
[2021-08-08 14:36:00,835] {logging_mixin.py:104} INFO - [2021-08-08 14:36:00,835] {dagbag.py:496} INFO - Filling up the DagBag from /home/airflow/.local/lib/python3.6/site-packages/airflow/example_dags/tutorial_etl_dag.py
[2021-08-08 14:36:00,846] {scheduler_job.py:642} INFO - DAG(s) dict_keys(['tutorial_etl_dag']) retrieved from /home/airflow/.local/lib/python3.6/site-packages/airflow/example_dags/tutorial_etl_dag.py
[2021-08-08 14:36:00,865] {logging_mixin.py:104} INFO - [2021-08-08 14:36:00,865] {dag.py:1833} INFO - Sync 1 DAGs
[2021-08-08 14:36:00,881] {logging_mixin.py:104} INFO - [2021-08-08 14:36:00,881] {dag.py:2306} INFO - Setting next_dagrun for tutorial_etl_dag to None
[2021-08-08 14:36:00,891] {scheduler_job.py:189} INFO - Processing /home/airflow/.local/lib/python3.6/site-packages/airflow/example_dags/tutorial_etl_dag.py took 0.062 seconds
[2021-08-08 14:36:31,184] {scheduler_job.py:181} INFO - Started process (PID=1052) to work on /home/airflow/.local/lib/python3.6/site-packages/airflow/example_dags/tutorial_etl_dag.py
[2021-08-08 14:36:31,185] {scheduler_job.py:632} INFO - Processing file /home/airflow/.local/lib/python3.6/site-packages/airflow/example_dags/tutorial_etl_dag.py for tasks to queue
[2021-08-08 14:36:31,186] {logging_mixin.py:104} INFO - [2021-08-08 14:36:31,186] {dagbag.py:496} INFO - Filling up the DagBag from /home/airflow/.local/lib/python3.6/site-packages/airflow/example_dags/tutorial_etl_dag.py
[2021-08-08 14:36:31,200] {scheduler_job.py:642} INFO - DAG(s) dict_keys(['tutorial_etl_dag']) retrieved from /home/airflow/.local/lib/python3.6/site-packages/airflow/example_dags/tutorial_etl_dag.py
[2021-08-08 14:36:31,219] {logging_mixin.py:104} INFO - [2021-08-08 14:36:31,219] {dag.py:1833} INFO - Sync 1 DAGs
[2021-08-08 14:36:31,234] {logging_mixin.py:104} INFO - [2021-08-08 14:36:31,234] {dag.py:2306} INFO - Setting next_dagrun for tutorial_etl_dag to None
[2021-08-08 14:36:31,242] {scheduler_job.py:189} INFO - Processing /home/airflow/.local/lib/python3.6/site-packages/airflow/example_dags/tutorial_etl_dag.py took 0.062 seconds
[2021-08-08 14:37:01,621] {scheduler_job.py:181} INFO - Started process (PID=1103) to work on /home/airflow/.local/lib/python3.6/site-packages/airflow/example_dags/tutorial_etl_dag.py
[2021-08-08 14:37:01,622] {scheduler_job.py:632} INFO - Processing file /home/airflow/.local/lib/python3.6/site-packages/airflow/example_dags/tutorial_etl_dag.py for tasks to queue
[2021-08-08 14:37:01,624] {logging_mixin.py:104} INFO - [2021-08-08 14:37:01,623] {dagbag.py:496} INFO - Filling up the DagBag from /home/airflow/.local/lib/python3.6/site-packages/airflow/example_dags/tutorial_etl_dag.py
[2021-08-08 14:37:01,638] {scheduler_job.py:642} INFO - DAG(s) dict_keys(['tutorial_etl_dag']) retrieved from /home/airflow/.local/lib/python3.6/site-packages/airflow/example_dags/tutorial_etl_dag.py
[2021-08-08 14:37:01,660] {logging_mixin.py:104} INFO - [2021-08-08 14:37:01,660] {dag.py:1833} INFO - Sync 1 DAGs
[2021-08-08 14:37:01,672] {logging_mixin.py:104} INFO - [2021-08-08 14:37:01,672] {dag.py:2306} INFO - Setting next_dagrun for tutorial_etl_dag to None
[2021-08-08 14:37:01,681] {scheduler_job.py:189} INFO - Processing /home/airflow/.local/lib/python3.6/site-packages/airflow/example_dags/tutorial_etl_dag.py took 0.064 seconds
[2021-08-08 14:37:32,037] {scheduler_job.py:181} INFO - Started process (PID=1164) to work on /home/airflow/.local/lib/python3.6/site-packages/airflow/example_dags/tutorial_etl_dag.py
[2021-08-08 14:37:32,038] {scheduler_job.py:632} INFO - Processing file /home/airflow/.local/lib/python3.6/site-packages/airflow/example_dags/tutorial_etl_dag.py for tasks to queue
[2021-08-08 14:37:32,039] {logging_mixin.py:104} INFO - [2021-08-08 14:37:32,039] {dagbag.py:496} INFO - Filling up the DagBag from /home/airflow/.local/lib/python3.6/site-packages/airflow/example_dags/tutorial_etl_dag.py
[2021-08-08 14:37:32,051] {scheduler_job.py:642} INFO - DAG(s) dict_keys(['tutorial_etl_dag']) retrieved from /home/airflow/.local/lib/python3.6/site-packages/airflow/example_dags/tutorial_etl_dag.py
[2021-08-08 14:37:32,072] {logging_mixin.py:104} INFO - [2021-08-08 14:37:32,072] {dag.py:1833} INFO - Sync 1 DAGs
[2021-08-08 14:37:32,084] {logging_mixin.py:104} INFO - [2021-08-08 14:37:32,084] {dag.py:2306} INFO - Setting next_dagrun for tutorial_etl_dag to None
[2021-08-08 14:37:32,092] {scheduler_job.py:189} INFO - Processing /home/airflow/.local/lib/python3.6/site-packages/airflow/example_dags/tutorial_etl_dag.py took 0.058 seconds
[2021-08-08 14:38:02,432] {scheduler_job.py:181} INFO - Started process (PID=1225) to work on /home/airflow/.local/lib/python3.6/site-packages/airflow/example_dags/tutorial_etl_dag.py
[2021-08-08 14:38:02,433] {scheduler_job.py:632} INFO - Processing file /home/airflow/.local/lib/python3.6/site-packages/airflow/example_dags/tutorial_etl_dag.py for tasks to queue
[2021-08-08 14:38:02,434] {logging_mixin.py:104} INFO - [2021-08-08 14:38:02,434] {dagbag.py:496} INFO - Filling up the DagBag from /home/airflow/.local/lib/python3.6/site-packages/airflow/example_dags/tutorial_etl_dag.py
[2021-08-08 14:38:02,448] {scheduler_job.py:642} INFO - DAG(s) dict_keys(['tutorial_etl_dag']) retrieved from /home/airflow/.local/lib/python3.6/site-packages/airflow/example_dags/tutorial_etl_dag.py
[2021-08-08 14:38:02,469] {logging_mixin.py:104} INFO - [2021-08-08 14:38:02,469] {dag.py:1833} INFO - Sync 1 DAGs
[2021-08-08 14:38:02,482] {logging_mixin.py:104} INFO - [2021-08-08 14:38:02,482] {dag.py:2306} INFO - Setting next_dagrun for tutorial_etl_dag to None
[2021-08-08 14:38:02,490] {scheduler_job.py:189} INFO - Processing /home/airflow/.local/lib/python3.6/site-packages/airflow/example_dags/tutorial_etl_dag.py took 0.062 seconds
[2021-08-08 14:38:32,788] {scheduler_job.py:181} INFO - Started process (PID=1276) to work on /home/airflow/.local/lib/python3.6/site-packages/airflow/example_dags/tutorial_etl_dag.py
[2021-08-08 14:38:32,789] {scheduler_job.py:632} INFO - Processing file /home/airflow/.local/lib/python3.6/site-packages/airflow/example_dags/tutorial_etl_dag.py for tasks to queue
[2021-08-08 14:38:32,791] {logging_mixin.py:104} INFO - [2021-08-08 14:38:32,790] {dagbag.py:496} INFO - Filling up the DagBag from /home/airflow/.local/lib/python3.6/site-packages/airflow/example_dags/tutorial_etl_dag.py
[2021-08-08 14:38:32,805] {scheduler_job.py:642} INFO - DAG(s) dict_keys(['tutorial_etl_dag']) retrieved from /home/airflow/.local/lib/python3.6/site-packages/airflow/example_dags/tutorial_etl_dag.py
[2021-08-08 14:38:32,830] {logging_mixin.py:104} INFO - [2021-08-08 14:38:32,830] {dag.py:1833} INFO - Sync 1 DAGs
[2021-08-08 14:38:32,844] {logging_mixin.py:104} INFO - [2021-08-08 14:38:32,844] {dag.py:2306} INFO - Setting next_dagrun for tutorial_etl_dag to None
[2021-08-08 14:38:32,855] {scheduler_job.py:189} INFO - Processing /home/airflow/.local/lib/python3.6/site-packages/airflow/example_dags/tutorial_etl_dag.py took 0.070 seconds
[2021-08-08 14:39:03,135] {scheduler_job.py:181} INFO - Started process (PID=1339) to work on /home/airflow/.local/lib/python3.6/site-packages/airflow/example_dags/tutorial_etl_dag.py
[2021-08-08 14:39:03,137] {scheduler_job.py:632} INFO - Processing file /home/airflow/.local/lib/python3.6/site-packages/airflow/example_dags/tutorial_etl_dag.py for tasks to queue
[2021-08-08 14:39:03,138] {logging_mixin.py:104} INFO - [2021-08-08 14:39:03,138] {dagbag.py:496} INFO - Filling up the DagBag from /home/airflow/.local/lib/python3.6/site-packages/airflow/example_dags/tutorial_etl_dag.py
[2021-08-08 14:39:03,150] {scheduler_job.py:642} INFO - DAG(s) dict_keys(['tutorial_etl_dag']) retrieved from /home/airflow/.local/lib/python3.6/site-packages/airflow/example_dags/tutorial_etl_dag.py
[2021-08-08 14:39:03,170] {logging_mixin.py:104} INFO - [2021-08-08 14:39:03,170] {dag.py:1833} INFO - Sync 1 DAGs
[2021-08-08 14:39:03,184] {logging_mixin.py:104} INFO - [2021-08-08 14:39:03,184] {dag.py:2306} INFO - Setting next_dagrun for tutorial_etl_dag to None
[2021-08-08 14:39:03,192] {scheduler_job.py:189} INFO - Processing /home/airflow/.local/lib/python3.6/site-packages/airflow/example_dags/tutorial_etl_dag.py took 0.059 seconds
[2021-08-08 14:39:33,779] {scheduler_job.py:181} INFO - Started process (PID=1415) to work on /home/airflow/.local/lib/python3.6/site-packages/airflow/example_dags/tutorial_etl_dag.py
[2021-08-08 14:39:33,781] {scheduler_job.py:632} INFO - Processing file /home/airflow/.local/lib/python3.6/site-packages/airflow/example_dags/tutorial_etl_dag.py for tasks to queue
[2021-08-08 14:39:33,783] {logging_mixin.py:104} INFO - [2021-08-08 14:39:33,783] {dagbag.py:496} INFO - Filling up the DagBag from /home/airflow/.local/lib/python3.6/site-packages/airflow/example_dags/tutorial_etl_dag.py
[2021-08-08 14:39:33,807] {scheduler_job.py:642} INFO - DAG(s) dict_keys(['tutorial_etl_dag']) retrieved from /home/airflow/.local/lib/python3.6/site-packages/airflow/example_dags/tutorial_etl_dag.py
[2021-08-08 14:39:33,847] {logging_mixin.py:104} INFO - [2021-08-08 14:39:33,846] {dag.py:1833} INFO - Sync 1 DAGs
[2021-08-08 14:39:33,872] {logging_mixin.py:104} INFO - [2021-08-08 14:39:33,872] {dag.py:2306} INFO - Setting next_dagrun for tutorial_etl_dag to None
[2021-08-08 14:39:33,887] {scheduler_job.py:189} INFO - Processing /home/airflow/.local/lib/python3.6/site-packages/airflow/example_dags/tutorial_etl_dag.py took 0.112 seconds
[2021-08-08 14:40:04,483] {scheduler_job.py:181} INFO - Started process (PID=1470) to work on /home/airflow/.local/lib/python3.6/site-packages/airflow/example_dags/tutorial_etl_dag.py
[2021-08-08 14:40:04,486] {scheduler_job.py:632} INFO - Processing file /home/airflow/.local/lib/python3.6/site-packages/airflow/example_dags/tutorial_etl_dag.py for tasks to queue
[2021-08-08 14:40:04,488] {logging_mixin.py:104} INFO - [2021-08-08 14:40:04,488] {dagbag.py:496} INFO - Filling up the DagBag from /home/airflow/.local/lib/python3.6/site-packages/airflow/example_dags/tutorial_etl_dag.py
[2021-08-08 14:40:04,510] {scheduler_job.py:642} INFO - DAG(s) dict_keys(['tutorial_etl_dag']) retrieved from /home/airflow/.local/lib/python3.6/site-packages/airflow/example_dags/tutorial_etl_dag.py
[2021-08-08 14:40:04,539] {logging_mixin.py:104} INFO - [2021-08-08 14:40:04,539] {dag.py:1833} INFO - Sync 1 DAGs
[2021-08-08 14:40:04,559] {logging_mixin.py:104} INFO - [2021-08-08 14:40:04,559] {dag.py:2306} INFO - Setting next_dagrun for tutorial_etl_dag to None
[2021-08-08 14:40:04,573] {scheduler_job.py:189} INFO - Processing /home/airflow/.local/lib/python3.6/site-packages/airflow/example_dags/tutorial_etl_dag.py took 0.094 seconds
[2021-08-08 14:40:34,722] {scheduler_job.py:181} INFO - Started process (PID=1532) to work on /home/airflow/.local/lib/python3.6/site-packages/airflow/example_dags/tutorial_etl_dag.py
[2021-08-08 14:40:34,723] {scheduler_job.py:632} INFO - Processing file /home/airflow/.local/lib/python3.6/site-packages/airflow/example_dags/tutorial_etl_dag.py for tasks to queue
[2021-08-08 14:40:34,724] {logging_mixin.py:104} INFO - [2021-08-08 14:40:34,724] {dagbag.py:496} INFO - Filling up the DagBag from /home/airflow/.local/lib/python3.6/site-packages/airflow/example_dags/tutorial_etl_dag.py
[2021-08-08 14:40:34,737] {scheduler_job.py:642} INFO - DAG(s) dict_keys(['tutorial_etl_dag']) retrieved from /home/airflow/.local/lib/python3.6/site-packages/airflow/example_dags/tutorial_etl_dag.py
[2021-08-08 14:40:34,755] {logging_mixin.py:104} INFO - [2021-08-08 14:40:34,755] {dag.py:1833} INFO - Sync 1 DAGs
[2021-08-08 14:40:34,770] {logging_mixin.py:104} INFO - [2021-08-08 14:40:34,770] {dag.py:2306} INFO - Setting next_dagrun for tutorial_etl_dag to None
[2021-08-08 14:40:34,779] {scheduler_job.py:189} INFO - Processing /home/airflow/.local/lib/python3.6/site-packages/airflow/example_dags/tutorial_etl_dag.py took 0.061 seconds
[2021-08-08 14:41:05,160] {scheduler_job.py:181} INFO - Started process (PID=1593) to work on /home/airflow/.local/lib/python3.6/site-packages/airflow/example_dags/tutorial_etl_dag.py
[2021-08-08 14:41:05,162] {scheduler_job.py:632} INFO - Processing file /home/airflow/.local/lib/python3.6/site-packages/airflow/example_dags/tutorial_etl_dag.py for tasks to queue
[2021-08-08 14:41:05,164] {logging_mixin.py:104} INFO - [2021-08-08 14:41:05,164] {dagbag.py:496} INFO - Filling up the DagBag from /home/airflow/.local/lib/python3.6/site-packages/airflow/example_dags/tutorial_etl_dag.py
[2021-08-08 14:41:05,185] {scheduler_job.py:642} INFO - DAG(s) dict_keys(['tutorial_etl_dag']) retrieved from /home/airflow/.local/lib/python3.6/site-packages/airflow/example_dags/tutorial_etl_dag.py
[2021-08-08 14:41:05,214] {logging_mixin.py:104} INFO - [2021-08-08 14:41:05,213] {dag.py:1833} INFO - Sync 1 DAGs
[2021-08-08 14:41:05,234] {logging_mixin.py:104} INFO - [2021-08-08 14:41:05,234] {dag.py:2306} INFO - Setting next_dagrun for tutorial_etl_dag to None
[2021-08-08 14:41:05,249] {scheduler_job.py:189} INFO - Processing /home/airflow/.local/lib/python3.6/site-packages/airflow/example_dags/tutorial_etl_dag.py took 0.094 seconds
[2021-08-08 14:41:35,664] {scheduler_job.py:181} INFO - Started process (PID=1645) to work on /home/airflow/.local/lib/python3.6/site-packages/airflow/example_dags/tutorial_etl_dag.py
[2021-08-08 14:41:35,666] {scheduler_job.py:632} INFO - Processing file /home/airflow/.local/lib/python3.6/site-packages/airflow/example_dags/tutorial_etl_dag.py for tasks to queue
[2021-08-08 14:41:35,667] {logging_mixin.py:104} INFO - [2021-08-08 14:41:35,667] {dagbag.py:496} INFO - Filling up the DagBag from /home/airflow/.local/lib/python3.6/site-packages/airflow/example_dags/tutorial_etl_dag.py
[2021-08-08 14:41:35,684] {scheduler_job.py:642} INFO - DAG(s) dict_keys(['tutorial_etl_dag']) retrieved from /home/airflow/.local/lib/python3.6/site-packages/airflow/example_dags/tutorial_etl_dag.py
[2021-08-08 14:41:35,704] {logging_mixin.py:104} INFO - [2021-08-08 14:41:35,704] {dag.py:1833} INFO - Sync 1 DAGs
[2021-08-08 14:41:35,717] {logging_mixin.py:104} INFO - [2021-08-08 14:41:35,717] {dag.py:2306} INFO - Setting next_dagrun for tutorial_etl_dag to None
[2021-08-08 14:41:35,726] {scheduler_job.py:189} INFO - Processing /home/airflow/.local/lib/python3.6/site-packages/airflow/example_dags/tutorial_etl_dag.py took 0.065 seconds
[2021-08-08 14:42:06,152] {scheduler_job.py:181} INFO - Started process (PID=1706) to work on /home/airflow/.local/lib/python3.6/site-packages/airflow/example_dags/tutorial_etl_dag.py
[2021-08-08 14:42:06,155] {scheduler_job.py:632} INFO - Processing file /home/airflow/.local/lib/python3.6/site-packages/airflow/example_dags/tutorial_etl_dag.py for tasks to queue
[2021-08-08 14:42:06,157] {logging_mixin.py:104} INFO - [2021-08-08 14:42:06,157] {dagbag.py:496} INFO - Filling up the DagBag from /home/airflow/.local/lib/python3.6/site-packages/airflow/example_dags/tutorial_etl_dag.py
[2021-08-08 14:42:06,187] {scheduler_job.py:642} INFO - DAG(s) dict_keys(['tutorial_etl_dag']) retrieved from /home/airflow/.local/lib/python3.6/site-packages/airflow/example_dags/tutorial_etl_dag.py
[2021-08-08 14:42:06,217] {logging_mixin.py:104} INFO - [2021-08-08 14:42:06,217] {dag.py:1833} INFO - Sync 1 DAGs
[2021-08-08 14:42:06,239] {logging_mixin.py:104} INFO - [2021-08-08 14:42:06,238] {dag.py:2306} INFO - Setting next_dagrun for tutorial_etl_dag to None
[2021-08-08 14:42:06,257] {scheduler_job.py:189} INFO - Processing /home/airflow/.local/lib/python3.6/site-packages/airflow/example_dags/tutorial_etl_dag.py took 0.110 seconds
[2021-08-08 14:42:36,773] {scheduler_job.py:181} INFO - Started process (PID=1768) to work on /home/airflow/.local/lib/python3.6/site-packages/airflow/example_dags/tutorial_etl_dag.py
[2021-08-08 14:42:36,778] {scheduler_job.py:632} INFO - Processing file /home/airflow/.local/lib/python3.6/site-packages/airflow/example_dags/tutorial_etl_dag.py for tasks to queue
[2021-08-08 14:42:36,780] {logging_mixin.py:104} INFO - [2021-08-08 14:42:36,780] {dagbag.py:496} INFO - Filling up the DagBag from /home/airflow/.local/lib/python3.6/site-packages/airflow/example_dags/tutorial_etl_dag.py
[2021-08-08 14:42:36,793] {scheduler_job.py:642} INFO - DAG(s) dict_keys(['tutorial_etl_dag']) retrieved from /home/airflow/.local/lib/python3.6/site-packages/airflow/example_dags/tutorial_etl_dag.py
[2021-08-08 14:42:36,813] {logging_mixin.py:104} INFO - [2021-08-08 14:42:36,812] {dag.py:1833} INFO - Sync 1 DAGs
[2021-08-08 14:42:36,831] {logging_mixin.py:104} INFO - [2021-08-08 14:42:36,831] {dag.py:2306} INFO - Setting next_dagrun for tutorial_etl_dag to None
[2021-08-08 14:42:36,844] {scheduler_job.py:189} INFO - Processing /home/airflow/.local/lib/python3.6/site-packages/airflow/example_dags/tutorial_etl_dag.py took 0.074 seconds
[2021-08-08 14:43:07,185] {scheduler_job.py:181} INFO - Started process (PID=1820) to work on /home/airflow/.local/lib/python3.6/site-packages/airflow/example_dags/tutorial_etl_dag.py
[2021-08-08 14:43:07,189] {scheduler_job.py:632} INFO - Processing file /home/airflow/.local/lib/python3.6/site-packages/airflow/example_dags/tutorial_etl_dag.py for tasks to queue
[2021-08-08 14:43:07,190] {logging_mixin.py:104} INFO - [2021-08-08 14:43:07,190] {dagbag.py:496} INFO - Filling up the DagBag from /home/airflow/.local/lib/python3.6/site-packages/airflow/example_dags/tutorial_etl_dag.py
[2021-08-08 14:43:07,202] {scheduler_job.py:642} INFO - DAG(s) dict_keys(['tutorial_etl_dag']) retrieved from /home/airflow/.local/lib/python3.6/site-packages/airflow/example_dags/tutorial_etl_dag.py
[2021-08-08 14:43:07,221] {logging_mixin.py:104} INFO - [2021-08-08 14:43:07,221] {dag.py:1833} INFO - Sync 1 DAGs
[2021-08-08 14:43:07,235] {logging_mixin.py:104} INFO - [2021-08-08 14:43:07,235] {dag.py:2306} INFO - Setting next_dagrun for tutorial_etl_dag to None
[2021-08-08 14:43:07,243] {scheduler_job.py:189} INFO - Processing /home/airflow/.local/lib/python3.6/site-packages/airflow/example_dags/tutorial_etl_dag.py took 0.062 seconds
[2021-08-08 14:43:37,637] {scheduler_job.py:181} INFO - Started process (PID=1881) to work on /home/airflow/.local/lib/python3.6/site-packages/airflow/example_dags/tutorial_etl_dag.py
[2021-08-08 14:43:37,639] {scheduler_job.py:632} INFO - Processing file /home/airflow/.local/lib/python3.6/site-packages/airflow/example_dags/tutorial_etl_dag.py for tasks to queue
[2021-08-08 14:43:37,640] {logging_mixin.py:104} INFO - [2021-08-08 14:43:37,640] {dagbag.py:496} INFO - Filling up the DagBag from /home/airflow/.local/lib/python3.6/site-packages/airflow/example_dags/tutorial_etl_dag.py
[2021-08-08 14:43:37,656] {scheduler_job.py:642} INFO - DAG(s) dict_keys(['tutorial_etl_dag']) retrieved from /home/airflow/.local/lib/python3.6/site-packages/airflow/example_dags/tutorial_etl_dag.py
[2021-08-08 14:43:37,683] {logging_mixin.py:104} INFO - [2021-08-08 14:43:37,683] {dag.py:1833} INFO - Sync 1 DAGs
[2021-08-08 14:43:37,700] {logging_mixin.py:104} INFO - [2021-08-08 14:43:37,700] {dag.py:2306} INFO - Setting next_dagrun for tutorial_etl_dag to None
[2021-08-08 14:43:37,708] {scheduler_job.py:189} INFO - Processing /home/airflow/.local/lib/python3.6/site-packages/airflow/example_dags/tutorial_etl_dag.py took 0.075 seconds
[2021-08-08 14:44:07,731] {scheduler_job.py:181} INFO - Started process (PID=1941) to work on /home/airflow/.local/lib/python3.6/site-packages/airflow/example_dags/tutorial_etl_dag.py
[2021-08-08 14:44:07,733] {scheduler_job.py:632} INFO - Processing file /home/airflow/.local/lib/python3.6/site-packages/airflow/example_dags/tutorial_etl_dag.py for tasks to queue
[2021-08-08 14:44:07,734] {logging_mixin.py:104} INFO - [2021-08-08 14:44:07,734] {dagbag.py:496} INFO - Filling up the DagBag from /home/airflow/.local/lib/python3.6/site-packages/airflow/example_dags/tutorial_etl_dag.py
[2021-08-08 14:44:07,746] {scheduler_job.py:642} INFO - DAG(s) dict_keys(['tutorial_etl_dag']) retrieved from /home/airflow/.local/lib/python3.6/site-packages/airflow/example_dags/tutorial_etl_dag.py
[2021-08-08 14:44:07,764] {logging_mixin.py:104} INFO - [2021-08-08 14:44:07,764] {dag.py:1833} INFO - Sync 1 DAGs
[2021-08-08 14:44:07,780] {logging_mixin.py:104} INFO - [2021-08-08 14:44:07,780] {dag.py:2306} INFO - Setting next_dagrun for tutorial_etl_dag to None
[2021-08-08 14:44:07,791] {scheduler_job.py:189} INFO - Processing /home/airflow/.local/lib/python3.6/site-packages/airflow/example_dags/tutorial_etl_dag.py took 0.065 seconds
[2021-08-08 14:44:38,296] {scheduler_job.py:181} INFO - Started process (PID=1993) to work on /home/airflow/.local/lib/python3.6/site-packages/airflow/example_dags/tutorial_etl_dag.py
[2021-08-08 14:44:38,298] {scheduler_job.py:632} INFO - Processing file /home/airflow/.local/lib/python3.6/site-packages/airflow/example_dags/tutorial_etl_dag.py for tasks to queue
[2021-08-08 14:44:38,300] {logging_mixin.py:104} INFO - [2021-08-08 14:44:38,300] {dagbag.py:496} INFO - Filling up the DagBag from /home/airflow/.local/lib/python3.6/site-packages/airflow/example_dags/tutorial_etl_dag.py
[2021-08-08 14:44:38,316] {scheduler_job.py:642} INFO - DAG(s) dict_keys(['tutorial_etl_dag']) retrieved from /home/airflow/.local/lib/python3.6/site-packages/airflow/example_dags/tutorial_etl_dag.py
[2021-08-08 14:44:38,360] {logging_mixin.py:104} INFO - [2021-08-08 14:44:38,360] {dag.py:1833} INFO - Sync 1 DAGs
[2021-08-08 14:44:38,380] {logging_mixin.py:104} INFO - [2021-08-08 14:44:38,380] {dag.py:2306} INFO - Setting next_dagrun for tutorial_etl_dag to None
[2021-08-08 14:44:38,388] {scheduler_job.py:189} INFO - Processing /home/airflow/.local/lib/python3.6/site-packages/airflow/example_dags/tutorial_etl_dag.py took 0.096 seconds
[2021-08-08 14:45:08,441] {scheduler_job.py:181} INFO - Started process (PID=2054) to work on /home/airflow/.local/lib/python3.6/site-packages/airflow/example_dags/tutorial_etl_dag.py
[2021-08-08 14:45:08,443] {scheduler_job.py:632} INFO - Processing file /home/airflow/.local/lib/python3.6/site-packages/airflow/example_dags/tutorial_etl_dag.py for tasks to queue
[2021-08-08 14:45:08,444] {logging_mixin.py:104} INFO - [2021-08-08 14:45:08,444] {dagbag.py:496} INFO - Filling up the DagBag from /home/airflow/.local/lib/python3.6/site-packages/airflow/example_dags/tutorial_etl_dag.py
[2021-08-08 14:45:08,458] {scheduler_job.py:642} INFO - DAG(s) dict_keys(['tutorial_etl_dag']) retrieved from /home/airflow/.local/lib/python3.6/site-packages/airflow/example_dags/tutorial_etl_dag.py
[2021-08-08 14:45:08,479] {logging_mixin.py:104} INFO - [2021-08-08 14:45:08,478] {dag.py:1833} INFO - Sync 1 DAGs
[2021-08-08 14:45:08,492] {logging_mixin.py:104} INFO - [2021-08-08 14:45:08,492] {dag.py:2306} INFO - Setting next_dagrun for tutorial_etl_dag to None
[2021-08-08 14:45:08,501] {scheduler_job.py:189} INFO - Processing /home/airflow/.local/lib/python3.6/site-packages/airflow/example_dags/tutorial_etl_dag.py took 0.064 seconds
[2021-08-08 14:45:38,930] {scheduler_job.py:181} INFO - Started process (PID=2115) to work on /home/airflow/.local/lib/python3.6/site-packages/airflow/example_dags/tutorial_etl_dag.py
[2021-08-08 14:45:38,932] {scheduler_job.py:632} INFO - Processing file /home/airflow/.local/lib/python3.6/site-packages/airflow/example_dags/tutorial_etl_dag.py for tasks to queue
[2021-08-08 14:45:38,933] {logging_mixin.py:104} INFO - [2021-08-08 14:45:38,933] {dagbag.py:496} INFO - Filling up the DagBag from /home/airflow/.local/lib/python3.6/site-packages/airflow/example_dags/tutorial_etl_dag.py
[2021-08-08 14:45:38,948] {scheduler_job.py:642} INFO - DAG(s) dict_keys(['tutorial_etl_dag']) retrieved from /home/airflow/.local/lib/python3.6/site-packages/airflow/example_dags/tutorial_etl_dag.py
[2021-08-08 14:45:38,986] {logging_mixin.py:104} INFO - [2021-08-08 14:45:38,986] {dag.py:1833} INFO - Sync 1 DAGs
[2021-08-08 14:45:39,004] {logging_mixin.py:104} INFO - [2021-08-08 14:45:39,004] {dag.py:2306} INFO - Setting next_dagrun for tutorial_etl_dag to None
[2021-08-08 14:45:39,013] {scheduler_job.py:189} INFO - Processing /home/airflow/.local/lib/python3.6/site-packages/airflow/example_dags/tutorial_etl_dag.py took 0.087 seconds
[2021-08-08 14:46:09,380] {scheduler_job.py:181} INFO - Started process (PID=2169) to work on /home/airflow/.local/lib/python3.6/site-packages/airflow/example_dags/tutorial_etl_dag.py
[2021-08-08 14:46:09,381] {scheduler_job.py:632} INFO - Processing file /home/airflow/.local/lib/python3.6/site-packages/airflow/example_dags/tutorial_etl_dag.py for tasks to queue
[2021-08-08 14:46:09,382] {logging_mixin.py:104} INFO - [2021-08-08 14:46:09,382] {dagbag.py:496} INFO - Filling up the DagBag from /home/airflow/.local/lib/python3.6/site-packages/airflow/example_dags/tutorial_etl_dag.py
[2021-08-08 14:46:09,393] {scheduler_job.py:642} INFO - DAG(s) dict_keys(['tutorial_etl_dag']) retrieved from /home/airflow/.local/lib/python3.6/site-packages/airflow/example_dags/tutorial_etl_dag.py
[2021-08-08 14:46:09,412] {logging_mixin.py:104} INFO - [2021-08-08 14:46:09,412] {dag.py:1833} INFO - Sync 1 DAGs
[2021-08-08 14:46:09,425] {logging_mixin.py:104} INFO - [2021-08-08 14:46:09,425] {dag.py:2306} INFO - Setting next_dagrun for tutorial_etl_dag to None
[2021-08-08 14:46:09,436] {scheduler_job.py:189} INFO - Processing /home/airflow/.local/lib/python3.6/site-packages/airflow/example_dags/tutorial_etl_dag.py took 0.059 seconds
[2021-08-08 14:46:39,816] {scheduler_job.py:181} INFO - Started process (PID=2232) to work on /home/airflow/.local/lib/python3.6/site-packages/airflow/example_dags/tutorial_etl_dag.py
[2021-08-08 14:46:39,818] {scheduler_job.py:632} INFO - Processing file /home/airflow/.local/lib/python3.6/site-packages/airflow/example_dags/tutorial_etl_dag.py for tasks to queue
[2021-08-08 14:46:39,819] {logging_mixin.py:104} INFO - [2021-08-08 14:46:39,819] {dagbag.py:496} INFO - Filling up the DagBag from /home/airflow/.local/lib/python3.6/site-packages/airflow/example_dags/tutorial_etl_dag.py
[2021-08-08 14:46:39,832] {scheduler_job.py:642} INFO - DAG(s) dict_keys(['tutorial_etl_dag']) retrieved from /home/airflow/.local/lib/python3.6/site-packages/airflow/example_dags/tutorial_etl_dag.py
[2021-08-08 14:46:39,853] {logging_mixin.py:104} INFO - [2021-08-08 14:46:39,853] {dag.py:1833} INFO - Sync 1 DAGs
[2021-08-08 14:46:39,868] {logging_mixin.py:104} INFO - [2021-08-08 14:46:39,868] {dag.py:2306} INFO - Setting next_dagrun for tutorial_etl_dag to None
[2021-08-08 14:46:39,876] {scheduler_job.py:189} INFO - Processing /home/airflow/.local/lib/python3.6/site-packages/airflow/example_dags/tutorial_etl_dag.py took 0.064 seconds
[2021-08-08 14:47:10,105] {scheduler_job.py:181} INFO - Started process (PID=2283) to work on /home/airflow/.local/lib/python3.6/site-packages/airflow/example_dags/tutorial_etl_dag.py
[2021-08-08 14:47:10,106] {scheduler_job.py:632} INFO - Processing file /home/airflow/.local/lib/python3.6/site-packages/airflow/example_dags/tutorial_etl_dag.py for tasks to queue
[2021-08-08 14:47:10,107] {logging_mixin.py:104} INFO - [2021-08-08 14:47:10,107] {dagbag.py:496} INFO - Filling up the DagBag from /home/airflow/.local/lib/python3.6/site-packages/airflow/example_dags/tutorial_etl_dag.py
[2021-08-08 14:47:10,118] {scheduler_job.py:642} INFO - DAG(s) dict_keys(['tutorial_etl_dag']) retrieved from /home/airflow/.local/lib/python3.6/site-packages/airflow/example_dags/tutorial_etl_dag.py
[2021-08-08 14:47:10,138] {logging_mixin.py:104} INFO - [2021-08-08 14:47:10,138] {dag.py:1833} INFO - Sync 1 DAGs
[2021-08-08 14:47:10,152] {logging_mixin.py:104} INFO - [2021-08-08 14:47:10,152] {dag.py:2306} INFO - Setting next_dagrun for tutorial_etl_dag to None
[2021-08-08 14:47:10,160] {scheduler_job.py:189} INFO - Processing /home/airflow/.local/lib/python3.6/site-packages/airflow/example_dags/tutorial_etl_dag.py took 0.059 seconds
[2021-08-08 14:47:40,552] {scheduler_job.py:181} INFO - Started process (PID=2345) to work on /home/airflow/.local/lib/python3.6/site-packages/airflow/example_dags/tutorial_etl_dag.py
[2021-08-08 14:47:40,554] {scheduler_job.py:632} INFO - Processing file /home/airflow/.local/lib/python3.6/site-packages/airflow/example_dags/tutorial_etl_dag.py for tasks to queue
[2021-08-08 14:47:40,555] {logging_mixin.py:104} INFO - [2021-08-08 14:47:40,555] {dagbag.py:496} INFO - Filling up the DagBag from /home/airflow/.local/lib/python3.6/site-packages/airflow/example_dags/tutorial_etl_dag.py
[2021-08-08 14:47:40,566] {scheduler_job.py:642} INFO - DAG(s) dict_keys(['tutorial_etl_dag']) retrieved from /home/airflow/.local/lib/python3.6/site-packages/airflow/example_dags/tutorial_etl_dag.py
[2021-08-08 14:47:40,585] {logging_mixin.py:104} INFO - [2021-08-08 14:47:40,585] {dag.py:1833} INFO - Sync 1 DAGs
[2021-08-08 14:47:40,600] {logging_mixin.py:104} INFO - [2021-08-08 14:47:40,600] {dag.py:2306} INFO - Setting next_dagrun for tutorial_etl_dag to None
[2021-08-08 14:47:40,608] {scheduler_job.py:189} INFO - Processing /home/airflow/.local/lib/python3.6/site-packages/airflow/example_dags/tutorial_etl_dag.py took 0.060 seconds
