[2021-08-08 14:39:31,697] {taskinstance.py:896} INFO - Dependencies all met for <TaskInstance: example_bash_operator.runme_1 2021-08-06T00:00:00+00:00 [queued]>
[2021-08-08 14:39:31,725] {taskinstance.py:896} INFO - Dependencies all met for <TaskInstance: example_bash_operator.runme_1 2021-08-06T00:00:00+00:00 [queued]>
[2021-08-08 14:39:31,726] {taskinstance.py:1087} INFO - 
--------------------------------------------------------------------------------
[2021-08-08 14:39:31,727] {taskinstance.py:1088} INFO - Starting attempt 1 of 1
[2021-08-08 14:39:31,728] {taskinstance.py:1089} INFO - 
--------------------------------------------------------------------------------
[2021-08-08 14:39:31,743] {taskinstance.py:1107} INFO - Executing <Task(BashOperator): runme_1> on 2021-08-06T00:00:00+00:00
[2021-08-08 14:39:31,753] {standard_task_runner.py:52} INFO - Started process 965 to run task
[2021-08-08 14:39:31,770] {standard_task_runner.py:76} INFO - Running: ['***', 'tasks', 'run', 'example_bash_operator', 'runme_1', '2021-08-06T00:00:00+00:00', '--job-id', '4', '--pool', 'default_pool', '--raw', '--subdir', '/home/***/.local/lib/python3.6/site-packages/***/example_dags/example_bash_operator.py', '--cfg-path', '/tmp/tmpq7hbzinn', '--error-file', '/tmp/tmpmwptkjbc']
[2021-08-08 14:39:31,773] {standard_task_runner.py:77} INFO - Job 4: Subtask runme_1
[2021-08-08 14:39:31,933] {logging_mixin.py:104} INFO - Running <TaskInstance: example_bash_operator.runme_1 2021-08-06T00:00:00+00:00 [running]> on host f2d27e621160
[2021-08-08 14:39:32,072] {taskinstance.py:1302} INFO - Exporting the following env vars:
AIRFLOW_CTX_DAG_OWNER=***
AIRFLOW_CTX_DAG_ID=example_bash_operator
AIRFLOW_CTX_TASK_ID=runme_1
AIRFLOW_CTX_EXECUTION_DATE=2021-08-06T00:00:00+00:00
AIRFLOW_CTX_DAG_RUN_ID=scheduled__2021-08-06T00:00:00+00:00
[2021-08-08 14:39:32,077] {subprocess.py:52} INFO - Tmp dir root location: 
 /tmp
[2021-08-08 14:39:32,079] {subprocess.py:63} INFO - Running command: ['bash', '-c', 'echo "example_bash_operator__runme_1__20210806" && sleep 1']
[2021-08-08 14:39:32,113] {subprocess.py:74} INFO - Output:
[2021-08-08 14:39:32,119] {subprocess.py:78} INFO - example_bash_operator__runme_1__20210806
[2021-08-08 14:39:33,121] {subprocess.py:82} INFO - Command exited with return code 0
[2021-08-08 14:39:33,143] {taskinstance.py:1211} INFO - Marking task as SUCCESS. dag_id=example_bash_operator, task_id=runme_1, execution_date=20210806T000000, start_date=20210808T143931, end_date=20210808T143933
[2021-08-08 14:39:33,170] {taskinstance.py:1265} INFO - 1 downstream tasks scheduled from follow-on schedule check
[2021-08-08 14:39:33,203] {local_task_job.py:149} INFO - Task exited with return code 0
