[2021-08-08 14:39:31,697] {taskinstance.py:896} INFO - Dependencies all met for <TaskInstance: example_bash_operator.runme_2 2021-08-06T00:00:00+00:00 [queued]>
[2021-08-08 14:39:31,727] {taskinstance.py:896} INFO - Dependencies all met for <TaskInstance: example_bash_operator.runme_2 2021-08-06T00:00:00+00:00 [queued]>
[2021-08-08 14:39:31,730] {taskinstance.py:1087} INFO - 
--------------------------------------------------------------------------------
[2021-08-08 14:39:31,732] {taskinstance.py:1088} INFO - Starting attempt 1 of 1
[2021-08-08 14:39:31,733] {taskinstance.py:1089} INFO - 
--------------------------------------------------------------------------------
[2021-08-08 14:39:31,770] {taskinstance.py:1107} INFO - Executing <Task(BashOperator): runme_2> on 2021-08-06T00:00:00+00:00
[2021-08-08 14:39:31,779] {standard_task_runner.py:52} INFO - Started process 968 to run task
[2021-08-08 14:39:31,789] {standard_task_runner.py:76} INFO - Running: ['***', 'tasks', 'run', 'example_bash_operator', 'runme_2', '2021-08-06T00:00:00+00:00', '--job-id', '5', '--pool', 'default_pool', '--raw', '--subdir', '/home/***/.local/lib/python3.6/site-packages/***/example_dags/example_bash_operator.py', '--cfg-path', '/tmp/tmpj17f0gq8', '--error-file', '/tmp/tmpfys7zsnq']
[2021-08-08 14:39:31,791] {standard_task_runner.py:77} INFO - Job 5: Subtask runme_2
[2021-08-08 14:39:31,889] {logging_mixin.py:104} INFO - Running <TaskInstance: example_bash_operator.runme_2 2021-08-06T00:00:00+00:00 [running]> on host f2d27e621160
[2021-08-08 14:39:32,005] {taskinstance.py:1302} INFO - Exporting the following env vars:
AIRFLOW_CTX_DAG_OWNER=***
AIRFLOW_CTX_DAG_ID=example_bash_operator
AIRFLOW_CTX_TASK_ID=runme_2
AIRFLOW_CTX_EXECUTION_DATE=2021-08-06T00:00:00+00:00
AIRFLOW_CTX_DAG_RUN_ID=scheduled__2021-08-06T00:00:00+00:00
[2021-08-08 14:39:32,008] {subprocess.py:52} INFO - Tmp dir root location: 
 /tmp
[2021-08-08 14:39:32,010] {subprocess.py:63} INFO - Running command: ['bash', '-c', 'echo "example_bash_operator__runme_2__20210806" && sleep 1']
[2021-08-08 14:39:32,039] {subprocess.py:74} INFO - Output:
[2021-08-08 14:39:32,049] {subprocess.py:78} INFO - example_bash_operator__runme_2__20210806
[2021-08-08 14:39:33,051] {subprocess.py:82} INFO - Command exited with return code 0
[2021-08-08 14:39:33,075] {taskinstance.py:1211} INFO - Marking task as SUCCESS. dag_id=example_bash_operator, task_id=runme_2, execution_date=20210806T000000, start_date=20210808T143931, end_date=20210808T143933
[2021-08-08 14:39:33,099] {taskinstance.py:1265} INFO - 0 downstream tasks scheduled from follow-on schedule check
[2021-08-08 14:39:33,145] {local_task_job.py:149} INFO - Task exited with return code 0
