[2021-08-08 14:39:32,476] {taskinstance.py:896} INFO - Dependencies all met for <TaskInstance: example_bash_operator.this_will_skip 2021-08-07T00:00:00+00:00 [queued]>
[2021-08-08 14:39:32,507] {taskinstance.py:896} INFO - Dependencies all met for <TaskInstance: example_bash_operator.this_will_skip 2021-08-07T00:00:00+00:00 [queued]>
[2021-08-08 14:39:32,508] {taskinstance.py:1087} INFO - 
--------------------------------------------------------------------------------
[2021-08-08 14:39:32,509] {taskinstance.py:1088} INFO - Starting attempt 1 of 1
[2021-08-08 14:39:32,509] {taskinstance.py:1089} INFO - 
--------------------------------------------------------------------------------
[2021-08-08 14:39:32,524] {taskinstance.py:1107} INFO - Executing <Task(BashOperator): this_will_skip> on 2021-08-07T00:00:00+00:00
[2021-08-08 14:39:32,531] {standard_task_runner.py:52} INFO - Started process 982 to run task
[2021-08-08 14:39:32,542] {standard_task_runner.py:76} INFO - Running: ['***', 'tasks', 'run', 'example_bash_operator', 'this_will_skip', '2021-08-07T00:00:00+00:00', '--job-id', '10', '--pool', 'default_pool', '--raw', '--subdir', '/home/***/.local/lib/python3.6/site-packages/***/example_dags/example_bash_operator.py', '--cfg-path', '/tmp/tmpnpys2a9h', '--error-file', '/tmp/tmptja772ux']
[2021-08-08 14:39:32,543] {standard_task_runner.py:77} INFO - Job 10: Subtask this_will_skip
[2021-08-08 14:39:32,624] {logging_mixin.py:104} INFO - Running <TaskInstance: example_bash_operator.this_will_skip 2021-08-07T00:00:00+00:00 [running]> on host f2d27e621160
[2021-08-08 14:39:32,697] {taskinstance.py:1302} INFO - Exporting the following env vars:
AIRFLOW_CTX_DAG_OWNER=***
AIRFLOW_CTX_DAG_ID=example_bash_operator
AIRFLOW_CTX_TASK_ID=this_will_skip
AIRFLOW_CTX_EXECUTION_DATE=2021-08-07T00:00:00+00:00
AIRFLOW_CTX_DAG_RUN_ID=scheduled__2021-08-07T00:00:00+00:00
[2021-08-08 14:39:32,699] {subprocess.py:52} INFO - Tmp dir root location: 
 /tmp
[2021-08-08 14:39:32,700] {subprocess.py:63} INFO - Running command: ['bash', '-c', 'echo "hello world"; exit 99;']
[2021-08-08 14:39:32,713] {subprocess.py:74} INFO - Output:
[2021-08-08 14:39:32,716] {subprocess.py:78} INFO - hello world
[2021-08-08 14:39:32,718] {subprocess.py:82} INFO - Command exited with return code 99
[2021-08-08 14:39:32,723] {taskinstance.py:1167} INFO - Bash command returned exit code 99. Skipping.
[2021-08-08 14:39:32,739] {taskinstance.py:1177} INFO - Marking task as SKIPPED. dag_id=example_bash_operator, task_id=this_will_skip, execution_date=20210807T000000, start_date=20210808T143932, end_date=
[2021-08-08 14:39:32,740] {taskinstance.py:1211} INFO - Marking task as SUCCESS. dag_id=example_bash_operator, task_id=this_will_skip, execution_date=20210807T000000, start_date=20210808T143932, end_date=20210808T143932
[2021-08-08 14:39:32,796] {taskinstance.py:1265} INFO - 0 downstream tasks scheduled from follow-on schedule check
[2021-08-08 14:39:32,842] {local_task_job.py:149} INFO - Task exited with return code 0
