[2021-08-08 14:39:35,511] {taskinstance.py:896} INFO - Dependencies all met for <TaskInstance: example_bash_operator.run_after_loop 2021-08-07T00:00:00+00:00 [queued]>
[2021-08-08 14:39:35,547] {taskinstance.py:896} INFO - Dependencies all met for <TaskInstance: example_bash_operator.run_after_loop 2021-08-07T00:00:00+00:00 [queued]>
[2021-08-08 14:39:35,548] {taskinstance.py:1087} INFO - 
--------------------------------------------------------------------------------
[2021-08-08 14:39:35,549] {taskinstance.py:1088} INFO - Starting attempt 1 of 1
[2021-08-08 14:39:35,550] {taskinstance.py:1089} INFO - 
--------------------------------------------------------------------------------
[2021-08-08 14:39:35,560] {taskinstance.py:1107} INFO - Executing <Task(BashOperator): run_after_loop> on 2021-08-07T00:00:00+00:00
[2021-08-08 14:39:35,569] {standard_task_runner.py:76} INFO - Running: ['***', 'tasks', 'run', 'example_bash_operator', 'run_after_loop', '2021-08-07T00:00:00+00:00', '--job-id', '13', '--pool', 'default_pool', '--raw', '--subdir', '/home/***/.local/lib/python3.6/site-packages/***/example_dags/example_bash_operator.py', '--cfg-path', '/tmp/tmp3nzhor73', '--error-file', '/tmp/tmpfa6rzkft']
[2021-08-08 14:39:35,565] {standard_task_runner.py:52} INFO - Started process 1011 to run task
[2021-08-08 14:39:35,571] {standard_task_runner.py:77} INFO - Job 13: Subtask run_after_loop
[2021-08-08 14:39:35,630] {logging_mixin.py:104} INFO - Running <TaskInstance: example_bash_operator.run_after_loop 2021-08-07T00:00:00+00:00 [running]> on host f2d27e621160
[2021-08-08 14:39:35,691] {taskinstance.py:1302} INFO - Exporting the following env vars:
AIRFLOW_CTX_DAG_OWNER=***
AIRFLOW_CTX_DAG_ID=example_bash_operator
AIRFLOW_CTX_TASK_ID=run_after_loop
AIRFLOW_CTX_EXECUTION_DATE=2021-08-07T00:00:00+00:00
AIRFLOW_CTX_DAG_RUN_ID=scheduled__2021-08-07T00:00:00+00:00
[2021-08-08 14:39:35,692] {subprocess.py:52} INFO - Tmp dir root location: 
 /tmp
[2021-08-08 14:39:35,693] {subprocess.py:63} INFO - Running command: ['bash', '-c', 'echo 1']
[2021-08-08 14:39:35,703] {subprocess.py:74} INFO - Output:
[2021-08-08 14:39:35,704] {subprocess.py:78} INFO - 1
[2021-08-08 14:39:35,705] {subprocess.py:82} INFO - Command exited with return code 0
[2021-08-08 14:39:35,736] {taskinstance.py:1211} INFO - Marking task as SUCCESS. dag_id=example_bash_operator, task_id=run_after_loop, execution_date=20210807T000000, start_date=20210808T143935, end_date=20210808T143935
[2021-08-08 14:39:35,765] {taskinstance.py:1265} INFO - 0 downstream tasks scheduled from follow-on schedule check
[2021-08-08 14:39:35,786] {local_task_job.py:149} INFO - Task exited with return code 0
