[2021-08-08 14:39:31,705] {taskinstance.py:896} INFO - Dependencies all met for <TaskInstance: example_bash_operator.also_run_this 2021-08-06T00:00:00+00:00 [queued]>
[2021-08-08 14:39:31,738] {taskinstance.py:896} INFO - Dependencies all met for <TaskInstance: example_bash_operator.also_run_this 2021-08-06T00:00:00+00:00 [queued]>
[2021-08-08 14:39:31,739] {taskinstance.py:1087} INFO - 
--------------------------------------------------------------------------------
[2021-08-08 14:39:31,740] {taskinstance.py:1088} INFO - Starting attempt 1 of 1
[2021-08-08 14:39:31,741] {taskinstance.py:1089} INFO - 
--------------------------------------------------------------------------------
[2021-08-08 14:39:31,788] {taskinstance.py:1107} INFO - Executing <Task(BashOperator): also_run_this> on 2021-08-06T00:00:00+00:00
[2021-08-08 14:39:31,815] {standard_task_runner.py:76} INFO - Running: ['***', 'tasks', 'run', 'example_bash_operator', 'also_run_this', '2021-08-06T00:00:00+00:00', '--job-id', '6', '--pool', 'default_pool', '--raw', '--subdir', '/home/***/.local/lib/python3.6/site-packages/***/example_dags/example_bash_operator.py', '--cfg-path', '/tmp/tmpu3xw25jr', '--error-file', '/tmp/tmpjui7ify7']
[2021-08-08 14:39:31,818] {standard_task_runner.py:77} INFO - Job 6: Subtask also_run_this
[2021-08-08 14:39:31,800] {standard_task_runner.py:52} INFO - Started process 970 to run task
[2021-08-08 14:39:31,939] {logging_mixin.py:104} INFO - Running <TaskInstance: example_bash_operator.also_run_this 2021-08-06T00:00:00+00:00 [running]> on host f2d27e621160
[2021-08-08 14:39:32,069] {taskinstance.py:1302} INFO - Exporting the following env vars:
AIRFLOW_CTX_DAG_OWNER=***
AIRFLOW_CTX_DAG_ID=example_bash_operator
AIRFLOW_CTX_TASK_ID=also_run_this
AIRFLOW_CTX_EXECUTION_DATE=2021-08-06T00:00:00+00:00
AIRFLOW_CTX_DAG_RUN_ID=scheduled__2021-08-06T00:00:00+00:00
[2021-08-08 14:39:32,072] {subprocess.py:52} INFO - Tmp dir root location: 
 /tmp
[2021-08-08 14:39:32,074] {subprocess.py:63} INFO - Running command: ['bash', '-c', 'echo "run_id=scheduled__2021-08-06T00:00:00+00:00 | dag_run=<DagRun example_bash_operator @ 2021-08-06 00:00:00+00:00: scheduled__2021-08-06T00:00:00+00:00, externally triggered: False>"']
[2021-08-08 14:39:32,093] {subprocess.py:74} INFO - Output:
[2021-08-08 14:39:32,095] {subprocess.py:78} INFO - run_id=scheduled__2021-08-06T00:00:00+00:00 | dag_run=<DagRun example_bash_operator @ 2021-08-06 00:00:00+00:00: scheduled__2021-08-06T00:00:00+00:00, externally triggered: False>
[2021-08-08 14:39:32,099] {subprocess.py:82} INFO - Command exited with return code 0
[2021-08-08 14:39:32,177] {taskinstance.py:1211} INFO - Marking task as SUCCESS. dag_id=example_bash_operator, task_id=also_run_this, execution_date=20210806T000000, start_date=20210808T143931, end_date=20210808T143932
[2021-08-08 14:39:32,251] {taskinstance.py:1265} INFO - 0 downstream tasks scheduled from follow-on schedule check
[2021-08-08 14:39:32,292] {local_task_job.py:149} INFO - Task exited with return code 0
